[2021-04-23 17:27:34,563] {taskinstance.py:851} INFO - Dependencies all met for <TaskInstance: recent_played_ingestion.run_recent_played_ingestion_pypark 2021-04-23T16:00:00+00:00 [queued]>
[2021-04-23 17:27:34,671] {taskinstance.py:851} INFO - Dependencies all met for <TaskInstance: recent_played_ingestion.run_recent_played_ingestion_pypark 2021-04-23T16:00:00+00:00 [queued]>
[2021-04-23 17:27:34,672] {taskinstance.py:1042} INFO - 
--------------------------------------------------------------------------------
[2021-04-23 17:27:34,675] {taskinstance.py:1043} INFO - Starting attempt 3 of 3
[2021-04-23 17:27:34,677] {taskinstance.py:1044} INFO - 
--------------------------------------------------------------------------------
[2021-04-23 17:27:34,700] {taskinstance.py:1063} INFO - Executing <Task(DataprocSubmitPySparkJobOperator): run_recent_played_ingestion_pypark> on 2021-04-23T16:00:00+00:00
[2021-04-23 17:27:34,720] {standard_task_runner.py:52} INFO - Started process 313 to run task
[2021-04-23 17:27:34,740] {standard_task_runner.py:76} INFO - Running: ['airflow', 'tasks', 'run', 'recent_played_ingestion', 'run_recent_played_ingestion_pypark', '2021-04-23T16:00:00+00:00', '--job-id', '28', '--pool', 'default_pool', '--raw', '--subdir', 'DAGS_FOLDER/recent_played_ingestion.py', '--cfg-path', '/tmp/tmpr0qgyxze', '--error-file', '/tmp/tmpurorehv5']
[2021-04-23 17:27:34,753] {standard_task_runner.py:77} INFO - Job 28: Subtask run_recent_played_ingestion_pypark
[2021-04-23 17:27:34,907] {logging_mixin.py:104} INFO - Running <TaskInstance: recent_played_ingestion.run_recent_played_ingestion_pypark 2021-04-23T16:00:00+00:00 [running]> on host 760ffd3d790b
[2021-04-23 17:27:35,079] {taskinstance.py:1257} INFO - Exporting the following env vars:
AIRFLOW_CTX_DAG_OWNER=airflow
AIRFLOW_CTX_DAG_ID=recent_played_ingestion
AIRFLOW_CTX_TASK_ID=run_recent_played_ingestion_pypark
AIRFLOW_CTX_EXECUTION_DATE=2021-04-23T16:00:00+00:00
AIRFLOW_CTX_DAG_RUN_ID=scheduled__2021-04-23T16:00:00+00:00
[2021-04-23 17:27:35,084] {dataproc.py:981} INFO - Submitting pyspark_job job run_recent_played_ingestion_pypark_20210423_ed5193de
[2021-04-23 17:27:35,787] {dataproc.py:986} INFO - Job run_recent_played_ingestion_pypark_20210423_ed5193de submitted successfully.
[2021-04-23 17:27:35,794] {dataproc.py:989} INFO - Waiting for job run_recent_played_ingestion_pypark_20210423_ed5193de to complete
[2021-04-23 17:28:17,473] {taskinstance.py:1455} ERROR - Job failed:
reference {
  project_id: "spotimood-dev"
  job_id: "run_recent_played_ingestion_pypark_20210423_ed5193de"
}
placement {
  cluster_name: "ephemeral-recent-played-spark-cluster-20210423"
  cluster_uuid: "ce950e94-8621-443a-9878-7ce1c6c5a722"
}
pyspark_job {
  main_python_file_uri: "gs://spotimood-application-dev/driver.py"
  args: "spotify_mood.main.spotify_recent_played_data_ingestion_main.py"
  args: "--start-datetime"
  args: "2021-04-23T16:00:00+00:00"
  args: "--end-datetime"
  args: "2021-04-23T17:00:00+00:00"
  python_file_uris: "gs://spotimood-application-dev/spotify_mood-0.1.0_SNAPSHOT-py3.7.egg"
  properties {
    key: "spark.jars"
    value: "gs://spotimood-application-dev/postgresql-42.2.14.jar"
  }
  properties {
    key: "spark.jars.packages"
    value: "org.apache.spark:spark-avro_2.12:2.4.5"
  }
}
status {
  state: ERROR
  details: "Google Cloud Dataproc Agent reports job failure. If logs are available, they can be found at:\nhttps://console.cloud.google.com/dataproc/jobs/run_recent_played_ingestion_pypark_20210423_ed5193de?project=spotimood-dev&region=europe-west2\ngcloud dataproc jobs wait \'run_recent_played_ingestion_pypark_20210423_ed5193de\' --region \'europe-west2\' --project \'spotimood-dev\'\nhttps://console.cloud.google.com/storage/browser/dataproc-staging-europe-west2-1086527958588-jcvhexoj/google-cloud-dataproc-metainfo/ce950e94-8621-443a-9878-7ce1c6c5a722/jobs/run_recent_played_ingestion_pypark_20210423_ed5193de/\ngs://dataproc-staging-europe-west2-1086527958588-jcvhexoj/google-cloud-dataproc-metainfo/ce950e94-8621-443a-9878-7ce1c6c5a722/jobs/run_recent_played_ingestion_pypark_20210423_ed5193de/driveroutput"
  state_start_time {
    seconds: 1619198893
    nanos: 155000000
  }
}
yarn_applications {
  name: "recent-played-pipeline"
  state: FINISHED
  progress: 1.0
  tracking_url: "http://ephemeral-recent-played-spark-cluster-20210423-m:8088/proxy/application_1619198695558_0001/"
}
submitted_by: "1086527958588-compute@developer.gserviceaccount.com"
status_history {
  state: PENDING
  state_start_time {
    seconds: 1619198856
    nanos: 83000000
  }
}
status_history {
  state: SETUP_DONE
  state_start_time {
    seconds: 1619198856
    nanos: 107000000
  }
}
status_history {
  state: RUNNING
  state_start_time {
    seconds: 1619198856
    nanos: 412000000
  }
}
driver_control_files_uri: "gs://dataproc-staging-europe-west2-1086527958588-jcvhexoj/google-cloud-dataproc-metainfo/ce950e94-8621-443a-9878-7ce1c6c5a722/jobs/run_recent_played_ingestion_pypark_20210423_ed5193de/"
driver_output_resource_uri: "gs://dataproc-staging-europe-west2-1086527958588-jcvhexoj/google-cloud-dataproc-metainfo/ce950e94-8621-443a-9878-7ce1c6c5a722/jobs/run_recent_played_ingestion_pypark_20210423_ed5193de/driveroutput"
labels {
  key: "airflow-version"
  value: "v2-0-1"
}
job_uuid: "efece712-f811-4fc9-896d-28fb2f8ee1cf"
done: true
Traceback (most recent call last):
  File "/home/airflow/.local/lib/python3.6/site-packages/airflow/models/taskinstance.py", line 1112, in _run_raw_task
    self._prepare_and_execute_task_with_callbacks(context, task)
  File "/home/airflow/.local/lib/python3.6/site-packages/airflow/models/taskinstance.py", line 1285, in _prepare_and_execute_task_with_callbacks
    result = self._execute_task(context, task_copy)
  File "/home/airflow/.local/lib/python3.6/site-packages/airflow/models/taskinstance.py", line 1315, in _execute_task
    result = task_copy.execute(context=context)
  File "/home/airflow/.local/lib/python3.6/site-packages/airflow/providers/google/cloud/operators/dataproc.py", line 1545, in execute
    super().execute(context)
  File "/home/airflow/.local/lib/python3.6/site-packages/airflow/providers/google/cloud/operators/dataproc.py", line 990, in execute
    self.hook.wait_for_job(job_id=job_id, location=self.region, project_id=self.project_id)
  File "/home/airflow/.local/lib/python3.6/site-packages/airflow/providers/google/common/hooks/base_google.py", line 425, in inner_wrapper
    return func(self, *args, **kwargs)
  File "/home/airflow/.local/lib/python3.6/site-packages/airflow/providers/google/cloud/hooks/dataproc.py", line 734, in wait_for_job
    raise AirflowException(f'Job failed:\n{job}')
airflow.exceptions.AirflowException: Job failed:
reference {
  project_id: "spotimood-dev"
  job_id: "run_recent_played_ingestion_pypark_20210423_ed5193de"
}
placement {
  cluster_name: "ephemeral-recent-played-spark-cluster-20210423"
  cluster_uuid: "ce950e94-8621-443a-9878-7ce1c6c5a722"
}
pyspark_job {
  main_python_file_uri: "gs://spotimood-application-dev/driver.py"
  args: "spotify_mood.main.spotify_recent_played_data_ingestion_main.py"
  args: "--start-datetime"
  args: "2021-04-23T16:00:00+00:00"
  args: "--end-datetime"
  args: "2021-04-23T17:00:00+00:00"
  python_file_uris: "gs://spotimood-application-dev/spotify_mood-0.1.0_SNAPSHOT-py3.7.egg"
  properties {
    key: "spark.jars"
    value: "gs://spotimood-application-dev/postgresql-42.2.14.jar"
  }
  properties {
    key: "spark.jars.packages"
    value: "org.apache.spark:spark-avro_2.12:2.4.5"
  }
}
status {
  state: ERROR
  details: "Google Cloud Dataproc Agent reports job failure. If logs are available, they can be found at:\nhttps://console.cloud.google.com/dataproc/jobs/run_recent_played_ingestion_pypark_20210423_ed5193de?project=spotimood-dev&region=europe-west2\ngcloud dataproc jobs wait \'run_recent_played_ingestion_pypark_20210423_ed5193de\' --region \'europe-west2\' --project \'spotimood-dev\'\nhttps://console.cloud.google.com/storage/browser/dataproc-staging-europe-west2-1086527958588-jcvhexoj/google-cloud-dataproc-metainfo/ce950e94-8621-443a-9878-7ce1c6c5a722/jobs/run_recent_played_ingestion_pypark_20210423_ed5193de/\ngs://dataproc-staging-europe-west2-1086527958588-jcvhexoj/google-cloud-dataproc-metainfo/ce950e94-8621-443a-9878-7ce1c6c5a722/jobs/run_recent_played_ingestion_pypark_20210423_ed5193de/driveroutput"
  state_start_time {
    seconds: 1619198893
    nanos: 155000000
  }
}
yarn_applications {
  name: "recent-played-pipeline"
  state: FINISHED
  progress: 1.0
  tracking_url: "http://ephemeral-recent-played-spark-cluster-20210423-m:8088/proxy/application_1619198695558_0001/"
}
submitted_by: "1086527958588-compute@developer.gserviceaccount.com"
status_history {
  state: PENDING
  state_start_time {
    seconds: 1619198856
    nanos: 83000000
  }
}
status_history {
  state: SETUP_DONE
  state_start_time {
    seconds: 1619198856
    nanos: 107000000
  }
}
status_history {
  state: RUNNING
  state_start_time {
    seconds: 1619198856
    nanos: 412000000
  }
}
driver_control_files_uri: "gs://dataproc-staging-europe-west2-1086527958588-jcvhexoj/google-cloud-dataproc-metainfo/ce950e94-8621-443a-9878-7ce1c6c5a722/jobs/run_recent_played_ingestion_pypark_20210423_ed5193de/"
driver_output_resource_uri: "gs://dataproc-staging-europe-west2-1086527958588-jcvhexoj/google-cloud-dataproc-metainfo/ce950e94-8621-443a-9878-7ce1c6c5a722/jobs/run_recent_played_ingestion_pypark_20210423_ed5193de/driveroutput"
labels {
  key: "airflow-version"
  value: "v2-0-1"
}
job_uuid: "efece712-f811-4fc9-896d-28fb2f8ee1cf"
done: true

[2021-04-23 17:28:17,494] {taskinstance.py:1503} INFO - Marking task as FAILED. dag_id=recent_played_ingestion, task_id=run_recent_played_ingestion_pypark, execution_date=20210423T160000, start_date=20210423T172734, end_date=20210423T172817
[2021-04-23 17:28:17,583] {local_task_job.py:146} INFO - Task exited with return code 1
