[2021-04-25 13:00:06,499] {taskinstance.py:851} INFO - Dependencies all met for <TaskInstance: recent_played_ingestion.run_recent_played_ingestion_pypark 2021-04-25T12:00:00+00:00 [queued]>
[2021-04-25 13:00:06,629] {taskinstance.py:851} INFO - Dependencies all met for <TaskInstance: recent_played_ingestion.run_recent_played_ingestion_pypark 2021-04-25T12:00:00+00:00 [queued]>
[2021-04-25 13:00:06,635] {taskinstance.py:1042} INFO - 
--------------------------------------------------------------------------------
[2021-04-25 13:00:06,637] {taskinstance.py:1043} INFO - Starting attempt 1 of 1
[2021-04-25 13:00:06,640] {taskinstance.py:1044} INFO - 
--------------------------------------------------------------------------------
[2021-04-25 13:00:06,677] {taskinstance.py:1063} INFO - Executing <Task(DataprocSubmitPySparkJobOperator): run_recent_played_ingestion_pypark> on 2021-04-25T12:00:00+00:00
[2021-04-25 13:00:06,699] {standard_task_runner.py:52} INFO - Started process 1058 to run task
[2021-04-25 13:00:06,709] {standard_task_runner.py:76} INFO - Running: ['airflow', 'tasks', 'run', 'recent_played_ingestion', 'run_recent_played_ingestion_pypark', '2021-04-25T12:00:00+00:00', '--job-id', '101', '--pool', 'default_pool', '--raw', '--subdir', 'DAGS_FOLDER/recent_played_ingestion.py', '--cfg-path', '/tmp/tmpkwvdljhu', '--error-file', '/tmp/tmpyz8kpzea']
[2021-04-25 13:00:06,724] {standard_task_runner.py:77} INFO - Job 101: Subtask run_recent_played_ingestion_pypark
[2021-04-25 13:00:06,920] {logging_mixin.py:104} INFO - Running <TaskInstance: recent_played_ingestion.run_recent_played_ingestion_pypark 2021-04-25T12:00:00+00:00 [running]> on host 67976f37379c
[2021-04-25 13:00:07,093] {taskinstance.py:1257} INFO - Exporting the following env vars:
AIRFLOW_CTX_DAG_OWNER=airflow
AIRFLOW_CTX_DAG_ID=recent_played_ingestion
AIRFLOW_CTX_TASK_ID=run_recent_played_ingestion_pypark
AIRFLOW_CTX_EXECUTION_DATE=2021-04-25T12:00:00+00:00
AIRFLOW_CTX_DAG_RUN_ID=scheduled__2021-04-25T12:00:00+00:00
[2021-04-25 13:00:07,109] {dataproc.py:981} INFO - Submitting pyspark_job job run_recent_played_ingestion_pypark_20210425_46c73cdd
[2021-04-25 13:00:08,067] {dataproc.py:986} INFO - Job run_recent_played_ingestion_pypark_20210425_46c73cdd submitted successfully.
[2021-04-25 13:00:08,069] {dataproc.py:989} INFO - Waiting for job run_recent_played_ingestion_pypark_20210425_46c73cdd to complete
[2021-04-25 13:00:59,940] {dataproc.py:991} INFO - Job run_recent_played_ingestion_pypark_20210425_46c73cdd completed successfully.
[2021-04-25 13:00:59,967] {taskinstance.py:1166} INFO - Marking task as SUCCESS. dag_id=recent_played_ingestion, task_id=run_recent_played_ingestion_pypark, execution_date=20210425T120000, start_date=20210425T130006, end_date=20210425T130059
[2021-04-25 13:01:00,047] {local_task_job.py:146} INFO - Task exited with return code 1
