[2021-04-23 20:57:47,143] {taskinstance.py:851} INFO - Dependencies all met for <TaskInstance: recent_played_ingestion.run_recent_played_classification_pypark 2021-04-23T15:00:00+00:00 [None]>
[2021-04-23 20:57:47,194] {taskinstance.py:851} INFO - Dependencies all met for <TaskInstance: recent_played_ingestion.run_recent_played_classification_pypark 2021-04-23T15:00:00+00:00 [None]>
[2021-04-23 20:57:47,198] {taskinstance.py:1042} INFO - 
--------------------------------------------------------------------------------
[2021-04-23 20:57:47,200] {taskinstance.py:1043} INFO - Starting attempt 1 of 1
[2021-04-23 20:57:47,202] {taskinstance.py:1044} INFO - 
--------------------------------------------------------------------------------
[2021-04-23 20:57:47,256] {taskinstance.py:1063} INFO - Executing <Task(DataprocSubmitPySparkJobOperator): run_recent_played_classification_pypark> on 2021-04-23T15:00:00+00:00
[2021-04-23 20:57:47,266] {standard_task_runner.py:52} INFO - Started process 658 to run task
[2021-04-23 20:57:47,282] {standard_task_runner.py:76} INFO - Running: ['airflow', 'tasks', 'run', 'recent_played_ingestion', 'run_recent_played_classification_pypark', '2021-04-23T15:00:00+00:00', '--job-id', '43', '--pool', 'default_pool', '--raw', '--subdir', 'DAGS_FOLDER/recent_played_ingestion.py', '--cfg-path', '/tmp/tmphu5oj_uo', '--error-file', '/tmp/tmpw3me_887']
[2021-04-23 20:57:47,295] {standard_task_runner.py:77} INFO - Job 43: Subtask run_recent_played_classification_pypark
[2021-04-23 20:57:47,387] {logging_mixin.py:104} INFO - Running <TaskInstance: recent_played_ingestion.run_recent_played_classification_pypark 2021-04-23T15:00:00+00:00 [running]> on host 760ffd3d790b
[2021-04-23 20:57:47,557] {taskinstance.py:1257} INFO - Exporting the following env vars:
AIRFLOW_CTX_DAG_OWNER=airflow
AIRFLOW_CTX_DAG_ID=recent_played_ingestion
AIRFLOW_CTX_TASK_ID=run_recent_played_classification_pypark
AIRFLOW_CTX_EXECUTION_DATE=2021-04-23T15:00:00+00:00
AIRFLOW_CTX_DAG_RUN_ID=scheduled__2021-04-23T15:00:00+00:00
[2021-04-23 20:57:47,572] {dataproc.py:981} INFO - Submitting pyspark_job job run_recent_played_classification_pypark_20210423_50abe72d
[2021-04-23 20:57:48,572] {dataproc.py:986} INFO - Job run_recent_played_classification_pypark_20210423_50abe72d submitted successfully.
[2021-04-23 20:57:48,574] {dataproc.py:989} INFO - Waiting for job run_recent_played_classification_pypark_20210423_50abe72d to complete
[2021-04-23 20:57:58,963] {taskinstance.py:1455} ERROR - Job failed:
reference {
  project_id: "spotimood-dev"
  job_id: "run_recent_played_classification_pypark_20210423_50abe72d"
}
placement {
  cluster_name: "ephemeral-recent-played-spark-cluster-20210423"
  cluster_uuid: "bc12fd37-e113-4ea4-a102-4a07f6b3b6a1"
}
pyspark_job {
  main_python_file_uri: "gs://spotimood-application-dev/driver.py"
  args: "spotify_mood.main.hourly_recent_played_playlist_mood_tracker_main.py"
  args: "--start-datetime"
  args: "2021-04-23T15:00:00+00:00"
  args: "--end-datetime"
  args: "2021-04-23T16:00:00+00:00"
  python_file_uris: "gs://spotimood-application-dev/spotify_mood-0.1.0_SNAPSHOT-py3.7.egg"
  properties {
    key: "spark.jars.packages"
    value: "org.apache.spark:spark-avro_2.12:2.4.5"
  }
}
status {
  state: ERROR
  details: "Job failed with message [ModuleNotFoundError: No module named \'pyspark.sql.pandas\']. Additional details can be found at:\nhttps://console.cloud.google.com/dataproc/jobs/run_recent_played_classification_pypark_20210423_50abe72d?project=spotimood-dev&region=europe-west2\ngcloud dataproc jobs wait \'run_recent_played_classification_pypark_20210423_50abe72d\' --region \'europe-west2\' --project \'spotimood-dev\'\nhttps://console.cloud.google.com/storage/browser/dataproc-staging-europe-west2-1086527958588-jcvhexoj/google-cloud-dataproc-metainfo/bc12fd37-e113-4ea4-a102-4a07f6b3b6a1/jobs/run_recent_played_classification_pypark_20210423_50abe72d/\ngs://dataproc-staging-europe-west2-1086527958588-jcvhexoj/google-cloud-dataproc-metainfo/bc12fd37-e113-4ea4-a102-4a07f6b3b6a1/jobs/run_recent_played_classification_pypark_20210423_50abe72d/driveroutput"
  state_start_time {
    seconds: 1619211476
    nanos: 485000000
  }
}
submitted_by: "1086527958588-compute@developer.gserviceaccount.com"
status_history {
  state: PENDING
  state_start_time {
    seconds: 1619211468
    nanos: 908000000
  }
}
status_history {
  state: SETUP_DONE
  state_start_time {
    seconds: 1619211468
    nanos: 935000000
  }
}
status_history {
  state: RUNNING
  state_start_time {
    seconds: 1619211469
    nanos: 288000000
  }
}
driver_control_files_uri: "gs://dataproc-staging-europe-west2-1086527958588-jcvhexoj/google-cloud-dataproc-metainfo/bc12fd37-e113-4ea4-a102-4a07f6b3b6a1/jobs/run_recent_played_classification_pypark_20210423_50abe72d/"
driver_output_resource_uri: "gs://dataproc-staging-europe-west2-1086527958588-jcvhexoj/google-cloud-dataproc-metainfo/bc12fd37-e113-4ea4-a102-4a07f6b3b6a1/jobs/run_recent_played_classification_pypark_20210423_50abe72d/driveroutput"
labels {
  key: "airflow-version"
  value: "v2-0-1"
}
job_uuid: "895536e3-dad4-4937-9a28-300b68d4ecc1"
done: true
Traceback (most recent call last):
  File "/home/airflow/.local/lib/python3.6/site-packages/airflow/models/taskinstance.py", line 1112, in _run_raw_task
    self._prepare_and_execute_task_with_callbacks(context, task)
  File "/home/airflow/.local/lib/python3.6/site-packages/airflow/models/taskinstance.py", line 1285, in _prepare_and_execute_task_with_callbacks
    result = self._execute_task(context, task_copy)
  File "/home/airflow/.local/lib/python3.6/site-packages/airflow/models/taskinstance.py", line 1315, in _execute_task
    result = task_copy.execute(context=context)
  File "/home/airflow/.local/lib/python3.6/site-packages/airflow/providers/google/cloud/operators/dataproc.py", line 1545, in execute
    super().execute(context)
  File "/home/airflow/.local/lib/python3.6/site-packages/airflow/providers/google/cloud/operators/dataproc.py", line 990, in execute
    self.hook.wait_for_job(job_id=job_id, location=self.region, project_id=self.project_id)
  File "/home/airflow/.local/lib/python3.6/site-packages/airflow/providers/google/common/hooks/base_google.py", line 425, in inner_wrapper
    return func(self, *args, **kwargs)
  File "/home/airflow/.local/lib/python3.6/site-packages/airflow/providers/google/cloud/hooks/dataproc.py", line 734, in wait_for_job
    raise AirflowException(f'Job failed:\n{job}')
airflow.exceptions.AirflowException: Job failed:
reference {
  project_id: "spotimood-dev"
  job_id: "run_recent_played_classification_pypark_20210423_50abe72d"
}
placement {
  cluster_name: "ephemeral-recent-played-spark-cluster-20210423"
  cluster_uuid: "bc12fd37-e113-4ea4-a102-4a07f6b3b6a1"
}
pyspark_job {
  main_python_file_uri: "gs://spotimood-application-dev/driver.py"
  args: "spotify_mood.main.hourly_recent_played_playlist_mood_tracker_main.py"
  args: "--start-datetime"
  args: "2021-04-23T15:00:00+00:00"
  args: "--end-datetime"
  args: "2021-04-23T16:00:00+00:00"
  python_file_uris: "gs://spotimood-application-dev/spotify_mood-0.1.0_SNAPSHOT-py3.7.egg"
  properties {
    key: "spark.jars.packages"
    value: "org.apache.spark:spark-avro_2.12:2.4.5"
  }
}
status {
  state: ERROR
  details: "Job failed with message [ModuleNotFoundError: No module named \'pyspark.sql.pandas\']. Additional details can be found at:\nhttps://console.cloud.google.com/dataproc/jobs/run_recent_played_classification_pypark_20210423_50abe72d?project=spotimood-dev&region=europe-west2\ngcloud dataproc jobs wait \'run_recent_played_classification_pypark_20210423_50abe72d\' --region \'europe-west2\' --project \'spotimood-dev\'\nhttps://console.cloud.google.com/storage/browser/dataproc-staging-europe-west2-1086527958588-jcvhexoj/google-cloud-dataproc-metainfo/bc12fd37-e113-4ea4-a102-4a07f6b3b6a1/jobs/run_recent_played_classification_pypark_20210423_50abe72d/\ngs://dataproc-staging-europe-west2-1086527958588-jcvhexoj/google-cloud-dataproc-metainfo/bc12fd37-e113-4ea4-a102-4a07f6b3b6a1/jobs/run_recent_played_classification_pypark_20210423_50abe72d/driveroutput"
  state_start_time {
    seconds: 1619211476
    nanos: 485000000
  }
}
submitted_by: "1086527958588-compute@developer.gserviceaccount.com"
status_history {
  state: PENDING
  state_start_time {
    seconds: 1619211468
    nanos: 908000000
  }
}
status_history {
  state: SETUP_DONE
  state_start_time {
    seconds: 1619211468
    nanos: 935000000
  }
}
status_history {
  state: RUNNING
  state_start_time {
    seconds: 1619211469
    nanos: 288000000
  }
}
driver_control_files_uri: "gs://dataproc-staging-europe-west2-1086527958588-jcvhexoj/google-cloud-dataproc-metainfo/bc12fd37-e113-4ea4-a102-4a07f6b3b6a1/jobs/run_recent_played_classification_pypark_20210423_50abe72d/"
driver_output_resource_uri: "gs://dataproc-staging-europe-west2-1086527958588-jcvhexoj/google-cloud-dataproc-metainfo/bc12fd37-e113-4ea4-a102-4a07f6b3b6a1/jobs/run_recent_played_classification_pypark_20210423_50abe72d/driveroutput"
labels {
  key: "airflow-version"
  value: "v2-0-1"
}
job_uuid: "895536e3-dad4-4937-9a28-300b68d4ecc1"
done: true

[2021-04-23 20:57:59,007] {taskinstance.py:1503} INFO - Marking task as FAILED. dag_id=recent_played_ingestion, task_id=run_recent_played_classification_pypark, execution_date=20210423T150000, start_date=20210423T205747, end_date=20210423T205759
[2021-04-23 20:57:59,091] {local_task_job.py:146} INFO - Task exited with return code 1
