[2021-04-25 14:46:36,516] {taskinstance.py:851} INFO - Dependencies all met for <TaskInstance: daily_playlist_ingestion.run_recent_played_ingestion_pypark 2021-04-24T05:00:00+00:00 [queued]>
[2021-04-25 14:46:36,546] {taskinstance.py:851} INFO - Dependencies all met for <TaskInstance: daily_playlist_ingestion.run_recent_played_ingestion_pypark 2021-04-24T05:00:00+00:00 [queued]>
[2021-04-25 14:46:36,548] {taskinstance.py:1042} INFO - 
--------------------------------------------------------------------------------
[2021-04-25 14:46:36,549] {taskinstance.py:1043} INFO - Starting attempt 2 of 2
[2021-04-25 14:46:36,551] {taskinstance.py:1044} INFO - 
--------------------------------------------------------------------------------
[2021-04-25 14:46:36,567] {taskinstance.py:1063} INFO - Executing <Task(DataprocSubmitPySparkJobOperator): run_recent_played_ingestion_pypark> on 2021-04-24T05:00:00+00:00
[2021-04-25 14:46:36,575] {standard_task_runner.py:52} INFO - Started process 1448 to run task
[2021-04-25 14:46:36,581] {standard_task_runner.py:76} INFO - Running: ['airflow', 'tasks', 'run', 'daily_playlist_ingestion', 'run_recent_played_ingestion_pypark', '2021-04-24T05:00:00+00:00', '--job-id', '116', '--pool', 'default_pool', '--raw', '--subdir', 'DAGS_FOLDER/daily_playlist_ingestion.py', '--cfg-path', '/tmp/tmpc4tla9ne', '--error-file', '/tmp/tmp5ztt2d3x']
[2021-04-25 14:46:36,587] {standard_task_runner.py:77} INFO - Job 116: Subtask run_recent_played_ingestion_pypark
[2021-04-25 14:46:36,685] {logging_mixin.py:104} INFO - Running <TaskInstance: daily_playlist_ingestion.run_recent_played_ingestion_pypark 2021-04-24T05:00:00+00:00 [running]> on host 67976f37379c
[2021-04-25 14:46:36,752] {taskinstance.py:1257} INFO - Exporting the following env vars:
AIRFLOW_CTX_DAG_OWNER=airflow
AIRFLOW_CTX_DAG_ID=daily_playlist_ingestion
AIRFLOW_CTX_TASK_ID=run_recent_played_ingestion_pypark
AIRFLOW_CTX_EXECUTION_DATE=2021-04-24T05:00:00+00:00
AIRFLOW_CTX_DAG_RUN_ID=scheduled__2021-04-24T05:00:00+00:00
[2021-04-25 14:46:36,755] {dataproc.py:981} INFO - Submitting pyspark_job job run_recent_played_ingestion_pypark_20210424_6512f09f
[2021-04-25 14:46:37,401] {dataproc.py:986} INFO - Job run_recent_played_ingestion_pypark_20210424_6512f09f submitted successfully.
[2021-04-25 14:46:37,403] {dataproc.py:989} INFO - Waiting for job run_recent_played_ingestion_pypark_20210424_6512f09f to complete
[2021-04-25 14:51:06,739] {dataproc.py:991} INFO - Job run_recent_played_ingestion_pypark_20210424_6512f09f completed successfully.
[2021-04-25 14:51:06,923] {taskinstance.py:1166} INFO - Marking task as SUCCESS. dag_id=daily_playlist_ingestion, task_id=run_recent_played_ingestion_pypark, execution_date=20210424T050000, start_date=20210425T144636, end_date=20210425T145106
[2021-04-25 14:51:07,098] {local_task_job.py:146} INFO - Task exited with return code 1
