[2021-04-23 21:09:10,711] {taskinstance.py:851} INFO - Dependencies all met for <TaskInstance: recent_played_ingestion.run_recent_played_classification_pypark 2021-04-23T19:00:00+00:00 [queued]>
[2021-04-23 21:09:10,754] {taskinstance.py:851} INFO - Dependencies all met for <TaskInstance: recent_played_ingestion.run_recent_played_classification_pypark 2021-04-23T19:00:00+00:00 [queued]>
[2021-04-23 21:09:10,755] {taskinstance.py:1042} INFO - 
--------------------------------------------------------------------------------
[2021-04-23 21:09:10,759] {taskinstance.py:1043} INFO - Starting attempt 1 of 1
[2021-04-23 21:09:10,761] {taskinstance.py:1044} INFO - 
--------------------------------------------------------------------------------
[2021-04-23 21:09:10,773] {taskinstance.py:1063} INFO - Executing <Task(DataprocSubmitPySparkJobOperator): run_recent_played_classification_pypark> on 2021-04-23T19:00:00+00:00
[2021-04-23 21:09:10,779] {standard_task_runner.py:52} INFO - Started process 721 to run task
[2021-04-23 21:09:10,785] {standard_task_runner.py:76} INFO - Running: ['airflow', 'tasks', 'run', 'recent_played_ingestion', 'run_recent_played_classification_pypark', '2021-04-23T19:00:00+00:00', '--job-id', '47', '--pool', 'default_pool', '--raw', '--subdir', 'DAGS_FOLDER/recent_played_ingestion.py', '--cfg-path', '/tmp/tmp6jhylrmf', '--error-file', '/tmp/tmpe6xsnijo']
[2021-04-23 21:09:10,791] {standard_task_runner.py:77} INFO - Job 47: Subtask run_recent_played_classification_pypark
[2021-04-23 21:09:10,867] {logging_mixin.py:104} INFO - Running <TaskInstance: recent_played_ingestion.run_recent_played_classification_pypark 2021-04-23T19:00:00+00:00 [running]> on host 760ffd3d790b
[2021-04-23 21:09:11,049] {taskinstance.py:1257} INFO - Exporting the following env vars:
AIRFLOW_CTX_DAG_OWNER=airflow
AIRFLOW_CTX_DAG_ID=recent_played_ingestion
AIRFLOW_CTX_TASK_ID=run_recent_played_classification_pypark
AIRFLOW_CTX_EXECUTION_DATE=2021-04-23T19:00:00+00:00
AIRFLOW_CTX_DAG_RUN_ID=scheduled__2021-04-23T19:00:00+00:00
[2021-04-23 21:09:11,057] {dataproc.py:981} INFO - Submitting pyspark_job job run_recent_played_classification_pypark_20210423_93ddccc9
[2021-04-23 21:09:11,641] {dataproc.py:986} INFO - Job run_recent_played_classification_pypark_20210423_93ddccc9 submitted successfully.
[2021-04-23 21:09:11,642] {dataproc.py:989} INFO - Waiting for job run_recent_played_classification_pypark_20210423_93ddccc9 to complete
[2021-04-23 21:09:21,938] {taskinstance.py:1455} ERROR - Job failed:
reference {
  project_id: "spotimood-dev"
  job_id: "run_recent_played_classification_pypark_20210423_93ddccc9"
}
placement {
  cluster_name: "ephemeral-recent-played-spark-cluster-20210423"
  cluster_uuid: "401d8735-1920-4587-aca2-461b74b4b76a"
}
pyspark_job {
  main_python_file_uri: "gs://spotimood-application-dev/driver.py"
  args: "spotify_mood.main.hourly_recent_played_playlist_mood_tracker_main.py"
  args: "--start-datetime"
  args: "2021-04-23T19:00:00+00:00"
  args: "--end-datetime"
  args: "2021-04-23T20:00:00+00:00"
  python_file_uris: "gs://spotimood-application-dev/spotify_mood-0.1.0_SNAPSHOT-py3.7.egg"
  properties {
    key: "spark.jars.packages"
    value: "org.apache.spark:spark-avro_2.12:2.4.5"
  }
}
status {
  state: ERROR
  details: "Job failed with message [ModuleNotFoundError: No module named \'pyspark.sql.pandas\']. Additional details can be found at:\nhttps://console.cloud.google.com/dataproc/jobs/run_recent_played_classification_pypark_20210423_93ddccc9?project=spotimood-dev&region=europe-west2\ngcloud dataproc jobs wait \'run_recent_played_classification_pypark_20210423_93ddccc9\' --region \'europe-west2\' --project \'spotimood-dev\'\nhttps://console.cloud.google.com/storage/browser/dataproc-staging-europe-west2-1086527958588-jcvhexoj/google-cloud-dataproc-metainfo/401d8735-1920-4587-aca2-461b74b4b76a/jobs/run_recent_played_classification_pypark_20210423_93ddccc9/\ngs://dataproc-staging-europe-west2-1086527958588-jcvhexoj/google-cloud-dataproc-metainfo/401d8735-1920-4587-aca2-461b74b4b76a/jobs/run_recent_played_classification_pypark_20210423_93ddccc9/driveroutput"
  state_start_time {
    seconds: 1619212158
    nanos: 575000000
  }
}
submitted_by: "1086527958588-compute@developer.gserviceaccount.com"
status_history {
  state: PENDING
  state_start_time {
    seconds: 1619212152
    nanos: 98000000
  }
}
status_history {
  state: SETUP_DONE
  state_start_time {
    seconds: 1619212152
    nanos: 125000000
  }
}
status_history {
  state: RUNNING
  state_start_time {
    seconds: 1619212152
    nanos: 401000000
  }
}
driver_control_files_uri: "gs://dataproc-staging-europe-west2-1086527958588-jcvhexoj/google-cloud-dataproc-metainfo/401d8735-1920-4587-aca2-461b74b4b76a/jobs/run_recent_played_classification_pypark_20210423_93ddccc9/"
driver_output_resource_uri: "gs://dataproc-staging-europe-west2-1086527958588-jcvhexoj/google-cloud-dataproc-metainfo/401d8735-1920-4587-aca2-461b74b4b76a/jobs/run_recent_played_classification_pypark_20210423_93ddccc9/driveroutput"
labels {
  key: "airflow-version"
  value: "v2-0-1"
}
job_uuid: "72630102-974c-426c-84cd-74b2050b34aa"
done: true
Traceback (most recent call last):
  File "/home/airflow/.local/lib/python3.6/site-packages/airflow/models/taskinstance.py", line 1112, in _run_raw_task
    self._prepare_and_execute_task_with_callbacks(context, task)
  File "/home/airflow/.local/lib/python3.6/site-packages/airflow/models/taskinstance.py", line 1285, in _prepare_and_execute_task_with_callbacks
    result = self._execute_task(context, task_copy)
  File "/home/airflow/.local/lib/python3.6/site-packages/airflow/models/taskinstance.py", line 1315, in _execute_task
    result = task_copy.execute(context=context)
  File "/home/airflow/.local/lib/python3.6/site-packages/airflow/providers/google/cloud/operators/dataproc.py", line 1545, in execute
    super().execute(context)
  File "/home/airflow/.local/lib/python3.6/site-packages/airflow/providers/google/cloud/operators/dataproc.py", line 990, in execute
    self.hook.wait_for_job(job_id=job_id, location=self.region, project_id=self.project_id)
  File "/home/airflow/.local/lib/python3.6/site-packages/airflow/providers/google/common/hooks/base_google.py", line 425, in inner_wrapper
    return func(self, *args, **kwargs)
  File "/home/airflow/.local/lib/python3.6/site-packages/airflow/providers/google/cloud/hooks/dataproc.py", line 734, in wait_for_job
    raise AirflowException(f'Job failed:\n{job}')
airflow.exceptions.AirflowException: Job failed:
reference {
  project_id: "spotimood-dev"
  job_id: "run_recent_played_classification_pypark_20210423_93ddccc9"
}
placement {
  cluster_name: "ephemeral-recent-played-spark-cluster-20210423"
  cluster_uuid: "401d8735-1920-4587-aca2-461b74b4b76a"
}
pyspark_job {
  main_python_file_uri: "gs://spotimood-application-dev/driver.py"
  args: "spotify_mood.main.hourly_recent_played_playlist_mood_tracker_main.py"
  args: "--start-datetime"
  args: "2021-04-23T19:00:00+00:00"
  args: "--end-datetime"
  args: "2021-04-23T20:00:00+00:00"
  python_file_uris: "gs://spotimood-application-dev/spotify_mood-0.1.0_SNAPSHOT-py3.7.egg"
  properties {
    key: "spark.jars.packages"
    value: "org.apache.spark:spark-avro_2.12:2.4.5"
  }
}
status {
  state: ERROR
  details: "Job failed with message [ModuleNotFoundError: No module named \'pyspark.sql.pandas\']. Additional details can be found at:\nhttps://console.cloud.google.com/dataproc/jobs/run_recent_played_classification_pypark_20210423_93ddccc9?project=spotimood-dev&region=europe-west2\ngcloud dataproc jobs wait \'run_recent_played_classification_pypark_20210423_93ddccc9\' --region \'europe-west2\' --project \'spotimood-dev\'\nhttps://console.cloud.google.com/storage/browser/dataproc-staging-europe-west2-1086527958588-jcvhexoj/google-cloud-dataproc-metainfo/401d8735-1920-4587-aca2-461b74b4b76a/jobs/run_recent_played_classification_pypark_20210423_93ddccc9/\ngs://dataproc-staging-europe-west2-1086527958588-jcvhexoj/google-cloud-dataproc-metainfo/401d8735-1920-4587-aca2-461b74b4b76a/jobs/run_recent_played_classification_pypark_20210423_93ddccc9/driveroutput"
  state_start_time {
    seconds: 1619212158
    nanos: 575000000
  }
}
submitted_by: "1086527958588-compute@developer.gserviceaccount.com"
status_history {
  state: PENDING
  state_start_time {
    seconds: 1619212152
    nanos: 98000000
  }
}
status_history {
  state: SETUP_DONE
  state_start_time {
    seconds: 1619212152
    nanos: 125000000
  }
}
status_history {
  state: RUNNING
  state_start_time {
    seconds: 1619212152
    nanos: 401000000
  }
}
driver_control_files_uri: "gs://dataproc-staging-europe-west2-1086527958588-jcvhexoj/google-cloud-dataproc-metainfo/401d8735-1920-4587-aca2-461b74b4b76a/jobs/run_recent_played_classification_pypark_20210423_93ddccc9/"
driver_output_resource_uri: "gs://dataproc-staging-europe-west2-1086527958588-jcvhexoj/google-cloud-dataproc-metainfo/401d8735-1920-4587-aca2-461b74b4b76a/jobs/run_recent_played_classification_pypark_20210423_93ddccc9/driveroutput"
labels {
  key: "airflow-version"
  value: "v2-0-1"
}
job_uuid: "72630102-974c-426c-84cd-74b2050b34aa"
done: true

[2021-04-23 21:09:21,953] {taskinstance.py:1503} INFO - Marking task as FAILED. dag_id=recent_played_ingestion, task_id=run_recent_played_classification_pypark, execution_date=20210423T190000, start_date=20210423T210910, end_date=20210423T210921
[2021-04-23 21:09:21,983] {local_task_job.py:146} INFO - Task exited with return code 1
