[2021-04-23 21:27:36,960] {taskinstance.py:851} INFO - Dependencies all met for <TaskInstance: recent_played_ingestion.run_recent_played_classification_pypark 2021-04-23T19:00:00+00:00 [queued]>
[2021-04-23 21:27:37,006] {taskinstance.py:851} INFO - Dependencies all met for <TaskInstance: recent_played_ingestion.run_recent_played_classification_pypark 2021-04-23T19:00:00+00:00 [queued]>
[2021-04-23 21:27:37,007] {taskinstance.py:1042} INFO - 
--------------------------------------------------------------------------------
[2021-04-23 21:27:37,009] {taskinstance.py:1043} INFO - Starting attempt 3 of 3
[2021-04-23 21:27:37,014] {taskinstance.py:1044} INFO - 
--------------------------------------------------------------------------------
[2021-04-23 21:27:37,037] {taskinstance.py:1063} INFO - Executing <Task(DataprocSubmitPySparkJobOperator): run_recent_played_classification_pypark> on 2021-04-23T19:00:00+00:00
[2021-04-23 21:27:37,045] {standard_task_runner.py:52} INFO - Started process 784 to run task
[2021-04-23 21:27:37,058] {standard_task_runner.py:76} INFO - Running: ['airflow', 'tasks', 'run', 'recent_played_ingestion', 'run_recent_played_classification_pypark', '2021-04-23T19:00:00+00:00', '--job-id', '51', '--pool', 'default_pool', '--raw', '--subdir', 'DAGS_FOLDER/recent_played_ingestion.py', '--cfg-path', '/tmp/tmp6b0l9t4r', '--error-file', '/tmp/tmpf47kr05a']
[2021-04-23 21:27:37,068] {standard_task_runner.py:77} INFO - Job 51: Subtask run_recent_played_classification_pypark
[2021-04-23 21:27:37,147] {logging_mixin.py:104} INFO - Running <TaskInstance: recent_played_ingestion.run_recent_played_classification_pypark 2021-04-23T19:00:00+00:00 [running]> on host 760ffd3d790b
[2021-04-23 21:27:37,226] {taskinstance.py:1257} INFO - Exporting the following env vars:
AIRFLOW_CTX_DAG_OWNER=airflow
AIRFLOW_CTX_DAG_ID=recent_played_ingestion
AIRFLOW_CTX_TASK_ID=run_recent_played_classification_pypark
AIRFLOW_CTX_EXECUTION_DATE=2021-04-23T19:00:00+00:00
AIRFLOW_CTX_DAG_RUN_ID=scheduled__2021-04-23T19:00:00+00:00
[2021-04-23 21:27:37,230] {dataproc.py:981} INFO - Submitting pyspark_job job run_recent_played_classification_pypark_20210423_375d2729
[2021-04-23 21:27:37,786] {dataproc.py:986} INFO - Job run_recent_played_classification_pypark_20210423_375d2729 submitted successfully.
[2021-04-23 21:27:37,787] {dataproc.py:989} INFO - Waiting for job run_recent_played_classification_pypark_20210423_375d2729 to complete
[2021-04-23 21:28:09,462] {taskinstance.py:1455} ERROR - Job failed:
reference {
  project_id: "spotimood-dev"
  job_id: "run_recent_played_classification_pypark_20210423_375d2729"
}
placement {
  cluster_name: "ephemeral-recent-played-spark-cluster-20210423"
  cluster_uuid: "fb6595cc-7fcc-4959-82e2-eeea0db3ad4e"
}
pyspark_job {
  main_python_file_uri: "gs://spotimood-application-dev/driver.py"
  args: "spotify_mood.main.hourly_recent_played_playlist_mood_tracker_main.py"
  args: "--start-datetime"
  args: "2021-04-23T19:00:00+00:00"
  args: "--end-datetime"
  args: "2021-04-23T20:00:00+00:00"
  python_file_uris: "gs://spotimood-application-dev/spotify_mood-0.1.0_SNAPSHOT-py3.7.egg"
  properties {
    key: "spark.jars.packages"
    value: "org.apache.spark:spark-avro_2.12:2.4.5"
  }
}
status {
  state: ERROR
  details: "Google Cloud Dataproc Agent reports job failure. If logs are available, they can be found at:\nhttps://console.cloud.google.com/dataproc/jobs/run_recent_played_classification_pypark_20210423_375d2729?project=spotimood-dev&region=europe-west2\ngcloud dataproc jobs wait \'run_recent_played_classification_pypark_20210423_375d2729\' --region \'europe-west2\' --project \'spotimood-dev\'\nhttps://console.cloud.google.com/storage/browser/dataproc-staging-europe-west2-1086527958588-jcvhexoj/google-cloud-dataproc-metainfo/fb6595cc-7fcc-4959-82e2-eeea0db3ad4e/jobs/run_recent_played_classification_pypark_20210423_375d2729/\ngs://dataproc-staging-europe-west2-1086527958588-jcvhexoj/google-cloud-dataproc-metainfo/fb6595cc-7fcc-4959-82e2-eeea0db3ad4e/jobs/run_recent_played_classification_pypark_20210423_375d2729/driveroutput"
  state_start_time {
    seconds: 1619213287
    nanos: 711000000
  }
}
yarn_applications {
  name: "hourly-playlist-mood-tracker"
  state: FINISHED
  progress: 1.0
  tracking_url: "http://ephemeral-recent-played-spark-cluster-20210423-m:8088/proxy/application_1619212326602_0002/"
}
submitted_by: "1086527958588-compute@developer.gserviceaccount.com"
status_history {
  state: PENDING
  state_start_time {
    seconds: 1619213258
    nanos: 277000000
  }
}
status_history {
  state: SETUP_DONE
  state_start_time {
    seconds: 1619213258
    nanos: 308000000
  }
}
status_history {
  state: RUNNING
  state_start_time {
    seconds: 1619213258
    nanos: 654000000
  }
}
driver_control_files_uri: "gs://dataproc-staging-europe-west2-1086527958588-jcvhexoj/google-cloud-dataproc-metainfo/fb6595cc-7fcc-4959-82e2-eeea0db3ad4e/jobs/run_recent_played_classification_pypark_20210423_375d2729/"
driver_output_resource_uri: "gs://dataproc-staging-europe-west2-1086527958588-jcvhexoj/google-cloud-dataproc-metainfo/fb6595cc-7fcc-4959-82e2-eeea0db3ad4e/jobs/run_recent_played_classification_pypark_20210423_375d2729/driveroutput"
labels {
  key: "airflow-version"
  value: "v2-0-1"
}
job_uuid: "5c9a670d-8487-4481-98a2-a9e8d9612799"
done: true
Traceback (most recent call last):
  File "/home/airflow/.local/lib/python3.6/site-packages/airflow/models/taskinstance.py", line 1112, in _run_raw_task
    self._prepare_and_execute_task_with_callbacks(context, task)
  File "/home/airflow/.local/lib/python3.6/site-packages/airflow/models/taskinstance.py", line 1285, in _prepare_and_execute_task_with_callbacks
    result = self._execute_task(context, task_copy)
  File "/home/airflow/.local/lib/python3.6/site-packages/airflow/models/taskinstance.py", line 1315, in _execute_task
    result = task_copy.execute(context=context)
  File "/home/airflow/.local/lib/python3.6/site-packages/airflow/providers/google/cloud/operators/dataproc.py", line 1545, in execute
    super().execute(context)
  File "/home/airflow/.local/lib/python3.6/site-packages/airflow/providers/google/cloud/operators/dataproc.py", line 990, in execute
    self.hook.wait_for_job(job_id=job_id, location=self.region, project_id=self.project_id)
  File "/home/airflow/.local/lib/python3.6/site-packages/airflow/providers/google/common/hooks/base_google.py", line 425, in inner_wrapper
    return func(self, *args, **kwargs)
  File "/home/airflow/.local/lib/python3.6/site-packages/airflow/providers/google/cloud/hooks/dataproc.py", line 734, in wait_for_job
    raise AirflowException(f'Job failed:\n{job}')
airflow.exceptions.AirflowException: Job failed:
reference {
  project_id: "spotimood-dev"
  job_id: "run_recent_played_classification_pypark_20210423_375d2729"
}
placement {
  cluster_name: "ephemeral-recent-played-spark-cluster-20210423"
  cluster_uuid: "fb6595cc-7fcc-4959-82e2-eeea0db3ad4e"
}
pyspark_job {
  main_python_file_uri: "gs://spotimood-application-dev/driver.py"
  args: "spotify_mood.main.hourly_recent_played_playlist_mood_tracker_main.py"
  args: "--start-datetime"
  args: "2021-04-23T19:00:00+00:00"
  args: "--end-datetime"
  args: "2021-04-23T20:00:00+00:00"
  python_file_uris: "gs://spotimood-application-dev/spotify_mood-0.1.0_SNAPSHOT-py3.7.egg"
  properties {
    key: "spark.jars.packages"
    value: "org.apache.spark:spark-avro_2.12:2.4.5"
  }
}
status {
  state: ERROR
  details: "Google Cloud Dataproc Agent reports job failure. If logs are available, they can be found at:\nhttps://console.cloud.google.com/dataproc/jobs/run_recent_played_classification_pypark_20210423_375d2729?project=spotimood-dev&region=europe-west2\ngcloud dataproc jobs wait \'run_recent_played_classification_pypark_20210423_375d2729\' --region \'europe-west2\' --project \'spotimood-dev\'\nhttps://console.cloud.google.com/storage/browser/dataproc-staging-europe-west2-1086527958588-jcvhexoj/google-cloud-dataproc-metainfo/fb6595cc-7fcc-4959-82e2-eeea0db3ad4e/jobs/run_recent_played_classification_pypark_20210423_375d2729/\ngs://dataproc-staging-europe-west2-1086527958588-jcvhexoj/google-cloud-dataproc-metainfo/fb6595cc-7fcc-4959-82e2-eeea0db3ad4e/jobs/run_recent_played_classification_pypark_20210423_375d2729/driveroutput"
  state_start_time {
    seconds: 1619213287
    nanos: 711000000
  }
}
yarn_applications {
  name: "hourly-playlist-mood-tracker"
  state: FINISHED
  progress: 1.0
  tracking_url: "http://ephemeral-recent-played-spark-cluster-20210423-m:8088/proxy/application_1619212326602_0002/"
}
submitted_by: "1086527958588-compute@developer.gserviceaccount.com"
status_history {
  state: PENDING
  state_start_time {
    seconds: 1619213258
    nanos: 277000000
  }
}
status_history {
  state: SETUP_DONE
  state_start_time {
    seconds: 1619213258
    nanos: 308000000
  }
}
status_history {
  state: RUNNING
  state_start_time {
    seconds: 1619213258
    nanos: 654000000
  }
}
driver_control_files_uri: "gs://dataproc-staging-europe-west2-1086527958588-jcvhexoj/google-cloud-dataproc-metainfo/fb6595cc-7fcc-4959-82e2-eeea0db3ad4e/jobs/run_recent_played_classification_pypark_20210423_375d2729/"
driver_output_resource_uri: "gs://dataproc-staging-europe-west2-1086527958588-jcvhexoj/google-cloud-dataproc-metainfo/fb6595cc-7fcc-4959-82e2-eeea0db3ad4e/jobs/run_recent_played_classification_pypark_20210423_375d2729/driveroutput"
labels {
  key: "airflow-version"
  value: "v2-0-1"
}
job_uuid: "5c9a670d-8487-4481-98a2-a9e8d9612799"
done: true

[2021-04-23 21:28:09,506] {taskinstance.py:1503} INFO - Marking task as FAILED. dag_id=recent_played_ingestion, task_id=run_recent_played_classification_pypark, execution_date=20210423T190000, start_date=20210423T212736, end_date=20210423T212809
[2021-04-23 21:28:09,684] {local_task_job.py:146} INFO - Task exited with return code 1
