[2021-04-25 09:44:46,097] {taskinstance.py:851} INFO - Dependencies all met for <TaskInstance: recent_played_ingestion.delete_cluster_dataproc 2021-04-25T08:00:00+00:00 [queued]>
[2021-04-25 09:44:46,121] {taskinstance.py:851} INFO - Dependencies all met for <TaskInstance: recent_played_ingestion.delete_cluster_dataproc 2021-04-25T08:00:00+00:00 [queued]>
[2021-04-25 09:44:46,122] {taskinstance.py:1042} INFO - 
--------------------------------------------------------------------------------
[2021-04-25 09:44:46,126] {taskinstance.py:1043} INFO - Starting attempt 1 of 1
[2021-04-25 09:44:46,128] {taskinstance.py:1044} INFO - 
--------------------------------------------------------------------------------
[2021-04-25 09:44:46,139] {taskinstance.py:1063} INFO - Executing <Task(PatchedDataprocDeleteClusterOperator): delete_cluster_dataproc> on 2021-04-25T08:00:00+00:00
[2021-04-25 09:44:46,144] {standard_task_runner.py:52} INFO - Started process 57 to run task
[2021-04-25 09:44:46,150] {standard_task_runner.py:76} INFO - Running: ['airflow', 'tasks', 'run', 'recent_played_ingestion', 'delete_cluster_dataproc', '2021-04-25T08:00:00+00:00', '--job-id', '55', '--pool', 'default_pool', '--raw', '--subdir', 'DAGS_FOLDER/recent_played_ingestion.py', '--cfg-path', '/tmp/tmpgrsirg3y', '--error-file', '/tmp/tmph6899nf5']
[2021-04-25 09:44:46,153] {standard_task_runner.py:77} INFO - Job 55: Subtask delete_cluster_dataproc
[2021-04-25 09:44:46,211] {logging_mixin.py:104} INFO - Running <TaskInstance: recent_played_ingestion.delete_cluster_dataproc 2021-04-25T08:00:00+00:00 [running]> on host 67976f37379c
[2021-04-25 09:44:46,316] {taskinstance.py:1257} INFO - Exporting the following env vars:
AIRFLOW_CTX_DAG_OWNER=airflow
AIRFLOW_CTX_DAG_ID=recent_played_ingestion
AIRFLOW_CTX_TASK_ID=delete_cluster_dataproc
AIRFLOW_CTX_EXECUTION_DATE=2021-04-25T08:00:00+00:00
AIRFLOW_CTX_DAG_RUN_ID=scheduled__2021-04-25T08:00:00+00:00
[2021-04-25 09:44:46,334] {dataproc.py:840} INFO - Deleting cluster: ephemeral-recent-played-spark-cluster-20210425
[2021-04-25 09:45:14,384] {dataproc.py:852} INFO - Cluster deleted.
[2021-04-25 09:45:14,400] {taskinstance.py:1166} INFO - Marking task as SUCCESS. dag_id=recent_played_ingestion, task_id=delete_cluster_dataproc, execution_date=20210425T080000, start_date=20210425T094446, end_date=20210425T094514
[2021-04-25 09:45:14,434] {taskinstance.py:1220} INFO - 0 downstream tasks scheduled from follow-on schedule check
[2021-04-25 09:45:14,486] {local_task_job.py:146} INFO - Task exited with return code 0
