[2021-04-25 12:43:26,892] {taskinstance.py:851} INFO - Dependencies all met for <TaskInstance: recent_played_ingestion.create_cluster_dataproc 2021-04-25T10:00:00+00:00 [queued]>
[2021-04-25 12:43:26,942] {taskinstance.py:851} INFO - Dependencies all met for <TaskInstance: recent_played_ingestion.create_cluster_dataproc 2021-04-25T10:00:00+00:00 [queued]>
[2021-04-25 12:43:26,943] {taskinstance.py:1042} INFO - 
--------------------------------------------------------------------------------
[2021-04-25 12:43:26,944] {taskinstance.py:1043} INFO - Starting attempt 4 of 4
[2021-04-25 12:43:26,946] {taskinstance.py:1044} INFO - 
--------------------------------------------------------------------------------
[2021-04-25 12:43:26,961] {taskinstance.py:1063} INFO - Executing <Task(DataprocCreateClusterOperator): create_cluster_dataproc> on 2021-04-25T10:00:00+00:00
[2021-04-25 12:43:26,968] {standard_task_runner.py:52} INFO - Started process 866 to run task
[2021-04-25 12:43:26,978] {standard_task_runner.py:76} INFO - Running: ['airflow', 'tasks', 'run', 'recent_played_ingestion', 'create_cluster_dataproc', '2021-04-25T10:00:00+00:00', '--job-id', '92', '--pool', 'default_pool', '--raw', '--subdir', 'DAGS_FOLDER/recent_played_ingestion.py', '--cfg-path', '/tmp/tmphjn2b3h3', '--error-file', '/tmp/tmpjtzqfiaw']
[2021-04-25 12:43:26,982] {standard_task_runner.py:77} INFO - Job 92: Subtask create_cluster_dataproc
[2021-04-25 12:43:27,061] {logging_mixin.py:104} INFO - Running <TaskInstance: recent_played_ingestion.create_cluster_dataproc 2021-04-25T10:00:00+00:00 [running]> on host 67976f37379c
[2021-04-25 12:43:27,145] {taskinstance.py:1257} INFO - Exporting the following env vars:
AIRFLOW_CTX_DAG_OWNER=airflow
AIRFLOW_CTX_DAG_ID=recent_played_ingestion
AIRFLOW_CTX_TASK_ID=create_cluster_dataproc
AIRFLOW_CTX_EXECUTION_DATE=2021-04-25T10:00:00+00:00
AIRFLOW_CTX_DAG_RUN_ID=scheduled__2021-04-25T10:00:00+00:00
[2021-04-25 12:43:27,149] {dataproc.py:603} INFO - Creating cluster: ephemeral-recent-played-spark-cluster-20210425
[2021-04-25 12:47:53,222] {dataproc.py:547} INFO - Cluster created.
[2021-04-25 12:47:53,361] {taskinstance.py:1166} INFO - Marking task as SUCCESS. dag_id=recent_played_ingestion, task_id=create_cluster_dataproc, execution_date=20210425T100000, start_date=20210425T124326, end_date=20210425T124753
[2021-04-25 12:47:53,481] {local_task_job.py:146} INFO - Task exited with return code 1
