[2021-04-23 17:08:02,227] {taskinstance.py:851} INFO - Dependencies all met for <TaskInstance: recent_played_ingestion.create_cluster_dataproc 2021-04-23T16:00:00+00:00 [queued]>
[2021-04-23 17:08:02,270] {taskinstance.py:851} INFO - Dependencies all met for <TaskInstance: recent_played_ingestion.create_cluster_dataproc 2021-04-23T16:00:00+00:00 [queued]>
[2021-04-23 17:08:02,272] {taskinstance.py:1042} INFO - 
--------------------------------------------------------------------------------
[2021-04-23 17:08:02,275] {taskinstance.py:1043} INFO - Starting attempt 1 of 1
[2021-04-23 17:08:02,276] {taskinstance.py:1044} INFO - 
--------------------------------------------------------------------------------
[2021-04-23 17:08:02,288] {taskinstance.py:1063} INFO - Executing <Task(DataprocCreateClusterOperator): create_cluster_dataproc> on 2021-04-23T16:00:00+00:00
[2021-04-23 17:08:02,293] {standard_task_runner.py:52} INFO - Started process 192 to run task
[2021-04-23 17:08:02,300] {standard_task_runner.py:76} INFO - Running: ['airflow', 'tasks', 'run', 'recent_played_ingestion', 'create_cluster_dataproc', '2021-04-23T16:00:00+00:00', '--job-id', '21', '--pool', 'default_pool', '--raw', '--subdir', 'DAGS_FOLDER/recent_played_ingestion.py', '--cfg-path', '/tmp/tmppysz4vxt', '--error-file', '/tmp/tmpbhkigkul']
[2021-04-23 17:08:02,304] {standard_task_runner.py:77} INFO - Job 21: Subtask create_cluster_dataproc
[2021-04-23 17:08:02,407] {logging_mixin.py:104} INFO - Running <TaskInstance: recent_played_ingestion.create_cluster_dataproc 2021-04-23T16:00:00+00:00 [running]> on host 760ffd3d790b
[2021-04-23 17:08:02,509] {taskinstance.py:1257} INFO - Exporting the following env vars:
AIRFLOW_CTX_DAG_OWNER=airflow
AIRFLOW_CTX_DAG_ID=recent_played_ingestion
AIRFLOW_CTX_TASK_ID=create_cluster_dataproc
AIRFLOW_CTX_EXECUTION_DATE=2021-04-23T16:00:00+00:00
AIRFLOW_CTX_DAG_RUN_ID=scheduled__2021-04-23T16:00:00+00:00
[2021-04-23 17:08:02,516] {dataproc.py:603} INFO - Creating cluster: ephemeral-recent-played-spark-cluster-20210423
[2021-04-23 17:12:09,932] {dataproc.py:547} INFO - Cluster created.
[2021-04-23 17:12:10,432] {taskinstance.py:1166} INFO - Marking task as SUCCESS. dag_id=recent_played_ingestion, task_id=create_cluster_dataproc, execution_date=20210423T160000, start_date=20210423T170802, end_date=20210423T171210
[2021-04-23 17:12:10,719] {local_task_job.py:146} INFO - Task exited with return code 1
