[2021-04-25 10:20:17,805] {taskinstance.py:851} INFO - Dependencies all met for <TaskInstance: recent_played_ingestion.create_cluster_dataproc 2021-04-25T09:00:00+00:00 [queued]>
[2021-04-25 10:20:17,836] {taskinstance.py:851} INFO - Dependencies all met for <TaskInstance: recent_played_ingestion.create_cluster_dataproc 2021-04-25T09:00:00+00:00 [queued]>
[2021-04-25 10:20:17,836] {taskinstance.py:1042} INFO - 
--------------------------------------------------------------------------------
[2021-04-25 10:20:17,837] {taskinstance.py:1043} INFO - Starting attempt 2 of 2
[2021-04-25 10:20:17,838] {taskinstance.py:1044} INFO - 
--------------------------------------------------------------------------------
[2021-04-25 10:20:17,849] {taskinstance.py:1063} INFO - Executing <Task(DataprocCreateClusterOperator): create_cluster_dataproc> on 2021-04-25T09:00:00+00:00
[2021-04-25 10:20:17,854] {standard_task_runner.py:52} INFO - Started process 209 to run task
[2021-04-25 10:20:17,860] {standard_task_runner.py:76} INFO - Running: ['airflow', 'tasks', 'run', 'recent_played_ingestion', 'create_cluster_dataproc', '2021-04-25T09:00:00+00:00', '--job-id', '63', '--pool', 'default_pool', '--raw', '--subdir', 'DAGS_FOLDER/recent_played_ingestion.py', '--cfg-path', '/tmp/tmpu45gwi7z', '--error-file', '/tmp/tmpx22w0pld']
[2021-04-25 10:20:17,864] {standard_task_runner.py:77} INFO - Job 63: Subtask create_cluster_dataproc
[2021-04-25 10:20:17,922] {logging_mixin.py:104} INFO - Running <TaskInstance: recent_played_ingestion.create_cluster_dataproc 2021-04-25T09:00:00+00:00 [running]> on host 67976f37379c
[2021-04-25 10:20:17,991] {taskinstance.py:1257} INFO - Exporting the following env vars:
AIRFLOW_CTX_DAG_OWNER=airflow
AIRFLOW_CTX_DAG_ID=recent_played_ingestion
AIRFLOW_CTX_TASK_ID=create_cluster_dataproc
AIRFLOW_CTX_EXECUTION_DATE=2021-04-25T09:00:00+00:00
AIRFLOW_CTX_DAG_RUN_ID=scheduled__2021-04-25T09:00:00+00:00
[2021-04-25 10:20:17,994] {dataproc.py:603} INFO - Creating cluster: ephemeral-recent-played-spark-cluster-20210425
[2021-04-25 10:24:44,658] {dataproc.py:547} INFO - Cluster created.
[2021-04-25 10:24:44,869] {taskinstance.py:1166} INFO - Marking task as SUCCESS. dag_id=recent_played_ingestion, task_id=create_cluster_dataproc, execution_date=20210425T090000, start_date=20210425T102017, end_date=20210425T102444
[2021-04-25 10:24:45,017] {local_task_job.py:146} INFO - Task exited with return code 1
