[2021-04-25 11:47:54,311] {taskinstance.py:851} INFO - Dependencies all met for <TaskInstance: recent_played_ingestion.create_cluster_dataproc 2021-04-25T09:00:00+00:00 [queued]>
[2021-04-25 11:47:54,387] {taskinstance.py:851} INFO - Dependencies all met for <TaskInstance: recent_played_ingestion.create_cluster_dataproc 2021-04-25T09:00:00+00:00 [queued]>
[2021-04-25 11:47:54,388] {taskinstance.py:1042} INFO - 
--------------------------------------------------------------------------------
[2021-04-25 11:47:54,389] {taskinstance.py:1043} INFO - Starting attempt 5 of 5
[2021-04-25 11:47:54,391] {taskinstance.py:1044} INFO - 
--------------------------------------------------------------------------------
[2021-04-25 11:47:54,411] {taskinstance.py:1063} INFO - Executing <Task(DataprocCreateClusterOperator): create_cluster_dataproc> on 2021-04-25T09:00:00+00:00
[2021-04-25 11:47:54,418] {standard_task_runner.py:52} INFO - Started process 476 to run task
[2021-04-25 11:47:54,440] {standard_task_runner.py:76} INFO - Running: ['airflow', 'tasks', 'run', 'recent_played_ingestion', 'create_cluster_dataproc', '2021-04-25T09:00:00+00:00', '--job-id', '79', '--pool', 'default_pool', '--raw', '--subdir', 'DAGS_FOLDER/recent_played_ingestion.py', '--cfg-path', '/tmp/tmpnu39pf5u', '--error-file', '/tmp/tmp6fs583a7']
[2021-04-25 11:47:54,448] {standard_task_runner.py:77} INFO - Job 79: Subtask create_cluster_dataproc
[2021-04-25 11:47:54,560] {logging_mixin.py:104} INFO - Running <TaskInstance: recent_played_ingestion.create_cluster_dataproc 2021-04-25T09:00:00+00:00 [running]> on host 67976f37379c
[2021-04-25 11:47:54,686] {taskinstance.py:1257} INFO - Exporting the following env vars:
AIRFLOW_CTX_DAG_OWNER=airflow
AIRFLOW_CTX_DAG_ID=recent_played_ingestion
AIRFLOW_CTX_TASK_ID=create_cluster_dataproc
AIRFLOW_CTX_EXECUTION_DATE=2021-04-25T09:00:00+00:00
AIRFLOW_CTX_DAG_RUN_ID=scheduled__2021-04-25T09:00:00+00:00
[2021-04-25 11:47:54,691] {dataproc.py:603} INFO - Creating cluster: ephemeral-recent-played-spark-cluster-20210425
[2021-04-25 11:52:20,639] {dataproc.py:547} INFO - Cluster created.
[2021-04-25 11:52:20,693] {taskinstance.py:1166} INFO - Marking task as SUCCESS. dag_id=recent_played_ingestion, task_id=create_cluster_dataproc, execution_date=20210425T090000, start_date=20210425T114754, end_date=20210425T115220
[2021-04-25 11:52:20,781] {local_task_job.py:146} INFO - Task exited with return code 1
