[2021-04-25 12:35:24,296] {taskinstance.py:851} INFO - Dependencies all met for <TaskInstance: recent_played_ingestion.create_cluster_dataproc 2021-04-25T09:00:00+00:00 [queued]>
[2021-04-25 12:35:24,367] {taskinstance.py:851} INFO - Dependencies all met for <TaskInstance: recent_played_ingestion.create_cluster_dataproc 2021-04-25T09:00:00+00:00 [queued]>
[2021-04-25 12:35:24,368] {taskinstance.py:1042} INFO - 
--------------------------------------------------------------------------------
[2021-04-25 12:35:24,370] {taskinstance.py:1043} INFO - Starting attempt 6 of 6
[2021-04-25 12:35:24,371] {taskinstance.py:1044} INFO - 
--------------------------------------------------------------------------------
[2021-04-25 12:35:24,386] {taskinstance.py:1063} INFO - Executing <Task(DataprocCreateClusterOperator): create_cluster_dataproc> on 2021-04-25T09:00:00+00:00
[2021-04-25 12:35:24,404] {standard_task_runner.py:52} INFO - Started process 724 to run task
[2021-04-25 12:35:24,426] {standard_task_runner.py:76} INFO - Running: ['airflow', 'tasks', 'run', 'recent_played_ingestion', 'create_cluster_dataproc', '2021-04-25T09:00:00+00:00', '--job-id', '89', '--pool', 'default_pool', '--raw', '--subdir', 'DAGS_FOLDER/recent_played_ingestion.py', '--cfg-path', '/tmp/tmpow6qx0ou', '--error-file', '/tmp/tmpiglh0bds']
[2021-04-25 12:35:24,439] {standard_task_runner.py:77} INFO - Job 89: Subtask create_cluster_dataproc
[2021-04-25 12:35:24,525] {logging_mixin.py:104} INFO - Running <TaskInstance: recent_played_ingestion.create_cluster_dataproc 2021-04-25T09:00:00+00:00 [running]> on host 67976f37379c
[2021-04-25 12:35:24,637] {taskinstance.py:1257} INFO - Exporting the following env vars:
AIRFLOW_CTX_DAG_OWNER=airflow
AIRFLOW_CTX_DAG_ID=recent_played_ingestion
AIRFLOW_CTX_TASK_ID=create_cluster_dataproc
AIRFLOW_CTX_EXECUTION_DATE=2021-04-25T09:00:00+00:00
AIRFLOW_CTX_DAG_RUN_ID=scheduled__2021-04-25T09:00:00+00:00
[2021-04-25 12:35:24,640] {dataproc.py:603} INFO - Creating cluster: ephemeral-recent-played-spark-cluster-20210425
[2021-04-25 12:39:51,241] {dataproc.py:547} INFO - Cluster created.
[2021-04-25 12:39:51,310] {taskinstance.py:1166} INFO - Marking task as SUCCESS. dag_id=recent_played_ingestion, task_id=create_cluster_dataproc, execution_date=20210425T090000, start_date=20210425T123524, end_date=20210425T123951
[2021-04-25 12:39:51,462] {local_task_job.py:146} INFO - Task exited with return code 1
