[2021-04-23 21:08:05,026] {taskinstance.py:851} INFO - Dependencies all met for <TaskInstance: recent_played_ingestion.run_recent_played_ingestion_pypark 2021-04-23T19:00:00+00:00 [queued]>
[2021-04-23 21:08:05,076] {taskinstance.py:851} INFO - Dependencies all met for <TaskInstance: recent_played_ingestion.run_recent_played_ingestion_pypark 2021-04-23T19:00:00+00:00 [queued]>
[2021-04-23 21:08:05,077] {taskinstance.py:1042} INFO - 
--------------------------------------------------------------------------------
[2021-04-23 21:08:05,078] {taskinstance.py:1043} INFO - Starting attempt 2 of 2
[2021-04-23 21:08:05,079] {taskinstance.py:1044} INFO - 
--------------------------------------------------------------------------------
[2021-04-23 21:08:05,093] {taskinstance.py:1063} INFO - Executing <Task(DataprocSubmitPySparkJobOperator): run_recent_played_ingestion_pypark> on 2021-04-23T19:00:00+00:00
[2021-04-23 21:08:05,109] {standard_task_runner.py:52} INFO - Started process 691 to run task
[2021-04-23 21:08:05,120] {standard_task_runner.py:76} INFO - Running: ['airflow', 'tasks', 'run', 'recent_played_ingestion', 'run_recent_played_ingestion_pypark', '2021-04-23T19:00:00+00:00', '--job-id', '46', '--pool', 'default_pool', '--raw', '--subdir', 'DAGS_FOLDER/recent_played_ingestion.py', '--cfg-path', '/tmp/tmp_1tys9ke', '--error-file', '/tmp/tmpcgi361dj']
[2021-04-23 21:08:05,124] {standard_task_runner.py:77} INFO - Job 46: Subtask run_recent_played_ingestion_pypark
[2021-04-23 21:08:05,203] {logging_mixin.py:104} INFO - Running <TaskInstance: recent_played_ingestion.run_recent_played_ingestion_pypark 2021-04-23T19:00:00+00:00 [running]> on host 760ffd3d790b
[2021-04-23 21:08:05,309] {taskinstance.py:1257} INFO - Exporting the following env vars:
AIRFLOW_CTX_DAG_OWNER=airflow
AIRFLOW_CTX_DAG_ID=recent_played_ingestion
AIRFLOW_CTX_TASK_ID=run_recent_played_ingestion_pypark
AIRFLOW_CTX_EXECUTION_DATE=2021-04-23T19:00:00+00:00
AIRFLOW_CTX_DAG_RUN_ID=scheduled__2021-04-23T19:00:00+00:00
[2021-04-23 21:08:05,316] {dataproc.py:981} INFO - Submitting pyspark_job job run_recent_played_ingestion_pypark_20210423_df96eaf3
[2021-04-23 21:08:06,056] {dataproc.py:986} INFO - Job run_recent_played_ingestion_pypark_20210423_df96eaf3 submitted successfully.
[2021-04-23 21:08:06,057] {dataproc.py:989} INFO - Waiting for job run_recent_played_ingestion_pypark_20210423_df96eaf3 to complete
[2021-04-23 21:09:08,111] {dataproc.py:991} INFO - Job run_recent_played_ingestion_pypark_20210423_df96eaf3 completed successfully.
[2021-04-23 21:09:08,206] {taskinstance.py:1166} INFO - Marking task as SUCCESS. dag_id=recent_played_ingestion, task_id=run_recent_played_ingestion_pypark, execution_date=20210423T190000, start_date=20210423T210805, end_date=20210423T210908
[2021-04-23 21:09:08,408] {local_task_job.py:146} INFO - Task exited with return code 1
