[2021-04-25 13:12:21,643] {taskinstance.py:851} INFO - Dependencies all met for <TaskInstance: recent_played_ingestion.run_recent_played_classification_pypark 2021-04-25T09:00:00+00:00 [queued]>
[2021-04-25 13:12:21,686] {taskinstance.py:851} INFO - Dependencies all met for <TaskInstance: recent_played_ingestion.run_recent_played_classification_pypark 2021-04-25T09:00:00+00:00 [queued]>
[2021-04-25 13:12:21,688] {taskinstance.py:1042} INFO - 
--------------------------------------------------------------------------------
[2021-04-25 13:12:21,689] {taskinstance.py:1043} INFO - Starting attempt 17 of 17
[2021-04-25 13:12:21,690] {taskinstance.py:1044} INFO - 
--------------------------------------------------------------------------------
[2021-04-25 13:12:21,707] {taskinstance.py:1063} INFO - Executing <Task(DataprocSubmitPySparkJobOperator): run_recent_played_classification_pypark> on 2021-04-25T09:00:00+00:00
[2021-04-25 13:12:21,715] {standard_task_runner.py:52} INFO - Started process 1286 to run task
[2021-04-25 13:12:21,721] {standard_task_runner.py:76} INFO - Running: ['airflow', 'tasks', 'run', 'recent_played_ingestion', 'run_recent_played_classification_pypark', '2021-04-25T09:00:00+00:00', '--job-id', '107', '--pool', 'default_pool', '--raw', '--subdir', 'DAGS_FOLDER/recent_played_ingestion.py', '--cfg-path', '/tmp/tmp0sbo3_pt', '--error-file', '/tmp/tmpz4ivstiq']
[2021-04-25 13:12:21,724] {standard_task_runner.py:77} INFO - Job 107: Subtask run_recent_played_classification_pypark
[2021-04-25 13:12:21,796] {logging_mixin.py:104} INFO - Running <TaskInstance: recent_played_ingestion.run_recent_played_classification_pypark 2021-04-25T09:00:00+00:00 [running]> on host 67976f37379c
[2021-04-25 13:12:21,881] {taskinstance.py:1257} INFO - Exporting the following env vars:
AIRFLOW_CTX_DAG_OWNER=airflow
AIRFLOW_CTX_DAG_ID=recent_played_ingestion
AIRFLOW_CTX_TASK_ID=run_recent_played_classification_pypark
AIRFLOW_CTX_EXECUTION_DATE=2021-04-25T09:00:00+00:00
AIRFLOW_CTX_DAG_RUN_ID=scheduled__2021-04-25T09:00:00+00:00
[2021-04-25 13:12:21,885] {dataproc.py:981} INFO - Submitting pyspark_job job run_recent_played_classification_pypark_20210425_2f9c567e
[2021-04-25 13:12:22,460] {dataproc.py:986} INFO - Job run_recent_played_classification_pypark_20210425_2f9c567e submitted successfully.
[2021-04-25 13:12:22,463] {dataproc.py:989} INFO - Waiting for job run_recent_played_classification_pypark_20210425_2f9c567e to complete
[2021-04-25 13:13:14,088] {dataproc.py:991} INFO - Job run_recent_played_classification_pypark_20210425_2f9c567e completed successfully.
[2021-04-25 13:13:14,108] {taskinstance.py:1166} INFO - Marking task as SUCCESS. dag_id=recent_played_ingestion, task_id=run_recent_played_classification_pypark, execution_date=20210425T090000, start_date=20210425T131221, end_date=20210425T131314
[2021-04-25 13:13:14,168] {local_task_job.py:146} INFO - Task exited with return code 1
