[2021-04-25 14:00:07,082] {taskinstance.py:851} INFO - Dependencies all met for <TaskInstance: recent_played_ingestion.run_recent_played_ingestion_pypark 2021-04-25T13:00:00+00:00 [queued]>
[2021-04-25 14:00:07,128] {taskinstance.py:851} INFO - Dependencies all met for <TaskInstance: recent_played_ingestion.run_recent_played_ingestion_pypark 2021-04-25T13:00:00+00:00 [queued]>
[2021-04-25 14:00:07,129] {taskinstance.py:1042} INFO - 
--------------------------------------------------------------------------------
[2021-04-25 14:00:07,130] {taskinstance.py:1043} INFO - Starting attempt 1 of 1
[2021-04-25 14:00:07,131] {taskinstance.py:1044} INFO - 
--------------------------------------------------------------------------------
[2021-04-25 14:00:07,154] {taskinstance.py:1063} INFO - Executing <Task(DataprocSubmitPySparkJobOperator): run_recent_played_ingestion_pypark> on 2021-04-25T13:00:00+00:00
[2021-04-25 14:00:07,161] {standard_task_runner.py:52} INFO - Started process 1336 to run task
[2021-04-25 14:00:07,167] {standard_task_runner.py:76} INFO - Running: ['airflow', 'tasks', 'run', 'recent_played_ingestion', 'run_recent_played_ingestion_pypark', '2021-04-25T13:00:00+00:00', '--job-id', '110', '--pool', 'default_pool', '--raw', '--subdir', 'DAGS_FOLDER/recent_played_ingestion.py', '--cfg-path', '/tmp/tmpfo224864', '--error-file', '/tmp/tmphi8v9yzg']
[2021-04-25 14:00:07,175] {standard_task_runner.py:77} INFO - Job 110: Subtask run_recent_played_ingestion_pypark
[2021-04-25 14:00:07,288] {logging_mixin.py:104} INFO - Running <TaskInstance: recent_played_ingestion.run_recent_played_ingestion_pypark 2021-04-25T13:00:00+00:00 [running]> on host 67976f37379c
[2021-04-25 14:00:07,364] {taskinstance.py:1257} INFO - Exporting the following env vars:
AIRFLOW_CTX_DAG_OWNER=airflow
AIRFLOW_CTX_DAG_ID=recent_played_ingestion
AIRFLOW_CTX_TASK_ID=run_recent_played_ingestion_pypark
AIRFLOW_CTX_EXECUTION_DATE=2021-04-25T13:00:00+00:00
AIRFLOW_CTX_DAG_RUN_ID=scheduled__2021-04-25T13:00:00+00:00
[2021-04-25 14:00:07,371] {dataproc.py:981} INFO - Submitting pyspark_job job run_recent_played_ingestion_pypark_20210425_1e61fb8e
[2021-04-25 14:00:07,902] {dataproc.py:986} INFO - Job run_recent_played_ingestion_pypark_20210425_1e61fb8e submitted successfully.
[2021-04-25 14:00:07,904] {dataproc.py:989} INFO - Waiting for job run_recent_played_ingestion_pypark_20210425_1e61fb8e to complete
[2021-04-25 14:00:59,505] {dataproc.py:991} INFO - Job run_recent_played_ingestion_pypark_20210425_1e61fb8e completed successfully.
[2021-04-25 14:00:59,539] {taskinstance.py:1166} INFO - Marking task as SUCCESS. dag_id=recent_played_ingestion, task_id=run_recent_played_ingestion_pypark, execution_date=20210425T130000, start_date=20210425T140007, end_date=20210425T140059
[2021-04-25 14:00:59,634] {local_task_job.py:146} INFO - Task exited with return code 1
