[2021-04-25 14:12:51,161] {taskinstance.py:851} INFO - Dependencies all met for <TaskInstance: daily_playlist_ingestion.create_cluster_dataproc 2021-04-24T05:00:00+00:00 [queued]>
[2021-04-25 14:12:51,228] {taskinstance.py:851} INFO - Dependencies all met for <TaskInstance: daily_playlist_ingestion.create_cluster_dataproc 2021-04-24T05:00:00+00:00 [queued]>
[2021-04-25 14:12:51,230] {taskinstance.py:1042} INFO - 
--------------------------------------------------------------------------------
[2021-04-25 14:12:51,232] {taskinstance.py:1043} INFO - Starting attempt 1 of 1
[2021-04-25 14:12:51,234] {taskinstance.py:1044} INFO - 
--------------------------------------------------------------------------------
[2021-04-25 14:12:51,264] {taskinstance.py:1063} INFO - Executing <Task(DataprocCreateClusterOperator): create_cluster_dataproc> on 2021-04-24T05:00:00+00:00
[2021-04-25 14:12:51,299] {standard_task_runner.py:52} INFO - Started process 1405 to run task
[2021-04-25 14:12:51,348] {standard_task_runner.py:76} INFO - Running: ['airflow', 'tasks', 'run', 'daily_playlist_ingestion', 'create_cluster_dataproc', '2021-04-24T05:00:00+00:00', '--job-id', '113', '--pool', 'default_pool', '--raw', '--subdir', 'DAGS_FOLDER/daily_playlist_ingestion.py', '--cfg-path', '/tmp/tmpjysadd97', '--error-file', '/tmp/tmpx9qzmigu']
[2021-04-25 14:12:51,368] {standard_task_runner.py:77} INFO - Job 113: Subtask create_cluster_dataproc
[2021-04-25 14:12:51,503] {logging_mixin.py:104} INFO - Running <TaskInstance: daily_playlist_ingestion.create_cluster_dataproc 2021-04-24T05:00:00+00:00 [running]> on host 67976f37379c
[2021-04-25 14:12:51,679] {taskinstance.py:1257} INFO - Exporting the following env vars:
AIRFLOW_CTX_DAG_OWNER=airflow
AIRFLOW_CTX_DAG_ID=daily_playlist_ingestion
AIRFLOW_CTX_TASK_ID=create_cluster_dataproc
AIRFLOW_CTX_EXECUTION_DATE=2021-04-24T05:00:00+00:00
AIRFLOW_CTX_DAG_RUN_ID=scheduled__2021-04-24T05:00:00+00:00
[2021-04-25 14:12:51,684] {dataproc.py:603} INFO - Creating cluster: ephemeral-daily-ingestion-spark-cluster-20210424
[2021-04-25 14:16:18,231] {dataproc.py:547} INFO - Cluster created.
[2021-04-25 14:16:18,301] {taskinstance.py:1166} INFO - Marking task as SUCCESS. dag_id=daily_playlist_ingestion, task_id=create_cluster_dataproc, execution_date=20210424T050000, start_date=20210425T141251, end_date=20210425T141618
[2021-04-25 14:16:18,396] {local_task_job.py:146} INFO - Task exited with return code 1
