[2021-04-25 14:42:08,328] {taskinstance.py:851} INFO - Dependencies all met for <TaskInstance: daily_playlist_ingestion.create_cluster_dataproc 2021-04-24T05:00:00+00:00 [queued]>
[2021-04-25 14:42:08,361] {taskinstance.py:851} INFO - Dependencies all met for <TaskInstance: daily_playlist_ingestion.create_cluster_dataproc 2021-04-24T05:00:00+00:00 [queued]>
[2021-04-25 14:42:08,362] {taskinstance.py:1042} INFO - 
--------------------------------------------------------------------------------
[2021-04-25 14:42:08,363] {taskinstance.py:1043} INFO - Starting attempt 2 of 2
[2021-04-25 14:42:08,364] {taskinstance.py:1044} INFO - 
--------------------------------------------------------------------------------
[2021-04-25 14:42:08,379] {taskinstance.py:1063} INFO - Executing <Task(DataprocCreateClusterOperator): create_cluster_dataproc> on 2021-04-24T05:00:00+00:00
[2021-04-25 14:42:08,389] {standard_task_runner.py:52} INFO - Started process 1431 to run task
[2021-04-25 14:42:08,398] {standard_task_runner.py:76} INFO - Running: ['airflow', 'tasks', 'run', 'daily_playlist_ingestion', 'create_cluster_dataproc', '2021-04-24T05:00:00+00:00', '--job-id', '115', '--pool', 'default_pool', '--raw', '--subdir', 'DAGS_FOLDER/daily_playlist_ingestion.py', '--cfg-path', '/tmp/tmpi205nrr5', '--error-file', '/tmp/tmp5ijcwbgd']
[2021-04-25 14:42:08,402] {standard_task_runner.py:77} INFO - Job 115: Subtask create_cluster_dataproc
[2021-04-25 14:42:08,484] {logging_mixin.py:104} INFO - Running <TaskInstance: daily_playlist_ingestion.create_cluster_dataproc 2021-04-24T05:00:00+00:00 [running]> on host 67976f37379c
[2021-04-25 14:42:08,603] {taskinstance.py:1257} INFO - Exporting the following env vars:
AIRFLOW_CTX_DAG_OWNER=airflow
AIRFLOW_CTX_DAG_ID=daily_playlist_ingestion
AIRFLOW_CTX_TASK_ID=create_cluster_dataproc
AIRFLOW_CTX_EXECUTION_DATE=2021-04-24T05:00:00+00:00
AIRFLOW_CTX_DAG_RUN_ID=scheduled__2021-04-24T05:00:00+00:00
[2021-04-25 14:42:08,609] {dataproc.py:603} INFO - Creating cluster: ephemeral-daily-ingestion-spark-cluster-20210424
[2021-04-25 14:46:34,838] {dataproc.py:547} INFO - Cluster created.
[2021-04-25 14:46:34,985] {taskinstance.py:1166} INFO - Marking task as SUCCESS. dag_id=daily_playlist_ingestion, task_id=create_cluster_dataproc, execution_date=20210424T050000, start_date=20210425T144208, end_date=20210425T144634
[2021-04-25 14:46:35,159] {local_task_job.py:146} INFO - Task exited with return code 1
