[2021-04-25 09:54:23,897] {taskinstance.py:851} INFO - Dependencies all met for <TaskInstance: recent_played_ingestion.run_recent_played_ingestion_pypark 2021-04-25T08:00:00+00:00 [queued]>
[2021-04-25 09:54:23,915] {taskinstance.py:851} INFO - Dependencies all met for <TaskInstance: recent_played_ingestion.run_recent_played_ingestion_pypark 2021-04-25T08:00:00+00:00 [queued]>
[2021-04-25 09:54:23,916] {taskinstance.py:1042} INFO - 
--------------------------------------------------------------------------------
[2021-04-25 09:54:23,917] {taskinstance.py:1043} INFO - Starting attempt 1 of 1
[2021-04-25 09:54:23,917] {taskinstance.py:1044} INFO - 
--------------------------------------------------------------------------------
[2021-04-25 09:54:23,925] {taskinstance.py:1063} INFO - Executing <Task(DataprocSubmitPySparkJobOperator): run_recent_played_ingestion_pypark> on 2021-04-25T08:00:00+00:00
[2021-04-25 09:54:23,929] {standard_task_runner.py:52} INFO - Started process 87 to run task
[2021-04-25 09:54:23,934] {standard_task_runner.py:76} INFO - Running: ['airflow', 'tasks', 'run', 'recent_played_ingestion', 'run_recent_played_ingestion_pypark', '2021-04-25T08:00:00+00:00', '--job-id', '57', '--pool', 'default_pool', '--raw', '--subdir', 'DAGS_FOLDER/recent_played_ingestion.py', '--cfg-path', '/tmp/tmpskhlmhq2', '--error-file', '/tmp/tmpvjglyx90']
[2021-04-25 09:54:23,937] {standard_task_runner.py:77} INFO - Job 57: Subtask run_recent_played_ingestion_pypark
[2021-04-25 09:54:23,985] {logging_mixin.py:104} INFO - Running <TaskInstance: recent_played_ingestion.run_recent_played_ingestion_pypark 2021-04-25T08:00:00+00:00 [running]> on host 67976f37379c
[2021-04-25 09:54:24,044] {taskinstance.py:1257} INFO - Exporting the following env vars:
AIRFLOW_CTX_DAG_OWNER=airflow
AIRFLOW_CTX_DAG_ID=recent_played_ingestion
AIRFLOW_CTX_TASK_ID=run_recent_played_ingestion_pypark
AIRFLOW_CTX_EXECUTION_DATE=2021-04-25T08:00:00+00:00
AIRFLOW_CTX_DAG_RUN_ID=scheduled__2021-04-25T08:00:00+00:00
[2021-04-25 09:54:24,049] {dataproc.py:981} INFO - Submitting pyspark_job job run_recent_played_ingestion_pypark_20210425_c1b4ec23
[2021-04-25 09:54:24,618] {dataproc.py:986} INFO - Job run_recent_played_ingestion_pypark_20210425_c1b4ec23 submitted successfully.
[2021-04-25 09:54:24,619] {dataproc.py:989} INFO - Waiting for job run_recent_played_ingestion_pypark_20210425_c1b4ec23 to complete
[2021-04-25 09:55:26,510] {dataproc.py:991} INFO - Job run_recent_played_ingestion_pypark_20210425_c1b4ec23 completed successfully.
[2021-04-25 09:55:26,525] {taskinstance.py:1166} INFO - Marking task as SUCCESS. dag_id=recent_played_ingestion, task_id=run_recent_played_ingestion_pypark, execution_date=20210425T080000, start_date=20210425T095423, end_date=20210425T095526
[2021-04-25 09:55:26,603] {local_task_job.py:146} INFO - Task exited with return code 1
