[2021-04-18 13:57:20,471] {scheduler_job.py:182} INFO - Started process (PID=26) to work on /home/airflow/.local/lib/python3.6/site-packages/airflow/example_dags/example_bash_operator.py
[2021-04-18 13:57:20,495] {scheduler_job.py:629} INFO - Processing file /home/airflow/.local/lib/python3.6/site-packages/airflow/example_dags/example_bash_operator.py for tasks to queue
[2021-04-18 13:57:20,502] {logging_mixin.py:104} INFO - [2021-04-18 13:57:20,502] {dagbag.py:448} INFO - Filling up the DagBag from /home/airflow/.local/lib/python3.6/site-packages/airflow/example_dags/example_bash_operator.py
[2021-04-18 13:57:20,562] {scheduler_job.py:639} INFO - DAG(s) dict_keys(['example_bash_operator']) retrieved from /home/airflow/.local/lib/python3.6/site-packages/airflow/example_dags/example_bash_operator.py
[2021-04-18 13:57:20,710] {logging_mixin.py:104} INFO - [2021-04-18 13:57:20,710] {dag.py:1818} INFO - Sync 1 DAGs
[2021-04-18 13:57:20,777] {logging_mixin.py:104} INFO - [2021-04-18 13:57:20,776] {dag.py:1837} INFO - Creating ORM DAG for example_bash_operator
[2021-04-18 13:57:20,820] {logging_mixin.py:104} INFO - [2021-04-18 13:57:20,820] {dag.py:2273} INFO - Setting next_dagrun for example_bash_operator to 2021-04-16 00:00:00+00:00
[2021-04-18 13:57:20,860] {scheduler_job.py:190} INFO - Processing /home/airflow/.local/lib/python3.6/site-packages/airflow/example_dags/example_bash_operator.py took 0.438 seconds
[2021-04-18 13:57:52,603] {scheduler_job.py:182} INFO - Started process (PID=55) to work on /home/airflow/.local/lib/python3.6/site-packages/airflow/example_dags/example_bash_operator.py
[2021-04-18 13:57:52,610] {scheduler_job.py:629} INFO - Processing file /home/airflow/.local/lib/python3.6/site-packages/airflow/example_dags/example_bash_operator.py for tasks to queue
[2021-04-18 13:57:52,614] {logging_mixin.py:104} INFO - [2021-04-18 13:57:52,614] {dagbag.py:448} INFO - Filling up the DagBag from /home/airflow/.local/lib/python3.6/site-packages/airflow/example_dags/example_bash_operator.py
[2021-04-18 13:57:52,673] {scheduler_job.py:639} INFO - DAG(s) dict_keys(['example_bash_operator']) retrieved from /home/airflow/.local/lib/python3.6/site-packages/airflow/example_dags/example_bash_operator.py
[2021-04-18 13:57:52,834] {logging_mixin.py:104} INFO - [2021-04-18 13:57:52,834] {dag.py:1818} INFO - Sync 1 DAGs
[2021-04-18 13:57:52,958] {logging_mixin.py:104} INFO - [2021-04-18 13:57:52,958] {dag.py:2273} INFO - Setting next_dagrun for example_bash_operator to 2021-04-16 00:00:00+00:00
[2021-04-18 13:57:53,006] {scheduler_job.py:190} INFO - Processing /home/airflow/.local/lib/python3.6/site-packages/airflow/example_dags/example_bash_operator.py took 0.409 seconds
[2021-04-18 13:58:44,387] {scheduler_job.py:182} INFO - Started process (PID=89) to work on /home/airflow/.local/lib/python3.6/site-packages/airflow/example_dags/example_bash_operator.py
[2021-04-18 13:58:44,416] {scheduler_job.py:629} INFO - Processing file /home/airflow/.local/lib/python3.6/site-packages/airflow/example_dags/example_bash_operator.py for tasks to queue
[2021-04-18 13:58:44,439] {logging_mixin.py:104} INFO - [2021-04-18 13:58:44,438] {dagbag.py:448} INFO - Filling up the DagBag from /home/airflow/.local/lib/python3.6/site-packages/airflow/example_dags/example_bash_operator.py
[2021-04-18 13:58:44,626] {scheduler_job.py:639} INFO - DAG(s) dict_keys(['example_bash_operator']) retrieved from /home/airflow/.local/lib/python3.6/site-packages/airflow/example_dags/example_bash_operator.py
[2021-04-18 13:58:45,348] {logging_mixin.py:104} INFO - [2021-04-18 13:58:45,340] {dag.py:1818} INFO - Sync 1 DAGs
[2021-04-18 13:58:45,678] {logging_mixin.py:104} INFO - [2021-04-18 13:58:45,678] {dag.py:2273} INFO - Setting next_dagrun for example_bash_operator to 2021-04-16 00:00:00+00:00
[2021-04-18 13:58:45,715] {scheduler_job.py:190} INFO - Processing /home/airflow/.local/lib/python3.6/site-packages/airflow/example_dags/example_bash_operator.py took 1.363 seconds
[2021-04-18 13:59:16,363] {scheduler_job.py:182} INFO - Started process (PID=117) to work on /home/airflow/.local/lib/python3.6/site-packages/airflow/example_dags/example_bash_operator.py
[2021-04-18 13:59:16,367] {scheduler_job.py:629} INFO - Processing file /home/airflow/.local/lib/python3.6/site-packages/airflow/example_dags/example_bash_operator.py for tasks to queue
[2021-04-18 13:59:16,370] {logging_mixin.py:104} INFO - [2021-04-18 13:59:16,369] {dagbag.py:448} INFO - Filling up the DagBag from /home/airflow/.local/lib/python3.6/site-packages/airflow/example_dags/example_bash_operator.py
[2021-04-18 13:59:16,412] {scheduler_job.py:639} INFO - DAG(s) dict_keys(['example_bash_operator']) retrieved from /home/airflow/.local/lib/python3.6/site-packages/airflow/example_dags/example_bash_operator.py
[2021-04-18 13:59:16,504] {logging_mixin.py:104} INFO - [2021-04-18 13:59:16,504] {dag.py:1818} INFO - Sync 1 DAGs
[2021-04-18 13:59:16,585] {logging_mixin.py:104} INFO - [2021-04-18 13:59:16,583] {dag.py:2273} INFO - Setting next_dagrun for example_bash_operator to 2021-04-16 00:00:00+00:00
[2021-04-18 13:59:16,628] {scheduler_job.py:190} INFO - Processing /home/airflow/.local/lib/python3.6/site-packages/airflow/example_dags/example_bash_operator.py took 0.276 seconds
[2021-04-18 13:59:47,223] {scheduler_job.py:182} INFO - Started process (PID=145) to work on /home/airflow/.local/lib/python3.6/site-packages/airflow/example_dags/example_bash_operator.py
[2021-04-18 13:59:47,226] {scheduler_job.py:629} INFO - Processing file /home/airflow/.local/lib/python3.6/site-packages/airflow/example_dags/example_bash_operator.py for tasks to queue
[2021-04-18 13:59:47,231] {logging_mixin.py:104} INFO - [2021-04-18 13:59:47,231] {dagbag.py:448} INFO - Filling up the DagBag from /home/airflow/.local/lib/python3.6/site-packages/airflow/example_dags/example_bash_operator.py
[2021-04-18 13:59:47,258] {scheduler_job.py:639} INFO - DAG(s) dict_keys(['example_bash_operator']) retrieved from /home/airflow/.local/lib/python3.6/site-packages/airflow/example_dags/example_bash_operator.py
[2021-04-18 13:59:47,338] {logging_mixin.py:104} INFO - [2021-04-18 13:59:47,338] {dag.py:1818} INFO - Sync 1 DAGs
[2021-04-18 13:59:47,380] {logging_mixin.py:104} INFO - [2021-04-18 13:59:47,380] {dag.py:2273} INFO - Setting next_dagrun for example_bash_operator to 2021-04-16 00:00:00+00:00
[2021-04-18 13:59:47,398] {scheduler_job.py:190} INFO - Processing /home/airflow/.local/lib/python3.6/site-packages/airflow/example_dags/example_bash_operator.py took 0.181 seconds
[2021-04-18 14:00:17,914] {scheduler_job.py:182} INFO - Started process (PID=173) to work on /home/airflow/.local/lib/python3.6/site-packages/airflow/example_dags/example_bash_operator.py
[2021-04-18 14:00:17,950] {scheduler_job.py:629} INFO - Processing file /home/airflow/.local/lib/python3.6/site-packages/airflow/example_dags/example_bash_operator.py for tasks to queue
[2021-04-18 14:00:17,960] {logging_mixin.py:104} INFO - [2021-04-18 14:00:17,960] {dagbag.py:448} INFO - Filling up the DagBag from /home/airflow/.local/lib/python3.6/site-packages/airflow/example_dags/example_bash_operator.py
[2021-04-18 14:00:18,036] {scheduler_job.py:639} INFO - DAG(s) dict_keys(['example_bash_operator']) retrieved from /home/airflow/.local/lib/python3.6/site-packages/airflow/example_dags/example_bash_operator.py
[2021-04-18 14:00:18,139] {logging_mixin.py:104} INFO - [2021-04-18 14:00:18,138] {dag.py:1818} INFO - Sync 1 DAGs
[2021-04-18 14:00:18,263] {logging_mixin.py:104} INFO - [2021-04-18 14:00:18,262] {dag.py:2273} INFO - Setting next_dagrun for example_bash_operator to 2021-04-16 00:00:00+00:00
[2021-04-18 14:00:18,292] {scheduler_job.py:190} INFO - Processing /home/airflow/.local/lib/python3.6/site-packages/airflow/example_dags/example_bash_operator.py took 0.388 seconds
[2021-04-18 14:00:48,485] {scheduler_job.py:182} INFO - Started process (PID=201) to work on /home/airflow/.local/lib/python3.6/site-packages/airflow/example_dags/example_bash_operator.py
[2021-04-18 14:00:48,490] {scheduler_job.py:629} INFO - Processing file /home/airflow/.local/lib/python3.6/site-packages/airflow/example_dags/example_bash_operator.py for tasks to queue
[2021-04-18 14:00:48,494] {logging_mixin.py:104} INFO - [2021-04-18 14:00:48,494] {dagbag.py:448} INFO - Filling up the DagBag from /home/airflow/.local/lib/python3.6/site-packages/airflow/example_dags/example_bash_operator.py
[2021-04-18 14:00:48,512] {scheduler_job.py:639} INFO - DAG(s) dict_keys(['example_bash_operator']) retrieved from /home/airflow/.local/lib/python3.6/site-packages/airflow/example_dags/example_bash_operator.py
[2021-04-18 14:00:48,543] {logging_mixin.py:104} INFO - [2021-04-18 14:00:48,543] {dag.py:1818} INFO - Sync 1 DAGs
[2021-04-18 14:00:48,567] {logging_mixin.py:104} INFO - [2021-04-18 14:00:48,566] {dag.py:2273} INFO - Setting next_dagrun for example_bash_operator to 2021-04-16 00:00:00+00:00
[2021-04-18 14:00:48,584] {scheduler_job.py:190} INFO - Processing /home/airflow/.local/lib/python3.6/site-packages/airflow/example_dags/example_bash_operator.py took 0.110 seconds
[2021-04-18 14:01:18,797] {scheduler_job.py:182} INFO - Started process (PID=229) to work on /home/airflow/.local/lib/python3.6/site-packages/airflow/example_dags/example_bash_operator.py
[2021-04-18 14:01:18,802] {scheduler_job.py:629} INFO - Processing file /home/airflow/.local/lib/python3.6/site-packages/airflow/example_dags/example_bash_operator.py for tasks to queue
[2021-04-18 14:01:18,807] {logging_mixin.py:104} INFO - [2021-04-18 14:01:18,806] {dagbag.py:448} INFO - Filling up the DagBag from /home/airflow/.local/lib/python3.6/site-packages/airflow/example_dags/example_bash_operator.py
[2021-04-18 14:01:18,841] {scheduler_job.py:639} INFO - DAG(s) dict_keys(['example_bash_operator']) retrieved from /home/airflow/.local/lib/python3.6/site-packages/airflow/example_dags/example_bash_operator.py
[2021-04-18 14:01:18,895] {logging_mixin.py:104} INFO - [2021-04-18 14:01:18,895] {dag.py:1818} INFO - Sync 1 DAGs
[2021-04-18 14:01:18,938] {logging_mixin.py:104} INFO - [2021-04-18 14:01:18,938] {dag.py:2273} INFO - Setting next_dagrun for example_bash_operator to 2021-04-16 00:00:00+00:00
[2021-04-18 14:01:18,957] {scheduler_job.py:190} INFO - Processing /home/airflow/.local/lib/python3.6/site-packages/airflow/example_dags/example_bash_operator.py took 0.167 seconds
[2021-04-18 14:01:49,583] {scheduler_job.py:182} INFO - Started process (PID=257) to work on /home/airflow/.local/lib/python3.6/site-packages/airflow/example_dags/example_bash_operator.py
[2021-04-18 14:01:49,586] {scheduler_job.py:629} INFO - Processing file /home/airflow/.local/lib/python3.6/site-packages/airflow/example_dags/example_bash_operator.py for tasks to queue
[2021-04-18 14:01:49,590] {logging_mixin.py:104} INFO - [2021-04-18 14:01:49,590] {dagbag.py:448} INFO - Filling up the DagBag from /home/airflow/.local/lib/python3.6/site-packages/airflow/example_dags/example_bash_operator.py
[2021-04-18 14:01:49,610] {scheduler_job.py:639} INFO - DAG(s) dict_keys(['example_bash_operator']) retrieved from /home/airflow/.local/lib/python3.6/site-packages/airflow/example_dags/example_bash_operator.py
[2021-04-18 14:01:49,658] {logging_mixin.py:104} INFO - [2021-04-18 14:01:49,658] {dag.py:1818} INFO - Sync 1 DAGs
[2021-04-18 14:01:49,698] {logging_mixin.py:104} INFO - [2021-04-18 14:01:49,698] {dag.py:2273} INFO - Setting next_dagrun for example_bash_operator to 2021-04-16 00:00:00+00:00
[2021-04-18 14:01:49,715] {scheduler_job.py:190} INFO - Processing /home/airflow/.local/lib/python3.6/site-packages/airflow/example_dags/example_bash_operator.py took 0.138 seconds
[2021-04-18 14:02:19,947] {scheduler_job.py:182} INFO - Started process (PID=285) to work on /home/airflow/.local/lib/python3.6/site-packages/airflow/example_dags/example_bash_operator.py
[2021-04-18 14:02:19,954] {scheduler_job.py:629} INFO - Processing file /home/airflow/.local/lib/python3.6/site-packages/airflow/example_dags/example_bash_operator.py for tasks to queue
[2021-04-18 14:02:19,957] {logging_mixin.py:104} INFO - [2021-04-18 14:02:19,957] {dagbag.py:448} INFO - Filling up the DagBag from /home/airflow/.local/lib/python3.6/site-packages/airflow/example_dags/example_bash_operator.py
[2021-04-18 14:02:20,000] {scheduler_job.py:639} INFO - DAG(s) dict_keys(['example_bash_operator']) retrieved from /home/airflow/.local/lib/python3.6/site-packages/airflow/example_dags/example_bash_operator.py
[2021-04-18 14:02:20,066] {logging_mixin.py:104} INFO - [2021-04-18 14:02:20,066] {dag.py:1818} INFO - Sync 1 DAGs
[2021-04-18 14:02:20,139] {logging_mixin.py:104} INFO - [2021-04-18 14:02:20,139] {dag.py:2273} INFO - Setting next_dagrun for example_bash_operator to 2021-04-16 00:00:00+00:00
[2021-04-18 14:02:20,190] {scheduler_job.py:190} INFO - Processing /home/airflow/.local/lib/python3.6/site-packages/airflow/example_dags/example_bash_operator.py took 0.266 seconds
[2021-04-18 14:02:50,474] {scheduler_job.py:182} INFO - Started process (PID=313) to work on /home/airflow/.local/lib/python3.6/site-packages/airflow/example_dags/example_bash_operator.py
[2021-04-18 14:02:50,478] {scheduler_job.py:629} INFO - Processing file /home/airflow/.local/lib/python3.6/site-packages/airflow/example_dags/example_bash_operator.py for tasks to queue
[2021-04-18 14:02:50,481] {logging_mixin.py:104} INFO - [2021-04-18 14:02:50,481] {dagbag.py:448} INFO - Filling up the DagBag from /home/airflow/.local/lib/python3.6/site-packages/airflow/example_dags/example_bash_operator.py
[2021-04-18 14:02:50,505] {scheduler_job.py:639} INFO - DAG(s) dict_keys(['example_bash_operator']) retrieved from /home/airflow/.local/lib/python3.6/site-packages/airflow/example_dags/example_bash_operator.py
[2021-04-18 14:02:50,545] {logging_mixin.py:104} INFO - [2021-04-18 14:02:50,545] {dag.py:1818} INFO - Sync 1 DAGs
[2021-04-18 14:02:50,583] {logging_mixin.py:104} INFO - [2021-04-18 14:02:50,582] {dag.py:2273} INFO - Setting next_dagrun for example_bash_operator to 2021-04-16 00:00:00+00:00
[2021-04-18 14:02:50,608] {scheduler_job.py:190} INFO - Processing /home/airflow/.local/lib/python3.6/site-packages/airflow/example_dags/example_bash_operator.py took 0.144 seconds
[2021-04-18 14:03:20,733] {scheduler_job.py:182} INFO - Started process (PID=341) to work on /home/airflow/.local/lib/python3.6/site-packages/airflow/example_dags/example_bash_operator.py
[2021-04-18 14:03:20,737] {scheduler_job.py:629} INFO - Processing file /home/airflow/.local/lib/python3.6/site-packages/airflow/example_dags/example_bash_operator.py for tasks to queue
[2021-04-18 14:03:20,739] {logging_mixin.py:104} INFO - [2021-04-18 14:03:20,739] {dagbag.py:448} INFO - Filling up the DagBag from /home/airflow/.local/lib/python3.6/site-packages/airflow/example_dags/example_bash_operator.py
[2021-04-18 14:03:20,763] {scheduler_job.py:639} INFO - DAG(s) dict_keys(['example_bash_operator']) retrieved from /home/airflow/.local/lib/python3.6/site-packages/airflow/example_dags/example_bash_operator.py
[2021-04-18 14:03:20,807] {logging_mixin.py:104} INFO - [2021-04-18 14:03:20,807] {dag.py:1818} INFO - Sync 1 DAGs
[2021-04-18 14:03:20,833] {logging_mixin.py:104} INFO - [2021-04-18 14:03:20,833] {dag.py:2273} INFO - Setting next_dagrun for example_bash_operator to 2021-04-16 00:00:00+00:00
[2021-04-18 14:03:20,846] {scheduler_job.py:190} INFO - Processing /home/airflow/.local/lib/python3.6/site-packages/airflow/example_dags/example_bash_operator.py took 0.119 seconds
[2021-04-18 14:03:50,966] {scheduler_job.py:182} INFO - Started process (PID=369) to work on /home/airflow/.local/lib/python3.6/site-packages/airflow/example_dags/example_bash_operator.py
[2021-04-18 14:03:50,970] {scheduler_job.py:629} INFO - Processing file /home/airflow/.local/lib/python3.6/site-packages/airflow/example_dags/example_bash_operator.py for tasks to queue
[2021-04-18 14:03:50,973] {logging_mixin.py:104} INFO - [2021-04-18 14:03:50,972] {dagbag.py:448} INFO - Filling up the DagBag from /home/airflow/.local/lib/python3.6/site-packages/airflow/example_dags/example_bash_operator.py
[2021-04-18 14:03:50,992] {scheduler_job.py:639} INFO - DAG(s) dict_keys(['example_bash_operator']) retrieved from /home/airflow/.local/lib/python3.6/site-packages/airflow/example_dags/example_bash_operator.py
[2021-04-18 14:03:51,029] {logging_mixin.py:104} INFO - [2021-04-18 14:03:51,026] {dag.py:1818} INFO - Sync 1 DAGs
[2021-04-18 14:03:51,071] {logging_mixin.py:104} INFO - [2021-04-18 14:03:51,071] {dag.py:2273} INFO - Setting next_dagrun for example_bash_operator to 2021-04-16 00:00:00+00:00
[2021-04-18 14:03:51,090] {scheduler_job.py:190} INFO - Processing /home/airflow/.local/lib/python3.6/site-packages/airflow/example_dags/example_bash_operator.py took 0.130 seconds
[2021-04-18 14:04:21,780] {scheduler_job.py:182} INFO - Started process (PID=397) to work on /home/airflow/.local/lib/python3.6/site-packages/airflow/example_dags/example_bash_operator.py
[2021-04-18 14:04:21,785] {scheduler_job.py:629} INFO - Processing file /home/airflow/.local/lib/python3.6/site-packages/airflow/example_dags/example_bash_operator.py for tasks to queue
[2021-04-18 14:04:21,790] {logging_mixin.py:104} INFO - [2021-04-18 14:04:21,790] {dagbag.py:448} INFO - Filling up the DagBag from /home/airflow/.local/lib/python3.6/site-packages/airflow/example_dags/example_bash_operator.py
[2021-04-18 14:04:21,813] {scheduler_job.py:639} INFO - DAG(s) dict_keys(['example_bash_operator']) retrieved from /home/airflow/.local/lib/python3.6/site-packages/airflow/example_dags/example_bash_operator.py
[2021-04-18 14:04:21,860] {logging_mixin.py:104} INFO - [2021-04-18 14:04:21,860] {dag.py:1818} INFO - Sync 1 DAGs
[2021-04-18 14:04:21,903] {logging_mixin.py:104} INFO - [2021-04-18 14:04:21,903] {dag.py:2273} INFO - Setting next_dagrun for example_bash_operator to 2021-04-16 00:00:00+00:00
[2021-04-18 14:04:21,919] {scheduler_job.py:190} INFO - Processing /home/airflow/.local/lib/python3.6/site-packages/airflow/example_dags/example_bash_operator.py took 0.145 seconds
[2021-04-18 14:04:51,984] {scheduler_job.py:182} INFO - Started process (PID=425) to work on /home/airflow/.local/lib/python3.6/site-packages/airflow/example_dags/example_bash_operator.py
[2021-04-18 14:04:51,986] {scheduler_job.py:629} INFO - Processing file /home/airflow/.local/lib/python3.6/site-packages/airflow/example_dags/example_bash_operator.py for tasks to queue
[2021-04-18 14:04:51,988] {logging_mixin.py:104} INFO - [2021-04-18 14:04:51,987] {dagbag.py:448} INFO - Filling up the DagBag from /home/airflow/.local/lib/python3.6/site-packages/airflow/example_dags/example_bash_operator.py
[2021-04-18 14:04:52,001] {scheduler_job.py:639} INFO - DAG(s) dict_keys(['example_bash_operator']) retrieved from /home/airflow/.local/lib/python3.6/site-packages/airflow/example_dags/example_bash_operator.py
[2021-04-18 14:04:52,036] {logging_mixin.py:104} INFO - [2021-04-18 14:04:52,035] {dag.py:1818} INFO - Sync 1 DAGs
[2021-04-18 14:04:52,060] {logging_mixin.py:104} INFO - [2021-04-18 14:04:52,060] {dag.py:2273} INFO - Setting next_dagrun for example_bash_operator to 2021-04-16 00:00:00+00:00
[2021-04-18 14:04:52,071] {scheduler_job.py:190} INFO - Processing /home/airflow/.local/lib/python3.6/site-packages/airflow/example_dags/example_bash_operator.py took 0.091 seconds
[2021-04-18 14:05:22,704] {scheduler_job.py:182} INFO - Started process (PID=453) to work on /home/airflow/.local/lib/python3.6/site-packages/airflow/example_dags/example_bash_operator.py
[2021-04-18 14:05:22,709] {scheduler_job.py:629} INFO - Processing file /home/airflow/.local/lib/python3.6/site-packages/airflow/example_dags/example_bash_operator.py for tasks to queue
[2021-04-18 14:05:22,716] {logging_mixin.py:104} INFO - [2021-04-18 14:05:22,716] {dagbag.py:448} INFO - Filling up the DagBag from /home/airflow/.local/lib/python3.6/site-packages/airflow/example_dags/example_bash_operator.py
[2021-04-18 14:05:22,762] {scheduler_job.py:639} INFO - DAG(s) dict_keys(['example_bash_operator']) retrieved from /home/airflow/.local/lib/python3.6/site-packages/airflow/example_dags/example_bash_operator.py
[2021-04-18 14:05:22,827] {logging_mixin.py:104} INFO - [2021-04-18 14:05:22,826] {dag.py:1818} INFO - Sync 1 DAGs
[2021-04-18 14:05:22,904] {logging_mixin.py:104} INFO - [2021-04-18 14:05:22,903] {dag.py:2273} INFO - Setting next_dagrun for example_bash_operator to 2021-04-16 00:00:00+00:00
[2021-04-18 14:05:22,917] {scheduler_job.py:190} INFO - Processing /home/airflow/.local/lib/python3.6/site-packages/airflow/example_dags/example_bash_operator.py took 0.222 seconds
[2021-04-18 14:05:53,482] {scheduler_job.py:182} INFO - Started process (PID=481) to work on /home/airflow/.local/lib/python3.6/site-packages/airflow/example_dags/example_bash_operator.py
[2021-04-18 14:05:53,487] {scheduler_job.py:629} INFO - Processing file /home/airflow/.local/lib/python3.6/site-packages/airflow/example_dags/example_bash_operator.py for tasks to queue
[2021-04-18 14:05:53,490] {logging_mixin.py:104} INFO - [2021-04-18 14:05:53,490] {dagbag.py:448} INFO - Filling up the DagBag from /home/airflow/.local/lib/python3.6/site-packages/airflow/example_dags/example_bash_operator.py
[2021-04-18 14:05:53,519] {scheduler_job.py:639} INFO - DAG(s) dict_keys(['example_bash_operator']) retrieved from /home/airflow/.local/lib/python3.6/site-packages/airflow/example_dags/example_bash_operator.py
[2021-04-18 14:05:53,559] {logging_mixin.py:104} INFO - [2021-04-18 14:05:53,559] {dag.py:1818} INFO - Sync 1 DAGs
[2021-04-18 14:05:53,614] {logging_mixin.py:104} INFO - [2021-04-18 14:05:53,614] {dag.py:2273} INFO - Setting next_dagrun for example_bash_operator to 2021-04-16 00:00:00+00:00
[2021-04-18 14:05:53,632] {scheduler_job.py:190} INFO - Processing /home/airflow/.local/lib/python3.6/site-packages/airflow/example_dags/example_bash_operator.py took 0.157 seconds
[2021-04-18 14:06:23,844] {scheduler_job.py:182} INFO - Started process (PID=509) to work on /home/airflow/.local/lib/python3.6/site-packages/airflow/example_dags/example_bash_operator.py
[2021-04-18 14:06:23,846] {scheduler_job.py:629} INFO - Processing file /home/airflow/.local/lib/python3.6/site-packages/airflow/example_dags/example_bash_operator.py for tasks to queue
[2021-04-18 14:06:23,849] {logging_mixin.py:104} INFO - [2021-04-18 14:06:23,849] {dagbag.py:448} INFO - Filling up the DagBag from /home/airflow/.local/lib/python3.6/site-packages/airflow/example_dags/example_bash_operator.py
[2021-04-18 14:06:23,971] {scheduler_job.py:639} INFO - DAG(s) dict_keys(['example_bash_operator']) retrieved from /home/airflow/.local/lib/python3.6/site-packages/airflow/example_dags/example_bash_operator.py
[2021-04-18 14:06:24,040] {logging_mixin.py:104} INFO - [2021-04-18 14:06:24,040] {dag.py:1818} INFO - Sync 1 DAGs
[2021-04-18 14:06:24,079] {logging_mixin.py:104} INFO - [2021-04-18 14:06:24,079] {dag.py:2273} INFO - Setting next_dagrun for example_bash_operator to 2021-04-16 00:00:00+00:00
[2021-04-18 14:06:24,094] {scheduler_job.py:190} INFO - Processing /home/airflow/.local/lib/python3.6/site-packages/airflow/example_dags/example_bash_operator.py took 0.254 seconds
[2021-04-18 14:06:54,550] {scheduler_job.py:182} INFO - Started process (PID=537) to work on /home/airflow/.local/lib/python3.6/site-packages/airflow/example_dags/example_bash_operator.py
[2021-04-18 14:06:54,552] {scheduler_job.py:629} INFO - Processing file /home/airflow/.local/lib/python3.6/site-packages/airflow/example_dags/example_bash_operator.py for tasks to queue
[2021-04-18 14:06:54,554] {logging_mixin.py:104} INFO - [2021-04-18 14:06:54,554] {dagbag.py:448} INFO - Filling up the DagBag from /home/airflow/.local/lib/python3.6/site-packages/airflow/example_dags/example_bash_operator.py
[2021-04-18 14:06:54,569] {scheduler_job.py:639} INFO - DAG(s) dict_keys(['example_bash_operator']) retrieved from /home/airflow/.local/lib/python3.6/site-packages/airflow/example_dags/example_bash_operator.py
[2021-04-18 14:06:54,595] {logging_mixin.py:104} INFO - [2021-04-18 14:06:54,595] {dag.py:1818} INFO - Sync 1 DAGs
[2021-04-18 14:06:54,669] {logging_mixin.py:104} INFO - [2021-04-18 14:06:54,669] {dag.py:2273} INFO - Setting next_dagrun for example_bash_operator to 2021-04-16 00:00:00+00:00
[2021-04-18 14:06:54,681] {scheduler_job.py:190} INFO - Processing /home/airflow/.local/lib/python3.6/site-packages/airflow/example_dags/example_bash_operator.py took 0.136 seconds
[2021-04-18 14:07:25,516] {scheduler_job.py:182} INFO - Started process (PID=565) to work on /home/airflow/.local/lib/python3.6/site-packages/airflow/example_dags/example_bash_operator.py
[2021-04-18 14:07:25,519] {scheduler_job.py:629} INFO - Processing file /home/airflow/.local/lib/python3.6/site-packages/airflow/example_dags/example_bash_operator.py for tasks to queue
[2021-04-18 14:07:25,522] {logging_mixin.py:104} INFO - [2021-04-18 14:07:25,522] {dagbag.py:448} INFO - Filling up the DagBag from /home/airflow/.local/lib/python3.6/site-packages/airflow/example_dags/example_bash_operator.py
[2021-04-18 14:07:25,544] {scheduler_job.py:639} INFO - DAG(s) dict_keys(['example_bash_operator']) retrieved from /home/airflow/.local/lib/python3.6/site-packages/airflow/example_dags/example_bash_operator.py
[2021-04-18 14:07:25,576] {logging_mixin.py:104} INFO - [2021-04-18 14:07:25,576] {dag.py:1818} INFO - Sync 1 DAGs
[2021-04-18 14:07:25,597] {logging_mixin.py:104} INFO - [2021-04-18 14:07:25,597] {dag.py:2273} INFO - Setting next_dagrun for example_bash_operator to 2021-04-16 00:00:00+00:00
[2021-04-18 14:07:25,606] {scheduler_job.py:190} INFO - Processing /home/airflow/.local/lib/python3.6/site-packages/airflow/example_dags/example_bash_operator.py took 0.095 seconds
[2021-04-18 14:07:55,699] {scheduler_job.py:182} INFO - Started process (PID=593) to work on /home/airflow/.local/lib/python3.6/site-packages/airflow/example_dags/example_bash_operator.py
[2021-04-18 14:07:55,706] {scheduler_job.py:629} INFO - Processing file /home/airflow/.local/lib/python3.6/site-packages/airflow/example_dags/example_bash_operator.py for tasks to queue
[2021-04-18 14:07:55,711] {logging_mixin.py:104} INFO - [2021-04-18 14:07:55,710] {dagbag.py:448} INFO - Filling up the DagBag from /home/airflow/.local/lib/python3.6/site-packages/airflow/example_dags/example_bash_operator.py
[2021-04-18 14:07:55,755] {scheduler_job.py:639} INFO - DAG(s) dict_keys(['example_bash_operator']) retrieved from /home/airflow/.local/lib/python3.6/site-packages/airflow/example_dags/example_bash_operator.py
[2021-04-18 14:07:55,820] {logging_mixin.py:104} INFO - [2021-04-18 14:07:55,819] {dag.py:1818} INFO - Sync 1 DAGs
[2021-04-18 14:07:55,866] {logging_mixin.py:104} INFO - [2021-04-18 14:07:55,866] {dag.py:2273} INFO - Setting next_dagrun for example_bash_operator to 2021-04-16 00:00:00+00:00
[2021-04-18 14:07:55,921] {scheduler_job.py:190} INFO - Processing /home/airflow/.local/lib/python3.6/site-packages/airflow/example_dags/example_bash_operator.py took 0.229 seconds
[2021-04-18 14:08:26,928] {scheduler_job.py:182} INFO - Started process (PID=621) to work on /home/airflow/.local/lib/python3.6/site-packages/airflow/example_dags/example_bash_operator.py
[2021-04-18 14:08:26,932] {scheduler_job.py:629} INFO - Processing file /home/airflow/.local/lib/python3.6/site-packages/airflow/example_dags/example_bash_operator.py for tasks to queue
[2021-04-18 14:08:26,934] {logging_mixin.py:104} INFO - [2021-04-18 14:08:26,934] {dagbag.py:448} INFO - Filling up the DagBag from /home/airflow/.local/lib/python3.6/site-packages/airflow/example_dags/example_bash_operator.py
[2021-04-18 14:08:26,956] {scheduler_job.py:639} INFO - DAG(s) dict_keys(['example_bash_operator']) retrieved from /home/airflow/.local/lib/python3.6/site-packages/airflow/example_dags/example_bash_operator.py
[2021-04-18 14:08:26,996] {logging_mixin.py:104} INFO - [2021-04-18 14:08:26,996] {dag.py:1818} INFO - Sync 1 DAGs
[2021-04-18 14:08:27,033] {logging_mixin.py:104} INFO - [2021-04-18 14:08:27,033] {dag.py:2273} INFO - Setting next_dagrun for example_bash_operator to 2021-04-16 00:00:00+00:00
[2021-04-18 14:08:27,068] {scheduler_job.py:190} INFO - Processing /home/airflow/.local/lib/python3.6/site-packages/airflow/example_dags/example_bash_operator.py took 0.151 seconds
[2021-04-18 14:08:57,247] {scheduler_job.py:182} INFO - Started process (PID=649) to work on /home/airflow/.local/lib/python3.6/site-packages/airflow/example_dags/example_bash_operator.py
[2021-04-18 14:08:57,251] {scheduler_job.py:629} INFO - Processing file /home/airflow/.local/lib/python3.6/site-packages/airflow/example_dags/example_bash_operator.py for tasks to queue
[2021-04-18 14:08:57,253] {logging_mixin.py:104} INFO - [2021-04-18 14:08:57,253] {dagbag.py:448} INFO - Filling up the DagBag from /home/airflow/.local/lib/python3.6/site-packages/airflow/example_dags/example_bash_operator.py
[2021-04-18 14:08:57,277] {scheduler_job.py:639} INFO - DAG(s) dict_keys(['example_bash_operator']) retrieved from /home/airflow/.local/lib/python3.6/site-packages/airflow/example_dags/example_bash_operator.py
[2021-04-18 14:08:57,310] {logging_mixin.py:104} INFO - [2021-04-18 14:08:57,310] {dag.py:1818} INFO - Sync 1 DAGs
[2021-04-18 14:08:57,339] {logging_mixin.py:104} INFO - [2021-04-18 14:08:57,339] {dag.py:2273} INFO - Setting next_dagrun for example_bash_operator to 2021-04-16 00:00:00+00:00
[2021-04-18 14:08:57,352] {scheduler_job.py:190} INFO - Processing /home/airflow/.local/lib/python3.6/site-packages/airflow/example_dags/example_bash_operator.py took 0.110 seconds
[2021-04-18 14:09:30,181] {scheduler_job.py:182} INFO - Started process (PID=677) to work on /home/airflow/.local/lib/python3.6/site-packages/airflow/example_dags/example_bash_operator.py
[2021-04-18 14:09:30,191] {scheduler_job.py:629} INFO - Processing file /home/airflow/.local/lib/python3.6/site-packages/airflow/example_dags/example_bash_operator.py for tasks to queue
[2021-04-18 14:09:30,196] {logging_mixin.py:104} INFO - [2021-04-18 14:09:30,196] {dagbag.py:448} INFO - Filling up the DagBag from /home/airflow/.local/lib/python3.6/site-packages/airflow/example_dags/example_bash_operator.py
[2021-04-18 14:09:30,232] {scheduler_job.py:639} INFO - DAG(s) dict_keys(['example_bash_operator']) retrieved from /home/airflow/.local/lib/python3.6/site-packages/airflow/example_dags/example_bash_operator.py
[2021-04-18 14:09:30,310] {logging_mixin.py:104} INFO - [2021-04-18 14:09:30,309] {dag.py:1818} INFO - Sync 1 DAGs
[2021-04-18 14:09:30,396] {logging_mixin.py:104} INFO - [2021-04-18 14:09:30,396] {dag.py:2273} INFO - Setting next_dagrun for example_bash_operator to 2021-04-16 00:00:00+00:00
[2021-04-18 14:09:30,414] {scheduler_job.py:190} INFO - Processing /home/airflow/.local/lib/python3.6/site-packages/airflow/example_dags/example_bash_operator.py took 0.243 seconds
[2021-04-18 14:10:03,951] {scheduler_job.py:182} INFO - Started process (PID=706) to work on /home/airflow/.local/lib/python3.6/site-packages/airflow/example_dags/example_bash_operator.py
[2021-04-18 14:10:03,953] {scheduler_job.py:629} INFO - Processing file /home/airflow/.local/lib/python3.6/site-packages/airflow/example_dags/example_bash_operator.py for tasks to queue
[2021-04-18 14:10:03,955] {logging_mixin.py:104} INFO - [2021-04-18 14:10:03,955] {dagbag.py:448} INFO - Filling up the DagBag from /home/airflow/.local/lib/python3.6/site-packages/airflow/example_dags/example_bash_operator.py
[2021-04-18 14:10:03,975] {scheduler_job.py:639} INFO - DAG(s) dict_keys(['example_bash_operator']) retrieved from /home/airflow/.local/lib/python3.6/site-packages/airflow/example_dags/example_bash_operator.py
[2021-04-18 14:10:04,002] {logging_mixin.py:104} INFO - [2021-04-18 14:10:04,001] {dag.py:1818} INFO - Sync 1 DAGs
[2021-04-18 14:10:04,046] {logging_mixin.py:104} INFO - [2021-04-18 14:10:04,046] {dag.py:2273} INFO - Setting next_dagrun for example_bash_operator to 2021-04-16 00:00:00+00:00
[2021-04-18 14:10:04,062] {scheduler_job.py:190} INFO - Processing /home/airflow/.local/lib/python3.6/site-packages/airflow/example_dags/example_bash_operator.py took 0.115 seconds
[2021-04-18 14:10:38,214] {scheduler_job.py:182} INFO - Started process (PID=735) to work on /home/airflow/.local/lib/python3.6/site-packages/airflow/example_dags/example_bash_operator.py
[2021-04-18 14:10:38,222] {scheduler_job.py:629} INFO - Processing file /home/airflow/.local/lib/python3.6/site-packages/airflow/example_dags/example_bash_operator.py for tasks to queue
[2021-04-18 14:10:38,228] {logging_mixin.py:104} INFO - [2021-04-18 14:10:38,228] {dagbag.py:448} INFO - Filling up the DagBag from /home/airflow/.local/lib/python3.6/site-packages/airflow/example_dags/example_bash_operator.py
[2021-04-18 14:10:38,295] {scheduler_job.py:639} INFO - DAG(s) dict_keys(['example_bash_operator']) retrieved from /home/airflow/.local/lib/python3.6/site-packages/airflow/example_dags/example_bash_operator.py
[2021-04-18 14:10:38,350] {logging_mixin.py:104} INFO - [2021-04-18 14:10:38,350] {dag.py:1818} INFO - Sync 1 DAGs
[2021-04-18 14:10:38,403] {logging_mixin.py:104} INFO - [2021-04-18 14:10:38,402] {dag.py:2273} INFO - Setting next_dagrun for example_bash_operator to 2021-04-16 00:00:00+00:00
[2021-04-18 14:10:38,451] {scheduler_job.py:190} INFO - Processing /home/airflow/.local/lib/python3.6/site-packages/airflow/example_dags/example_bash_operator.py took 0.249 seconds
[2021-04-18 14:11:15,709] {scheduler_job.py:182} INFO - Started process (PID=765) to work on /home/airflow/.local/lib/python3.6/site-packages/airflow/example_dags/example_bash_operator.py
[2021-04-18 14:11:15,711] {scheduler_job.py:629} INFO - Processing file /home/airflow/.local/lib/python3.6/site-packages/airflow/example_dags/example_bash_operator.py for tasks to queue
[2021-04-18 14:11:15,713] {logging_mixin.py:104} INFO - [2021-04-18 14:11:15,713] {dagbag.py:448} INFO - Filling up the DagBag from /home/airflow/.local/lib/python3.6/site-packages/airflow/example_dags/example_bash_operator.py
[2021-04-18 14:11:15,735] {scheduler_job.py:639} INFO - DAG(s) dict_keys(['example_bash_operator']) retrieved from /home/airflow/.local/lib/python3.6/site-packages/airflow/example_dags/example_bash_operator.py
[2021-04-18 14:11:15,794] {logging_mixin.py:104} INFO - [2021-04-18 14:11:15,794] {dag.py:1818} INFO - Sync 1 DAGs
[2021-04-18 14:11:15,832] {logging_mixin.py:104} INFO - [2021-04-18 14:11:15,832] {dag.py:2273} INFO - Setting next_dagrun for example_bash_operator to 2021-04-16 00:00:00+00:00
[2021-04-18 14:11:15,849] {scheduler_job.py:190} INFO - Processing /home/airflow/.local/lib/python3.6/site-packages/airflow/example_dags/example_bash_operator.py took 0.143 seconds
[2021-04-18 14:12:48,459] {scheduler_job.py:182} INFO - Started process (PID=49) to work on /home/airflow/.local/lib/python3.6/site-packages/airflow/example_dags/example_bash_operator.py
[2021-04-18 14:12:48,465] {scheduler_job.py:629} INFO - Processing file /home/airflow/.local/lib/python3.6/site-packages/airflow/example_dags/example_bash_operator.py for tasks to queue
[2021-04-18 14:12:48,470] {logging_mixin.py:104} INFO - [2021-04-18 14:12:48,470] {dagbag.py:448} INFO - Filling up the DagBag from /home/airflow/.local/lib/python3.6/site-packages/airflow/example_dags/example_bash_operator.py
[2021-04-18 14:12:48,508] {scheduler_job.py:639} INFO - DAG(s) dict_keys(['example_bash_operator']) retrieved from /home/airflow/.local/lib/python3.6/site-packages/airflow/example_dags/example_bash_operator.py
[2021-04-18 14:12:48,566] {logging_mixin.py:104} INFO - [2021-04-18 14:12:48,566] {dag.py:1818} INFO - Sync 1 DAGs
[2021-04-18 14:12:48,619] {logging_mixin.py:104} INFO - [2021-04-18 14:12:48,618] {dag.py:2273} INFO - Setting next_dagrun for example_bash_operator to 2021-04-16 00:00:00+00:00
[2021-04-18 14:12:48,635] {scheduler_job.py:190} INFO - Processing /home/airflow/.local/lib/python3.6/site-packages/airflow/example_dags/example_bash_operator.py took 0.187 seconds
[2021-04-18 14:13:30,590] {scheduler_job.py:182} INFO - Started process (PID=77) to work on /home/airflow/.local/lib/python3.6/site-packages/airflow/example_dags/example_bash_operator.py
[2021-04-18 14:13:30,594] {scheduler_job.py:629} INFO - Processing file /home/airflow/.local/lib/python3.6/site-packages/airflow/example_dags/example_bash_operator.py for tasks to queue
[2021-04-18 14:13:30,597] {logging_mixin.py:104} INFO - [2021-04-18 14:13:30,596] {dagbag.py:448} INFO - Filling up the DagBag from /home/airflow/.local/lib/python3.6/site-packages/airflow/example_dags/example_bash_operator.py
[2021-04-18 14:13:30,618] {scheduler_job.py:639} INFO - DAG(s) dict_keys(['example_bash_operator']) retrieved from /home/airflow/.local/lib/python3.6/site-packages/airflow/example_dags/example_bash_operator.py
[2021-04-18 14:13:30,676] {logging_mixin.py:104} INFO - [2021-04-18 14:13:30,676] {dag.py:1818} INFO - Sync 1 DAGs
[2021-04-18 14:13:30,723] {logging_mixin.py:104} INFO - [2021-04-18 14:13:30,723] {dag.py:2273} INFO - Setting next_dagrun for example_bash_operator to 2021-04-16 00:00:00+00:00
[2021-04-18 14:13:30,735] {scheduler_job.py:190} INFO - Processing /home/airflow/.local/lib/python3.6/site-packages/airflow/example_dags/example_bash_operator.py took 0.151 seconds
[2021-04-18 14:14:02,532] {scheduler_job.py:182} INFO - Started process (PID=112) to work on /home/airflow/.local/lib/python3.6/site-packages/airflow/example_dags/example_bash_operator.py
[2021-04-18 14:14:02,535] {scheduler_job.py:629} INFO - Processing file /home/airflow/.local/lib/python3.6/site-packages/airflow/example_dags/example_bash_operator.py for tasks to queue
[2021-04-18 14:14:02,537] {logging_mixin.py:104} INFO - [2021-04-18 14:14:02,537] {dagbag.py:448} INFO - Filling up the DagBag from /home/airflow/.local/lib/python3.6/site-packages/airflow/example_dags/example_bash_operator.py
[2021-04-18 14:14:02,552] {scheduler_job.py:639} INFO - DAG(s) dict_keys(['example_bash_operator']) retrieved from /home/airflow/.local/lib/python3.6/site-packages/airflow/example_dags/example_bash_operator.py
[2021-04-18 14:14:02,576] {logging_mixin.py:104} INFO - [2021-04-18 14:14:02,576] {dag.py:1818} INFO - Sync 1 DAGs
[2021-04-18 14:14:02,600] {logging_mixin.py:104} INFO - [2021-04-18 14:14:02,600] {dag.py:2273} INFO - Setting next_dagrun for example_bash_operator to 2021-04-16 00:00:00+00:00
[2021-04-18 14:14:02,611] {scheduler_job.py:190} INFO - Processing /home/airflow/.local/lib/python3.6/site-packages/airflow/example_dags/example_bash_operator.py took 0.083 seconds
