[2021-04-18 13:57:23,426] {scheduler_job.py:182} INFO - Started process (PID=40) to work on /home/airflow/.local/lib/python3.6/site-packages/airflow/example_dags/example_subdag_operator.py
[2021-04-18 13:57:23,428] {scheduler_job.py:629} INFO - Processing file /home/airflow/.local/lib/python3.6/site-packages/airflow/example_dags/example_subdag_operator.py for tasks to queue
[2021-04-18 13:57:23,430] {logging_mixin.py:104} INFO - [2021-04-18 13:57:23,430] {dagbag.py:448} INFO - Filling up the DagBag from /home/airflow/.local/lib/python3.6/site-packages/airflow/example_dags/example_subdag_operator.py
[2021-04-18 13:57:23,491] {scheduler_job.py:639} INFO - DAG(s) dict_keys(['example_subdag_operator.section-1', 'example_subdag_operator.section-2', 'example_subdag_operator']) retrieved from /home/airflow/.local/lib/python3.6/site-packages/airflow/example_dags/example_subdag_operator.py
[2021-04-18 13:57:23,528] {logging_mixin.py:104} INFO - [2021-04-18 13:57:23,528] {dag.py:1818} INFO - Sync 3 DAGs
[2021-04-18 13:57:23,558] {logging_mixin.py:104} INFO - [2021-04-18 13:57:23,558] {dag.py:1837} INFO - Creating ORM DAG for example_subdag_operator.section-2
[2021-04-18 13:57:23,560] {logging_mixin.py:104} INFO - [2021-04-18 13:57:23,560] {dag.py:1837} INFO - Creating ORM DAG for example_subdag_operator
[2021-04-18 13:57:23,561] {logging_mixin.py:104} INFO - [2021-04-18 13:57:23,561] {dag.py:1837} INFO - Creating ORM DAG for example_subdag_operator.section-1
[2021-04-18 13:57:23,571] {logging_mixin.py:104} INFO - [2021-04-18 13:57:23,571] {dag.py:2273} INFO - Setting next_dagrun for example_subdag_operator to 2021-04-16 00:00:00+00:00
[2021-04-18 13:57:23,574] {logging_mixin.py:104} INFO - [2021-04-18 13:57:23,574] {dag.py:2273} INFO - Setting next_dagrun for example_subdag_operator.section-1 to None
[2021-04-18 13:57:23,577] {logging_mixin.py:104} INFO - [2021-04-18 13:57:23,577] {dag.py:2273} INFO - Setting next_dagrun for example_subdag_operator.section-2 to None
[2021-04-18 13:57:23,606] {logging_mixin.py:104} INFO - [2021-04-18 13:57:23,606] {dag.py:1818} INFO - Sync 2 DAGs
[2021-04-18 13:57:23,624] {logging_mixin.py:104} INFO - [2021-04-18 13:57:23,623] {dag.py:2273} INFO - Setting next_dagrun for example_subdag_operator.section-1 to None
[2021-04-18 13:57:23,626] {logging_mixin.py:104} INFO - [2021-04-18 13:57:23,626] {dag.py:2273} INFO - Setting next_dagrun for example_subdag_operator.section-2 to None
[2021-04-18 13:57:23,645] {scheduler_job.py:190} INFO - Processing /home/airflow/.local/lib/python3.6/site-packages/airflow/example_dags/example_subdag_operator.py took 0.223 seconds
[2021-04-18 13:58:00,628] {scheduler_job.py:182} INFO - Started process (PID=70) to work on /home/airflow/.local/lib/python3.6/site-packages/airflow/example_dags/example_subdag_operator.py
[2021-04-18 13:58:00,648] {scheduler_job.py:629} INFO - Processing file /home/airflow/.local/lib/python3.6/site-packages/airflow/example_dags/example_subdag_operator.py for tasks to queue
[2021-04-18 13:58:00,666] {logging_mixin.py:104} INFO - [2021-04-18 13:58:00,666] {dagbag.py:448} INFO - Filling up the DagBag from /home/airflow/.local/lib/python3.6/site-packages/airflow/example_dags/example_subdag_operator.py
[2021-04-18 13:58:01,188] {scheduler_job.py:639} INFO - DAG(s) dict_keys(['example_subdag_operator.section-1', 'example_subdag_operator.section-2', 'example_subdag_operator']) retrieved from /home/airflow/.local/lib/python3.6/site-packages/airflow/example_dags/example_subdag_operator.py
[2021-04-18 13:58:01,305] {logging_mixin.py:104} INFO - [2021-04-18 13:58:01,305] {dag.py:1818} INFO - Sync 3 DAGs
[2021-04-18 13:58:01,378] {logging_mixin.py:104} INFO - [2021-04-18 13:58:01,378] {dag.py:2273} INFO - Setting next_dagrun for example_subdag_operator to 2021-04-16 00:00:00+00:00
[2021-04-18 13:58:01,382] {logging_mixin.py:104} INFO - [2021-04-18 13:58:01,382] {dag.py:2273} INFO - Setting next_dagrun for example_subdag_operator.section-1 to None
[2021-04-18 13:58:01,384] {logging_mixin.py:104} INFO - [2021-04-18 13:58:01,384] {dag.py:2273} INFO - Setting next_dagrun for example_subdag_operator.section-2 to None
[2021-04-18 13:58:01,413] {logging_mixin.py:104} INFO - [2021-04-18 13:58:01,413] {dag.py:1818} INFO - Sync 2 DAGs
[2021-04-18 13:58:01,435] {logging_mixin.py:104} INFO - [2021-04-18 13:58:01,434] {dag.py:2273} INFO - Setting next_dagrun for example_subdag_operator.section-1 to None
[2021-04-18 13:58:01,437] {logging_mixin.py:104} INFO - [2021-04-18 13:58:01,437] {dag.py:2273} INFO - Setting next_dagrun for example_subdag_operator.section-2 to None
[2021-04-18 13:58:01,451] {scheduler_job.py:190} INFO - Processing /home/airflow/.local/lib/python3.6/site-packages/airflow/example_dags/example_subdag_operator.py took 0.873 seconds
[2021-04-18 13:58:49,006] {scheduler_job.py:182} INFO - Started process (PID=98) to work on /home/airflow/.local/lib/python3.6/site-packages/airflow/example_dags/example_subdag_operator.py
[2021-04-18 13:58:49,030] {scheduler_job.py:629} INFO - Processing file /home/airflow/.local/lib/python3.6/site-packages/airflow/example_dags/example_subdag_operator.py for tasks to queue
[2021-04-18 13:58:49,040] {logging_mixin.py:104} INFO - [2021-04-18 13:58:49,040] {dagbag.py:448} INFO - Filling up the DagBag from /home/airflow/.local/lib/python3.6/site-packages/airflow/example_dags/example_subdag_operator.py
[2021-04-18 13:58:49,216] {scheduler_job.py:639} INFO - DAG(s) dict_keys(['example_subdag_operator.section-1', 'example_subdag_operator.section-2', 'example_subdag_operator']) retrieved from /home/airflow/.local/lib/python3.6/site-packages/airflow/example_dags/example_subdag_operator.py
[2021-04-18 13:58:49,256] {logging_mixin.py:104} INFO - [2021-04-18 13:58:49,256] {dag.py:1818} INFO - Sync 3 DAGs
[2021-04-18 13:58:49,359] {logging_mixin.py:104} INFO - [2021-04-18 13:58:49,358] {dag.py:2273} INFO - Setting next_dagrun for example_subdag_operator to 2021-04-16 00:00:00+00:00
[2021-04-18 13:58:49,364] {logging_mixin.py:104} INFO - [2021-04-18 13:58:49,364] {dag.py:2273} INFO - Setting next_dagrun for example_subdag_operator.section-1 to None
[2021-04-18 13:58:49,366] {logging_mixin.py:104} INFO - [2021-04-18 13:58:49,366] {dag.py:2273} INFO - Setting next_dagrun for example_subdag_operator.section-2 to None
[2021-04-18 13:58:49,392] {logging_mixin.py:104} INFO - [2021-04-18 13:58:49,391] {dag.py:1818} INFO - Sync 2 DAGs
[2021-04-18 13:58:49,441] {logging_mixin.py:104} INFO - [2021-04-18 13:58:49,441] {dag.py:2273} INFO - Setting next_dagrun for example_subdag_operator.section-1 to None
[2021-04-18 13:58:49,446] {logging_mixin.py:104} INFO - [2021-04-18 13:58:49,446] {dag.py:2273} INFO - Setting next_dagrun for example_subdag_operator.section-2 to None
[2021-04-18 13:58:49,507] {scheduler_job.py:190} INFO - Processing /home/airflow/.local/lib/python3.6/site-packages/airflow/example_dags/example_subdag_operator.py took 0.529 seconds
[2021-04-18 13:59:19,691] {scheduler_job.py:182} INFO - Started process (PID=125) to work on /home/airflow/.local/lib/python3.6/site-packages/airflow/example_dags/example_subdag_operator.py
[2021-04-18 13:59:19,693] {scheduler_job.py:629} INFO - Processing file /home/airflow/.local/lib/python3.6/site-packages/airflow/example_dags/example_subdag_operator.py for tasks to queue
[2021-04-18 13:59:19,695] {logging_mixin.py:104} INFO - [2021-04-18 13:59:19,695] {dagbag.py:448} INFO - Filling up the DagBag from /home/airflow/.local/lib/python3.6/site-packages/airflow/example_dags/example_subdag_operator.py
[2021-04-18 13:59:19,756] {scheduler_job.py:639} INFO - DAG(s) dict_keys(['example_subdag_operator.section-1', 'example_subdag_operator.section-2', 'example_subdag_operator']) retrieved from /home/airflow/.local/lib/python3.6/site-packages/airflow/example_dags/example_subdag_operator.py
[2021-04-18 13:59:19,784] {logging_mixin.py:104} INFO - [2021-04-18 13:59:19,783] {dag.py:1818} INFO - Sync 3 DAGs
[2021-04-18 13:59:19,817] {logging_mixin.py:104} INFO - [2021-04-18 13:59:19,817] {dag.py:2273} INFO - Setting next_dagrun for example_subdag_operator to 2021-04-16 00:00:00+00:00
[2021-04-18 13:59:19,824] {logging_mixin.py:104} INFO - [2021-04-18 13:59:19,823] {dag.py:2273} INFO - Setting next_dagrun for example_subdag_operator.section-1 to None
[2021-04-18 13:59:19,828] {logging_mixin.py:104} INFO - [2021-04-18 13:59:19,828] {dag.py:2273} INFO - Setting next_dagrun for example_subdag_operator.section-2 to None
[2021-04-18 13:59:19,840] {logging_mixin.py:104} INFO - [2021-04-18 13:59:19,840] {dag.py:1818} INFO - Sync 2 DAGs
[2021-04-18 13:59:19,866] {logging_mixin.py:104} INFO - [2021-04-18 13:59:19,865] {dag.py:2273} INFO - Setting next_dagrun for example_subdag_operator.section-1 to None
[2021-04-18 13:59:19,867] {logging_mixin.py:104} INFO - [2021-04-18 13:59:19,867] {dag.py:2273} INFO - Setting next_dagrun for example_subdag_operator.section-2 to None
[2021-04-18 13:59:19,883] {scheduler_job.py:190} INFO - Processing /home/airflow/.local/lib/python3.6/site-packages/airflow/example_dags/example_subdag_operator.py took 0.197 seconds
[2021-04-18 13:59:50,659] {scheduler_job.py:182} INFO - Started process (PID=153) to work on /home/airflow/.local/lib/python3.6/site-packages/airflow/example_dags/example_subdag_operator.py
[2021-04-18 13:59:50,661] {scheduler_job.py:629} INFO - Processing file /home/airflow/.local/lib/python3.6/site-packages/airflow/example_dags/example_subdag_operator.py for tasks to queue
[2021-04-18 13:59:50,663] {logging_mixin.py:104} INFO - [2021-04-18 13:59:50,662] {dagbag.py:448} INFO - Filling up the DagBag from /home/airflow/.local/lib/python3.6/site-packages/airflow/example_dags/example_subdag_operator.py
[2021-04-18 13:59:50,703] {scheduler_job.py:639} INFO - DAG(s) dict_keys(['example_subdag_operator.section-1', 'example_subdag_operator.section-2', 'example_subdag_operator']) retrieved from /home/airflow/.local/lib/python3.6/site-packages/airflow/example_dags/example_subdag_operator.py
[2021-04-18 13:59:50,735] {logging_mixin.py:104} INFO - [2021-04-18 13:59:50,735] {dag.py:1818} INFO - Sync 3 DAGs
[2021-04-18 13:59:50,796] {logging_mixin.py:104} INFO - [2021-04-18 13:59:50,796] {dag.py:2273} INFO - Setting next_dagrun for example_subdag_operator to 2021-04-16 00:00:00+00:00
[2021-04-18 13:59:50,798] {logging_mixin.py:104} INFO - [2021-04-18 13:59:50,797] {dag.py:2273} INFO - Setting next_dagrun for example_subdag_operator.section-1 to None
[2021-04-18 13:59:50,799] {logging_mixin.py:104} INFO - [2021-04-18 13:59:50,798] {dag.py:2273} INFO - Setting next_dagrun for example_subdag_operator.section-2 to None
[2021-04-18 13:59:50,811] {logging_mixin.py:104} INFO - [2021-04-18 13:59:50,810] {dag.py:1818} INFO - Sync 2 DAGs
[2021-04-18 13:59:50,828] {logging_mixin.py:104} INFO - [2021-04-18 13:59:50,828] {dag.py:2273} INFO - Setting next_dagrun for example_subdag_operator.section-1 to None
[2021-04-18 13:59:50,832] {logging_mixin.py:104} INFO - [2021-04-18 13:59:50,832] {dag.py:2273} INFO - Setting next_dagrun for example_subdag_operator.section-2 to None
[2021-04-18 13:59:50,859] {scheduler_job.py:190} INFO - Processing /home/airflow/.local/lib/python3.6/site-packages/airflow/example_dags/example_subdag_operator.py took 0.204 seconds
[2021-04-18 14:00:21,480] {scheduler_job.py:182} INFO - Started process (PID=181) to work on /home/airflow/.local/lib/python3.6/site-packages/airflow/example_dags/example_subdag_operator.py
[2021-04-18 14:00:21,484] {scheduler_job.py:629} INFO - Processing file /home/airflow/.local/lib/python3.6/site-packages/airflow/example_dags/example_subdag_operator.py for tasks to queue
[2021-04-18 14:00:21,488] {logging_mixin.py:104} INFO - [2021-04-18 14:00:21,487] {dagbag.py:448} INFO - Filling up the DagBag from /home/airflow/.local/lib/python3.6/site-packages/airflow/example_dags/example_subdag_operator.py
[2021-04-18 14:00:21,545] {scheduler_job.py:639} INFO - DAG(s) dict_keys(['example_subdag_operator.section-1', 'example_subdag_operator.section-2', 'example_subdag_operator']) retrieved from /home/airflow/.local/lib/python3.6/site-packages/airflow/example_dags/example_subdag_operator.py
[2021-04-18 14:00:21,577] {logging_mixin.py:104} INFO - [2021-04-18 14:00:21,576] {dag.py:1818} INFO - Sync 3 DAGs
[2021-04-18 14:00:21,596] {logging_mixin.py:104} INFO - [2021-04-18 14:00:21,596] {dag.py:2273} INFO - Setting next_dagrun for example_subdag_operator to 2021-04-16 00:00:00+00:00
[2021-04-18 14:00:21,599] {logging_mixin.py:104} INFO - [2021-04-18 14:00:21,599] {dag.py:2273} INFO - Setting next_dagrun for example_subdag_operator.section-1 to None
[2021-04-18 14:00:21,601] {logging_mixin.py:104} INFO - [2021-04-18 14:00:21,600] {dag.py:2273} INFO - Setting next_dagrun for example_subdag_operator.section-2 to None
[2021-04-18 14:00:21,607] {logging_mixin.py:104} INFO - [2021-04-18 14:00:21,607] {dag.py:1818} INFO - Sync 2 DAGs
[2021-04-18 14:00:21,615] {logging_mixin.py:104} INFO - [2021-04-18 14:00:21,615] {dag.py:2273} INFO - Setting next_dagrun for example_subdag_operator.section-1 to None
[2021-04-18 14:00:21,617] {logging_mixin.py:104} INFO - [2021-04-18 14:00:21,617] {dag.py:2273} INFO - Setting next_dagrun for example_subdag_operator.section-2 to None
[2021-04-18 14:00:21,624] {scheduler_job.py:190} INFO - Processing /home/airflow/.local/lib/python3.6/site-packages/airflow/example_dags/example_subdag_operator.py took 0.150 seconds
[2021-04-18 14:00:51,932] {scheduler_job.py:182} INFO - Started process (PID=209) to work on /home/airflow/.local/lib/python3.6/site-packages/airflow/example_dags/example_subdag_operator.py
[2021-04-18 14:00:51,934] {scheduler_job.py:629} INFO - Processing file /home/airflow/.local/lib/python3.6/site-packages/airflow/example_dags/example_subdag_operator.py for tasks to queue
[2021-04-18 14:00:51,937] {logging_mixin.py:104} INFO - [2021-04-18 14:00:51,937] {dagbag.py:448} INFO - Filling up the DagBag from /home/airflow/.local/lib/python3.6/site-packages/airflow/example_dags/example_subdag_operator.py
[2021-04-18 14:00:51,986] {scheduler_job.py:639} INFO - DAG(s) dict_keys(['example_subdag_operator.section-1', 'example_subdag_operator.section-2', 'example_subdag_operator']) retrieved from /home/airflow/.local/lib/python3.6/site-packages/airflow/example_dags/example_subdag_operator.py
[2021-04-18 14:00:52,010] {logging_mixin.py:104} INFO - [2021-04-18 14:00:52,010] {dag.py:1818} INFO - Sync 3 DAGs
[2021-04-18 14:00:52,068] {logging_mixin.py:104} INFO - [2021-04-18 14:00:52,068] {dag.py:2273} INFO - Setting next_dagrun for example_subdag_operator to 2021-04-16 00:00:00+00:00
[2021-04-18 14:00:52,073] {logging_mixin.py:104} INFO - [2021-04-18 14:00:52,073] {dag.py:2273} INFO - Setting next_dagrun for example_subdag_operator.section-1 to None
[2021-04-18 14:00:52,074] {logging_mixin.py:104} INFO - [2021-04-18 14:00:52,074] {dag.py:2273} INFO - Setting next_dagrun for example_subdag_operator.section-2 to None
[2021-04-18 14:00:52,087] {logging_mixin.py:104} INFO - [2021-04-18 14:00:52,087] {dag.py:1818} INFO - Sync 2 DAGs
[2021-04-18 14:00:52,110] {logging_mixin.py:104} INFO - [2021-04-18 14:00:52,110] {dag.py:2273} INFO - Setting next_dagrun for example_subdag_operator.section-1 to None
[2021-04-18 14:00:52,113] {logging_mixin.py:104} INFO - [2021-04-18 14:00:52,112] {dag.py:2273} INFO - Setting next_dagrun for example_subdag_operator.section-2 to None
[2021-04-18 14:00:52,125] {scheduler_job.py:190} INFO - Processing /home/airflow/.local/lib/python3.6/site-packages/airflow/example_dags/example_subdag_operator.py took 0.198 seconds
[2021-04-18 14:01:22,592] {scheduler_job.py:182} INFO - Started process (PID=237) to work on /home/airflow/.local/lib/python3.6/site-packages/airflow/example_dags/example_subdag_operator.py
[2021-04-18 14:01:22,596] {scheduler_job.py:629} INFO - Processing file /home/airflow/.local/lib/python3.6/site-packages/airflow/example_dags/example_subdag_operator.py for tasks to queue
[2021-04-18 14:01:22,598] {logging_mixin.py:104} INFO - [2021-04-18 14:01:22,598] {dagbag.py:448} INFO - Filling up the DagBag from /home/airflow/.local/lib/python3.6/site-packages/airflow/example_dags/example_subdag_operator.py
[2021-04-18 14:01:22,690] {scheduler_job.py:639} INFO - DAG(s) dict_keys(['example_subdag_operator.section-1', 'example_subdag_operator.section-2', 'example_subdag_operator']) retrieved from /home/airflow/.local/lib/python3.6/site-packages/airflow/example_dags/example_subdag_operator.py
[2021-04-18 14:01:22,707] {logging_mixin.py:104} INFO - [2021-04-18 14:01:22,707] {dag.py:1818} INFO - Sync 3 DAGs
[2021-04-18 14:01:22,733] {logging_mixin.py:104} INFO - [2021-04-18 14:01:22,733] {dag.py:2273} INFO - Setting next_dagrun for example_subdag_operator to 2021-04-16 00:00:00+00:00
[2021-04-18 14:01:22,739] {logging_mixin.py:104} INFO - [2021-04-18 14:01:22,738] {dag.py:2273} INFO - Setting next_dagrun for example_subdag_operator.section-1 to None
[2021-04-18 14:01:22,747] {logging_mixin.py:104} INFO - [2021-04-18 14:01:22,747] {dag.py:2273} INFO - Setting next_dagrun for example_subdag_operator.section-2 to None
[2021-04-18 14:01:22,755] {logging_mixin.py:104} INFO - [2021-04-18 14:01:22,755] {dag.py:1818} INFO - Sync 2 DAGs
[2021-04-18 14:01:22,767] {logging_mixin.py:104} INFO - [2021-04-18 14:01:22,767] {dag.py:2273} INFO - Setting next_dagrun for example_subdag_operator.section-1 to None
[2021-04-18 14:01:22,769] {logging_mixin.py:104} INFO - [2021-04-18 14:01:22,769] {dag.py:2273} INFO - Setting next_dagrun for example_subdag_operator.section-2 to None
[2021-04-18 14:01:22,782] {scheduler_job.py:190} INFO - Processing /home/airflow/.local/lib/python3.6/site-packages/airflow/example_dags/example_subdag_operator.py took 0.197 seconds
[2021-04-18 14:01:53,009] {scheduler_job.py:182} INFO - Started process (PID=265) to work on /home/airflow/.local/lib/python3.6/site-packages/airflow/example_dags/example_subdag_operator.py
[2021-04-18 14:01:53,011] {scheduler_job.py:629} INFO - Processing file /home/airflow/.local/lib/python3.6/site-packages/airflow/example_dags/example_subdag_operator.py for tasks to queue
[2021-04-18 14:01:53,013] {logging_mixin.py:104} INFO - [2021-04-18 14:01:53,012] {dagbag.py:448} INFO - Filling up the DagBag from /home/airflow/.local/lib/python3.6/site-packages/airflow/example_dags/example_subdag_operator.py
[2021-04-18 14:01:53,050] {scheduler_job.py:639} INFO - DAG(s) dict_keys(['example_subdag_operator.section-1', 'example_subdag_operator.section-2', 'example_subdag_operator']) retrieved from /home/airflow/.local/lib/python3.6/site-packages/airflow/example_dags/example_subdag_operator.py
[2021-04-18 14:01:53,063] {logging_mixin.py:104} INFO - [2021-04-18 14:01:53,063] {dag.py:1818} INFO - Sync 3 DAGs
[2021-04-18 14:01:53,085] {logging_mixin.py:104} INFO - [2021-04-18 14:01:53,085] {dag.py:2273} INFO - Setting next_dagrun for example_subdag_operator to 2021-04-16 00:00:00+00:00
[2021-04-18 14:01:53,087] {logging_mixin.py:104} INFO - [2021-04-18 14:01:53,087] {dag.py:2273} INFO - Setting next_dagrun for example_subdag_operator.section-1 to None
[2021-04-18 14:01:53,088] {logging_mixin.py:104} INFO - [2021-04-18 14:01:53,088] {dag.py:2273} INFO - Setting next_dagrun for example_subdag_operator.section-2 to None
[2021-04-18 14:01:53,096] {logging_mixin.py:104} INFO - [2021-04-18 14:01:53,096] {dag.py:1818} INFO - Sync 2 DAGs
[2021-04-18 14:01:53,103] {logging_mixin.py:104} INFO - [2021-04-18 14:01:53,103] {dag.py:2273} INFO - Setting next_dagrun for example_subdag_operator.section-1 to None
[2021-04-18 14:01:53,104] {logging_mixin.py:104} INFO - [2021-04-18 14:01:53,104] {dag.py:2273} INFO - Setting next_dagrun for example_subdag_operator.section-2 to None
[2021-04-18 14:01:53,111] {scheduler_job.py:190} INFO - Processing /home/airflow/.local/lib/python3.6/site-packages/airflow/example_dags/example_subdag_operator.py took 0.109 seconds
[2021-04-18 14:02:23,517] {scheduler_job.py:182} INFO - Started process (PID=293) to work on /home/airflow/.local/lib/python3.6/site-packages/airflow/example_dags/example_subdag_operator.py
[2021-04-18 14:02:23,519] {scheduler_job.py:629} INFO - Processing file /home/airflow/.local/lib/python3.6/site-packages/airflow/example_dags/example_subdag_operator.py for tasks to queue
[2021-04-18 14:02:23,521] {logging_mixin.py:104} INFO - [2021-04-18 14:02:23,521] {dagbag.py:448} INFO - Filling up the DagBag from /home/airflow/.local/lib/python3.6/site-packages/airflow/example_dags/example_subdag_operator.py
[2021-04-18 14:02:23,577] {scheduler_job.py:639} INFO - DAG(s) dict_keys(['example_subdag_operator.section-1', 'example_subdag_operator.section-2', 'example_subdag_operator']) retrieved from /home/airflow/.local/lib/python3.6/site-packages/airflow/example_dags/example_subdag_operator.py
[2021-04-18 14:02:23,592] {logging_mixin.py:104} INFO - [2021-04-18 14:02:23,592] {dag.py:1818} INFO - Sync 3 DAGs
[2021-04-18 14:02:23,610] {logging_mixin.py:104} INFO - [2021-04-18 14:02:23,610] {dag.py:2273} INFO - Setting next_dagrun for example_subdag_operator to 2021-04-16 00:00:00+00:00
[2021-04-18 14:02:23,613] {logging_mixin.py:104} INFO - [2021-04-18 14:02:23,613] {dag.py:2273} INFO - Setting next_dagrun for example_subdag_operator.section-1 to None
[2021-04-18 14:02:23,614] {logging_mixin.py:104} INFO - [2021-04-18 14:02:23,614] {dag.py:2273} INFO - Setting next_dagrun for example_subdag_operator.section-2 to None
[2021-04-18 14:02:23,625] {logging_mixin.py:104} INFO - [2021-04-18 14:02:23,624] {dag.py:1818} INFO - Sync 2 DAGs
[2021-04-18 14:02:23,632] {logging_mixin.py:104} INFO - [2021-04-18 14:02:23,632] {dag.py:2273} INFO - Setting next_dagrun for example_subdag_operator.section-1 to None
[2021-04-18 14:02:23,633] {logging_mixin.py:104} INFO - [2021-04-18 14:02:23,633] {dag.py:2273} INFO - Setting next_dagrun for example_subdag_operator.section-2 to None
[2021-04-18 14:02:23,643] {scheduler_job.py:190} INFO - Processing /home/airflow/.local/lib/python3.6/site-packages/airflow/example_dags/example_subdag_operator.py took 0.131 seconds
[2021-04-18 14:02:54,025] {scheduler_job.py:182} INFO - Started process (PID=321) to work on /home/airflow/.local/lib/python3.6/site-packages/airflow/example_dags/example_subdag_operator.py
[2021-04-18 14:02:54,027] {scheduler_job.py:629} INFO - Processing file /home/airflow/.local/lib/python3.6/site-packages/airflow/example_dags/example_subdag_operator.py for tasks to queue
[2021-04-18 14:02:54,029] {logging_mixin.py:104} INFO - [2021-04-18 14:02:54,029] {dagbag.py:448} INFO - Filling up the DagBag from /home/airflow/.local/lib/python3.6/site-packages/airflow/example_dags/example_subdag_operator.py
[2021-04-18 14:02:54,073] {scheduler_job.py:639} INFO - DAG(s) dict_keys(['example_subdag_operator.section-1', 'example_subdag_operator.section-2', 'example_subdag_operator']) retrieved from /home/airflow/.local/lib/python3.6/site-packages/airflow/example_dags/example_subdag_operator.py
[2021-04-18 14:02:54,087] {logging_mixin.py:104} INFO - [2021-04-18 14:02:54,087] {dag.py:1818} INFO - Sync 3 DAGs
[2021-04-18 14:02:54,105] {logging_mixin.py:104} INFO - [2021-04-18 14:02:54,105] {dag.py:2273} INFO - Setting next_dagrun for example_subdag_operator to 2021-04-16 00:00:00+00:00
[2021-04-18 14:02:54,107] {logging_mixin.py:104} INFO - [2021-04-18 14:02:54,107] {dag.py:2273} INFO - Setting next_dagrun for example_subdag_operator.section-1 to None
[2021-04-18 14:02:54,108] {logging_mixin.py:104} INFO - [2021-04-18 14:02:54,108] {dag.py:2273} INFO - Setting next_dagrun for example_subdag_operator.section-2 to None
[2021-04-18 14:02:54,125] {logging_mixin.py:104} INFO - [2021-04-18 14:02:54,125] {dag.py:1818} INFO - Sync 2 DAGs
[2021-04-18 14:02:54,140] {logging_mixin.py:104} INFO - [2021-04-18 14:02:54,139] {dag.py:2273} INFO - Setting next_dagrun for example_subdag_operator.section-1 to None
[2021-04-18 14:02:54,141] {logging_mixin.py:104} INFO - [2021-04-18 14:02:54,141] {dag.py:2273} INFO - Setting next_dagrun for example_subdag_operator.section-2 to None
[2021-04-18 14:02:54,147] {scheduler_job.py:190} INFO - Processing /home/airflow/.local/lib/python3.6/site-packages/airflow/example_dags/example_subdag_operator.py took 0.127 seconds
[2021-04-18 14:03:24,228] {scheduler_job.py:182} INFO - Started process (PID=349) to work on /home/airflow/.local/lib/python3.6/site-packages/airflow/example_dags/example_subdag_operator.py
[2021-04-18 14:03:24,229] {scheduler_job.py:629} INFO - Processing file /home/airflow/.local/lib/python3.6/site-packages/airflow/example_dags/example_subdag_operator.py for tasks to queue
[2021-04-18 14:03:24,231] {logging_mixin.py:104} INFO - [2021-04-18 14:03:24,231] {dagbag.py:448} INFO - Filling up the DagBag from /home/airflow/.local/lib/python3.6/site-packages/airflow/example_dags/example_subdag_operator.py
[2021-04-18 14:03:24,282] {scheduler_job.py:639} INFO - DAG(s) dict_keys(['example_subdag_operator.section-1', 'example_subdag_operator.section-2', 'example_subdag_operator']) retrieved from /home/airflow/.local/lib/python3.6/site-packages/airflow/example_dags/example_subdag_operator.py
[2021-04-18 14:03:24,299] {logging_mixin.py:104} INFO - [2021-04-18 14:03:24,299] {dag.py:1818} INFO - Sync 3 DAGs
[2021-04-18 14:03:24,326] {logging_mixin.py:104} INFO - [2021-04-18 14:03:24,326] {dag.py:2273} INFO - Setting next_dagrun for example_subdag_operator to 2021-04-16 00:00:00+00:00
[2021-04-18 14:03:24,327] {logging_mixin.py:104} INFO - [2021-04-18 14:03:24,327] {dag.py:2273} INFO - Setting next_dagrun for example_subdag_operator.section-1 to None
[2021-04-18 14:03:24,329] {logging_mixin.py:104} INFO - [2021-04-18 14:03:24,329] {dag.py:2273} INFO - Setting next_dagrun for example_subdag_operator.section-2 to None
[2021-04-18 14:03:24,339] {logging_mixin.py:104} INFO - [2021-04-18 14:03:24,339] {dag.py:1818} INFO - Sync 2 DAGs
[2021-04-18 14:03:24,354] {logging_mixin.py:104} INFO - [2021-04-18 14:03:24,353] {dag.py:2273} INFO - Setting next_dagrun for example_subdag_operator.section-1 to None
[2021-04-18 14:03:24,355] {logging_mixin.py:104} INFO - [2021-04-18 14:03:24,354] {dag.py:2273} INFO - Setting next_dagrun for example_subdag_operator.section-2 to None
[2021-04-18 14:03:24,366] {scheduler_job.py:190} INFO - Processing /home/airflow/.local/lib/python3.6/site-packages/airflow/example_dags/example_subdag_operator.py took 0.144 seconds
[2021-04-18 14:03:54,532] {scheduler_job.py:182} INFO - Started process (PID=377) to work on /home/airflow/.local/lib/python3.6/site-packages/airflow/example_dags/example_subdag_operator.py
[2021-04-18 14:03:54,535] {scheduler_job.py:629} INFO - Processing file /home/airflow/.local/lib/python3.6/site-packages/airflow/example_dags/example_subdag_operator.py for tasks to queue
[2021-04-18 14:03:54,536] {logging_mixin.py:104} INFO - [2021-04-18 14:03:54,536] {dagbag.py:448} INFO - Filling up the DagBag from /home/airflow/.local/lib/python3.6/site-packages/airflow/example_dags/example_subdag_operator.py
[2021-04-18 14:03:54,578] {scheduler_job.py:639} INFO - DAG(s) dict_keys(['example_subdag_operator.section-1', 'example_subdag_operator.section-2', 'example_subdag_operator']) retrieved from /home/airflow/.local/lib/python3.6/site-packages/airflow/example_dags/example_subdag_operator.py
[2021-04-18 14:03:54,597] {logging_mixin.py:104} INFO - [2021-04-18 14:03:54,597] {dag.py:1818} INFO - Sync 3 DAGs
[2021-04-18 14:03:54,626] {logging_mixin.py:104} INFO - [2021-04-18 14:03:54,626] {dag.py:2273} INFO - Setting next_dagrun for example_subdag_operator to 2021-04-16 00:00:00+00:00
[2021-04-18 14:03:54,629] {logging_mixin.py:104} INFO - [2021-04-18 14:03:54,629] {dag.py:2273} INFO - Setting next_dagrun for example_subdag_operator.section-1 to None
[2021-04-18 14:03:54,630] {logging_mixin.py:104} INFO - [2021-04-18 14:03:54,630] {dag.py:2273} INFO - Setting next_dagrun for example_subdag_operator.section-2 to None
[2021-04-18 14:03:54,640] {logging_mixin.py:104} INFO - [2021-04-18 14:03:54,640] {dag.py:1818} INFO - Sync 2 DAGs
[2021-04-18 14:03:54,650] {logging_mixin.py:104} INFO - [2021-04-18 14:03:54,650] {dag.py:2273} INFO - Setting next_dagrun for example_subdag_operator.section-1 to None
[2021-04-18 14:03:54,652] {logging_mixin.py:104} INFO - [2021-04-18 14:03:54,652] {dag.py:2273} INFO - Setting next_dagrun for example_subdag_operator.section-2 to None
[2021-04-18 14:03:54,664] {scheduler_job.py:190} INFO - Processing /home/airflow/.local/lib/python3.6/site-packages/airflow/example_dags/example_subdag_operator.py took 0.138 seconds
[2021-04-18 14:04:25,274] {scheduler_job.py:182} INFO - Started process (PID=405) to work on /home/airflow/.local/lib/python3.6/site-packages/airflow/example_dags/example_subdag_operator.py
[2021-04-18 14:04:25,277] {scheduler_job.py:629} INFO - Processing file /home/airflow/.local/lib/python3.6/site-packages/airflow/example_dags/example_subdag_operator.py for tasks to queue
[2021-04-18 14:04:25,279] {logging_mixin.py:104} INFO - [2021-04-18 14:04:25,279] {dagbag.py:448} INFO - Filling up the DagBag from /home/airflow/.local/lib/python3.6/site-packages/airflow/example_dags/example_subdag_operator.py
[2021-04-18 14:04:25,323] {scheduler_job.py:639} INFO - DAG(s) dict_keys(['example_subdag_operator.section-1', 'example_subdag_operator.section-2', 'example_subdag_operator']) retrieved from /home/airflow/.local/lib/python3.6/site-packages/airflow/example_dags/example_subdag_operator.py
[2021-04-18 14:04:25,339] {logging_mixin.py:104} INFO - [2021-04-18 14:04:25,338] {dag.py:1818} INFO - Sync 3 DAGs
[2021-04-18 14:04:25,360] {logging_mixin.py:104} INFO - [2021-04-18 14:04:25,360] {dag.py:2273} INFO - Setting next_dagrun for example_subdag_operator to 2021-04-16 00:00:00+00:00
[2021-04-18 14:04:25,362] {logging_mixin.py:104} INFO - [2021-04-18 14:04:25,362] {dag.py:2273} INFO - Setting next_dagrun for example_subdag_operator.section-1 to None
[2021-04-18 14:04:25,363] {logging_mixin.py:104} INFO - [2021-04-18 14:04:25,363] {dag.py:2273} INFO - Setting next_dagrun for example_subdag_operator.section-2 to None
[2021-04-18 14:04:25,373] {logging_mixin.py:104} INFO - [2021-04-18 14:04:25,373] {dag.py:1818} INFO - Sync 2 DAGs
[2021-04-18 14:04:25,387] {logging_mixin.py:104} INFO - [2021-04-18 14:04:25,387] {dag.py:2273} INFO - Setting next_dagrun for example_subdag_operator.section-1 to None
[2021-04-18 14:04:25,388] {logging_mixin.py:104} INFO - [2021-04-18 14:04:25,388] {dag.py:2273} INFO - Setting next_dagrun for example_subdag_operator.section-2 to None
[2021-04-18 14:04:25,400] {scheduler_job.py:190} INFO - Processing /home/airflow/.local/lib/python3.6/site-packages/airflow/example_dags/example_subdag_operator.py took 0.129 seconds
[2021-04-18 14:04:55,494] {scheduler_job.py:182} INFO - Started process (PID=433) to work on /home/airflow/.local/lib/python3.6/site-packages/airflow/example_dags/example_subdag_operator.py
[2021-04-18 14:04:55,496] {scheduler_job.py:629} INFO - Processing file /home/airflow/.local/lib/python3.6/site-packages/airflow/example_dags/example_subdag_operator.py for tasks to queue
[2021-04-18 14:04:55,497] {logging_mixin.py:104} INFO - [2021-04-18 14:04:55,497] {dagbag.py:448} INFO - Filling up the DagBag from /home/airflow/.local/lib/python3.6/site-packages/airflow/example_dags/example_subdag_operator.py
[2021-04-18 14:04:55,530] {scheduler_job.py:639} INFO - DAG(s) dict_keys(['example_subdag_operator.section-1', 'example_subdag_operator.section-2', 'example_subdag_operator']) retrieved from /home/airflow/.local/lib/python3.6/site-packages/airflow/example_dags/example_subdag_operator.py
[2021-04-18 14:04:55,545] {logging_mixin.py:104} INFO - [2021-04-18 14:04:55,545] {dag.py:1818} INFO - Sync 3 DAGs
[2021-04-18 14:04:55,568] {logging_mixin.py:104} INFO - [2021-04-18 14:04:55,568] {dag.py:2273} INFO - Setting next_dagrun for example_subdag_operator to 2021-04-16 00:00:00+00:00
[2021-04-18 14:04:55,570] {logging_mixin.py:104} INFO - [2021-04-18 14:04:55,570] {dag.py:2273} INFO - Setting next_dagrun for example_subdag_operator.section-1 to None
[2021-04-18 14:04:55,571] {logging_mixin.py:104} INFO - [2021-04-18 14:04:55,571] {dag.py:2273} INFO - Setting next_dagrun for example_subdag_operator.section-2 to None
[2021-04-18 14:04:55,578] {logging_mixin.py:104} INFO - [2021-04-18 14:04:55,578] {dag.py:1818} INFO - Sync 2 DAGs
[2021-04-18 14:04:55,597] {logging_mixin.py:104} INFO - [2021-04-18 14:04:55,597] {dag.py:2273} INFO - Setting next_dagrun for example_subdag_operator.section-1 to None
[2021-04-18 14:04:55,600] {logging_mixin.py:104} INFO - [2021-04-18 14:04:55,600] {dag.py:2273} INFO - Setting next_dagrun for example_subdag_operator.section-2 to None
[2021-04-18 14:04:55,616] {scheduler_job.py:190} INFO - Processing /home/airflow/.local/lib/python3.6/site-packages/airflow/example_dags/example_subdag_operator.py took 0.126 seconds
[2021-04-18 14:05:26,118] {scheduler_job.py:182} INFO - Started process (PID=461) to work on /home/airflow/.local/lib/python3.6/site-packages/airflow/example_dags/example_subdag_operator.py
[2021-04-18 14:05:26,121] {scheduler_job.py:629} INFO - Processing file /home/airflow/.local/lib/python3.6/site-packages/airflow/example_dags/example_subdag_operator.py for tasks to queue
[2021-04-18 14:05:26,123] {logging_mixin.py:104} INFO - [2021-04-18 14:05:26,123] {dagbag.py:448} INFO - Filling up the DagBag from /home/airflow/.local/lib/python3.6/site-packages/airflow/example_dags/example_subdag_operator.py
[2021-04-18 14:05:26,182] {scheduler_job.py:639} INFO - DAG(s) dict_keys(['example_subdag_operator.section-1', 'example_subdag_operator.section-2', 'example_subdag_operator']) retrieved from /home/airflow/.local/lib/python3.6/site-packages/airflow/example_dags/example_subdag_operator.py
[2021-04-18 14:05:26,206] {logging_mixin.py:104} INFO - [2021-04-18 14:05:26,206] {dag.py:1818} INFO - Sync 3 DAGs
[2021-04-18 14:05:26,245] {logging_mixin.py:104} INFO - [2021-04-18 14:05:26,245] {dag.py:2273} INFO - Setting next_dagrun for example_subdag_operator to 2021-04-16 00:00:00+00:00
[2021-04-18 14:05:26,248] {logging_mixin.py:104} INFO - [2021-04-18 14:05:26,248] {dag.py:2273} INFO - Setting next_dagrun for example_subdag_operator.section-1 to None
[2021-04-18 14:05:26,250] {logging_mixin.py:104} INFO - [2021-04-18 14:05:26,249] {dag.py:2273} INFO - Setting next_dagrun for example_subdag_operator.section-2 to None
[2021-04-18 14:05:26,264] {logging_mixin.py:104} INFO - [2021-04-18 14:05:26,263] {dag.py:1818} INFO - Sync 2 DAGs
[2021-04-18 14:05:26,289] {logging_mixin.py:104} INFO - [2021-04-18 14:05:26,289] {dag.py:2273} INFO - Setting next_dagrun for example_subdag_operator.section-1 to None
[2021-04-18 14:05:26,291] {logging_mixin.py:104} INFO - [2021-04-18 14:05:26,291] {dag.py:2273} INFO - Setting next_dagrun for example_subdag_operator.section-2 to None
[2021-04-18 14:05:26,303] {scheduler_job.py:190} INFO - Processing /home/airflow/.local/lib/python3.6/site-packages/airflow/example_dags/example_subdag_operator.py took 0.192 seconds
[2021-04-18 14:05:56,950] {scheduler_job.py:182} INFO - Started process (PID=489) to work on /home/airflow/.local/lib/python3.6/site-packages/airflow/example_dags/example_subdag_operator.py
[2021-04-18 14:05:56,952] {scheduler_job.py:629} INFO - Processing file /home/airflow/.local/lib/python3.6/site-packages/airflow/example_dags/example_subdag_operator.py for tasks to queue
[2021-04-18 14:05:56,954] {logging_mixin.py:104} INFO - [2021-04-18 14:05:56,954] {dagbag.py:448} INFO - Filling up the DagBag from /home/airflow/.local/lib/python3.6/site-packages/airflow/example_dags/example_subdag_operator.py
[2021-04-18 14:05:56,993] {scheduler_job.py:639} INFO - DAG(s) dict_keys(['example_subdag_operator.section-1', 'example_subdag_operator.section-2', 'example_subdag_operator']) retrieved from /home/airflow/.local/lib/python3.6/site-packages/airflow/example_dags/example_subdag_operator.py
[2021-04-18 14:05:57,009] {logging_mixin.py:104} INFO - [2021-04-18 14:05:57,008] {dag.py:1818} INFO - Sync 3 DAGs
[2021-04-18 14:05:57,031] {logging_mixin.py:104} INFO - [2021-04-18 14:05:57,031] {dag.py:2273} INFO - Setting next_dagrun for example_subdag_operator to 2021-04-16 00:00:00+00:00
[2021-04-18 14:05:57,035] {logging_mixin.py:104} INFO - [2021-04-18 14:05:57,034] {dag.py:2273} INFO - Setting next_dagrun for example_subdag_operator.section-1 to None
[2021-04-18 14:05:57,036] {logging_mixin.py:104} INFO - [2021-04-18 14:05:57,036] {dag.py:2273} INFO - Setting next_dagrun for example_subdag_operator.section-2 to None
[2021-04-18 14:05:57,046] {logging_mixin.py:104} INFO - [2021-04-18 14:05:57,046] {dag.py:1818} INFO - Sync 2 DAGs
[2021-04-18 14:05:57,055] {logging_mixin.py:104} INFO - [2021-04-18 14:05:57,055] {dag.py:2273} INFO - Setting next_dagrun for example_subdag_operator.section-1 to None
[2021-04-18 14:05:57,056] {logging_mixin.py:104} INFO - [2021-04-18 14:05:57,056] {dag.py:2273} INFO - Setting next_dagrun for example_subdag_operator.section-2 to None
[2021-04-18 14:05:57,064] {scheduler_job.py:190} INFO - Processing /home/airflow/.local/lib/python3.6/site-packages/airflow/example_dags/example_subdag_operator.py took 0.120 seconds
[2021-04-18 14:06:27,565] {scheduler_job.py:182} INFO - Started process (PID=517) to work on /home/airflow/.local/lib/python3.6/site-packages/airflow/example_dags/example_subdag_operator.py
[2021-04-18 14:06:27,570] {scheduler_job.py:629} INFO - Processing file /home/airflow/.local/lib/python3.6/site-packages/airflow/example_dags/example_subdag_operator.py for tasks to queue
[2021-04-18 14:06:27,575] {logging_mixin.py:104} INFO - [2021-04-18 14:06:27,574] {dagbag.py:448} INFO - Filling up the DagBag from /home/airflow/.local/lib/python3.6/site-packages/airflow/example_dags/example_subdag_operator.py
[2021-04-18 14:06:27,648] {scheduler_job.py:639} INFO - DAG(s) dict_keys(['example_subdag_operator.section-1', 'example_subdag_operator.section-2', 'example_subdag_operator']) retrieved from /home/airflow/.local/lib/python3.6/site-packages/airflow/example_dags/example_subdag_operator.py
[2021-04-18 14:06:27,688] {logging_mixin.py:104} INFO - [2021-04-18 14:06:27,687] {dag.py:1818} INFO - Sync 3 DAGs
[2021-04-18 14:06:27,717] {logging_mixin.py:104} INFO - [2021-04-18 14:06:27,717] {dag.py:2273} INFO - Setting next_dagrun for example_subdag_operator to 2021-04-16 00:00:00+00:00
[2021-04-18 14:06:27,720] {logging_mixin.py:104} INFO - [2021-04-18 14:06:27,720] {dag.py:2273} INFO - Setting next_dagrun for example_subdag_operator.section-1 to None
[2021-04-18 14:06:27,722] {logging_mixin.py:104} INFO - [2021-04-18 14:06:27,722] {dag.py:2273} INFO - Setting next_dagrun for example_subdag_operator.section-2 to None
[2021-04-18 14:06:27,730] {logging_mixin.py:104} INFO - [2021-04-18 14:06:27,730] {dag.py:1818} INFO - Sync 2 DAGs
[2021-04-18 14:06:27,749] {logging_mixin.py:104} INFO - [2021-04-18 14:06:27,749] {dag.py:2273} INFO - Setting next_dagrun for example_subdag_operator.section-1 to None
[2021-04-18 14:06:27,750] {logging_mixin.py:104} INFO - [2021-04-18 14:06:27,750] {dag.py:2273} INFO - Setting next_dagrun for example_subdag_operator.section-2 to None
[2021-04-18 14:06:27,762] {scheduler_job.py:190} INFO - Processing /home/airflow/.local/lib/python3.6/site-packages/airflow/example_dags/example_subdag_operator.py took 0.209 seconds
[2021-04-18 14:06:58,110] {scheduler_job.py:182} INFO - Started process (PID=545) to work on /home/airflow/.local/lib/python3.6/site-packages/airflow/example_dags/example_subdag_operator.py
[2021-04-18 14:06:58,112] {scheduler_job.py:629} INFO - Processing file /home/airflow/.local/lib/python3.6/site-packages/airflow/example_dags/example_subdag_operator.py for tasks to queue
[2021-04-18 14:06:58,114] {logging_mixin.py:104} INFO - [2021-04-18 14:06:58,114] {dagbag.py:448} INFO - Filling up the DagBag from /home/airflow/.local/lib/python3.6/site-packages/airflow/example_dags/example_subdag_operator.py
[2021-04-18 14:06:58,151] {scheduler_job.py:639} INFO - DAG(s) dict_keys(['example_subdag_operator.section-1', 'example_subdag_operator.section-2', 'example_subdag_operator']) retrieved from /home/airflow/.local/lib/python3.6/site-packages/airflow/example_dags/example_subdag_operator.py
[2021-04-18 14:06:58,165] {logging_mixin.py:104} INFO - [2021-04-18 14:06:58,165] {dag.py:1818} INFO - Sync 3 DAGs
[2021-04-18 14:06:58,184] {logging_mixin.py:104} INFO - [2021-04-18 14:06:58,184] {dag.py:2273} INFO - Setting next_dagrun for example_subdag_operator to 2021-04-16 00:00:00+00:00
[2021-04-18 14:06:58,186] {logging_mixin.py:104} INFO - [2021-04-18 14:06:58,185] {dag.py:2273} INFO - Setting next_dagrun for example_subdag_operator.section-1 to None
[2021-04-18 14:06:58,187] {logging_mixin.py:104} INFO - [2021-04-18 14:06:58,187] {dag.py:2273} INFO - Setting next_dagrun for example_subdag_operator.section-2 to None
[2021-04-18 14:06:58,195] {logging_mixin.py:104} INFO - [2021-04-18 14:06:58,195] {dag.py:1818} INFO - Sync 2 DAGs
[2021-04-18 14:06:58,204] {logging_mixin.py:104} INFO - [2021-04-18 14:06:58,203] {dag.py:2273} INFO - Setting next_dagrun for example_subdag_operator.section-1 to None
[2021-04-18 14:06:58,206] {logging_mixin.py:104} INFO - [2021-04-18 14:06:58,205] {dag.py:2273} INFO - Setting next_dagrun for example_subdag_operator.section-2 to None
[2021-04-18 14:06:58,222] {scheduler_job.py:190} INFO - Processing /home/airflow/.local/lib/python3.6/site-packages/airflow/example_dags/example_subdag_operator.py took 0.118 seconds
[2021-04-18 14:07:29,137] {scheduler_job.py:182} INFO - Started process (PID=573) to work on /home/airflow/.local/lib/python3.6/site-packages/airflow/example_dags/example_subdag_operator.py
[2021-04-18 14:07:29,139] {scheduler_job.py:629} INFO - Processing file /home/airflow/.local/lib/python3.6/site-packages/airflow/example_dags/example_subdag_operator.py for tasks to queue
[2021-04-18 14:07:29,141] {logging_mixin.py:104} INFO - [2021-04-18 14:07:29,140] {dagbag.py:448} INFO - Filling up the DagBag from /home/airflow/.local/lib/python3.6/site-packages/airflow/example_dags/example_subdag_operator.py
[2021-04-18 14:07:29,181] {scheduler_job.py:639} INFO - DAG(s) dict_keys(['example_subdag_operator.section-1', 'example_subdag_operator.section-2', 'example_subdag_operator']) retrieved from /home/airflow/.local/lib/python3.6/site-packages/airflow/example_dags/example_subdag_operator.py
[2021-04-18 14:07:29,196] {logging_mixin.py:104} INFO - [2021-04-18 14:07:29,196] {dag.py:1818} INFO - Sync 3 DAGs
[2021-04-18 14:07:29,215] {logging_mixin.py:104} INFO - [2021-04-18 14:07:29,215] {dag.py:2273} INFO - Setting next_dagrun for example_subdag_operator to 2021-04-16 00:00:00+00:00
[2021-04-18 14:07:29,217] {logging_mixin.py:104} INFO - [2021-04-18 14:07:29,217] {dag.py:2273} INFO - Setting next_dagrun for example_subdag_operator.section-1 to None
[2021-04-18 14:07:29,218] {logging_mixin.py:104} INFO - [2021-04-18 14:07:29,218] {dag.py:2273} INFO - Setting next_dagrun for example_subdag_operator.section-2 to None
[2021-04-18 14:07:29,226] {logging_mixin.py:104} INFO - [2021-04-18 14:07:29,226] {dag.py:1818} INFO - Sync 2 DAGs
[2021-04-18 14:07:29,239] {logging_mixin.py:104} INFO - [2021-04-18 14:07:29,239] {dag.py:2273} INFO - Setting next_dagrun for example_subdag_operator.section-1 to None
[2021-04-18 14:07:29,241] {logging_mixin.py:104} INFO - [2021-04-18 14:07:29,241] {dag.py:2273} INFO - Setting next_dagrun for example_subdag_operator.section-2 to None
[2021-04-18 14:07:29,252] {scheduler_job.py:190} INFO - Processing /home/airflow/.local/lib/python3.6/site-packages/airflow/example_dags/example_subdag_operator.py took 0.121 seconds
[2021-04-18 14:07:59,712] {scheduler_job.py:182} INFO - Started process (PID=601) to work on /home/airflow/.local/lib/python3.6/site-packages/airflow/example_dags/example_subdag_operator.py
[2021-04-18 14:07:59,714] {scheduler_job.py:629} INFO - Processing file /home/airflow/.local/lib/python3.6/site-packages/airflow/example_dags/example_subdag_operator.py for tasks to queue
[2021-04-18 14:07:59,717] {logging_mixin.py:104} INFO - [2021-04-18 14:07:59,717] {dagbag.py:448} INFO - Filling up the DagBag from /home/airflow/.local/lib/python3.6/site-packages/airflow/example_dags/example_subdag_operator.py
[2021-04-18 14:07:59,770] {scheduler_job.py:639} INFO - DAG(s) dict_keys(['example_subdag_operator.section-1', 'example_subdag_operator.section-2', 'example_subdag_operator']) retrieved from /home/airflow/.local/lib/python3.6/site-packages/airflow/example_dags/example_subdag_operator.py
[2021-04-18 14:07:59,786] {logging_mixin.py:104} INFO - [2021-04-18 14:07:59,786] {dag.py:1818} INFO - Sync 3 DAGs
[2021-04-18 14:07:59,814] {logging_mixin.py:104} INFO - [2021-04-18 14:07:59,814] {dag.py:2273} INFO - Setting next_dagrun for example_subdag_operator to 2021-04-16 00:00:00+00:00
[2021-04-18 14:07:59,817] {logging_mixin.py:104} INFO - [2021-04-18 14:07:59,817] {dag.py:2273} INFO - Setting next_dagrun for example_subdag_operator.section-1 to None
[2021-04-18 14:07:59,819] {logging_mixin.py:104} INFO - [2021-04-18 14:07:59,819] {dag.py:2273} INFO - Setting next_dagrun for example_subdag_operator.section-2 to None
[2021-04-18 14:07:59,828] {logging_mixin.py:104} INFO - [2021-04-18 14:07:59,828] {dag.py:1818} INFO - Sync 2 DAGs
[2021-04-18 14:07:59,836] {logging_mixin.py:104} INFO - [2021-04-18 14:07:59,836] {dag.py:2273} INFO - Setting next_dagrun for example_subdag_operator.section-1 to None
[2021-04-18 14:07:59,837] {logging_mixin.py:104} INFO - [2021-04-18 14:07:59,837] {dag.py:2273} INFO - Setting next_dagrun for example_subdag_operator.section-2 to None
[2021-04-18 14:07:59,844] {scheduler_job.py:190} INFO - Processing /home/airflow/.local/lib/python3.6/site-packages/airflow/example_dags/example_subdag_operator.py took 0.139 seconds
[2021-04-18 14:08:30,389] {scheduler_job.py:182} INFO - Started process (PID=629) to work on /home/airflow/.local/lib/python3.6/site-packages/airflow/example_dags/example_subdag_operator.py
[2021-04-18 14:08:30,394] {scheduler_job.py:629} INFO - Processing file /home/airflow/.local/lib/python3.6/site-packages/airflow/example_dags/example_subdag_operator.py for tasks to queue
[2021-04-18 14:08:30,396] {logging_mixin.py:104} INFO - [2021-04-18 14:08:30,396] {dagbag.py:448} INFO - Filling up the DagBag from /home/airflow/.local/lib/python3.6/site-packages/airflow/example_dags/example_subdag_operator.py
[2021-04-18 14:08:30,461] {scheduler_job.py:639} INFO - DAG(s) dict_keys(['example_subdag_operator.section-1', 'example_subdag_operator.section-2', 'example_subdag_operator']) retrieved from /home/airflow/.local/lib/python3.6/site-packages/airflow/example_dags/example_subdag_operator.py
[2021-04-18 14:08:30,492] {logging_mixin.py:104} INFO - [2021-04-18 14:08:30,492] {dag.py:1818} INFO - Sync 3 DAGs
[2021-04-18 14:08:30,523] {logging_mixin.py:104} INFO - [2021-04-18 14:08:30,523] {dag.py:2273} INFO - Setting next_dagrun for example_subdag_operator to 2021-04-16 00:00:00+00:00
[2021-04-18 14:08:30,526] {logging_mixin.py:104} INFO - [2021-04-18 14:08:30,526] {dag.py:2273} INFO - Setting next_dagrun for example_subdag_operator.section-1 to None
[2021-04-18 14:08:30,528] {logging_mixin.py:104} INFO - [2021-04-18 14:08:30,528] {dag.py:2273} INFO - Setting next_dagrun for example_subdag_operator.section-2 to None
[2021-04-18 14:08:30,538] {logging_mixin.py:104} INFO - [2021-04-18 14:08:30,538] {dag.py:1818} INFO - Sync 2 DAGs
[2021-04-18 14:08:30,550] {logging_mixin.py:104} INFO - [2021-04-18 14:08:30,550] {dag.py:2273} INFO - Setting next_dagrun for example_subdag_operator.section-1 to None
[2021-04-18 14:08:30,551] {logging_mixin.py:104} INFO - [2021-04-18 14:08:30,551] {dag.py:2273} INFO - Setting next_dagrun for example_subdag_operator.section-2 to None
[2021-04-18 14:08:30,561] {scheduler_job.py:190} INFO - Processing /home/airflow/.local/lib/python3.6/site-packages/airflow/example_dags/example_subdag_operator.py took 0.187 seconds
[2021-04-18 14:09:00,701] {scheduler_job.py:182} INFO - Started process (PID=657) to work on /home/airflow/.local/lib/python3.6/site-packages/airflow/example_dags/example_subdag_operator.py
[2021-04-18 14:09:00,706] {scheduler_job.py:629} INFO - Processing file /home/airflow/.local/lib/python3.6/site-packages/airflow/example_dags/example_subdag_operator.py for tasks to queue
[2021-04-18 14:09:00,710] {logging_mixin.py:104} INFO - [2021-04-18 14:09:00,710] {dagbag.py:448} INFO - Filling up the DagBag from /home/airflow/.local/lib/python3.6/site-packages/airflow/example_dags/example_subdag_operator.py
[2021-04-18 14:09:00,751] {scheduler_job.py:639} INFO - DAG(s) dict_keys(['example_subdag_operator.section-1', 'example_subdag_operator.section-2', 'example_subdag_operator']) retrieved from /home/airflow/.local/lib/python3.6/site-packages/airflow/example_dags/example_subdag_operator.py
[2021-04-18 14:09:00,765] {logging_mixin.py:104} INFO - [2021-04-18 14:09:00,765] {dag.py:1818} INFO - Sync 3 DAGs
[2021-04-18 14:09:00,787] {logging_mixin.py:104} INFO - [2021-04-18 14:09:00,787] {dag.py:2273} INFO - Setting next_dagrun for example_subdag_operator to 2021-04-16 00:00:00+00:00
[2021-04-18 14:09:00,799] {logging_mixin.py:104} INFO - [2021-04-18 14:09:00,799] {dag.py:2273} INFO - Setting next_dagrun for example_subdag_operator.section-1 to None
[2021-04-18 14:09:00,801] {logging_mixin.py:104} INFO - [2021-04-18 14:09:00,801] {dag.py:2273} INFO - Setting next_dagrun for example_subdag_operator.section-2 to None
[2021-04-18 14:09:00,813] {logging_mixin.py:104} INFO - [2021-04-18 14:09:00,813] {dag.py:1818} INFO - Sync 2 DAGs
[2021-04-18 14:09:00,838] {logging_mixin.py:104} INFO - [2021-04-18 14:09:00,838] {dag.py:2273} INFO - Setting next_dagrun for example_subdag_operator.section-1 to None
[2021-04-18 14:09:00,842] {logging_mixin.py:104} INFO - [2021-04-18 14:09:00,842] {dag.py:2273} INFO - Setting next_dagrun for example_subdag_operator.section-2 to None
[2021-04-18 14:09:00,869] {scheduler_job.py:190} INFO - Processing /home/airflow/.local/lib/python3.6/site-packages/airflow/example_dags/example_subdag_operator.py took 0.172 seconds
[2021-04-18 14:09:31,825] {scheduler_job.py:182} INFO - Started process (PID=685) to work on /home/airflow/.local/lib/python3.6/site-packages/airflow/example_dags/example_subdag_operator.py
[2021-04-18 14:09:31,831] {scheduler_job.py:629} INFO - Processing file /home/airflow/.local/lib/python3.6/site-packages/airflow/example_dags/example_subdag_operator.py for tasks to queue
[2021-04-18 14:09:31,834] {logging_mixin.py:104} INFO - [2021-04-18 14:09:31,834] {dagbag.py:448} INFO - Filling up the DagBag from /home/airflow/.local/lib/python3.6/site-packages/airflow/example_dags/example_subdag_operator.py
[2021-04-18 14:09:31,919] {scheduler_job.py:639} INFO - DAG(s) dict_keys(['example_subdag_operator.section-1', 'example_subdag_operator.section-2', 'example_subdag_operator']) retrieved from /home/airflow/.local/lib/python3.6/site-packages/airflow/example_dags/example_subdag_operator.py
[2021-04-18 14:09:31,976] {logging_mixin.py:104} INFO - [2021-04-18 14:09:31,976] {dag.py:1818} INFO - Sync 3 DAGs
[2021-04-18 14:09:32,002] {logging_mixin.py:104} INFO - [2021-04-18 14:09:32,002] {dag.py:2273} INFO - Setting next_dagrun for example_subdag_operator to 2021-04-16 00:00:00+00:00
[2021-04-18 14:09:32,006] {logging_mixin.py:104} INFO - [2021-04-18 14:09:32,005] {dag.py:2273} INFO - Setting next_dagrun for example_subdag_operator.section-1 to None
[2021-04-18 14:09:32,009] {logging_mixin.py:104} INFO - [2021-04-18 14:09:32,008] {dag.py:2273} INFO - Setting next_dagrun for example_subdag_operator.section-2 to None
[2021-04-18 14:09:32,024] {logging_mixin.py:104} INFO - [2021-04-18 14:09:32,024] {dag.py:1818} INFO - Sync 2 DAGs
[2021-04-18 14:09:32,038] {logging_mixin.py:104} INFO - [2021-04-18 14:09:32,038] {dag.py:2273} INFO - Setting next_dagrun for example_subdag_operator.section-1 to None
[2021-04-18 14:09:32,045] {logging_mixin.py:104} INFO - [2021-04-18 14:09:32,044] {dag.py:2273} INFO - Setting next_dagrun for example_subdag_operator.section-2 to None
[2021-04-18 14:09:32,063] {scheduler_job.py:190} INFO - Processing /home/airflow/.local/lib/python3.6/site-packages/airflow/example_dags/example_subdag_operator.py took 0.244 seconds
[2021-04-18 14:10:03,717] {scheduler_job.py:182} INFO - Started process (PID=704) to work on /home/airflow/.local/lib/python3.6/site-packages/airflow/example_dags/example_subdag_operator.py
[2021-04-18 14:10:03,719] {scheduler_job.py:629} INFO - Processing file /home/airflow/.local/lib/python3.6/site-packages/airflow/example_dags/example_subdag_operator.py for tasks to queue
[2021-04-18 14:10:03,721] {logging_mixin.py:104} INFO - [2021-04-18 14:10:03,720] {dagbag.py:448} INFO - Filling up the DagBag from /home/airflow/.local/lib/python3.6/site-packages/airflow/example_dags/example_subdag_operator.py
[2021-04-18 14:10:03,755] {scheduler_job.py:639} INFO - DAG(s) dict_keys(['example_subdag_operator.section-1', 'example_subdag_operator.section-2', 'example_subdag_operator']) retrieved from /home/airflow/.local/lib/python3.6/site-packages/airflow/example_dags/example_subdag_operator.py
[2021-04-18 14:10:03,767] {logging_mixin.py:104} INFO - [2021-04-18 14:10:03,767] {dag.py:1818} INFO - Sync 3 DAGs
[2021-04-18 14:10:03,783] {logging_mixin.py:104} INFO - [2021-04-18 14:10:03,783] {dag.py:2273} INFO - Setting next_dagrun for example_subdag_operator to 2021-04-16 00:00:00+00:00
[2021-04-18 14:10:03,785] {logging_mixin.py:104} INFO - [2021-04-18 14:10:03,785] {dag.py:2273} INFO - Setting next_dagrun for example_subdag_operator.section-1 to None
[2021-04-18 14:10:03,786] {logging_mixin.py:104} INFO - [2021-04-18 14:10:03,786] {dag.py:2273} INFO - Setting next_dagrun for example_subdag_operator.section-2 to None
[2021-04-18 14:10:03,793] {logging_mixin.py:104} INFO - [2021-04-18 14:10:03,793] {dag.py:1818} INFO - Sync 2 DAGs
[2021-04-18 14:10:03,802] {logging_mixin.py:104} INFO - [2021-04-18 14:10:03,802] {dag.py:2273} INFO - Setting next_dagrun for example_subdag_operator.section-1 to None
[2021-04-18 14:10:03,803] {logging_mixin.py:104} INFO - [2021-04-18 14:10:03,803] {dag.py:2273} INFO - Setting next_dagrun for example_subdag_operator.section-2 to None
[2021-04-18 14:10:03,809] {scheduler_job.py:190} INFO - Processing /home/airflow/.local/lib/python3.6/site-packages/airflow/example_dags/example_subdag_operator.py took 0.095 seconds
[2021-04-18 14:10:33,940] {scheduler_job.py:182} INFO - Started process (PID=730) to work on /home/airflow/.local/lib/python3.6/site-packages/airflow/example_dags/example_subdag_operator.py
[2021-04-18 14:10:33,948] {scheduler_job.py:629} INFO - Processing file /home/airflow/.local/lib/python3.6/site-packages/airflow/example_dags/example_subdag_operator.py for tasks to queue
[2021-04-18 14:10:33,952] {logging_mixin.py:104} INFO - [2021-04-18 14:10:33,952] {dagbag.py:448} INFO - Filling up the DagBag from /home/airflow/.local/lib/python3.6/site-packages/airflow/example_dags/example_subdag_operator.py
[2021-04-18 14:10:34,008] {scheduler_job.py:639} INFO - DAG(s) dict_keys(['example_subdag_operator.section-1', 'example_subdag_operator.section-2', 'example_subdag_operator']) retrieved from /home/airflow/.local/lib/python3.6/site-packages/airflow/example_dags/example_subdag_operator.py
[2021-04-18 14:10:34,022] {logging_mixin.py:104} INFO - [2021-04-18 14:10:34,022] {dag.py:1818} INFO - Sync 3 DAGs
[2021-04-18 14:10:34,073] {logging_mixin.py:104} INFO - [2021-04-18 14:10:34,072] {dag.py:2273} INFO - Setting next_dagrun for example_subdag_operator to 2021-04-16 00:00:00+00:00
[2021-04-18 14:10:34,075] {logging_mixin.py:104} INFO - [2021-04-18 14:10:34,075] {dag.py:2273} INFO - Setting next_dagrun for example_subdag_operator.section-1 to None
[2021-04-18 14:10:34,084] {logging_mixin.py:104} INFO - [2021-04-18 14:10:34,084] {dag.py:2273} INFO - Setting next_dagrun for example_subdag_operator.section-2 to None
[2021-04-18 14:10:34,098] {logging_mixin.py:104} INFO - [2021-04-18 14:10:34,098] {dag.py:1818} INFO - Sync 2 DAGs
[2021-04-18 14:10:34,121] {logging_mixin.py:104} INFO - [2021-04-18 14:10:34,121] {dag.py:2273} INFO - Setting next_dagrun for example_subdag_operator.section-1 to None
[2021-04-18 14:10:34,125] {logging_mixin.py:104} INFO - [2021-04-18 14:10:34,125] {dag.py:2273} INFO - Setting next_dagrun for example_subdag_operator.section-2 to None
[2021-04-18 14:10:34,135] {scheduler_job.py:190} INFO - Processing /home/airflow/.local/lib/python3.6/site-packages/airflow/example_dags/example_subdag_operator.py took 0.208 seconds
[2021-04-18 14:11:04,267] {scheduler_job.py:182} INFO - Started process (PID=758) to work on /home/airflow/.local/lib/python3.6/site-packages/airflow/example_dags/example_subdag_operator.py
[2021-04-18 14:11:04,271] {scheduler_job.py:629} INFO - Processing file /home/airflow/.local/lib/python3.6/site-packages/airflow/example_dags/example_subdag_operator.py for tasks to queue
[2021-04-18 14:11:04,273] {logging_mixin.py:104} INFO - [2021-04-18 14:11:04,273] {dagbag.py:448} INFO - Filling up the DagBag from /home/airflow/.local/lib/python3.6/site-packages/airflow/example_dags/example_subdag_operator.py
[2021-04-18 14:11:04,335] {scheduler_job.py:639} INFO - DAG(s) dict_keys(['example_subdag_operator.section-1', 'example_subdag_operator.section-2', 'example_subdag_operator']) retrieved from /home/airflow/.local/lib/python3.6/site-packages/airflow/example_dags/example_subdag_operator.py
[2021-04-18 14:11:04,362] {logging_mixin.py:104} INFO - [2021-04-18 14:11:04,362] {dag.py:1818} INFO - Sync 3 DAGs
[2021-04-18 14:11:04,403] {logging_mixin.py:104} INFO - [2021-04-18 14:11:04,403] {dag.py:2273} INFO - Setting next_dagrun for example_subdag_operator to 2021-04-16 00:00:00+00:00
[2021-04-18 14:11:04,407] {logging_mixin.py:104} INFO - [2021-04-18 14:11:04,407] {dag.py:2273} INFO - Setting next_dagrun for example_subdag_operator.section-1 to None
[2021-04-18 14:11:04,409] {logging_mixin.py:104} INFO - [2021-04-18 14:11:04,409] {dag.py:2273} INFO - Setting next_dagrun for example_subdag_operator.section-2 to None
[2021-04-18 14:11:04,424] {logging_mixin.py:104} INFO - [2021-04-18 14:11:04,424] {dag.py:1818} INFO - Sync 2 DAGs
[2021-04-18 14:11:04,437] {logging_mixin.py:104} INFO - [2021-04-18 14:11:04,437] {dag.py:2273} INFO - Setting next_dagrun for example_subdag_operator.section-1 to None
[2021-04-18 14:11:04,439] {logging_mixin.py:104} INFO - [2021-04-18 14:11:04,439] {dag.py:2273} INFO - Setting next_dagrun for example_subdag_operator.section-2 to None
[2021-04-18 14:11:04,450] {scheduler_job.py:190} INFO - Processing /home/airflow/.local/lib/python3.6/site-packages/airflow/example_dags/example_subdag_operator.py took 0.186 seconds
[2021-04-18 14:11:35,302] {scheduler_job.py:182} INFO - Started process (PID=786) to work on /home/airflow/.local/lib/python3.6/site-packages/airflow/example_dags/example_subdag_operator.py
[2021-04-18 14:11:35,312] {scheduler_job.py:629} INFO - Processing file /home/airflow/.local/lib/python3.6/site-packages/airflow/example_dags/example_subdag_operator.py for tasks to queue
[2021-04-18 14:11:35,315] {logging_mixin.py:104} INFO - [2021-04-18 14:11:35,315] {dagbag.py:448} INFO - Filling up the DagBag from /home/airflow/.local/lib/python3.6/site-packages/airflow/example_dags/example_subdag_operator.py
[2021-04-18 14:11:35,377] {scheduler_job.py:639} INFO - DAG(s) dict_keys(['example_subdag_operator.section-1', 'example_subdag_operator.section-2', 'example_subdag_operator']) retrieved from /home/airflow/.local/lib/python3.6/site-packages/airflow/example_dags/example_subdag_operator.py
[2021-04-18 14:11:35,395] {logging_mixin.py:104} INFO - [2021-04-18 14:11:35,395] {dag.py:1818} INFO - Sync 3 DAGs
[2021-04-18 14:11:35,438] {logging_mixin.py:104} INFO - [2021-04-18 14:11:35,438] {dag.py:2273} INFO - Setting next_dagrun for example_subdag_operator to 2021-04-16 00:00:00+00:00
[2021-04-18 14:11:35,441] {logging_mixin.py:104} INFO - [2021-04-18 14:11:35,440] {dag.py:2273} INFO - Setting next_dagrun for example_subdag_operator.section-1 to None
[2021-04-18 14:11:35,447] {logging_mixin.py:104} INFO - [2021-04-18 14:11:35,446] {dag.py:2273} INFO - Setting next_dagrun for example_subdag_operator.section-2 to None
[2021-04-18 14:11:35,457] {logging_mixin.py:104} INFO - [2021-04-18 14:11:35,457] {dag.py:1818} INFO - Sync 2 DAGs
[2021-04-18 14:11:35,466] {logging_mixin.py:104} INFO - [2021-04-18 14:11:35,466] {dag.py:2273} INFO - Setting next_dagrun for example_subdag_operator.section-1 to None
[2021-04-18 14:11:35,468] {logging_mixin.py:104} INFO - [2021-04-18 14:11:35,467] {dag.py:2273} INFO - Setting next_dagrun for example_subdag_operator.section-2 to None
[2021-04-18 14:11:35,481] {scheduler_job.py:190} INFO - Processing /home/airflow/.local/lib/python3.6/site-packages/airflow/example_dags/example_subdag_operator.py took 0.187 seconds
[2021-04-18 14:12:35,501] {scheduler_job.py:182} INFO - Started process (PID=32) to work on /home/airflow/.local/lib/python3.6/site-packages/airflow/example_dags/example_subdag_operator.py
[2021-04-18 14:12:35,506] {scheduler_job.py:629} INFO - Processing file /home/airflow/.local/lib/python3.6/site-packages/airflow/example_dags/example_subdag_operator.py for tasks to queue
[2021-04-18 14:12:35,509] {logging_mixin.py:104} INFO - [2021-04-18 14:12:35,509] {dagbag.py:448} INFO - Filling up the DagBag from /home/airflow/.local/lib/python3.6/site-packages/airflow/example_dags/example_subdag_operator.py
[2021-04-18 14:12:35,702] {scheduler_job.py:639} INFO - DAG(s) dict_keys(['example_subdag_operator.section-1', 'example_subdag_operator.section-2', 'example_subdag_operator']) retrieved from /home/airflow/.local/lib/python3.6/site-packages/airflow/example_dags/example_subdag_operator.py
[2021-04-18 14:12:35,812] {logging_mixin.py:104} INFO - [2021-04-18 14:12:35,811] {dag.py:1818} INFO - Sync 3 DAGs
[2021-04-18 14:12:35,921] {logging_mixin.py:104} INFO - [2021-04-18 14:12:35,921] {dag.py:2273} INFO - Setting next_dagrun for example_subdag_operator to 2021-04-16 00:00:00+00:00
[2021-04-18 14:12:35,932] {logging_mixin.py:104} INFO - [2021-04-18 14:12:35,932] {dag.py:2273} INFO - Setting next_dagrun for example_subdag_operator.section-1 to None
[2021-04-18 14:12:35,945] {logging_mixin.py:104} INFO - [2021-04-18 14:12:35,945] {dag.py:2273} INFO - Setting next_dagrun for example_subdag_operator.section-2 to None
[2021-04-18 14:12:35,989] {logging_mixin.py:104} INFO - [2021-04-18 14:12:35,989] {dag.py:1818} INFO - Sync 2 DAGs
[2021-04-18 14:12:36,052] {logging_mixin.py:104} INFO - [2021-04-18 14:12:36,052] {dag.py:2273} INFO - Setting next_dagrun for example_subdag_operator.section-1 to None
[2021-04-18 14:12:36,056] {logging_mixin.py:104} INFO - [2021-04-18 14:12:36,056] {dag.py:2273} INFO - Setting next_dagrun for example_subdag_operator.section-2 to None
[2021-04-18 14:12:36,125] {scheduler_job.py:190} INFO - Processing /home/airflow/.local/lib/python3.6/site-packages/airflow/example_dags/example_subdag_operator.py took 0.653 seconds
[2021-04-18 14:13:06,768] {scheduler_job.py:182} INFO - Started process (PID=60) to work on /home/airflow/.local/lib/python3.6/site-packages/airflow/example_dags/example_subdag_operator.py
[2021-04-18 14:13:06,774] {scheduler_job.py:629} INFO - Processing file /home/airflow/.local/lib/python3.6/site-packages/airflow/example_dags/example_subdag_operator.py for tasks to queue
[2021-04-18 14:13:06,779] {logging_mixin.py:104} INFO - [2021-04-18 14:13:06,778] {dagbag.py:448} INFO - Filling up the DagBag from /home/airflow/.local/lib/python3.6/site-packages/airflow/example_dags/example_subdag_operator.py
[2021-04-18 14:13:06,872] {scheduler_job.py:639} INFO - DAG(s) dict_keys(['example_subdag_operator.section-1', 'example_subdag_operator.section-2', 'example_subdag_operator']) retrieved from /home/airflow/.local/lib/python3.6/site-packages/airflow/example_dags/example_subdag_operator.py
[2021-04-18 14:13:06,921] {logging_mixin.py:104} INFO - [2021-04-18 14:13:06,921] {dag.py:1818} INFO - Sync 3 DAGs
[2021-04-18 14:13:06,980] {logging_mixin.py:104} INFO - [2021-04-18 14:13:06,970] {dag.py:2273} INFO - Setting next_dagrun for example_subdag_operator to 2021-04-16 00:00:00+00:00
[2021-04-18 14:13:07,028] {logging_mixin.py:104} INFO - [2021-04-18 14:13:07,028] {dag.py:2273} INFO - Setting next_dagrun for example_subdag_operator.section-1 to None
[2021-04-18 14:13:07,032] {logging_mixin.py:104} INFO - [2021-04-18 14:13:07,032] {dag.py:2273} INFO - Setting next_dagrun for example_subdag_operator.section-2 to None
[2021-04-18 14:13:07,062] {logging_mixin.py:104} INFO - [2021-04-18 14:13:07,061] {dag.py:1818} INFO - Sync 2 DAGs
[2021-04-18 14:13:07,153] {logging_mixin.py:104} INFO - [2021-04-18 14:13:07,153] {dag.py:2273} INFO - Setting next_dagrun for example_subdag_operator.section-1 to None
[2021-04-18 14:13:07,183] {logging_mixin.py:104} INFO - [2021-04-18 14:13:07,183] {dag.py:2273} INFO - Setting next_dagrun for example_subdag_operator.section-2 to None
[2021-04-18 14:13:07,255] {scheduler_job.py:190} INFO - Processing /home/airflow/.local/lib/python3.6/site-packages/airflow/example_dags/example_subdag_operator.py took 0.532 seconds
[2021-04-18 14:13:38,231] {scheduler_job.py:182} INFO - Started process (PID=88) to work on /home/airflow/.local/lib/python3.6/site-packages/airflow/example_dags/example_subdag_operator.py
[2021-04-18 14:13:38,235] {scheduler_job.py:629} INFO - Processing file /home/airflow/.local/lib/python3.6/site-packages/airflow/example_dags/example_subdag_operator.py for tasks to queue
[2021-04-18 14:13:38,240] {logging_mixin.py:104} INFO - [2021-04-18 14:13:38,239] {dagbag.py:448} INFO - Filling up the DagBag from /home/airflow/.local/lib/python3.6/site-packages/airflow/example_dags/example_subdag_operator.py
[2021-04-18 14:13:38,343] {scheduler_job.py:639} INFO - DAG(s) dict_keys(['example_subdag_operator.section-1', 'example_subdag_operator.section-2', 'example_subdag_operator']) retrieved from /home/airflow/.local/lib/python3.6/site-packages/airflow/example_dags/example_subdag_operator.py
[2021-04-18 14:13:38,387] {logging_mixin.py:104} INFO - [2021-04-18 14:13:38,386] {dag.py:1818} INFO - Sync 3 DAGs
[2021-04-18 14:13:38,508] {logging_mixin.py:104} INFO - [2021-04-18 14:13:38,508] {dag.py:2273} INFO - Setting next_dagrun for example_subdag_operator to 2021-04-16 00:00:00+00:00
[2021-04-18 14:13:38,512] {logging_mixin.py:104} INFO - [2021-04-18 14:13:38,511] {dag.py:2273} INFO - Setting next_dagrun for example_subdag_operator.section-1 to None
[2021-04-18 14:13:38,514] {logging_mixin.py:104} INFO - [2021-04-18 14:13:38,513] {dag.py:2273} INFO - Setting next_dagrun for example_subdag_operator.section-2 to None
[2021-04-18 14:13:38,531] {logging_mixin.py:104} INFO - [2021-04-18 14:13:38,531] {dag.py:1818} INFO - Sync 2 DAGs
[2021-04-18 14:13:38,555] {logging_mixin.py:104} INFO - [2021-04-18 14:13:38,555] {dag.py:2273} INFO - Setting next_dagrun for example_subdag_operator.section-1 to None
[2021-04-18 14:13:38,562] {logging_mixin.py:104} INFO - [2021-04-18 14:13:38,562] {dag.py:2273} INFO - Setting next_dagrun for example_subdag_operator.section-2 to None
[2021-04-18 14:13:38,578] {scheduler_job.py:190} INFO - Processing /home/airflow/.local/lib/python3.6/site-packages/airflow/example_dags/example_subdag_operator.py took 0.360 seconds
[2021-04-18 14:14:09,027] {scheduler_job.py:182} INFO - Started process (PID=124) to work on /home/airflow/.local/lib/python3.6/site-packages/airflow/example_dags/example_subdag_operator.py
[2021-04-18 14:14:09,030] {scheduler_job.py:629} INFO - Processing file /home/airflow/.local/lib/python3.6/site-packages/airflow/example_dags/example_subdag_operator.py for tasks to queue
[2021-04-18 14:14:09,031] {logging_mixin.py:104} INFO - [2021-04-18 14:14:09,031] {dagbag.py:448} INFO - Filling up the DagBag from /home/airflow/.local/lib/python3.6/site-packages/airflow/example_dags/example_subdag_operator.py
[2021-04-18 14:14:09,064] {scheduler_job.py:639} INFO - DAG(s) dict_keys(['example_subdag_operator.section-1', 'example_subdag_operator.section-2', 'example_subdag_operator']) retrieved from /home/airflow/.local/lib/python3.6/site-packages/airflow/example_dags/example_subdag_operator.py
[2021-04-18 14:14:09,077] {logging_mixin.py:104} INFO - [2021-04-18 14:14:09,077] {dag.py:1818} INFO - Sync 3 DAGs
[2021-04-18 14:14:09,096] {logging_mixin.py:104} INFO - [2021-04-18 14:14:09,096] {dag.py:2273} INFO - Setting next_dagrun for example_subdag_operator to 2021-04-16 00:00:00+00:00
[2021-04-18 14:14:09,098] {logging_mixin.py:104} INFO - [2021-04-18 14:14:09,098] {dag.py:2273} INFO - Setting next_dagrun for example_subdag_operator.section-1 to None
[2021-04-18 14:14:09,099] {logging_mixin.py:104} INFO - [2021-04-18 14:14:09,099] {dag.py:2273} INFO - Setting next_dagrun for example_subdag_operator.section-2 to None
[2021-04-18 14:14:09,106] {logging_mixin.py:104} INFO - [2021-04-18 14:14:09,106] {dag.py:1818} INFO - Sync 2 DAGs
[2021-04-18 14:14:09,116] {logging_mixin.py:104} INFO - [2021-04-18 14:14:09,116] {dag.py:2273} INFO - Setting next_dagrun for example_subdag_operator.section-1 to None
[2021-04-18 14:14:09,117] {logging_mixin.py:104} INFO - [2021-04-18 14:14:09,117] {dag.py:2273} INFO - Setting next_dagrun for example_subdag_operator.section-2 to None
[2021-04-18 14:14:09,125] {scheduler_job.py:190} INFO - Processing /home/airflow/.local/lib/python3.6/site-packages/airflow/example_dags/example_subdag_operator.py took 0.103 seconds
