[2021-04-18 13:57:22,004] {scheduler_job.py:182} INFO - Started process (PID=32) to work on /home/airflow/.local/lib/python3.6/site-packages/airflow/example_dags/example_latest_only_with_trigger.py
[2021-04-18 13:57:22,024] {scheduler_job.py:629} INFO - Processing file /home/airflow/.local/lib/python3.6/site-packages/airflow/example_dags/example_latest_only_with_trigger.py for tasks to queue
[2021-04-18 13:57:22,032] {logging_mixin.py:104} INFO - [2021-04-18 13:57:22,032] {dagbag.py:448} INFO - Filling up the DagBag from /home/airflow/.local/lib/python3.6/site-packages/airflow/example_dags/example_latest_only_with_trigger.py
[2021-04-18 13:57:22,083] {scheduler_job.py:639} INFO - DAG(s) dict_keys(['latest_only_with_trigger']) retrieved from /home/airflow/.local/lib/python3.6/site-packages/airflow/example_dags/example_latest_only_with_trigger.py
[2021-04-18 13:57:22,247] {logging_mixin.py:104} INFO - [2021-04-18 13:57:22,247] {dag.py:1818} INFO - Sync 1 DAGs
[2021-04-18 13:57:22,298] {logging_mixin.py:104} INFO - [2021-04-18 13:57:22,298] {dag.py:1837} INFO - Creating ORM DAG for latest_only_with_trigger
[2021-04-18 13:57:22,332] {logging_mixin.py:104} INFO - [2021-04-18 13:57:22,332] {dag.py:2273} INFO - Setting next_dagrun for latest_only_with_trigger to 2021-04-16 00:00:00+00:00
[2021-04-18 13:57:22,399] {scheduler_job.py:190} INFO - Processing /home/airflow/.local/lib/python3.6/site-packages/airflow/example_dags/example_latest_only_with_trigger.py took 0.405 seconds
[2021-04-18 13:57:54,619] {scheduler_job.py:182} INFO - Started process (PID=65) to work on /home/airflow/.local/lib/python3.6/site-packages/airflow/example_dags/example_latest_only_with_trigger.py
[2021-04-18 13:57:54,628] {scheduler_job.py:629} INFO - Processing file /home/airflow/.local/lib/python3.6/site-packages/airflow/example_dags/example_latest_only_with_trigger.py for tasks to queue
[2021-04-18 13:57:54,632] {logging_mixin.py:104} INFO - [2021-04-18 13:57:54,632] {dagbag.py:448} INFO - Filling up the DagBag from /home/airflow/.local/lib/python3.6/site-packages/airflow/example_dags/example_latest_only_with_trigger.py
[2021-04-18 13:57:54,728] {scheduler_job.py:639} INFO - DAG(s) dict_keys(['latest_only_with_trigger']) retrieved from /home/airflow/.local/lib/python3.6/site-packages/airflow/example_dags/example_latest_only_with_trigger.py
[2021-04-18 13:57:54,937] {logging_mixin.py:104} INFO - [2021-04-18 13:57:54,936] {dag.py:1818} INFO - Sync 1 DAGs
[2021-04-18 13:57:55,056] {logging_mixin.py:104} INFO - [2021-04-18 13:57:55,055] {dag.py:2273} INFO - Setting next_dagrun for latest_only_with_trigger to 2021-04-16 00:00:00+00:00
[2021-04-18 13:57:55,103] {scheduler_job.py:190} INFO - Processing /home/airflow/.local/lib/python3.6/site-packages/airflow/example_dags/example_latest_only_with_trigger.py took 0.516 seconds
[2021-04-18 13:58:48,281] {scheduler_job.py:182} INFO - Started process (PID=96) to work on /home/airflow/.local/lib/python3.6/site-packages/airflow/example_dags/example_latest_only_with_trigger.py
[2021-04-18 13:58:48,286] {scheduler_job.py:629} INFO - Processing file /home/airflow/.local/lib/python3.6/site-packages/airflow/example_dags/example_latest_only_with_trigger.py for tasks to queue
[2021-04-18 13:58:48,289] {logging_mixin.py:104} INFO - [2021-04-18 13:58:48,288] {dagbag.py:448} INFO - Filling up the DagBag from /home/airflow/.local/lib/python3.6/site-packages/airflow/example_dags/example_latest_only_with_trigger.py
[2021-04-18 13:58:48,359] {scheduler_job.py:639} INFO - DAG(s) dict_keys(['latest_only_with_trigger']) retrieved from /home/airflow/.local/lib/python3.6/site-packages/airflow/example_dags/example_latest_only_with_trigger.py
[2021-04-18 13:58:48,472] {logging_mixin.py:104} INFO - [2021-04-18 13:58:48,471] {dag.py:1818} INFO - Sync 1 DAGs
[2021-04-18 13:58:48,538] {logging_mixin.py:104} INFO - [2021-04-18 13:58:48,538] {dag.py:2273} INFO - Setting next_dagrun for latest_only_with_trigger to 2021-04-16 00:00:00+00:00
[2021-04-18 13:58:48,574] {scheduler_job.py:190} INFO - Processing /home/airflow/.local/lib/python3.6/site-packages/airflow/example_dags/example_latest_only_with_trigger.py took 0.303 seconds
[2021-04-18 13:59:18,680] {scheduler_job.py:182} INFO - Started process (PID=123) to work on /home/airflow/.local/lib/python3.6/site-packages/airflow/example_dags/example_latest_only_with_trigger.py
[2021-04-18 13:59:18,684] {scheduler_job.py:629} INFO - Processing file /home/airflow/.local/lib/python3.6/site-packages/airflow/example_dags/example_latest_only_with_trigger.py for tasks to queue
[2021-04-18 13:59:18,689] {logging_mixin.py:104} INFO - [2021-04-18 13:59:18,688] {dagbag.py:448} INFO - Filling up the DagBag from /home/airflow/.local/lib/python3.6/site-packages/airflow/example_dags/example_latest_only_with_trigger.py
[2021-04-18 13:59:18,714] {scheduler_job.py:639} INFO - DAG(s) dict_keys(['latest_only_with_trigger']) retrieved from /home/airflow/.local/lib/python3.6/site-packages/airflow/example_dags/example_latest_only_with_trigger.py
[2021-04-18 13:59:18,764] {logging_mixin.py:104} INFO - [2021-04-18 13:59:18,763] {dag.py:1818} INFO - Sync 1 DAGs
[2021-04-18 13:59:18,797] {logging_mixin.py:104} INFO - [2021-04-18 13:59:18,796] {dag.py:2273} INFO - Setting next_dagrun for latest_only_with_trigger to 2021-04-16 00:00:00+00:00
[2021-04-18 13:59:18,817] {scheduler_job.py:190} INFO - Processing /home/airflow/.local/lib/python3.6/site-packages/airflow/example_dags/example_latest_only_with_trigger.py took 0.152 seconds
[2021-04-18 13:59:49,595] {scheduler_job.py:182} INFO - Started process (PID=151) to work on /home/airflow/.local/lib/python3.6/site-packages/airflow/example_dags/example_latest_only_with_trigger.py
[2021-04-18 13:59:49,599] {scheduler_job.py:629} INFO - Processing file /home/airflow/.local/lib/python3.6/site-packages/airflow/example_dags/example_latest_only_with_trigger.py for tasks to queue
[2021-04-18 13:59:49,603] {logging_mixin.py:104} INFO - [2021-04-18 13:59:49,602] {dagbag.py:448} INFO - Filling up the DagBag from /home/airflow/.local/lib/python3.6/site-packages/airflow/example_dags/example_latest_only_with_trigger.py
[2021-04-18 13:59:49,633] {scheduler_job.py:639} INFO - DAG(s) dict_keys(['latest_only_with_trigger']) retrieved from /home/airflow/.local/lib/python3.6/site-packages/airflow/example_dags/example_latest_only_with_trigger.py
[2021-04-18 13:59:49,666] {logging_mixin.py:104} INFO - [2021-04-18 13:59:49,666] {dag.py:1818} INFO - Sync 1 DAGs
[2021-04-18 13:59:49,691] {logging_mixin.py:104} INFO - [2021-04-18 13:59:49,690] {dag.py:2273} INFO - Setting next_dagrun for latest_only_with_trigger to 2021-04-16 00:00:00+00:00
[2021-04-18 13:59:49,706] {scheduler_job.py:190} INFO - Processing /home/airflow/.local/lib/python3.6/site-packages/airflow/example_dags/example_latest_only_with_trigger.py took 0.116 seconds
[2021-04-18 14:00:20,301] {scheduler_job.py:182} INFO - Started process (PID=179) to work on /home/airflow/.local/lib/python3.6/site-packages/airflow/example_dags/example_latest_only_with_trigger.py
[2021-04-18 14:00:20,312] {scheduler_job.py:629} INFO - Processing file /home/airflow/.local/lib/python3.6/site-packages/airflow/example_dags/example_latest_only_with_trigger.py for tasks to queue
[2021-04-18 14:00:20,316] {logging_mixin.py:104} INFO - [2021-04-18 14:00:20,316] {dagbag.py:448} INFO - Filling up the DagBag from /home/airflow/.local/lib/python3.6/site-packages/airflow/example_dags/example_latest_only_with_trigger.py
[2021-04-18 14:00:20,355] {scheduler_job.py:639} INFO - DAG(s) dict_keys(['latest_only_with_trigger']) retrieved from /home/airflow/.local/lib/python3.6/site-packages/airflow/example_dags/example_latest_only_with_trigger.py
[2021-04-18 14:00:20,406] {logging_mixin.py:104} INFO - [2021-04-18 14:00:20,406] {dag.py:1818} INFO - Sync 1 DAGs
[2021-04-18 14:00:20,452] {logging_mixin.py:104} INFO - [2021-04-18 14:00:20,452] {dag.py:2273} INFO - Setting next_dagrun for latest_only_with_trigger to 2021-04-16 00:00:00+00:00
[2021-04-18 14:00:20,467] {scheduler_job.py:190} INFO - Processing /home/airflow/.local/lib/python3.6/site-packages/airflow/example_dags/example_latest_only_with_trigger.py took 0.174 seconds
[2021-04-18 14:00:50,776] {scheduler_job.py:182} INFO - Started process (PID=207) to work on /home/airflow/.local/lib/python3.6/site-packages/airflow/example_dags/example_latest_only_with_trigger.py
[2021-04-18 14:00:50,778] {scheduler_job.py:629} INFO - Processing file /home/airflow/.local/lib/python3.6/site-packages/airflow/example_dags/example_latest_only_with_trigger.py for tasks to queue
[2021-04-18 14:00:50,781] {logging_mixin.py:104} INFO - [2021-04-18 14:00:50,780] {dagbag.py:448} INFO - Filling up the DagBag from /home/airflow/.local/lib/python3.6/site-packages/airflow/example_dags/example_latest_only_with_trigger.py
[2021-04-18 14:00:50,794] {scheduler_job.py:639} INFO - DAG(s) dict_keys(['latest_only_with_trigger']) retrieved from /home/airflow/.local/lib/python3.6/site-packages/airflow/example_dags/example_latest_only_with_trigger.py
[2021-04-18 14:00:50,818] {logging_mixin.py:104} INFO - [2021-04-18 14:00:50,818] {dag.py:1818} INFO - Sync 1 DAGs
[2021-04-18 14:00:50,870] {logging_mixin.py:104} INFO - [2021-04-18 14:00:50,869] {dag.py:2273} INFO - Setting next_dagrun for latest_only_with_trigger to 2021-04-16 00:00:00+00:00
[2021-04-18 14:00:50,883] {scheduler_job.py:190} INFO - Processing /home/airflow/.local/lib/python3.6/site-packages/airflow/example_dags/example_latest_only_with_trigger.py took 0.111 seconds
[2021-04-18 14:01:21,402] {scheduler_job.py:182} INFO - Started process (PID=235) to work on /home/airflow/.local/lib/python3.6/site-packages/airflow/example_dags/example_latest_only_with_trigger.py
[2021-04-18 14:01:21,408] {scheduler_job.py:629} INFO - Processing file /home/airflow/.local/lib/python3.6/site-packages/airflow/example_dags/example_latest_only_with_trigger.py for tasks to queue
[2021-04-18 14:01:21,411] {logging_mixin.py:104} INFO - [2021-04-18 14:01:21,411] {dagbag.py:448} INFO - Filling up the DagBag from /home/airflow/.local/lib/python3.6/site-packages/airflow/example_dags/example_latest_only_with_trigger.py
[2021-04-18 14:01:21,438] {scheduler_job.py:639} INFO - DAG(s) dict_keys(['latest_only_with_trigger']) retrieved from /home/airflow/.local/lib/python3.6/site-packages/airflow/example_dags/example_latest_only_with_trigger.py
[2021-04-18 14:01:21,482] {logging_mixin.py:104} INFO - [2021-04-18 14:01:21,482] {dag.py:1818} INFO - Sync 1 DAGs
[2021-04-18 14:01:21,512] {logging_mixin.py:104} INFO - [2021-04-18 14:01:21,511] {dag.py:2273} INFO - Setting next_dagrun for latest_only_with_trigger to 2021-04-16 00:00:00+00:00
[2021-04-18 14:01:21,536] {scheduler_job.py:190} INFO - Processing /home/airflow/.local/lib/python3.6/site-packages/airflow/example_dags/example_latest_only_with_trigger.py took 0.145 seconds
[2021-04-18 14:01:51,889] {scheduler_job.py:182} INFO - Started process (PID=263) to work on /home/airflow/.local/lib/python3.6/site-packages/airflow/example_dags/example_latest_only_with_trigger.py
[2021-04-18 14:01:51,891] {scheduler_job.py:629} INFO - Processing file /home/airflow/.local/lib/python3.6/site-packages/airflow/example_dags/example_latest_only_with_trigger.py for tasks to queue
[2021-04-18 14:01:51,893] {logging_mixin.py:104} INFO - [2021-04-18 14:01:51,893] {dagbag.py:448} INFO - Filling up the DagBag from /home/airflow/.local/lib/python3.6/site-packages/airflow/example_dags/example_latest_only_with_trigger.py
[2021-04-18 14:01:51,906] {scheduler_job.py:639} INFO - DAG(s) dict_keys(['latest_only_with_trigger']) retrieved from /home/airflow/.local/lib/python3.6/site-packages/airflow/example_dags/example_latest_only_with_trigger.py
[2021-04-18 14:01:51,940] {logging_mixin.py:104} INFO - [2021-04-18 14:01:51,940] {dag.py:1818} INFO - Sync 1 DAGs
[2021-04-18 14:01:51,958] {logging_mixin.py:104} INFO - [2021-04-18 14:01:51,958] {dag.py:2273} INFO - Setting next_dagrun for latest_only_with_trigger to 2021-04-16 00:00:00+00:00
[2021-04-18 14:01:51,968] {scheduler_job.py:190} INFO - Processing /home/airflow/.local/lib/python3.6/site-packages/airflow/example_dags/example_latest_only_with_trigger.py took 0.083 seconds
[2021-04-18 14:02:22,411] {scheduler_job.py:182} INFO - Started process (PID=291) to work on /home/airflow/.local/lib/python3.6/site-packages/airflow/example_dags/example_latest_only_with_trigger.py
[2021-04-18 14:02:22,414] {scheduler_job.py:629} INFO - Processing file /home/airflow/.local/lib/python3.6/site-packages/airflow/example_dags/example_latest_only_with_trigger.py for tasks to queue
[2021-04-18 14:02:22,416] {logging_mixin.py:104} INFO - [2021-04-18 14:02:22,415] {dagbag.py:448} INFO - Filling up the DagBag from /home/airflow/.local/lib/python3.6/site-packages/airflow/example_dags/example_latest_only_with_trigger.py
[2021-04-18 14:02:22,429] {scheduler_job.py:639} INFO - DAG(s) dict_keys(['latest_only_with_trigger']) retrieved from /home/airflow/.local/lib/python3.6/site-packages/airflow/example_dags/example_latest_only_with_trigger.py
[2021-04-18 14:02:22,455] {logging_mixin.py:104} INFO - [2021-04-18 14:02:22,455] {dag.py:1818} INFO - Sync 1 DAGs
[2021-04-18 14:02:22,472] {logging_mixin.py:104} INFO - [2021-04-18 14:02:22,472] {dag.py:2273} INFO - Setting next_dagrun for latest_only_with_trigger to 2021-04-16 00:00:00+00:00
[2021-04-18 14:02:22,482] {scheduler_job.py:190} INFO - Processing /home/airflow/.local/lib/python3.6/site-packages/airflow/example_dags/example_latest_only_with_trigger.py took 0.074 seconds
[2021-04-18 14:02:52,899] {scheduler_job.py:182} INFO - Started process (PID=319) to work on /home/airflow/.local/lib/python3.6/site-packages/airflow/example_dags/example_latest_only_with_trigger.py
[2021-04-18 14:02:52,902] {scheduler_job.py:629} INFO - Processing file /home/airflow/.local/lib/python3.6/site-packages/airflow/example_dags/example_latest_only_with_trigger.py for tasks to queue
[2021-04-18 14:02:52,907] {logging_mixin.py:104} INFO - [2021-04-18 14:02:52,907] {dagbag.py:448} INFO - Filling up the DagBag from /home/airflow/.local/lib/python3.6/site-packages/airflow/example_dags/example_latest_only_with_trigger.py
[2021-04-18 14:02:52,934] {scheduler_job.py:639} INFO - DAG(s) dict_keys(['latest_only_with_trigger']) retrieved from /home/airflow/.local/lib/python3.6/site-packages/airflow/example_dags/example_latest_only_with_trigger.py
[2021-04-18 14:02:52,975] {logging_mixin.py:104} INFO - [2021-04-18 14:02:52,975] {dag.py:1818} INFO - Sync 1 DAGs
[2021-04-18 14:02:52,997] {logging_mixin.py:104} INFO - [2021-04-18 14:02:52,997] {dag.py:2273} INFO - Setting next_dagrun for latest_only_with_trigger to 2021-04-16 00:00:00+00:00
[2021-04-18 14:02:53,007] {scheduler_job.py:190} INFO - Processing /home/airflow/.local/lib/python3.6/site-packages/airflow/example_dags/example_latest_only_with_trigger.py took 0.113 seconds
[2021-04-18 14:03:23,203] {scheduler_job.py:182} INFO - Started process (PID=347) to work on /home/airflow/.local/lib/python3.6/site-packages/airflow/example_dags/example_latest_only_with_trigger.py
[2021-04-18 14:03:23,209] {scheduler_job.py:629} INFO - Processing file /home/airflow/.local/lib/python3.6/site-packages/airflow/example_dags/example_latest_only_with_trigger.py for tasks to queue
[2021-04-18 14:03:23,213] {logging_mixin.py:104} INFO - [2021-04-18 14:03:23,213] {dagbag.py:448} INFO - Filling up the DagBag from /home/airflow/.local/lib/python3.6/site-packages/airflow/example_dags/example_latest_only_with_trigger.py
[2021-04-18 14:03:23,232] {scheduler_job.py:639} INFO - DAG(s) dict_keys(['latest_only_with_trigger']) retrieved from /home/airflow/.local/lib/python3.6/site-packages/airflow/example_dags/example_latest_only_with_trigger.py
[2021-04-18 14:03:23,270] {logging_mixin.py:104} INFO - [2021-04-18 14:03:23,270] {dag.py:1818} INFO - Sync 1 DAGs
[2021-04-18 14:03:23,297] {logging_mixin.py:104} INFO - [2021-04-18 14:03:23,296] {dag.py:2273} INFO - Setting next_dagrun for latest_only_with_trigger to 2021-04-16 00:00:00+00:00
[2021-04-18 14:03:23,312] {scheduler_job.py:190} INFO - Processing /home/airflow/.local/lib/python3.6/site-packages/airflow/example_dags/example_latest_only_with_trigger.py took 0.116 seconds
[2021-04-18 14:03:53,410] {scheduler_job.py:182} INFO - Started process (PID=375) to work on /home/airflow/.local/lib/python3.6/site-packages/airflow/example_dags/example_latest_only_with_trigger.py
[2021-04-18 14:03:53,414] {scheduler_job.py:629} INFO - Processing file /home/airflow/.local/lib/python3.6/site-packages/airflow/example_dags/example_latest_only_with_trigger.py for tasks to queue
[2021-04-18 14:03:53,417] {logging_mixin.py:104} INFO - [2021-04-18 14:03:53,417] {dagbag.py:448} INFO - Filling up the DagBag from /home/airflow/.local/lib/python3.6/site-packages/airflow/example_dags/example_latest_only_with_trigger.py
[2021-04-18 14:03:53,431] {scheduler_job.py:639} INFO - DAG(s) dict_keys(['latest_only_with_trigger']) retrieved from /home/airflow/.local/lib/python3.6/site-packages/airflow/example_dags/example_latest_only_with_trigger.py
[2021-04-18 14:03:53,462] {logging_mixin.py:104} INFO - [2021-04-18 14:03:53,462] {dag.py:1818} INFO - Sync 1 DAGs
[2021-04-18 14:03:53,479] {logging_mixin.py:104} INFO - [2021-04-18 14:03:53,479] {dag.py:2273} INFO - Setting next_dagrun for latest_only_with_trigger to 2021-04-16 00:00:00+00:00
[2021-04-18 14:03:53,493] {scheduler_job.py:190} INFO - Processing /home/airflow/.local/lib/python3.6/site-packages/airflow/example_dags/example_latest_only_with_trigger.py took 0.099 seconds
[2021-04-18 14:04:24,155] {scheduler_job.py:182} INFO - Started process (PID=403) to work on /home/airflow/.local/lib/python3.6/site-packages/airflow/example_dags/example_latest_only_with_trigger.py
[2021-04-18 14:04:24,158] {scheduler_job.py:629} INFO - Processing file /home/airflow/.local/lib/python3.6/site-packages/airflow/example_dags/example_latest_only_with_trigger.py for tasks to queue
[2021-04-18 14:04:24,160] {logging_mixin.py:104} INFO - [2021-04-18 14:04:24,160] {dagbag.py:448} INFO - Filling up the DagBag from /home/airflow/.local/lib/python3.6/site-packages/airflow/example_dags/example_latest_only_with_trigger.py
[2021-04-18 14:04:24,177] {scheduler_job.py:639} INFO - DAG(s) dict_keys(['latest_only_with_trigger']) retrieved from /home/airflow/.local/lib/python3.6/site-packages/airflow/example_dags/example_latest_only_with_trigger.py
[2021-04-18 14:04:24,213] {logging_mixin.py:104} INFO - [2021-04-18 14:04:24,213] {dag.py:1818} INFO - Sync 1 DAGs
[2021-04-18 14:04:24,230] {logging_mixin.py:104} INFO - [2021-04-18 14:04:24,229] {dag.py:2273} INFO - Setting next_dagrun for latest_only_with_trigger to 2021-04-16 00:00:00+00:00
[2021-04-18 14:04:24,241] {scheduler_job.py:190} INFO - Processing /home/airflow/.local/lib/python3.6/site-packages/airflow/example_dags/example_latest_only_with_trigger.py took 0.092 seconds
[2021-04-18 14:04:54,381] {scheduler_job.py:182} INFO - Started process (PID=431) to work on /home/airflow/.local/lib/python3.6/site-packages/airflow/example_dags/example_latest_only_with_trigger.py
[2021-04-18 14:04:54,383] {scheduler_job.py:629} INFO - Processing file /home/airflow/.local/lib/python3.6/site-packages/airflow/example_dags/example_latest_only_with_trigger.py for tasks to queue
[2021-04-18 14:04:54,384] {logging_mixin.py:104} INFO - [2021-04-18 14:04:54,384] {dagbag.py:448} INFO - Filling up the DagBag from /home/airflow/.local/lib/python3.6/site-packages/airflow/example_dags/example_latest_only_with_trigger.py
[2021-04-18 14:04:54,399] {scheduler_job.py:639} INFO - DAG(s) dict_keys(['latest_only_with_trigger']) retrieved from /home/airflow/.local/lib/python3.6/site-packages/airflow/example_dags/example_latest_only_with_trigger.py
[2021-04-18 14:04:54,429] {logging_mixin.py:104} INFO - [2021-04-18 14:04:54,428] {dag.py:1818} INFO - Sync 1 DAGs
[2021-04-18 14:04:54,452] {logging_mixin.py:104} INFO - [2021-04-18 14:04:54,452] {dag.py:2273} INFO - Setting next_dagrun for latest_only_with_trigger to 2021-04-16 00:00:00+00:00
[2021-04-18 14:04:54,465] {scheduler_job.py:190} INFO - Processing /home/airflow/.local/lib/python3.6/site-packages/airflow/example_dags/example_latest_only_with_trigger.py took 0.088 seconds
[2021-04-18 14:05:24,798] {scheduler_job.py:182} INFO - Started process (PID=459) to work on /home/airflow/.local/lib/python3.6/site-packages/airflow/example_dags/example_latest_only_with_trigger.py
[2021-04-18 14:05:24,810] {scheduler_job.py:629} INFO - Processing file /home/airflow/.local/lib/python3.6/site-packages/airflow/example_dags/example_latest_only_with_trigger.py for tasks to queue
[2021-04-18 14:05:24,826] {logging_mixin.py:104} INFO - [2021-04-18 14:05:24,826] {dagbag.py:448} INFO - Filling up the DagBag from /home/airflow/.local/lib/python3.6/site-packages/airflow/example_dags/example_latest_only_with_trigger.py
[2021-04-18 14:05:24,909] {scheduler_job.py:639} INFO - DAG(s) dict_keys(['latest_only_with_trigger']) retrieved from /home/airflow/.local/lib/python3.6/site-packages/airflow/example_dags/example_latest_only_with_trigger.py
[2021-04-18 14:05:24,996] {logging_mixin.py:104} INFO - [2021-04-18 14:05:24,996] {dag.py:1818} INFO - Sync 1 DAGs
[2021-04-18 14:05:25,025] {logging_mixin.py:104} INFO - [2021-04-18 14:05:25,024] {dag.py:2273} INFO - Setting next_dagrun for latest_only_with_trigger to 2021-04-16 00:00:00+00:00
[2021-04-18 14:05:25,062] {scheduler_job.py:190} INFO - Processing /home/airflow/.local/lib/python3.6/site-packages/airflow/example_dags/example_latest_only_with_trigger.py took 0.272 seconds
[2021-04-18 14:05:55,832] {scheduler_job.py:182} INFO - Started process (PID=487) to work on /home/airflow/.local/lib/python3.6/site-packages/airflow/example_dags/example_latest_only_with_trigger.py
[2021-04-18 14:05:55,834] {scheduler_job.py:629} INFO - Processing file /home/airflow/.local/lib/python3.6/site-packages/airflow/example_dags/example_latest_only_with_trigger.py for tasks to queue
[2021-04-18 14:05:55,837] {logging_mixin.py:104} INFO - [2021-04-18 14:05:55,837] {dagbag.py:448} INFO - Filling up the DagBag from /home/airflow/.local/lib/python3.6/site-packages/airflow/example_dags/example_latest_only_with_trigger.py
[2021-04-18 14:05:55,851] {scheduler_job.py:639} INFO - DAG(s) dict_keys(['latest_only_with_trigger']) retrieved from /home/airflow/.local/lib/python3.6/site-packages/airflow/example_dags/example_latest_only_with_trigger.py
[2021-04-18 14:05:55,881] {logging_mixin.py:104} INFO - [2021-04-18 14:05:55,881] {dag.py:1818} INFO - Sync 1 DAGs
[2021-04-18 14:05:55,905] {logging_mixin.py:104} INFO - [2021-04-18 14:05:55,905] {dag.py:2273} INFO - Setting next_dagrun for latest_only_with_trigger to 2021-04-16 00:00:00+00:00
[2021-04-18 14:05:55,916] {scheduler_job.py:190} INFO - Processing /home/airflow/.local/lib/python3.6/site-packages/airflow/example_dags/example_latest_only_with_trigger.py took 0.088 seconds
[2021-04-18 14:06:26,385] {scheduler_job.py:182} INFO - Started process (PID=515) to work on /home/airflow/.local/lib/python3.6/site-packages/airflow/example_dags/example_latest_only_with_trigger.py
[2021-04-18 14:06:26,388] {scheduler_job.py:629} INFO - Processing file /home/airflow/.local/lib/python3.6/site-packages/airflow/example_dags/example_latest_only_with_trigger.py for tasks to queue
[2021-04-18 14:06:26,391] {logging_mixin.py:104} INFO - [2021-04-18 14:06:26,391] {dagbag.py:448} INFO - Filling up the DagBag from /home/airflow/.local/lib/python3.6/site-packages/airflow/example_dags/example_latest_only_with_trigger.py
[2021-04-18 14:06:26,410] {scheduler_job.py:639} INFO - DAG(s) dict_keys(['latest_only_with_trigger']) retrieved from /home/airflow/.local/lib/python3.6/site-packages/airflow/example_dags/example_latest_only_with_trigger.py
[2021-04-18 14:06:26,475] {logging_mixin.py:104} INFO - [2021-04-18 14:06:26,475] {dag.py:1818} INFO - Sync 1 DAGs
[2021-04-18 14:06:26,516] {logging_mixin.py:104} INFO - [2021-04-18 14:06:26,515] {dag.py:2273} INFO - Setting next_dagrun for latest_only_with_trigger to 2021-04-16 00:00:00+00:00
[2021-04-18 14:06:26,531] {scheduler_job.py:190} INFO - Processing /home/airflow/.local/lib/python3.6/site-packages/airflow/example_dags/example_latest_only_with_trigger.py took 0.154 seconds
[2021-04-18 14:06:57,096] {scheduler_job.py:182} INFO - Started process (PID=543) to work on /home/airflow/.local/lib/python3.6/site-packages/airflow/example_dags/example_latest_only_with_trigger.py
[2021-04-18 14:06:57,098] {scheduler_job.py:629} INFO - Processing file /home/airflow/.local/lib/python3.6/site-packages/airflow/example_dags/example_latest_only_with_trigger.py for tasks to queue
[2021-04-18 14:06:57,100] {logging_mixin.py:104} INFO - [2021-04-18 14:06:57,100] {dagbag.py:448} INFO - Filling up the DagBag from /home/airflow/.local/lib/python3.6/site-packages/airflow/example_dags/example_latest_only_with_trigger.py
[2021-04-18 14:06:57,113] {scheduler_job.py:639} INFO - DAG(s) dict_keys(['latest_only_with_trigger']) retrieved from /home/airflow/.local/lib/python3.6/site-packages/airflow/example_dags/example_latest_only_with_trigger.py
[2021-04-18 14:06:57,149] {logging_mixin.py:104} INFO - [2021-04-18 14:06:57,149] {dag.py:1818} INFO - Sync 1 DAGs
[2021-04-18 14:06:57,171] {logging_mixin.py:104} INFO - [2021-04-18 14:06:57,171] {dag.py:2273} INFO - Setting next_dagrun for latest_only_with_trigger to 2021-04-16 00:00:00+00:00
[2021-04-18 14:06:57,181] {scheduler_job.py:190} INFO - Processing /home/airflow/.local/lib/python3.6/site-packages/airflow/example_dags/example_latest_only_with_trigger.py took 0.089 seconds
[2021-04-18 14:07:27,987] {scheduler_job.py:182} INFO - Started process (PID=571) to work on /home/airflow/.local/lib/python3.6/site-packages/airflow/example_dags/example_latest_only_with_trigger.py
[2021-04-18 14:07:27,989] {scheduler_job.py:629} INFO - Processing file /home/airflow/.local/lib/python3.6/site-packages/airflow/example_dags/example_latest_only_with_trigger.py for tasks to queue
[2021-04-18 14:07:27,992] {logging_mixin.py:104} INFO - [2021-04-18 14:07:27,992] {dagbag.py:448} INFO - Filling up the DagBag from /home/airflow/.local/lib/python3.6/site-packages/airflow/example_dags/example_latest_only_with_trigger.py
[2021-04-18 14:07:28,006] {scheduler_job.py:639} INFO - DAG(s) dict_keys(['latest_only_with_trigger']) retrieved from /home/airflow/.local/lib/python3.6/site-packages/airflow/example_dags/example_latest_only_with_trigger.py
[2021-04-18 14:07:28,054] {logging_mixin.py:104} INFO - [2021-04-18 14:07:28,054] {dag.py:1818} INFO - Sync 1 DAGs
[2021-04-18 14:07:28,076] {logging_mixin.py:104} INFO - [2021-04-18 14:07:28,076] {dag.py:2273} INFO - Setting next_dagrun for latest_only_with_trigger to 2021-04-16 00:00:00+00:00
[2021-04-18 14:07:28,094] {scheduler_job.py:190} INFO - Processing /home/airflow/.local/lib/python3.6/site-packages/airflow/example_dags/example_latest_only_with_trigger.py took 0.112 seconds
[2021-04-18 14:07:58,449] {scheduler_job.py:182} INFO - Started process (PID=599) to work on /home/airflow/.local/lib/python3.6/site-packages/airflow/example_dags/example_latest_only_with_trigger.py
[2021-04-18 14:07:58,454] {scheduler_job.py:629} INFO - Processing file /home/airflow/.local/lib/python3.6/site-packages/airflow/example_dags/example_latest_only_with_trigger.py for tasks to queue
[2021-04-18 14:07:58,457] {logging_mixin.py:104} INFO - [2021-04-18 14:07:58,456] {dagbag.py:448} INFO - Filling up the DagBag from /home/airflow/.local/lib/python3.6/site-packages/airflow/example_dags/example_latest_only_with_trigger.py
[2021-04-18 14:07:58,500] {scheduler_job.py:639} INFO - DAG(s) dict_keys(['latest_only_with_trigger']) retrieved from /home/airflow/.local/lib/python3.6/site-packages/airflow/example_dags/example_latest_only_with_trigger.py
[2021-04-18 14:07:58,582] {logging_mixin.py:104} INFO - [2021-04-18 14:07:58,582] {dag.py:1818} INFO - Sync 1 DAGs
[2021-04-18 14:07:58,643] {logging_mixin.py:104} INFO - [2021-04-18 14:07:58,642] {dag.py:2273} INFO - Setting next_dagrun for latest_only_with_trigger to 2021-04-16 00:00:00+00:00
[2021-04-18 14:07:58,673] {scheduler_job.py:190} INFO - Processing /home/airflow/.local/lib/python3.6/site-packages/airflow/example_dags/example_latest_only_with_trigger.py took 0.231 seconds
[2021-04-18 14:08:29,206] {scheduler_job.py:182} INFO - Started process (PID=627) to work on /home/airflow/.local/lib/python3.6/site-packages/airflow/example_dags/example_latest_only_with_trigger.py
[2021-04-18 14:08:29,209] {scheduler_job.py:629} INFO - Processing file /home/airflow/.local/lib/python3.6/site-packages/airflow/example_dags/example_latest_only_with_trigger.py for tasks to queue
[2021-04-18 14:08:29,211] {logging_mixin.py:104} INFO - [2021-04-18 14:08:29,211] {dagbag.py:448} INFO - Filling up the DagBag from /home/airflow/.local/lib/python3.6/site-packages/airflow/example_dags/example_latest_only_with_trigger.py
[2021-04-18 14:08:29,229] {scheduler_job.py:639} INFO - DAG(s) dict_keys(['latest_only_with_trigger']) retrieved from /home/airflow/.local/lib/python3.6/site-packages/airflow/example_dags/example_latest_only_with_trigger.py
[2021-04-18 14:08:29,282] {logging_mixin.py:104} INFO - [2021-04-18 14:08:29,282] {dag.py:1818} INFO - Sync 1 DAGs
[2021-04-18 14:08:29,308] {logging_mixin.py:104} INFO - [2021-04-18 14:08:29,308] {dag.py:2273} INFO - Setting next_dagrun for latest_only_with_trigger to 2021-04-16 00:00:00+00:00
[2021-04-18 14:08:29,326] {scheduler_job.py:190} INFO - Processing /home/airflow/.local/lib/python3.6/site-packages/airflow/example_dags/example_latest_only_with_trigger.py took 0.125 seconds
[2021-04-18 14:08:59,539] {scheduler_job.py:182} INFO - Started process (PID=655) to work on /home/airflow/.local/lib/python3.6/site-packages/airflow/example_dags/example_latest_only_with_trigger.py
[2021-04-18 14:08:59,542] {scheduler_job.py:629} INFO - Processing file /home/airflow/.local/lib/python3.6/site-packages/airflow/example_dags/example_latest_only_with_trigger.py for tasks to queue
[2021-04-18 14:08:59,544] {logging_mixin.py:104} INFO - [2021-04-18 14:08:59,544] {dagbag.py:448} INFO - Filling up the DagBag from /home/airflow/.local/lib/python3.6/site-packages/airflow/example_dags/example_latest_only_with_trigger.py
[2021-04-18 14:08:59,570] {scheduler_job.py:639} INFO - DAG(s) dict_keys(['latest_only_with_trigger']) retrieved from /home/airflow/.local/lib/python3.6/site-packages/airflow/example_dags/example_latest_only_with_trigger.py
[2021-04-18 14:08:59,611] {logging_mixin.py:104} INFO - [2021-04-18 14:08:59,610] {dag.py:1818} INFO - Sync 1 DAGs
[2021-04-18 14:08:59,635] {logging_mixin.py:104} INFO - [2021-04-18 14:08:59,635] {dag.py:2273} INFO - Setting next_dagrun for latest_only_with_trigger to 2021-04-16 00:00:00+00:00
[2021-04-18 14:08:59,651] {scheduler_job.py:190} INFO - Processing /home/airflow/.local/lib/python3.6/site-packages/airflow/example_dags/example_latest_only_with_trigger.py took 0.119 seconds
[2021-04-18 14:09:31,514] {scheduler_job.py:182} INFO - Started process (PID=684) to work on /home/airflow/.local/lib/python3.6/site-packages/airflow/example_dags/example_latest_only_with_trigger.py
[2021-04-18 14:09:31,520] {scheduler_job.py:629} INFO - Processing file /home/airflow/.local/lib/python3.6/site-packages/airflow/example_dags/example_latest_only_with_trigger.py for tasks to queue
[2021-04-18 14:09:31,527] {logging_mixin.py:104} INFO - [2021-04-18 14:09:31,526] {dagbag.py:448} INFO - Filling up the DagBag from /home/airflow/.local/lib/python3.6/site-packages/airflow/example_dags/example_latest_only_with_trigger.py
[2021-04-18 14:09:31,594] {scheduler_job.py:639} INFO - DAG(s) dict_keys(['latest_only_with_trigger']) retrieved from /home/airflow/.local/lib/python3.6/site-packages/airflow/example_dags/example_latest_only_with_trigger.py
[2021-04-18 14:09:31,720] {logging_mixin.py:104} INFO - [2021-04-18 14:09:31,720] {dag.py:1818} INFO - Sync 1 DAGs
[2021-04-18 14:09:31,751] {logging_mixin.py:104} INFO - [2021-04-18 14:09:31,751] {dag.py:2273} INFO - Setting next_dagrun for latest_only_with_trigger to 2021-04-16 00:00:00+00:00
[2021-04-18 14:09:31,774] {scheduler_job.py:190} INFO - Processing /home/airflow/.local/lib/python3.6/site-packages/airflow/example_dags/example_latest_only_with_trigger.py took 0.278 seconds
[2021-04-18 14:10:04,928] {scheduler_job.py:182} INFO - Started process (PID=715) to work on /home/airflow/.local/lib/python3.6/site-packages/airflow/example_dags/example_latest_only_with_trigger.py
[2021-04-18 14:10:04,931] {scheduler_job.py:629} INFO - Processing file /home/airflow/.local/lib/python3.6/site-packages/airflow/example_dags/example_latest_only_with_trigger.py for tasks to queue
[2021-04-18 14:10:04,934] {logging_mixin.py:104} INFO - [2021-04-18 14:10:04,933] {dagbag.py:448} INFO - Filling up the DagBag from /home/airflow/.local/lib/python3.6/site-packages/airflow/example_dags/example_latest_only_with_trigger.py
[2021-04-18 14:10:04,956] {scheduler_job.py:639} INFO - DAG(s) dict_keys(['latest_only_with_trigger']) retrieved from /home/airflow/.local/lib/python3.6/site-packages/airflow/example_dags/example_latest_only_with_trigger.py
[2021-04-18 14:10:05,001] {logging_mixin.py:104} INFO - [2021-04-18 14:10:05,001] {dag.py:1818} INFO - Sync 1 DAGs
[2021-04-18 14:10:05,041] {logging_mixin.py:104} INFO - [2021-04-18 14:10:05,040] {dag.py:2273} INFO - Setting next_dagrun for latest_only_with_trigger to 2021-04-16 00:00:00+00:00
[2021-04-18 14:10:05,070] {scheduler_job.py:190} INFO - Processing /home/airflow/.local/lib/python3.6/site-packages/airflow/example_dags/example_latest_only_with_trigger.py took 0.146 seconds
[2021-04-18 14:10:39,317] {scheduler_job.py:182} INFO - Started process (PID=743) to work on /home/airflow/.local/lib/python3.6/site-packages/airflow/example_dags/example_latest_only_with_trigger.py
[2021-04-18 14:10:39,323] {scheduler_job.py:629} INFO - Processing file /home/airflow/.local/lib/python3.6/site-packages/airflow/example_dags/example_latest_only_with_trigger.py for tasks to queue
[2021-04-18 14:10:39,327] {logging_mixin.py:104} INFO - [2021-04-18 14:10:39,327] {dagbag.py:448} INFO - Filling up the DagBag from /home/airflow/.local/lib/python3.6/site-packages/airflow/example_dags/example_latest_only_with_trigger.py
[2021-04-18 14:10:39,360] {scheduler_job.py:639} INFO - DAG(s) dict_keys(['latest_only_with_trigger']) retrieved from /home/airflow/.local/lib/python3.6/site-packages/airflow/example_dags/example_latest_only_with_trigger.py
[2021-04-18 14:10:39,411] {logging_mixin.py:104} INFO - [2021-04-18 14:10:39,411] {dag.py:1818} INFO - Sync 1 DAGs
[2021-04-18 14:10:39,443] {logging_mixin.py:104} INFO - [2021-04-18 14:10:39,443] {dag.py:2273} INFO - Setting next_dagrun for latest_only_with_trigger to 2021-04-16 00:00:00+00:00
[2021-04-18 14:10:39,462] {scheduler_job.py:190} INFO - Processing /home/airflow/.local/lib/python3.6/site-packages/airflow/example_dags/example_latest_only_with_trigger.py took 0.154 seconds
[2021-04-18 14:11:16,588] {scheduler_job.py:182} INFO - Started process (PID=775) to work on /home/airflow/.local/lib/python3.6/site-packages/airflow/example_dags/example_latest_only_with_trigger.py
[2021-04-18 14:11:16,591] {scheduler_job.py:629} INFO - Processing file /home/airflow/.local/lib/python3.6/site-packages/airflow/example_dags/example_latest_only_with_trigger.py for tasks to queue
[2021-04-18 14:11:16,599] {logging_mixin.py:104} INFO - [2021-04-18 14:11:16,599] {dagbag.py:448} INFO - Filling up the DagBag from /home/airflow/.local/lib/python3.6/site-packages/airflow/example_dags/example_latest_only_with_trigger.py
[2021-04-18 14:11:16,622] {scheduler_job.py:639} INFO - DAG(s) dict_keys(['latest_only_with_trigger']) retrieved from /home/airflow/.local/lib/python3.6/site-packages/airflow/example_dags/example_latest_only_with_trigger.py
[2021-04-18 14:11:16,667] {logging_mixin.py:104} INFO - [2021-04-18 14:11:16,667] {dag.py:1818} INFO - Sync 1 DAGs
[2021-04-18 14:11:16,688] {logging_mixin.py:104} INFO - [2021-04-18 14:11:16,688] {dag.py:2273} INFO - Setting next_dagrun for latest_only_with_trigger to 2021-04-16 00:00:00+00:00
[2021-04-18 14:11:16,700] {scheduler_job.py:190} INFO - Processing /home/airflow/.local/lib/python3.6/site-packages/airflow/example_dags/example_latest_only_with_trigger.py took 0.118 seconds
[2021-04-18 14:12:46,860] {scheduler_job.py:182} INFO - Started process (PID=39) to work on /home/airflow/.local/lib/python3.6/site-packages/airflow/example_dags/example_latest_only_with_trigger.py
[2021-04-18 14:12:46,868] {scheduler_job.py:629} INFO - Processing file /home/airflow/.local/lib/python3.6/site-packages/airflow/example_dags/example_latest_only_with_trigger.py for tasks to queue
[2021-04-18 14:12:46,875] {logging_mixin.py:104} INFO - [2021-04-18 14:12:46,874] {dagbag.py:448} INFO - Filling up the DagBag from /home/airflow/.local/lib/python3.6/site-packages/airflow/example_dags/example_latest_only_with_trigger.py
[2021-04-18 14:12:46,918] {scheduler_job.py:639} INFO - DAG(s) dict_keys(['latest_only_with_trigger']) retrieved from /home/airflow/.local/lib/python3.6/site-packages/airflow/example_dags/example_latest_only_with_trigger.py
[2021-04-18 14:12:46,972] {logging_mixin.py:104} INFO - [2021-04-18 14:12:46,972] {dag.py:1818} INFO - Sync 1 DAGs
[2021-04-18 14:12:47,016] {logging_mixin.py:104} INFO - [2021-04-18 14:12:47,016] {dag.py:2273} INFO - Setting next_dagrun for latest_only_with_trigger to 2021-04-16 00:00:00+00:00
[2021-04-18 14:12:47,044] {scheduler_job.py:190} INFO - Processing /home/airflow/.local/lib/python3.6/site-packages/airflow/example_dags/example_latest_only_with_trigger.py took 0.191 seconds
[2021-04-18 14:13:28,641] {scheduler_job.py:182} INFO - Started process (PID=67) to work on /home/airflow/.local/lib/python3.6/site-packages/airflow/example_dags/example_latest_only_with_trigger.py
[2021-04-18 14:13:28,651] {scheduler_job.py:629} INFO - Processing file /home/airflow/.local/lib/python3.6/site-packages/airflow/example_dags/example_latest_only_with_trigger.py for tasks to queue
[2021-04-18 14:13:28,655] {logging_mixin.py:104} INFO - [2021-04-18 14:13:28,654] {dagbag.py:448} INFO - Filling up the DagBag from /home/airflow/.local/lib/python3.6/site-packages/airflow/example_dags/example_latest_only_with_trigger.py
[2021-04-18 14:13:28,712] {scheduler_job.py:639} INFO - DAG(s) dict_keys(['latest_only_with_trigger']) retrieved from /home/airflow/.local/lib/python3.6/site-packages/airflow/example_dags/example_latest_only_with_trigger.py
[2021-04-18 14:13:28,819] {logging_mixin.py:104} INFO - [2021-04-18 14:13:28,818] {dag.py:1818} INFO - Sync 1 DAGs
[2021-04-18 14:13:28,875] {logging_mixin.py:104} INFO - [2021-04-18 14:13:28,875] {dag.py:2273} INFO - Setting next_dagrun for latest_only_with_trigger to 2021-04-16 00:00:00+00:00
[2021-04-18 14:13:28,910] {scheduler_job.py:190} INFO - Processing /home/airflow/.local/lib/python3.6/site-packages/airflow/example_dags/example_latest_only_with_trigger.py took 0.279 seconds
[2021-04-18 14:14:01,397] {scheduler_job.py:182} INFO - Started process (PID=103) to work on /home/airflow/.local/lib/python3.6/site-packages/airflow/example_dags/example_latest_only_with_trigger.py
[2021-04-18 14:14:01,402] {scheduler_job.py:629} INFO - Processing file /home/airflow/.local/lib/python3.6/site-packages/airflow/example_dags/example_latest_only_with_trigger.py for tasks to queue
[2021-04-18 14:14:01,403] {logging_mixin.py:104} INFO - [2021-04-18 14:14:01,403] {dagbag.py:448} INFO - Filling up the DagBag from /home/airflow/.local/lib/python3.6/site-packages/airflow/example_dags/example_latest_only_with_trigger.py
[2021-04-18 14:14:01,425] {scheduler_job.py:639} INFO - DAG(s) dict_keys(['latest_only_with_trigger']) retrieved from /home/airflow/.local/lib/python3.6/site-packages/airflow/example_dags/example_latest_only_with_trigger.py
[2021-04-18 14:14:01,462] {logging_mixin.py:104} INFO - [2021-04-18 14:14:01,462] {dag.py:1818} INFO - Sync 1 DAGs
[2021-04-18 14:14:01,485] {logging_mixin.py:104} INFO - [2021-04-18 14:14:01,485] {dag.py:2273} INFO - Setting next_dagrun for latest_only_with_trigger to 2021-04-16 00:00:00+00:00
[2021-04-18 14:14:01,499] {scheduler_job.py:190} INFO - Processing /home/airflow/.local/lib/python3.6/site-packages/airflow/example_dags/example_latest_only_with_trigger.py took 0.107 seconds
[2021-04-18 14:14:31,935] {scheduler_job.py:182} INFO - Started process (PID=131) to work on /home/airflow/.local/lib/python3.6/site-packages/airflow/example_dags/example_latest_only_with_trigger.py
[2021-04-18 14:14:31,938] {scheduler_job.py:629} INFO - Processing file /home/airflow/.local/lib/python3.6/site-packages/airflow/example_dags/example_latest_only_with_trigger.py for tasks to queue
[2021-04-18 14:14:31,941] {logging_mixin.py:104} INFO - [2021-04-18 14:14:31,941] {dagbag.py:448} INFO - Filling up the DagBag from /home/airflow/.local/lib/python3.6/site-packages/airflow/example_dags/example_latest_only_with_trigger.py
[2021-04-18 14:14:31,956] {scheduler_job.py:639} INFO - DAG(s) dict_keys(['latest_only_with_trigger']) retrieved from /home/airflow/.local/lib/python3.6/site-packages/airflow/example_dags/example_latest_only_with_trigger.py
[2021-04-18 14:14:31,988] {logging_mixin.py:104} INFO - [2021-04-18 14:14:31,988] {dag.py:1818} INFO - Sync 1 DAGs
[2021-04-18 14:14:32,018] {logging_mixin.py:104} INFO - [2021-04-18 14:14:32,018] {dag.py:2273} INFO - Setting next_dagrun for latest_only_with_trigger to 2021-04-16 00:00:00+00:00
[2021-04-18 14:14:32,031] {scheduler_job.py:190} INFO - Processing /home/airflow/.local/lib/python3.6/site-packages/airflow/example_dags/example_latest_only_with_trigger.py took 0.100 seconds
