[2021-04-18 13:57:24,610] {scheduler_job.py:182} INFO - Started process (PID=45) to work on /home/airflow/.local/lib/python3.6/site-packages/airflow/example_dags/example_skip_dag.py
[2021-04-18 13:57:24,614] {scheduler_job.py:629} INFO - Processing file /home/airflow/.local/lib/python3.6/site-packages/airflow/example_dags/example_skip_dag.py for tasks to queue
[2021-04-18 13:57:24,628] {logging_mixin.py:104} INFO - [2021-04-18 13:57:24,628] {dagbag.py:448} INFO - Filling up the DagBag from /home/airflow/.local/lib/python3.6/site-packages/airflow/example_dags/example_skip_dag.py
[2021-04-18 13:57:24,661] {scheduler_job.py:639} INFO - DAG(s) dict_keys(['example_skip_dag']) retrieved from /home/airflow/.local/lib/python3.6/site-packages/airflow/example_dags/example_skip_dag.py
[2021-04-18 13:57:24,717] {logging_mixin.py:104} INFO - [2021-04-18 13:57:24,717] {dag.py:1818} INFO - Sync 1 DAGs
[2021-04-18 13:57:24,773] {logging_mixin.py:104} INFO - [2021-04-18 13:57:24,773] {dag.py:1837} INFO - Creating ORM DAG for example_skip_dag
[2021-04-18 13:57:24,797] {logging_mixin.py:104} INFO - [2021-04-18 13:57:24,794] {dag.py:2273} INFO - Setting next_dagrun for example_skip_dag to 2021-04-16 00:00:00+00:00
[2021-04-18 13:57:24,895] {scheduler_job.py:190} INFO - Processing /home/airflow/.local/lib/python3.6/site-packages/airflow/example_dags/example_skip_dag.py took 0.301 seconds
[2021-04-18 13:57:58,411] {scheduler_job.py:182} INFO - Started process (PID=69) to work on /home/airflow/.local/lib/python3.6/site-packages/airflow/example_dags/example_skip_dag.py
[2021-04-18 13:57:58,508] {scheduler_job.py:629} INFO - Processing file /home/airflow/.local/lib/python3.6/site-packages/airflow/example_dags/example_skip_dag.py for tasks to queue
[2021-04-18 13:57:58,576] {logging_mixin.py:104} INFO - [2021-04-18 13:57:58,569] {dagbag.py:448} INFO - Filling up the DagBag from /home/airflow/.local/lib/python3.6/site-packages/airflow/example_dags/example_skip_dag.py
[2021-04-18 13:57:59,382] {scheduler_job.py:639} INFO - DAG(s) dict_keys(['example_skip_dag']) retrieved from /home/airflow/.local/lib/python3.6/site-packages/airflow/example_dags/example_skip_dag.py
[2021-04-18 13:58:00,336] {logging_mixin.py:104} INFO - [2021-04-18 13:58:00,335] {dag.py:1818} INFO - Sync 1 DAGs
[2021-04-18 13:58:00,662] {logging_mixin.py:104} INFO - [2021-04-18 13:58:00,649] {dag.py:2273} INFO - Setting next_dagrun for example_skip_dag to 2021-04-16 00:00:00+00:00
[2021-04-18 13:58:00,764] {scheduler_job.py:190} INFO - Processing /home/airflow/.local/lib/python3.6/site-packages/airflow/example_dags/example_skip_dag.py took 2.429 seconds
[2021-04-18 13:58:48,191] {scheduler_job.py:182} INFO - Started process (PID=95) to work on /home/airflow/.local/lib/python3.6/site-packages/airflow/example_dags/example_skip_dag.py
[2021-04-18 13:58:48,227] {scheduler_job.py:629} INFO - Processing file /home/airflow/.local/lib/python3.6/site-packages/airflow/example_dags/example_skip_dag.py for tasks to queue
[2021-04-18 13:58:48,242] {logging_mixin.py:104} INFO - [2021-04-18 13:58:48,242] {dagbag.py:448} INFO - Filling up the DagBag from /home/airflow/.local/lib/python3.6/site-packages/airflow/example_dags/example_skip_dag.py
[2021-04-18 13:58:48,373] {scheduler_job.py:639} INFO - DAG(s) dict_keys(['example_skip_dag']) retrieved from /home/airflow/.local/lib/python3.6/site-packages/airflow/example_dags/example_skip_dag.py
[2021-04-18 13:58:48,572] {logging_mixin.py:104} INFO - [2021-04-18 13:58:48,571] {dag.py:1818} INFO - Sync 1 DAGs
[2021-04-18 13:58:48,756] {logging_mixin.py:104} INFO - [2021-04-18 13:58:48,756] {dag.py:2273} INFO - Setting next_dagrun for example_skip_dag to 2021-04-16 00:00:00+00:00
[2021-04-18 13:58:48,847] {scheduler_job.py:190} INFO - Processing /home/airflow/.local/lib/python3.6/site-packages/airflow/example_dags/example_skip_dag.py took 0.689 seconds
[2021-04-18 13:59:19,685] {scheduler_job.py:182} INFO - Started process (PID=124) to work on /home/airflow/.local/lib/python3.6/site-packages/airflow/example_dags/example_skip_dag.py
[2021-04-18 13:59:19,688] {scheduler_job.py:629} INFO - Processing file /home/airflow/.local/lib/python3.6/site-packages/airflow/example_dags/example_skip_dag.py for tasks to queue
[2021-04-18 13:59:19,690] {logging_mixin.py:104} INFO - [2021-04-18 13:59:19,690] {dagbag.py:448} INFO - Filling up the DagBag from /home/airflow/.local/lib/python3.6/site-packages/airflow/example_dags/example_skip_dag.py
[2021-04-18 13:59:19,715] {scheduler_job.py:639} INFO - DAG(s) dict_keys(['example_skip_dag']) retrieved from /home/airflow/.local/lib/python3.6/site-packages/airflow/example_dags/example_skip_dag.py
[2021-04-18 13:59:19,764] {logging_mixin.py:104} INFO - [2021-04-18 13:59:19,763] {dag.py:1818} INFO - Sync 1 DAGs
[2021-04-18 13:59:19,809] {logging_mixin.py:104} INFO - [2021-04-18 13:59:19,809] {dag.py:2273} INFO - Setting next_dagrun for example_skip_dag to 2021-04-16 00:00:00+00:00
[2021-04-18 13:59:19,832] {scheduler_job.py:190} INFO - Processing /home/airflow/.local/lib/python3.6/site-packages/airflow/example_dags/example_skip_dag.py took 0.155 seconds
[2021-04-18 13:59:50,656] {scheduler_job.py:182} INFO - Started process (PID=152) to work on /home/airflow/.local/lib/python3.6/site-packages/airflow/example_dags/example_skip_dag.py
[2021-04-18 13:59:50,659] {scheduler_job.py:629} INFO - Processing file /home/airflow/.local/lib/python3.6/site-packages/airflow/example_dags/example_skip_dag.py for tasks to queue
[2021-04-18 13:59:50,661] {logging_mixin.py:104} INFO - [2021-04-18 13:59:50,661] {dagbag.py:448} INFO - Filling up the DagBag from /home/airflow/.local/lib/python3.6/site-packages/airflow/example_dags/example_skip_dag.py
[2021-04-18 13:59:50,676] {scheduler_job.py:639} INFO - DAG(s) dict_keys(['example_skip_dag']) retrieved from /home/airflow/.local/lib/python3.6/site-packages/airflow/example_dags/example_skip_dag.py
[2021-04-18 13:59:50,724] {logging_mixin.py:104} INFO - [2021-04-18 13:59:50,724] {dag.py:1818} INFO - Sync 1 DAGs
[2021-04-18 13:59:50,759] {logging_mixin.py:104} INFO - [2021-04-18 13:59:50,759] {dag.py:2273} INFO - Setting next_dagrun for example_skip_dag to 2021-04-16 00:00:00+00:00
[2021-04-18 13:59:50,770] {scheduler_job.py:190} INFO - Processing /home/airflow/.local/lib/python3.6/site-packages/airflow/example_dags/example_skip_dag.py took 0.118 seconds
[2021-04-18 14:00:21,472] {scheduler_job.py:182} INFO - Started process (PID=180) to work on /home/airflow/.local/lib/python3.6/site-packages/airflow/example_dags/example_skip_dag.py
[2021-04-18 14:00:21,475] {scheduler_job.py:629} INFO - Processing file /home/airflow/.local/lib/python3.6/site-packages/airflow/example_dags/example_skip_dag.py for tasks to queue
[2021-04-18 14:00:21,482] {logging_mixin.py:104} INFO - [2021-04-18 14:00:21,482] {dagbag.py:448} INFO - Filling up the DagBag from /home/airflow/.local/lib/python3.6/site-packages/airflow/example_dags/example_skip_dag.py
[2021-04-18 14:00:21,503] {scheduler_job.py:639} INFO - DAG(s) dict_keys(['example_skip_dag']) retrieved from /home/airflow/.local/lib/python3.6/site-packages/airflow/example_dags/example_skip_dag.py
[2021-04-18 14:00:21,556] {logging_mixin.py:104} INFO - [2021-04-18 14:00:21,556] {dag.py:1818} INFO - Sync 1 DAGs
[2021-04-18 14:00:21,598] {logging_mixin.py:104} INFO - [2021-04-18 14:00:21,598] {dag.py:2273} INFO - Setting next_dagrun for example_skip_dag to 2021-04-16 00:00:00+00:00
[2021-04-18 14:00:21,616] {scheduler_job.py:190} INFO - Processing /home/airflow/.local/lib/python3.6/site-packages/airflow/example_dags/example_skip_dag.py took 0.150 seconds
[2021-04-18 14:00:51,925] {scheduler_job.py:182} INFO - Started process (PID=208) to work on /home/airflow/.local/lib/python3.6/site-packages/airflow/example_dags/example_skip_dag.py
[2021-04-18 14:00:51,930] {scheduler_job.py:629} INFO - Processing file /home/airflow/.local/lib/python3.6/site-packages/airflow/example_dags/example_skip_dag.py for tasks to queue
[2021-04-18 14:00:51,932] {logging_mixin.py:104} INFO - [2021-04-18 14:00:51,932] {dagbag.py:448} INFO - Filling up the DagBag from /home/airflow/.local/lib/python3.6/site-packages/airflow/example_dags/example_skip_dag.py
[2021-04-18 14:00:51,957] {scheduler_job.py:639} INFO - DAG(s) dict_keys(['example_skip_dag']) retrieved from /home/airflow/.local/lib/python3.6/site-packages/airflow/example_dags/example_skip_dag.py
[2021-04-18 14:00:51,990] {logging_mixin.py:104} INFO - [2021-04-18 14:00:51,989] {dag.py:1818} INFO - Sync 1 DAGs
[2021-04-18 14:00:52,013] {logging_mixin.py:104} INFO - [2021-04-18 14:00:52,012] {dag.py:2273} INFO - Setting next_dagrun for example_skip_dag to 2021-04-16 00:00:00+00:00
[2021-04-18 14:00:52,032] {scheduler_job.py:190} INFO - Processing /home/airflow/.local/lib/python3.6/site-packages/airflow/example_dags/example_skip_dag.py took 0.114 seconds
[2021-04-18 14:01:22,580] {scheduler_job.py:182} INFO - Started process (PID=236) to work on /home/airflow/.local/lib/python3.6/site-packages/airflow/example_dags/example_skip_dag.py
[2021-04-18 14:01:22,586] {scheduler_job.py:629} INFO - Processing file /home/airflow/.local/lib/python3.6/site-packages/airflow/example_dags/example_skip_dag.py for tasks to queue
[2021-04-18 14:01:22,590] {logging_mixin.py:104} INFO - [2021-04-18 14:01:22,590] {dagbag.py:448} INFO - Filling up the DagBag from /home/airflow/.local/lib/python3.6/site-packages/airflow/example_dags/example_skip_dag.py
[2021-04-18 14:01:22,617] {scheduler_job.py:639} INFO - DAG(s) dict_keys(['example_skip_dag']) retrieved from /home/airflow/.local/lib/python3.6/site-packages/airflow/example_dags/example_skip_dag.py
[2021-04-18 14:01:22,675] {logging_mixin.py:104} INFO - [2021-04-18 14:01:22,674] {dag.py:1818} INFO - Sync 1 DAGs
[2021-04-18 14:01:22,704] {logging_mixin.py:104} INFO - [2021-04-18 14:01:22,704] {dag.py:2273} INFO - Setting next_dagrun for example_skip_dag to 2021-04-16 00:00:00+00:00
[2021-04-18 14:01:22,719] {scheduler_job.py:190} INFO - Processing /home/airflow/.local/lib/python3.6/site-packages/airflow/example_dags/example_skip_dag.py took 0.154 seconds
[2021-04-18 14:01:53,002] {scheduler_job.py:182} INFO - Started process (PID=264) to work on /home/airflow/.local/lib/python3.6/site-packages/airflow/example_dags/example_skip_dag.py
[2021-04-18 14:01:53,005] {scheduler_job.py:629} INFO - Processing file /home/airflow/.local/lib/python3.6/site-packages/airflow/example_dags/example_skip_dag.py for tasks to queue
[2021-04-18 14:01:53,007] {logging_mixin.py:104} INFO - [2021-04-18 14:01:53,007] {dagbag.py:448} INFO - Filling up the DagBag from /home/airflow/.local/lib/python3.6/site-packages/airflow/example_dags/example_skip_dag.py
[2021-04-18 14:01:53,019] {scheduler_job.py:639} INFO - DAG(s) dict_keys(['example_skip_dag']) retrieved from /home/airflow/.local/lib/python3.6/site-packages/airflow/example_dags/example_skip_dag.py
[2021-04-18 14:01:53,045] {logging_mixin.py:104} INFO - [2021-04-18 14:01:53,045] {dag.py:1818} INFO - Sync 1 DAGs
[2021-04-18 14:01:53,063] {logging_mixin.py:104} INFO - [2021-04-18 14:01:53,063] {dag.py:2273} INFO - Setting next_dagrun for example_skip_dag to 2021-04-16 00:00:00+00:00
[2021-04-18 14:01:53,074] {scheduler_job.py:190} INFO - Processing /home/airflow/.local/lib/python3.6/site-packages/airflow/example_dags/example_skip_dag.py took 0.076 seconds
[2021-04-18 14:02:23,511] {scheduler_job.py:182} INFO - Started process (PID=292) to work on /home/airflow/.local/lib/python3.6/site-packages/airflow/example_dags/example_skip_dag.py
[2021-04-18 14:02:23,514] {scheduler_job.py:629} INFO - Processing file /home/airflow/.local/lib/python3.6/site-packages/airflow/example_dags/example_skip_dag.py for tasks to queue
[2021-04-18 14:02:23,515] {logging_mixin.py:104} INFO - [2021-04-18 14:02:23,515] {dagbag.py:448} INFO - Filling up the DagBag from /home/airflow/.local/lib/python3.6/site-packages/airflow/example_dags/example_skip_dag.py
[2021-04-18 14:02:23,528] {scheduler_job.py:639} INFO - DAG(s) dict_keys(['example_skip_dag']) retrieved from /home/airflow/.local/lib/python3.6/site-packages/airflow/example_dags/example_skip_dag.py
[2021-04-18 14:02:23,589] {logging_mixin.py:104} INFO - [2021-04-18 14:02:23,589] {dag.py:1818} INFO - Sync 1 DAGs
[2021-04-18 14:02:23,618] {logging_mixin.py:104} INFO - [2021-04-18 14:02:23,617] {dag.py:2273} INFO - Setting next_dagrun for example_skip_dag to 2021-04-16 00:00:00+00:00
[2021-04-18 14:02:23,638] {scheduler_job.py:190} INFO - Processing /home/airflow/.local/lib/python3.6/site-packages/airflow/example_dags/example_skip_dag.py took 0.130 seconds
[2021-04-18 14:02:54,019] {scheduler_job.py:182} INFO - Started process (PID=320) to work on /home/airflow/.local/lib/python3.6/site-packages/airflow/example_dags/example_skip_dag.py
[2021-04-18 14:02:54,026] {scheduler_job.py:629} INFO - Processing file /home/airflow/.local/lib/python3.6/site-packages/airflow/example_dags/example_skip_dag.py for tasks to queue
[2021-04-18 14:02:54,031] {logging_mixin.py:104} INFO - [2021-04-18 14:02:54,030] {dagbag.py:448} INFO - Filling up the DagBag from /home/airflow/.local/lib/python3.6/site-packages/airflow/example_dags/example_skip_dag.py
[2021-04-18 14:02:54,046] {scheduler_job.py:639} INFO - DAG(s) dict_keys(['example_skip_dag']) retrieved from /home/airflow/.local/lib/python3.6/site-packages/airflow/example_dags/example_skip_dag.py
[2021-04-18 14:02:54,076] {logging_mixin.py:104} INFO - [2021-04-18 14:02:54,076] {dag.py:1818} INFO - Sync 1 DAGs
[2021-04-18 14:02:54,095] {logging_mixin.py:104} INFO - [2021-04-18 14:02:54,095] {dag.py:2273} INFO - Setting next_dagrun for example_skip_dag to 2021-04-16 00:00:00+00:00
[2021-04-18 14:02:54,107] {scheduler_job.py:190} INFO - Processing /home/airflow/.local/lib/python3.6/site-packages/airflow/example_dags/example_skip_dag.py took 0.093 seconds
[2021-04-18 14:03:24,223] {scheduler_job.py:182} INFO - Started process (PID=348) to work on /home/airflow/.local/lib/python3.6/site-packages/airflow/example_dags/example_skip_dag.py
[2021-04-18 14:03:24,226] {scheduler_job.py:629} INFO - Processing file /home/airflow/.local/lib/python3.6/site-packages/airflow/example_dags/example_skip_dag.py for tasks to queue
[2021-04-18 14:03:24,228] {logging_mixin.py:104} INFO - [2021-04-18 14:03:24,227] {dagbag.py:448} INFO - Filling up the DagBag from /home/airflow/.local/lib/python3.6/site-packages/airflow/example_dags/example_skip_dag.py
[2021-04-18 14:03:24,273] {scheduler_job.py:639} INFO - DAG(s) dict_keys(['example_skip_dag']) retrieved from /home/airflow/.local/lib/python3.6/site-packages/airflow/example_dags/example_skip_dag.py
[2021-04-18 14:03:24,305] {logging_mixin.py:104} INFO - [2021-04-18 14:03:24,305] {dag.py:1818} INFO - Sync 1 DAGs
[2021-04-18 14:03:24,324] {logging_mixin.py:104} INFO - [2021-04-18 14:03:24,324] {dag.py:2273} INFO - Setting next_dagrun for example_skip_dag to 2021-04-16 00:00:00+00:00
[2021-04-18 14:03:24,339] {scheduler_job.py:190} INFO - Processing /home/airflow/.local/lib/python3.6/site-packages/airflow/example_dags/example_skip_dag.py took 0.120 seconds
[2021-04-18 14:03:54,528] {scheduler_job.py:182} INFO - Started process (PID=376) to work on /home/airflow/.local/lib/python3.6/site-packages/airflow/example_dags/example_skip_dag.py
[2021-04-18 14:03:54,530] {scheduler_job.py:629} INFO - Processing file /home/airflow/.local/lib/python3.6/site-packages/airflow/example_dags/example_skip_dag.py for tasks to queue
[2021-04-18 14:03:54,532] {logging_mixin.py:104} INFO - [2021-04-18 14:03:54,532] {dagbag.py:448} INFO - Filling up the DagBag from /home/airflow/.local/lib/python3.6/site-packages/airflow/example_dags/example_skip_dag.py
[2021-04-18 14:03:54,549] {scheduler_job.py:639} INFO - DAG(s) dict_keys(['example_skip_dag']) retrieved from /home/airflow/.local/lib/python3.6/site-packages/airflow/example_dags/example_skip_dag.py
[2021-04-18 14:03:54,575] {logging_mixin.py:104} INFO - [2021-04-18 14:03:54,575] {dag.py:1818} INFO - Sync 1 DAGs
[2021-04-18 14:03:54,595] {logging_mixin.py:104} INFO - [2021-04-18 14:03:54,595] {dag.py:2273} INFO - Setting next_dagrun for example_skip_dag to 2021-04-16 00:00:00+00:00
[2021-04-18 14:03:54,611] {scheduler_job.py:190} INFO - Processing /home/airflow/.local/lib/python3.6/site-packages/airflow/example_dags/example_skip_dag.py took 0.090 seconds
[2021-04-18 14:04:25,273] {scheduler_job.py:182} INFO - Started process (PID=404) to work on /home/airflow/.local/lib/python3.6/site-packages/airflow/example_dags/example_skip_dag.py
[2021-04-18 14:04:25,277] {scheduler_job.py:629} INFO - Processing file /home/airflow/.local/lib/python3.6/site-packages/airflow/example_dags/example_skip_dag.py for tasks to queue
[2021-04-18 14:04:25,279] {logging_mixin.py:104} INFO - [2021-04-18 14:04:25,279] {dagbag.py:448} INFO - Filling up the DagBag from /home/airflow/.local/lib/python3.6/site-packages/airflow/example_dags/example_skip_dag.py
[2021-04-18 14:04:25,291] {scheduler_job.py:639} INFO - DAG(s) dict_keys(['example_skip_dag']) retrieved from /home/airflow/.local/lib/python3.6/site-packages/airflow/example_dags/example_skip_dag.py
[2021-04-18 14:04:25,329] {logging_mixin.py:104} INFO - [2021-04-18 14:04:25,328] {dag.py:1818} INFO - Sync 1 DAGs
[2021-04-18 14:04:25,349] {logging_mixin.py:104} INFO - [2021-04-18 14:04:25,349] {dag.py:2273} INFO - Setting next_dagrun for example_skip_dag to 2021-04-16 00:00:00+00:00
[2021-04-18 14:04:25,365] {scheduler_job.py:190} INFO - Processing /home/airflow/.local/lib/python3.6/site-packages/airflow/example_dags/example_skip_dag.py took 0.095 seconds
[2021-04-18 14:04:55,494] {scheduler_job.py:182} INFO - Started process (PID=432) to work on /home/airflow/.local/lib/python3.6/site-packages/airflow/example_dags/example_skip_dag.py
[2021-04-18 14:04:55,496] {scheduler_job.py:629} INFO - Processing file /home/airflow/.local/lib/python3.6/site-packages/airflow/example_dags/example_skip_dag.py for tasks to queue
[2021-04-18 14:04:55,497] {logging_mixin.py:104} INFO - [2021-04-18 14:04:55,497] {dagbag.py:448} INFO - Filling up the DagBag from /home/airflow/.local/lib/python3.6/site-packages/airflow/example_dags/example_skip_dag.py
[2021-04-18 14:04:55,509] {scheduler_job.py:639} INFO - DAG(s) dict_keys(['example_skip_dag']) retrieved from /home/airflow/.local/lib/python3.6/site-packages/airflow/example_dags/example_skip_dag.py
[2021-04-18 14:04:55,531] {logging_mixin.py:104} INFO - [2021-04-18 14:04:55,530] {dag.py:1818} INFO - Sync 1 DAGs
[2021-04-18 14:04:55,552] {logging_mixin.py:104} INFO - [2021-04-18 14:04:55,552] {dag.py:2273} INFO - Setting next_dagrun for example_skip_dag to 2021-04-16 00:00:00+00:00
[2021-04-18 14:04:55,562] {scheduler_job.py:190} INFO - Processing /home/airflow/.local/lib/python3.6/site-packages/airflow/example_dags/example_skip_dag.py took 0.072 seconds
[2021-04-18 14:05:26,102] {scheduler_job.py:182} INFO - Started process (PID=460) to work on /home/airflow/.local/lib/python3.6/site-packages/airflow/example_dags/example_skip_dag.py
[2021-04-18 14:05:26,109] {scheduler_job.py:629} INFO - Processing file /home/airflow/.local/lib/python3.6/site-packages/airflow/example_dags/example_skip_dag.py for tasks to queue
[2021-04-18 14:05:26,112] {logging_mixin.py:104} INFO - [2021-04-18 14:05:26,112] {dagbag.py:448} INFO - Filling up the DagBag from /home/airflow/.local/lib/python3.6/site-packages/airflow/example_dags/example_skip_dag.py
[2021-04-18 14:05:26,137] {scheduler_job.py:639} INFO - DAG(s) dict_keys(['example_skip_dag']) retrieved from /home/airflow/.local/lib/python3.6/site-packages/airflow/example_dags/example_skip_dag.py
[2021-04-18 14:05:26,177] {logging_mixin.py:104} INFO - [2021-04-18 14:05:26,177] {dag.py:1818} INFO - Sync 1 DAGs
[2021-04-18 14:05:26,229] {logging_mixin.py:104} INFO - [2021-04-18 14:05:26,229] {dag.py:2273} INFO - Setting next_dagrun for example_skip_dag to 2021-04-16 00:00:00+00:00
[2021-04-18 14:05:26,247] {scheduler_job.py:190} INFO - Processing /home/airflow/.local/lib/python3.6/site-packages/airflow/example_dags/example_skip_dag.py took 0.151 seconds
[2021-04-18 14:05:56,943] {scheduler_job.py:182} INFO - Started process (PID=488) to work on /home/airflow/.local/lib/python3.6/site-packages/airflow/example_dags/example_skip_dag.py
[2021-04-18 14:05:56,945] {scheduler_job.py:629} INFO - Processing file /home/airflow/.local/lib/python3.6/site-packages/airflow/example_dags/example_skip_dag.py for tasks to queue
[2021-04-18 14:05:56,947] {logging_mixin.py:104} INFO - [2021-04-18 14:05:56,947] {dagbag.py:448} INFO - Filling up the DagBag from /home/airflow/.local/lib/python3.6/site-packages/airflow/example_dags/example_skip_dag.py
[2021-04-18 14:05:56,960] {scheduler_job.py:639} INFO - DAG(s) dict_keys(['example_skip_dag']) retrieved from /home/airflow/.local/lib/python3.6/site-packages/airflow/example_dags/example_skip_dag.py
[2021-04-18 14:05:56,986] {logging_mixin.py:104} INFO - [2021-04-18 14:05:56,985] {dag.py:1818} INFO - Sync 1 DAGs
[2021-04-18 14:05:57,004] {logging_mixin.py:104} INFO - [2021-04-18 14:05:57,004] {dag.py:2273} INFO - Setting next_dagrun for example_skip_dag to 2021-04-16 00:00:00+00:00
[2021-04-18 14:05:57,016] {scheduler_job.py:190} INFO - Processing /home/airflow/.local/lib/python3.6/site-packages/airflow/example_dags/example_skip_dag.py took 0.077 seconds
[2021-04-18 14:06:27,530] {scheduler_job.py:182} INFO - Started process (PID=516) to work on /home/airflow/.local/lib/python3.6/site-packages/airflow/example_dags/example_skip_dag.py
[2021-04-18 14:06:27,532] {scheduler_job.py:629} INFO - Processing file /home/airflow/.local/lib/python3.6/site-packages/airflow/example_dags/example_skip_dag.py for tasks to queue
[2021-04-18 14:06:27,535] {logging_mixin.py:104} INFO - [2021-04-18 14:06:27,534] {dagbag.py:448} INFO - Filling up the DagBag from /home/airflow/.local/lib/python3.6/site-packages/airflow/example_dags/example_skip_dag.py
[2021-04-18 14:06:27,549] {scheduler_job.py:639} INFO - DAG(s) dict_keys(['example_skip_dag']) retrieved from /home/airflow/.local/lib/python3.6/site-packages/airflow/example_dags/example_skip_dag.py
[2021-04-18 14:06:27,591] {logging_mixin.py:104} INFO - [2021-04-18 14:06:27,591] {dag.py:1818} INFO - Sync 1 DAGs
[2021-04-18 14:06:27,629] {logging_mixin.py:104} INFO - [2021-04-18 14:06:27,629] {dag.py:2273} INFO - Setting next_dagrun for example_skip_dag to 2021-04-16 00:00:00+00:00
[2021-04-18 14:06:27,649] {scheduler_job.py:190} INFO - Processing /home/airflow/.local/lib/python3.6/site-packages/airflow/example_dags/example_skip_dag.py took 0.123 seconds
[2021-04-18 14:06:58,103] {scheduler_job.py:182} INFO - Started process (PID=544) to work on /home/airflow/.local/lib/python3.6/site-packages/airflow/example_dags/example_skip_dag.py
[2021-04-18 14:06:58,105] {scheduler_job.py:629} INFO - Processing file /home/airflow/.local/lib/python3.6/site-packages/airflow/example_dags/example_skip_dag.py for tasks to queue
[2021-04-18 14:06:58,107] {logging_mixin.py:104} INFO - [2021-04-18 14:06:58,107] {dagbag.py:448} INFO - Filling up the DagBag from /home/airflow/.local/lib/python3.6/site-packages/airflow/example_dags/example_skip_dag.py
[2021-04-18 14:06:58,124] {scheduler_job.py:639} INFO - DAG(s) dict_keys(['example_skip_dag']) retrieved from /home/airflow/.local/lib/python3.6/site-packages/airflow/example_dags/example_skip_dag.py
[2021-04-18 14:06:58,151] {logging_mixin.py:104} INFO - [2021-04-18 14:06:58,151] {dag.py:1818} INFO - Sync 1 DAGs
[2021-04-18 14:06:58,178] {logging_mixin.py:104} INFO - [2021-04-18 14:06:58,177] {dag.py:2273} INFO - Setting next_dagrun for example_skip_dag to 2021-04-16 00:00:00+00:00
[2021-04-18 14:06:58,201] {scheduler_job.py:190} INFO - Processing /home/airflow/.local/lib/python3.6/site-packages/airflow/example_dags/example_skip_dag.py took 0.104 seconds
[2021-04-18 14:07:29,133] {scheduler_job.py:182} INFO - Started process (PID=572) to work on /home/airflow/.local/lib/python3.6/site-packages/airflow/example_dags/example_skip_dag.py
[2021-04-18 14:07:29,137] {scheduler_job.py:629} INFO - Processing file /home/airflow/.local/lib/python3.6/site-packages/airflow/example_dags/example_skip_dag.py for tasks to queue
[2021-04-18 14:07:29,138] {logging_mixin.py:104} INFO - [2021-04-18 14:07:29,138] {dagbag.py:448} INFO - Filling up the DagBag from /home/airflow/.local/lib/python3.6/site-packages/airflow/example_dags/example_skip_dag.py
[2021-04-18 14:07:29,152] {scheduler_job.py:639} INFO - DAG(s) dict_keys(['example_skip_dag']) retrieved from /home/airflow/.local/lib/python3.6/site-packages/airflow/example_dags/example_skip_dag.py
[2021-04-18 14:07:29,189] {logging_mixin.py:104} INFO - [2021-04-18 14:07:29,189] {dag.py:1818} INFO - Sync 1 DAGs
[2021-04-18 14:07:29,207] {logging_mixin.py:104} INFO - [2021-04-18 14:07:29,207] {dag.py:2273} INFO - Setting next_dagrun for example_skip_dag to 2021-04-16 00:00:00+00:00
[2021-04-18 14:07:29,219] {scheduler_job.py:190} INFO - Processing /home/airflow/.local/lib/python3.6/site-packages/airflow/example_dags/example_skip_dag.py took 0.094 seconds
[2021-04-18 14:07:59,711] {scheduler_job.py:182} INFO - Started process (PID=600) to work on /home/airflow/.local/lib/python3.6/site-packages/airflow/example_dags/example_skip_dag.py
[2021-04-18 14:07:59,716] {scheduler_job.py:629} INFO - Processing file /home/airflow/.local/lib/python3.6/site-packages/airflow/example_dags/example_skip_dag.py for tasks to queue
[2021-04-18 14:07:59,718] {logging_mixin.py:104} INFO - [2021-04-18 14:07:59,717] {dagbag.py:448} INFO - Filling up the DagBag from /home/airflow/.local/lib/python3.6/site-packages/airflow/example_dags/example_skip_dag.py
[2021-04-18 14:07:59,734] {scheduler_job.py:639} INFO - DAG(s) dict_keys(['example_skip_dag']) retrieved from /home/airflow/.local/lib/python3.6/site-packages/airflow/example_dags/example_skip_dag.py
[2021-04-18 14:07:59,766] {logging_mixin.py:104} INFO - [2021-04-18 14:07:59,766] {dag.py:1818} INFO - Sync 1 DAGs
[2021-04-18 14:07:59,782] {logging_mixin.py:104} INFO - [2021-04-18 14:07:59,782] {dag.py:2273} INFO - Setting next_dagrun for example_skip_dag to 2021-04-16 00:00:00+00:00
[2021-04-18 14:07:59,791] {scheduler_job.py:190} INFO - Processing /home/airflow/.local/lib/python3.6/site-packages/airflow/example_dags/example_skip_dag.py took 0.090 seconds
[2021-04-18 14:08:30,344] {scheduler_job.py:182} INFO - Started process (PID=628) to work on /home/airflow/.local/lib/python3.6/site-packages/airflow/example_dags/example_skip_dag.py
[2021-04-18 14:08:30,348] {scheduler_job.py:629} INFO - Processing file /home/airflow/.local/lib/python3.6/site-packages/airflow/example_dags/example_skip_dag.py for tasks to queue
[2021-04-18 14:08:30,351] {logging_mixin.py:104} INFO - [2021-04-18 14:08:30,351] {dagbag.py:448} INFO - Filling up the DagBag from /home/airflow/.local/lib/python3.6/site-packages/airflow/example_dags/example_skip_dag.py
[2021-04-18 14:08:30,384] {scheduler_job.py:639} INFO - DAG(s) dict_keys(['example_skip_dag']) retrieved from /home/airflow/.local/lib/python3.6/site-packages/airflow/example_dags/example_skip_dag.py
[2021-04-18 14:08:30,427] {logging_mixin.py:104} INFO - [2021-04-18 14:08:30,427] {dag.py:1818} INFO - Sync 1 DAGs
[2021-04-18 14:08:30,463] {logging_mixin.py:104} INFO - [2021-04-18 14:08:30,463] {dag.py:2273} INFO - Setting next_dagrun for example_skip_dag to 2021-04-16 00:00:00+00:00
[2021-04-18 14:08:30,478] {scheduler_job.py:190} INFO - Processing /home/airflow/.local/lib/python3.6/site-packages/airflow/example_dags/example_skip_dag.py took 0.138 seconds
[2021-04-18 14:09:00,684] {scheduler_job.py:182} INFO - Started process (PID=656) to work on /home/airflow/.local/lib/python3.6/site-packages/airflow/example_dags/example_skip_dag.py
[2021-04-18 14:09:00,686] {scheduler_job.py:629} INFO - Processing file /home/airflow/.local/lib/python3.6/site-packages/airflow/example_dags/example_skip_dag.py for tasks to queue
[2021-04-18 14:09:00,688] {logging_mixin.py:104} INFO - [2021-04-18 14:09:00,688] {dagbag.py:448} INFO - Filling up the DagBag from /home/airflow/.local/lib/python3.6/site-packages/airflow/example_dags/example_skip_dag.py
[2021-04-18 14:09:00,704] {scheduler_job.py:639} INFO - DAG(s) dict_keys(['example_skip_dag']) retrieved from /home/airflow/.local/lib/python3.6/site-packages/airflow/example_dags/example_skip_dag.py
[2021-04-18 14:09:00,756] {logging_mixin.py:104} INFO - [2021-04-18 14:09:00,756] {dag.py:1818} INFO - Sync 1 DAGs
[2021-04-18 14:09:00,795] {logging_mixin.py:104} INFO - [2021-04-18 14:09:00,795] {dag.py:2273} INFO - Setting next_dagrun for example_skip_dag to 2021-04-16 00:00:00+00:00
[2021-04-18 14:09:00,826] {scheduler_job.py:190} INFO - Processing /home/airflow/.local/lib/python3.6/site-packages/airflow/example_dags/example_skip_dag.py took 0.146 seconds
[2021-04-18 14:09:31,022] {scheduler_job.py:182} INFO - Started process (PID=682) to work on /home/airflow/.local/lib/python3.6/site-packages/airflow/example_dags/example_skip_dag.py
[2021-04-18 14:09:31,046] {scheduler_job.py:629} INFO - Processing file /home/airflow/.local/lib/python3.6/site-packages/airflow/example_dags/example_skip_dag.py for tasks to queue
[2021-04-18 14:09:31,079] {logging_mixin.py:104} INFO - [2021-04-18 14:09:31,079] {dagbag.py:448} INFO - Filling up the DagBag from /home/airflow/.local/lib/python3.6/site-packages/airflow/example_dags/example_skip_dag.py
[2021-04-18 14:09:31,150] {scheduler_job.py:639} INFO - DAG(s) dict_keys(['example_skip_dag']) retrieved from /home/airflow/.local/lib/python3.6/site-packages/airflow/example_dags/example_skip_dag.py
[2021-04-18 14:09:31,358] {logging_mixin.py:104} INFO - [2021-04-18 14:09:31,358] {dag.py:1818} INFO - Sync 1 DAGs
[2021-04-18 14:09:31,402] {logging_mixin.py:104} INFO - [2021-04-18 14:09:31,402] {dag.py:2273} INFO - Setting next_dagrun for example_skip_dag to 2021-04-16 00:00:00+00:00
[2021-04-18 14:09:31,446] {scheduler_job.py:190} INFO - Processing /home/airflow/.local/lib/python3.6/site-packages/airflow/example_dags/example_skip_dag.py took 0.467 seconds
[2021-04-18 14:10:04,784] {scheduler_job.py:182} INFO - Started process (PID=714) to work on /home/airflow/.local/lib/python3.6/site-packages/airflow/example_dags/example_skip_dag.py
[2021-04-18 14:10:04,787] {scheduler_job.py:629} INFO - Processing file /home/airflow/.local/lib/python3.6/site-packages/airflow/example_dags/example_skip_dag.py for tasks to queue
[2021-04-18 14:10:04,790] {logging_mixin.py:104} INFO - [2021-04-18 14:10:04,789] {dagbag.py:448} INFO - Filling up the DagBag from /home/airflow/.local/lib/python3.6/site-packages/airflow/example_dags/example_skip_dag.py
[2021-04-18 14:10:04,811] {scheduler_job.py:639} INFO - DAG(s) dict_keys(['example_skip_dag']) retrieved from /home/airflow/.local/lib/python3.6/site-packages/airflow/example_dags/example_skip_dag.py
[2021-04-18 14:10:04,842] {logging_mixin.py:104} INFO - [2021-04-18 14:10:04,842] {dag.py:1818} INFO - Sync 1 DAGs
[2021-04-18 14:10:04,862] {logging_mixin.py:104} INFO - [2021-04-18 14:10:04,862] {dag.py:2273} INFO - Setting next_dagrun for example_skip_dag to 2021-04-16 00:00:00+00:00
[2021-04-18 14:10:04,900] {scheduler_job.py:190} INFO - Processing /home/airflow/.local/lib/python3.6/site-packages/airflow/example_dags/example_skip_dag.py took 0.120 seconds
[2021-04-18 14:10:39,139] {scheduler_job.py:182} INFO - Started process (PID=742) to work on /home/airflow/.local/lib/python3.6/site-packages/airflow/example_dags/example_skip_dag.py
[2021-04-18 14:10:39,141] {scheduler_job.py:629} INFO - Processing file /home/airflow/.local/lib/python3.6/site-packages/airflow/example_dags/example_skip_dag.py for tasks to queue
[2021-04-18 14:10:39,144] {logging_mixin.py:104} INFO - [2021-04-18 14:10:39,144] {dagbag.py:448} INFO - Filling up the DagBag from /home/airflow/.local/lib/python3.6/site-packages/airflow/example_dags/example_skip_dag.py
[2021-04-18 14:10:39,170] {scheduler_job.py:639} INFO - DAG(s) dict_keys(['example_skip_dag']) retrieved from /home/airflow/.local/lib/python3.6/site-packages/airflow/example_dags/example_skip_dag.py
[2021-04-18 14:10:39,221] {logging_mixin.py:104} INFO - [2021-04-18 14:10:39,220] {dag.py:1818} INFO - Sync 1 DAGs
[2021-04-18 14:10:39,259] {logging_mixin.py:104} INFO - [2021-04-18 14:10:39,258] {dag.py:2273} INFO - Setting next_dagrun for example_skip_dag to 2021-04-16 00:00:00+00:00
[2021-04-18 14:10:39,278] {scheduler_job.py:190} INFO - Processing /home/airflow/.local/lib/python3.6/site-packages/airflow/example_dags/example_skip_dag.py took 0.148 seconds
[2021-04-18 14:11:16,486] {scheduler_job.py:182} INFO - Started process (PID=774) to work on /home/airflow/.local/lib/python3.6/site-packages/airflow/example_dags/example_skip_dag.py
[2021-04-18 14:11:16,488] {scheduler_job.py:629} INFO - Processing file /home/airflow/.local/lib/python3.6/site-packages/airflow/example_dags/example_skip_dag.py for tasks to queue
[2021-04-18 14:11:16,490] {logging_mixin.py:104} INFO - [2021-04-18 14:11:16,490] {dagbag.py:448} INFO - Filling up the DagBag from /home/airflow/.local/lib/python3.6/site-packages/airflow/example_dags/example_skip_dag.py
[2021-04-18 14:11:16,504] {scheduler_job.py:639} INFO - DAG(s) dict_keys(['example_skip_dag']) retrieved from /home/airflow/.local/lib/python3.6/site-packages/airflow/example_dags/example_skip_dag.py
[2021-04-18 14:11:16,534] {logging_mixin.py:104} INFO - [2021-04-18 14:11:16,534] {dag.py:1818} INFO - Sync 1 DAGs
[2021-04-18 14:11:16,550] {logging_mixin.py:104} INFO - [2021-04-18 14:11:16,550] {dag.py:2273} INFO - Setting next_dagrun for example_skip_dag to 2021-04-16 00:00:00+00:00
[2021-04-18 14:11:16,562] {scheduler_job.py:190} INFO - Processing /home/airflow/.local/lib/python3.6/site-packages/airflow/example_dags/example_skip_dag.py took 0.080 seconds
[2021-04-18 14:12:48,150] {scheduler_job.py:182} INFO - Started process (PID=47) to work on /home/airflow/.local/lib/python3.6/site-packages/airflow/example_dags/example_skip_dag.py
[2021-04-18 14:12:48,161] {scheduler_job.py:629} INFO - Processing file /home/airflow/.local/lib/python3.6/site-packages/airflow/example_dags/example_skip_dag.py for tasks to queue
[2021-04-18 14:12:48,168] {logging_mixin.py:104} INFO - [2021-04-18 14:12:48,167] {dagbag.py:448} INFO - Filling up the DagBag from /home/airflow/.local/lib/python3.6/site-packages/airflow/example_dags/example_skip_dag.py
[2021-04-18 14:12:48,238] {scheduler_job.py:639} INFO - DAG(s) dict_keys(['example_skip_dag']) retrieved from /home/airflow/.local/lib/python3.6/site-packages/airflow/example_dags/example_skip_dag.py
[2021-04-18 14:12:48,307] {logging_mixin.py:104} INFO - [2021-04-18 14:12:48,298] {dag.py:1818} INFO - Sync 1 DAGs
[2021-04-18 14:12:48,364] {logging_mixin.py:104} INFO - [2021-04-18 14:12:48,364] {dag.py:2273} INFO - Setting next_dagrun for example_skip_dag to 2021-04-16 00:00:00+00:00
[2021-04-18 14:12:48,402] {scheduler_job.py:190} INFO - Processing /home/airflow/.local/lib/python3.6/site-packages/airflow/example_dags/example_skip_dag.py took 0.261 seconds
[2021-04-18 14:13:30,356] {scheduler_job.py:182} INFO - Started process (PID=75) to work on /home/airflow/.local/lib/python3.6/site-packages/airflow/example_dags/example_skip_dag.py
[2021-04-18 14:13:30,362] {scheduler_job.py:629} INFO - Processing file /home/airflow/.local/lib/python3.6/site-packages/airflow/example_dags/example_skip_dag.py for tasks to queue
[2021-04-18 14:13:30,403] {logging_mixin.py:104} INFO - [2021-04-18 14:13:30,402] {dagbag.py:448} INFO - Filling up the DagBag from /home/airflow/.local/lib/python3.6/site-packages/airflow/example_dags/example_skip_dag.py
[2021-04-18 14:13:30,441] {scheduler_job.py:639} INFO - DAG(s) dict_keys(['example_skip_dag']) retrieved from /home/airflow/.local/lib/python3.6/site-packages/airflow/example_dags/example_skip_dag.py
[2021-04-18 14:13:30,500] {logging_mixin.py:104} INFO - [2021-04-18 14:13:30,499] {dag.py:1818} INFO - Sync 1 DAGs
[2021-04-18 14:13:30,540] {logging_mixin.py:104} INFO - [2021-04-18 14:13:30,540] {dag.py:2273} INFO - Setting next_dagrun for example_skip_dag to 2021-04-16 00:00:00+00:00
[2021-04-18 14:13:30,554] {scheduler_job.py:190} INFO - Processing /home/airflow/.local/lib/python3.6/site-packages/airflow/example_dags/example_skip_dag.py took 0.207 seconds
[2021-04-18 14:14:02,224] {scheduler_job.py:182} INFO - Started process (PID=110) to work on /home/airflow/.local/lib/python3.6/site-packages/airflow/example_dags/example_skip_dag.py
[2021-04-18 14:14:02,228] {scheduler_job.py:629} INFO - Processing file /home/airflow/.local/lib/python3.6/site-packages/airflow/example_dags/example_skip_dag.py for tasks to queue
[2021-04-18 14:14:02,229] {logging_mixin.py:104} INFO - [2021-04-18 14:14:02,229] {dagbag.py:448} INFO - Filling up the DagBag from /home/airflow/.local/lib/python3.6/site-packages/airflow/example_dags/example_skip_dag.py
[2021-04-18 14:14:02,250] {scheduler_job.py:639} INFO - DAG(s) dict_keys(['example_skip_dag']) retrieved from /home/airflow/.local/lib/python3.6/site-packages/airflow/example_dags/example_skip_dag.py
[2021-04-18 14:14:02,305] {logging_mixin.py:104} INFO - [2021-04-18 14:14:02,305] {dag.py:1818} INFO - Sync 1 DAGs
[2021-04-18 14:14:02,338] {logging_mixin.py:104} INFO - [2021-04-18 14:14:02,338] {dag.py:2273} INFO - Setting next_dagrun for example_skip_dag to 2021-04-16 00:00:00+00:00
[2021-04-18 14:14:02,359] {scheduler_job.py:190} INFO - Processing /home/airflow/.local/lib/python3.6/site-packages/airflow/example_dags/example_skip_dag.py took 0.139 seconds
