[2021-04-18 13:57:20,978] {scheduler_job.py:182} INFO - Started process (PID=28) to work on /home/airflow/.local/lib/python3.6/site-packages/airflow/example_dags/example_kubernetes_executor_config.py
[2021-04-18 13:57:21,002] {scheduler_job.py:629} INFO - Processing file /home/airflow/.local/lib/python3.6/site-packages/airflow/example_dags/example_kubernetes_executor_config.py for tasks to queue
[2021-04-18 13:57:21,011] {logging_mixin.py:104} INFO - [2021-04-18 13:57:21,010] {dagbag.py:448} INFO - Filling up the DagBag from /home/airflow/.local/lib/python3.6/site-packages/airflow/example_dags/example_kubernetes_executor_config.py
[2021-04-18 13:57:21,096] {scheduler_job.py:639} INFO - DAG(s) dict_keys(['example_kubernetes_executor_config']) retrieved from /home/airflow/.local/lib/python3.6/site-packages/airflow/example_dags/example_kubernetes_executor_config.py
[2021-04-18 13:57:21,312] {logging_mixin.py:104} INFO - [2021-04-18 13:57:21,312] {dag.py:1818} INFO - Sync 1 DAGs
[2021-04-18 13:57:21,366] {logging_mixin.py:104} INFO - [2021-04-18 13:57:21,366] {dag.py:1837} INFO - Creating ORM DAG for example_kubernetes_executor_config
[2021-04-18 13:57:21,407] {logging_mixin.py:104} INFO - [2021-04-18 13:57:21,406] {dag.py:2273} INFO - Setting next_dagrun for example_kubernetes_executor_config to None
[2021-04-18 13:57:21,478] {scheduler_job.py:190} INFO - Processing /home/airflow/.local/lib/python3.6/site-packages/airflow/example_dags/example_kubernetes_executor_config.py took 0.526 seconds
[2021-04-18 13:57:52,363] {scheduler_job.py:182} INFO - Started process (PID=54) to work on /home/airflow/.local/lib/python3.6/site-packages/airflow/example_dags/example_kubernetes_executor_config.py
[2021-04-18 13:57:52,369] {scheduler_job.py:629} INFO - Processing file /home/airflow/.local/lib/python3.6/site-packages/airflow/example_dags/example_kubernetes_executor_config.py for tasks to queue
[2021-04-18 13:57:52,373] {logging_mixin.py:104} INFO - [2021-04-18 13:57:52,372] {dagbag.py:448} INFO - Filling up the DagBag from /home/airflow/.local/lib/python3.6/site-packages/airflow/example_dags/example_kubernetes_executor_config.py
[2021-04-18 13:57:52,433] {scheduler_job.py:639} INFO - DAG(s) dict_keys(['example_kubernetes_executor_config']) retrieved from /home/airflow/.local/lib/python3.6/site-packages/airflow/example_dags/example_kubernetes_executor_config.py
[2021-04-18 13:57:52,533] {logging_mixin.py:104} INFO - [2021-04-18 13:57:52,532] {dag.py:1818} INFO - Sync 1 DAGs
[2021-04-18 13:57:52,614] {logging_mixin.py:104} INFO - [2021-04-18 13:57:52,614] {dag.py:2273} INFO - Setting next_dagrun for example_kubernetes_executor_config to None
[2021-04-18 13:57:52,645] {scheduler_job.py:190} INFO - Processing /home/airflow/.local/lib/python3.6/site-packages/airflow/example_dags/example_kubernetes_executor_config.py took 0.290 seconds
[2021-04-18 13:58:25,394] {scheduler_job.py:182} INFO - Started process (PID=79) to work on /home/airflow/.local/lib/python3.6/site-packages/airflow/example_dags/example_kubernetes_executor_config.py
[2021-04-18 13:58:25,452] {scheduler_job.py:629} INFO - Processing file /home/airflow/.local/lib/python3.6/site-packages/airflow/example_dags/example_kubernetes_executor_config.py for tasks to queue
[2021-04-18 13:58:25,510] {logging_mixin.py:104} INFO - [2021-04-18 13:58:25,502] {dagbag.py:448} INFO - Filling up the DagBag from /home/airflow/.local/lib/python3.6/site-packages/airflow/example_dags/example_kubernetes_executor_config.py
[2021-04-18 13:58:26,246] {scheduler_job.py:639} INFO - DAG(s) dict_keys(['example_kubernetes_executor_config']) retrieved from /home/airflow/.local/lib/python3.6/site-packages/airflow/example_dags/example_kubernetes_executor_config.py
[2021-04-18 13:58:27,156] {logging_mixin.py:104} INFO - [2021-04-18 13:58:27,153] {dag.py:1818} INFO - Sync 1 DAGs
[2021-04-18 13:58:27,565] {logging_mixin.py:104} INFO - [2021-04-18 13:58:27,564] {dag.py:2273} INFO - Setting next_dagrun for example_kubernetes_executor_config to None
[2021-04-18 13:58:27,813] {scheduler_job.py:190} INFO - Processing /home/airflow/.local/lib/python3.6/site-packages/airflow/example_dags/example_kubernetes_executor_config.py took 2.856 seconds
[2021-04-18 13:58:59,182] {scheduler_job.py:182} INFO - Started process (PID=107) to work on /home/airflow/.local/lib/python3.6/site-packages/airflow/example_dags/example_kubernetes_executor_config.py
[2021-04-18 13:58:59,206] {scheduler_job.py:629} INFO - Processing file /home/airflow/.local/lib/python3.6/site-packages/airflow/example_dags/example_kubernetes_executor_config.py for tasks to queue
[2021-04-18 13:58:59,219] {logging_mixin.py:104} INFO - [2021-04-18 13:58:59,219] {dagbag.py:448} INFO - Filling up the DagBag from /home/airflow/.local/lib/python3.6/site-packages/airflow/example_dags/example_kubernetes_executor_config.py
[2021-04-18 13:58:59,314] {scheduler_job.py:639} INFO - DAG(s) dict_keys(['example_kubernetes_executor_config']) retrieved from /home/airflow/.local/lib/python3.6/site-packages/airflow/example_dags/example_kubernetes_executor_config.py
[2021-04-18 13:58:59,469] {logging_mixin.py:104} INFO - [2021-04-18 13:58:59,462] {dag.py:1818} INFO - Sync 1 DAGs
[2021-04-18 13:58:59,517] {logging_mixin.py:104} INFO - [2021-04-18 13:58:59,517] {dag.py:2273} INFO - Setting next_dagrun for example_kubernetes_executor_config to None
[2021-04-18 13:58:59,546] {scheduler_job.py:190} INFO - Processing /home/airflow/.local/lib/python3.6/site-packages/airflow/example_dags/example_kubernetes_executor_config.py took 0.407 seconds
[2021-04-18 13:59:30,378] {scheduler_job.py:182} INFO - Started process (PID=135) to work on /home/airflow/.local/lib/python3.6/site-packages/airflow/example_dags/example_kubernetes_executor_config.py
[2021-04-18 13:59:30,381] {scheduler_job.py:629} INFO - Processing file /home/airflow/.local/lib/python3.6/site-packages/airflow/example_dags/example_kubernetes_executor_config.py for tasks to queue
[2021-04-18 13:59:30,382] {logging_mixin.py:104} INFO - [2021-04-18 13:59:30,382] {dagbag.py:448} INFO - Filling up the DagBag from /home/airflow/.local/lib/python3.6/site-packages/airflow/example_dags/example_kubernetes_executor_config.py
[2021-04-18 13:59:30,411] {scheduler_job.py:639} INFO - DAG(s) dict_keys(['example_kubernetes_executor_config']) retrieved from /home/airflow/.local/lib/python3.6/site-packages/airflow/example_dags/example_kubernetes_executor_config.py
[2021-04-18 13:59:30,472] {logging_mixin.py:104} INFO - [2021-04-18 13:59:30,472] {dag.py:1818} INFO - Sync 1 DAGs
[2021-04-18 13:59:30,500] {logging_mixin.py:104} INFO - [2021-04-18 13:59:30,500] {dag.py:2273} INFO - Setting next_dagrun for example_kubernetes_executor_config to None
[2021-04-18 13:59:30,515] {scheduler_job.py:190} INFO - Processing /home/airflow/.local/lib/python3.6/site-packages/airflow/example_dags/example_kubernetes_executor_config.py took 0.143 seconds
[2021-04-18 14:00:01,160] {scheduler_job.py:182} INFO - Started process (PID=163) to work on /home/airflow/.local/lib/python3.6/site-packages/airflow/example_dags/example_kubernetes_executor_config.py
[2021-04-18 14:00:01,163] {scheduler_job.py:629} INFO - Processing file /home/airflow/.local/lib/python3.6/site-packages/airflow/example_dags/example_kubernetes_executor_config.py for tasks to queue
[2021-04-18 14:00:01,166] {logging_mixin.py:104} INFO - [2021-04-18 14:00:01,166] {dagbag.py:448} INFO - Filling up the DagBag from /home/airflow/.local/lib/python3.6/site-packages/airflow/example_dags/example_kubernetes_executor_config.py
[2021-04-18 14:00:01,195] {scheduler_job.py:639} INFO - DAG(s) dict_keys(['example_kubernetes_executor_config']) retrieved from /home/airflow/.local/lib/python3.6/site-packages/airflow/example_dags/example_kubernetes_executor_config.py
[2021-04-18 14:00:01,227] {logging_mixin.py:104} INFO - [2021-04-18 14:00:01,227] {dag.py:1818} INFO - Sync 1 DAGs
[2021-04-18 14:00:01,244] {logging_mixin.py:104} INFO - [2021-04-18 14:00:01,244] {dag.py:2273} INFO - Setting next_dagrun for example_kubernetes_executor_config to None
[2021-04-18 14:00:01,257] {scheduler_job.py:190} INFO - Processing /home/airflow/.local/lib/python3.6/site-packages/airflow/example_dags/example_kubernetes_executor_config.py took 0.103 seconds
[2021-04-18 14:00:31,773] {scheduler_job.py:182} INFO - Started process (PID=191) to work on /home/airflow/.local/lib/python3.6/site-packages/airflow/example_dags/example_kubernetes_executor_config.py
[2021-04-18 14:00:31,776] {scheduler_job.py:629} INFO - Processing file /home/airflow/.local/lib/python3.6/site-packages/airflow/example_dags/example_kubernetes_executor_config.py for tasks to queue
[2021-04-18 14:00:31,778] {logging_mixin.py:104} INFO - [2021-04-18 14:00:31,778] {dagbag.py:448} INFO - Filling up the DagBag from /home/airflow/.local/lib/python3.6/site-packages/airflow/example_dags/example_kubernetes_executor_config.py
[2021-04-18 14:00:31,801] {scheduler_job.py:639} INFO - DAG(s) dict_keys(['example_kubernetes_executor_config']) retrieved from /home/airflow/.local/lib/python3.6/site-packages/airflow/example_dags/example_kubernetes_executor_config.py
[2021-04-18 14:00:31,845] {logging_mixin.py:104} INFO - [2021-04-18 14:00:31,845] {dag.py:1818} INFO - Sync 1 DAGs
[2021-04-18 14:00:31,866] {logging_mixin.py:104} INFO - [2021-04-18 14:00:31,866] {dag.py:2273} INFO - Setting next_dagrun for example_kubernetes_executor_config to None
[2021-04-18 14:00:31,880] {scheduler_job.py:190} INFO - Processing /home/airflow/.local/lib/python3.6/site-packages/airflow/example_dags/example_kubernetes_executor_config.py took 0.112 seconds
[2021-04-18 14:01:02,141] {scheduler_job.py:182} INFO - Started process (PID=219) to work on /home/airflow/.local/lib/python3.6/site-packages/airflow/example_dags/example_kubernetes_executor_config.py
[2021-04-18 14:01:02,143] {scheduler_job.py:629} INFO - Processing file /home/airflow/.local/lib/python3.6/site-packages/airflow/example_dags/example_kubernetes_executor_config.py for tasks to queue
[2021-04-18 14:01:02,146] {logging_mixin.py:104} INFO - [2021-04-18 14:01:02,146] {dagbag.py:448} INFO - Filling up the DagBag from /home/airflow/.local/lib/python3.6/site-packages/airflow/example_dags/example_kubernetes_executor_config.py
[2021-04-18 14:01:02,168] {scheduler_job.py:639} INFO - DAG(s) dict_keys(['example_kubernetes_executor_config']) retrieved from /home/airflow/.local/lib/python3.6/site-packages/airflow/example_dags/example_kubernetes_executor_config.py
[2021-04-18 14:01:02,214] {logging_mixin.py:104} INFO - [2021-04-18 14:01:02,213] {dag.py:1818} INFO - Sync 1 DAGs
[2021-04-18 14:01:02,268] {logging_mixin.py:104} INFO - [2021-04-18 14:01:02,266] {dag.py:2273} INFO - Setting next_dagrun for example_kubernetes_executor_config to None
[2021-04-18 14:01:02,295] {scheduler_job.py:190} INFO - Processing /home/airflow/.local/lib/python3.6/site-packages/airflow/example_dags/example_kubernetes_executor_config.py took 0.160 seconds
[2021-04-18 14:01:32,839] {scheduler_job.py:182} INFO - Started process (PID=247) to work on /home/airflow/.local/lib/python3.6/site-packages/airflow/example_dags/example_kubernetes_executor_config.py
[2021-04-18 14:01:32,844] {scheduler_job.py:629} INFO - Processing file /home/airflow/.local/lib/python3.6/site-packages/airflow/example_dags/example_kubernetes_executor_config.py for tasks to queue
[2021-04-18 14:01:32,848] {logging_mixin.py:104} INFO - [2021-04-18 14:01:32,848] {dagbag.py:448} INFO - Filling up the DagBag from /home/airflow/.local/lib/python3.6/site-packages/airflow/example_dags/example_kubernetes_executor_config.py
[2021-04-18 14:01:32,871] {scheduler_job.py:639} INFO - DAG(s) dict_keys(['example_kubernetes_executor_config']) retrieved from /home/airflow/.local/lib/python3.6/site-packages/airflow/example_dags/example_kubernetes_executor_config.py
[2021-04-18 14:01:32,908] {logging_mixin.py:104} INFO - [2021-04-18 14:01:32,908] {dag.py:1818} INFO - Sync 1 DAGs
[2021-04-18 14:01:32,940] {logging_mixin.py:104} INFO - [2021-04-18 14:01:32,940] {dag.py:2273} INFO - Setting next_dagrun for example_kubernetes_executor_config to None
[2021-04-18 14:01:32,965] {scheduler_job.py:190} INFO - Processing /home/airflow/.local/lib/python3.6/site-packages/airflow/example_dags/example_kubernetes_executor_config.py took 0.130 seconds
[2021-04-18 14:02:03,054] {scheduler_job.py:182} INFO - Started process (PID=275) to work on /home/airflow/.local/lib/python3.6/site-packages/airflow/example_dags/example_kubernetes_executor_config.py
[2021-04-18 14:02:03,056] {scheduler_job.py:629} INFO - Processing file /home/airflow/.local/lib/python3.6/site-packages/airflow/example_dags/example_kubernetes_executor_config.py for tasks to queue
[2021-04-18 14:02:03,057] {logging_mixin.py:104} INFO - [2021-04-18 14:02:03,057] {dagbag.py:448} INFO - Filling up the DagBag from /home/airflow/.local/lib/python3.6/site-packages/airflow/example_dags/example_kubernetes_executor_config.py
[2021-04-18 14:02:03,073] {scheduler_job.py:639} INFO - DAG(s) dict_keys(['example_kubernetes_executor_config']) retrieved from /home/airflow/.local/lib/python3.6/site-packages/airflow/example_dags/example_kubernetes_executor_config.py
[2021-04-18 14:02:03,096] {logging_mixin.py:104} INFO - [2021-04-18 14:02:03,096] {dag.py:1818} INFO - Sync 1 DAGs
[2021-04-18 14:02:03,112] {logging_mixin.py:104} INFO - [2021-04-18 14:02:03,112] {dag.py:2273} INFO - Setting next_dagrun for example_kubernetes_executor_config to None
[2021-04-18 14:02:03,120] {scheduler_job.py:190} INFO - Processing /home/airflow/.local/lib/python3.6/site-packages/airflow/example_dags/example_kubernetes_executor_config.py took 0.072 seconds
[2021-04-18 14:02:33,644] {scheduler_job.py:182} INFO - Started process (PID=303) to work on /home/airflow/.local/lib/python3.6/site-packages/airflow/example_dags/example_kubernetes_executor_config.py
[2021-04-18 14:02:33,647] {scheduler_job.py:629} INFO - Processing file /home/airflow/.local/lib/python3.6/site-packages/airflow/example_dags/example_kubernetes_executor_config.py for tasks to queue
[2021-04-18 14:02:33,648] {logging_mixin.py:104} INFO - [2021-04-18 14:02:33,648] {dagbag.py:448} INFO - Filling up the DagBag from /home/airflow/.local/lib/python3.6/site-packages/airflow/example_dags/example_kubernetes_executor_config.py
[2021-04-18 14:02:33,666] {scheduler_job.py:639} INFO - DAG(s) dict_keys(['example_kubernetes_executor_config']) retrieved from /home/airflow/.local/lib/python3.6/site-packages/airflow/example_dags/example_kubernetes_executor_config.py
[2021-04-18 14:02:33,695] {logging_mixin.py:104} INFO - [2021-04-18 14:02:33,695] {dag.py:1818} INFO - Sync 1 DAGs
[2021-04-18 14:02:33,712] {logging_mixin.py:104} INFO - [2021-04-18 14:02:33,712] {dag.py:2273} INFO - Setting next_dagrun for example_kubernetes_executor_config to None
[2021-04-18 14:02:33,722] {scheduler_job.py:190} INFO - Processing /home/airflow/.local/lib/python3.6/site-packages/airflow/example_dags/example_kubernetes_executor_config.py took 0.085 seconds
[2021-04-18 14:03:04,046] {scheduler_job.py:182} INFO - Started process (PID=331) to work on /home/airflow/.local/lib/python3.6/site-packages/airflow/example_dags/example_kubernetes_executor_config.py
[2021-04-18 14:03:04,049] {scheduler_job.py:629} INFO - Processing file /home/airflow/.local/lib/python3.6/site-packages/airflow/example_dags/example_kubernetes_executor_config.py for tasks to queue
[2021-04-18 14:03:04,052] {logging_mixin.py:104} INFO - [2021-04-18 14:03:04,052] {dagbag.py:448} INFO - Filling up the DagBag from /home/airflow/.local/lib/python3.6/site-packages/airflow/example_dags/example_kubernetes_executor_config.py
[2021-04-18 14:03:04,070] {scheduler_job.py:639} INFO - DAG(s) dict_keys(['example_kubernetes_executor_config']) retrieved from /home/airflow/.local/lib/python3.6/site-packages/airflow/example_dags/example_kubernetes_executor_config.py
[2021-04-18 14:03:04,096] {logging_mixin.py:104} INFO - [2021-04-18 14:03:04,096] {dag.py:1818} INFO - Sync 1 DAGs
[2021-04-18 14:03:04,115] {logging_mixin.py:104} INFO - [2021-04-18 14:03:04,115] {dag.py:2273} INFO - Setting next_dagrun for example_kubernetes_executor_config to None
[2021-04-18 14:03:04,131] {scheduler_job.py:190} INFO - Processing /home/airflow/.local/lib/python3.6/site-packages/airflow/example_dags/example_kubernetes_executor_config.py took 0.091 seconds
[2021-04-18 14:03:34,845] {scheduler_job.py:182} INFO - Started process (PID=357) to work on /home/airflow/.local/lib/python3.6/site-packages/airflow/example_dags/example_kubernetes_executor_config.py
[2021-04-18 14:03:34,847] {scheduler_job.py:629} INFO - Processing file /home/airflow/.local/lib/python3.6/site-packages/airflow/example_dags/example_kubernetes_executor_config.py for tasks to queue
[2021-04-18 14:03:34,849] {logging_mixin.py:104} INFO - [2021-04-18 14:03:34,849] {dagbag.py:448} INFO - Filling up the DagBag from /home/airflow/.local/lib/python3.6/site-packages/airflow/example_dags/example_kubernetes_executor_config.py
[2021-04-18 14:03:34,864] {scheduler_job.py:639} INFO - DAG(s) dict_keys(['example_kubernetes_executor_config']) retrieved from /home/airflow/.local/lib/python3.6/site-packages/airflow/example_dags/example_kubernetes_executor_config.py
[2021-04-18 14:03:34,895] {logging_mixin.py:104} INFO - [2021-04-18 14:03:34,895] {dag.py:1818} INFO - Sync 1 DAGs
[2021-04-18 14:03:34,916] {logging_mixin.py:104} INFO - [2021-04-18 14:03:34,916] {dag.py:2273} INFO - Setting next_dagrun for example_kubernetes_executor_config to None
[2021-04-18 14:03:34,928] {scheduler_job.py:190} INFO - Processing /home/airflow/.local/lib/python3.6/site-packages/airflow/example_dags/example_kubernetes_executor_config.py took 0.086 seconds
[2021-04-18 14:04:05,048] {scheduler_job.py:182} INFO - Started process (PID=384) to work on /home/airflow/.local/lib/python3.6/site-packages/airflow/example_dags/example_kubernetes_executor_config.py
[2021-04-18 14:04:05,051] {scheduler_job.py:629} INFO - Processing file /home/airflow/.local/lib/python3.6/site-packages/airflow/example_dags/example_kubernetes_executor_config.py for tasks to queue
[2021-04-18 14:04:05,057] {logging_mixin.py:104} INFO - [2021-04-18 14:04:05,057] {dagbag.py:448} INFO - Filling up the DagBag from /home/airflow/.local/lib/python3.6/site-packages/airflow/example_dags/example_kubernetes_executor_config.py
[2021-04-18 14:04:05,081] {scheduler_job.py:639} INFO - DAG(s) dict_keys(['example_kubernetes_executor_config']) retrieved from /home/airflow/.local/lib/python3.6/site-packages/airflow/example_dags/example_kubernetes_executor_config.py
[2021-04-18 14:04:05,115] {logging_mixin.py:104} INFO - [2021-04-18 14:04:05,115] {dag.py:1818} INFO - Sync 1 DAGs
[2021-04-18 14:04:05,136] {logging_mixin.py:104} INFO - [2021-04-18 14:04:05,136] {dag.py:2273} INFO - Setting next_dagrun for example_kubernetes_executor_config to None
[2021-04-18 14:04:05,149] {scheduler_job.py:190} INFO - Processing /home/airflow/.local/lib/python3.6/site-packages/airflow/example_dags/example_kubernetes_executor_config.py took 0.105 seconds
[2021-04-18 14:04:35,747] {scheduler_job.py:182} INFO - Started process (PID=412) to work on /home/airflow/.local/lib/python3.6/site-packages/airflow/example_dags/example_kubernetes_executor_config.py
[2021-04-18 14:04:35,750] {scheduler_job.py:629} INFO - Processing file /home/airflow/.local/lib/python3.6/site-packages/airflow/example_dags/example_kubernetes_executor_config.py for tasks to queue
[2021-04-18 14:04:35,752] {logging_mixin.py:104} INFO - [2021-04-18 14:04:35,752] {dagbag.py:448} INFO - Filling up the DagBag from /home/airflow/.local/lib/python3.6/site-packages/airflow/example_dags/example_kubernetes_executor_config.py
[2021-04-18 14:04:35,769] {scheduler_job.py:639} INFO - DAG(s) dict_keys(['example_kubernetes_executor_config']) retrieved from /home/airflow/.local/lib/python3.6/site-packages/airflow/example_dags/example_kubernetes_executor_config.py
[2021-04-18 14:04:35,804] {logging_mixin.py:104} INFO - [2021-04-18 14:04:35,803] {dag.py:1818} INFO - Sync 1 DAGs
[2021-04-18 14:04:35,829] {logging_mixin.py:104} INFO - [2021-04-18 14:04:35,828] {dag.py:2273} INFO - Setting next_dagrun for example_kubernetes_executor_config to None
[2021-04-18 14:04:35,852] {scheduler_job.py:190} INFO - Processing /home/airflow/.local/lib/python3.6/site-packages/airflow/example_dags/example_kubernetes_executor_config.py took 0.110 seconds
[2021-04-18 14:05:06,009] {scheduler_job.py:182} INFO - Started process (PID=440) to work on /home/airflow/.local/lib/python3.6/site-packages/airflow/example_dags/example_kubernetes_executor_config.py
[2021-04-18 14:05:06,013] {scheduler_job.py:629} INFO - Processing file /home/airflow/.local/lib/python3.6/site-packages/airflow/example_dags/example_kubernetes_executor_config.py for tasks to queue
[2021-04-18 14:05:06,016] {logging_mixin.py:104} INFO - [2021-04-18 14:05:06,016] {dagbag.py:448} INFO - Filling up the DagBag from /home/airflow/.local/lib/python3.6/site-packages/airflow/example_dags/example_kubernetes_executor_config.py
[2021-04-18 14:05:06,042] {scheduler_job.py:639} INFO - DAG(s) dict_keys(['example_kubernetes_executor_config']) retrieved from /home/airflow/.local/lib/python3.6/site-packages/airflow/example_dags/example_kubernetes_executor_config.py
[2021-04-18 14:05:06,101] {logging_mixin.py:104} INFO - [2021-04-18 14:05:06,101] {dag.py:1818} INFO - Sync 1 DAGs
[2021-04-18 14:05:06,165] {logging_mixin.py:104} INFO - [2021-04-18 14:05:06,165] {dag.py:2273} INFO - Setting next_dagrun for example_kubernetes_executor_config to None
[2021-04-18 14:05:06,219] {scheduler_job.py:190} INFO - Processing /home/airflow/.local/lib/python3.6/site-packages/airflow/example_dags/example_kubernetes_executor_config.py took 0.217 seconds
[2021-04-18 14:05:36,682] {scheduler_job.py:182} INFO - Started process (PID=468) to work on /home/airflow/.local/lib/python3.6/site-packages/airflow/example_dags/example_kubernetes_executor_config.py
[2021-04-18 14:05:36,685] {scheduler_job.py:629} INFO - Processing file /home/airflow/.local/lib/python3.6/site-packages/airflow/example_dags/example_kubernetes_executor_config.py for tasks to queue
[2021-04-18 14:05:36,687] {logging_mixin.py:104} INFO - [2021-04-18 14:05:36,686] {dagbag.py:448} INFO - Filling up the DagBag from /home/airflow/.local/lib/python3.6/site-packages/airflow/example_dags/example_kubernetes_executor_config.py
[2021-04-18 14:05:36,705] {scheduler_job.py:639} INFO - DAG(s) dict_keys(['example_kubernetes_executor_config']) retrieved from /home/airflow/.local/lib/python3.6/site-packages/airflow/example_dags/example_kubernetes_executor_config.py
[2021-04-18 14:05:36,736] {logging_mixin.py:104} INFO - [2021-04-18 14:05:36,735] {dag.py:1818} INFO - Sync 1 DAGs
[2021-04-18 14:05:36,761] {logging_mixin.py:104} INFO - [2021-04-18 14:05:36,761] {dag.py:2273} INFO - Setting next_dagrun for example_kubernetes_executor_config to None
[2021-04-18 14:05:36,775] {scheduler_job.py:190} INFO - Processing /home/airflow/.local/lib/python3.6/site-packages/airflow/example_dags/example_kubernetes_executor_config.py took 0.098 seconds
[2021-04-18 14:06:07,362] {scheduler_job.py:182} INFO - Started process (PID=496) to work on /home/airflow/.local/lib/python3.6/site-packages/airflow/example_dags/example_kubernetes_executor_config.py
[2021-04-18 14:06:07,364] {scheduler_job.py:629} INFO - Processing file /home/airflow/.local/lib/python3.6/site-packages/airflow/example_dags/example_kubernetes_executor_config.py for tasks to queue
[2021-04-18 14:06:07,365] {logging_mixin.py:104} INFO - [2021-04-18 14:06:07,365] {dagbag.py:448} INFO - Filling up the DagBag from /home/airflow/.local/lib/python3.6/site-packages/airflow/example_dags/example_kubernetes_executor_config.py
[2021-04-18 14:06:07,380] {scheduler_job.py:639} INFO - DAG(s) dict_keys(['example_kubernetes_executor_config']) retrieved from /home/airflow/.local/lib/python3.6/site-packages/airflow/example_dags/example_kubernetes_executor_config.py
[2021-04-18 14:06:07,414] {logging_mixin.py:104} INFO - [2021-04-18 14:06:07,414] {dag.py:1818} INFO - Sync 1 DAGs
[2021-04-18 14:06:07,440] {logging_mixin.py:104} INFO - [2021-04-18 14:06:07,440] {dag.py:2273} INFO - Setting next_dagrun for example_kubernetes_executor_config to None
[2021-04-18 14:06:07,450] {scheduler_job.py:190} INFO - Processing /home/airflow/.local/lib/python3.6/site-packages/airflow/example_dags/example_kubernetes_executor_config.py took 0.092 seconds
[2021-04-18 14:06:38,122] {scheduler_job.py:182} INFO - Started process (PID=524) to work on /home/airflow/.local/lib/python3.6/site-packages/airflow/example_dags/example_kubernetes_executor_config.py
[2021-04-18 14:06:38,125] {scheduler_job.py:629} INFO - Processing file /home/airflow/.local/lib/python3.6/site-packages/airflow/example_dags/example_kubernetes_executor_config.py for tasks to queue
[2021-04-18 14:06:38,127] {logging_mixin.py:104} INFO - [2021-04-18 14:06:38,127] {dagbag.py:448} INFO - Filling up the DagBag from /home/airflow/.local/lib/python3.6/site-packages/airflow/example_dags/example_kubernetes_executor_config.py
[2021-04-18 14:06:38,145] {scheduler_job.py:639} INFO - DAG(s) dict_keys(['example_kubernetes_executor_config']) retrieved from /home/airflow/.local/lib/python3.6/site-packages/airflow/example_dags/example_kubernetes_executor_config.py
[2021-04-18 14:06:38,179] {logging_mixin.py:104} INFO - [2021-04-18 14:06:38,179] {dag.py:1818} INFO - Sync 1 DAGs
[2021-04-18 14:06:38,198] {logging_mixin.py:104} INFO - [2021-04-18 14:06:38,198] {dag.py:2273} INFO - Setting next_dagrun for example_kubernetes_executor_config to None
[2021-04-18 14:06:38,211] {scheduler_job.py:190} INFO - Processing /home/airflow/.local/lib/python3.6/site-packages/airflow/example_dags/example_kubernetes_executor_config.py took 0.094 seconds
[2021-04-18 14:07:08,583] {scheduler_job.py:182} INFO - Started process (PID=552) to work on /home/airflow/.local/lib/python3.6/site-packages/airflow/example_dags/example_kubernetes_executor_config.py
[2021-04-18 14:07:08,586] {scheduler_job.py:629} INFO - Processing file /home/airflow/.local/lib/python3.6/site-packages/airflow/example_dags/example_kubernetes_executor_config.py for tasks to queue
[2021-04-18 14:07:08,589] {logging_mixin.py:104} INFO - [2021-04-18 14:07:08,589] {dagbag.py:448} INFO - Filling up the DagBag from /home/airflow/.local/lib/python3.6/site-packages/airflow/example_dags/example_kubernetes_executor_config.py
[2021-04-18 14:07:08,626] {scheduler_job.py:639} INFO - DAG(s) dict_keys(['example_kubernetes_executor_config']) retrieved from /home/airflow/.local/lib/python3.6/site-packages/airflow/example_dags/example_kubernetes_executor_config.py
[2021-04-18 14:07:08,666] {logging_mixin.py:104} INFO - [2021-04-18 14:07:08,666] {dag.py:1818} INFO - Sync 1 DAGs
[2021-04-18 14:07:08,687] {logging_mixin.py:104} INFO - [2021-04-18 14:07:08,686] {dag.py:2273} INFO - Setting next_dagrun for example_kubernetes_executor_config to None
[2021-04-18 14:07:08,702] {scheduler_job.py:190} INFO - Processing /home/airflow/.local/lib/python3.6/site-packages/airflow/example_dags/example_kubernetes_executor_config.py took 0.126 seconds
[2021-04-18 14:07:39,584] {scheduler_job.py:182} INFO - Started process (PID=580) to work on /home/airflow/.local/lib/python3.6/site-packages/airflow/example_dags/example_kubernetes_executor_config.py
[2021-04-18 14:07:39,588] {scheduler_job.py:629} INFO - Processing file /home/airflow/.local/lib/python3.6/site-packages/airflow/example_dags/example_kubernetes_executor_config.py for tasks to queue
[2021-04-18 14:07:39,591] {logging_mixin.py:104} INFO - [2021-04-18 14:07:39,590] {dagbag.py:448} INFO - Filling up the DagBag from /home/airflow/.local/lib/python3.6/site-packages/airflow/example_dags/example_kubernetes_executor_config.py
[2021-04-18 14:07:39,618] {scheduler_job.py:639} INFO - DAG(s) dict_keys(['example_kubernetes_executor_config']) retrieved from /home/airflow/.local/lib/python3.6/site-packages/airflow/example_dags/example_kubernetes_executor_config.py
[2021-04-18 14:07:39,653] {logging_mixin.py:104} INFO - [2021-04-18 14:07:39,653] {dag.py:1818} INFO - Sync 1 DAGs
[2021-04-18 14:07:39,675] {logging_mixin.py:104} INFO - [2021-04-18 14:07:39,674] {dag.py:2273} INFO - Setting next_dagrun for example_kubernetes_executor_config to None
[2021-04-18 14:07:39,686] {scheduler_job.py:190} INFO - Processing /home/airflow/.local/lib/python3.6/site-packages/airflow/example_dags/example_kubernetes_executor_config.py took 0.111 seconds
[2021-04-18 14:08:10,138] {scheduler_job.py:182} INFO - Started process (PID=608) to work on /home/airflow/.local/lib/python3.6/site-packages/airflow/example_dags/example_kubernetes_executor_config.py
[2021-04-18 14:08:10,140] {scheduler_job.py:629} INFO - Processing file /home/airflow/.local/lib/python3.6/site-packages/airflow/example_dags/example_kubernetes_executor_config.py for tasks to queue
[2021-04-18 14:08:10,141] {logging_mixin.py:104} INFO - [2021-04-18 14:08:10,141] {dagbag.py:448} INFO - Filling up the DagBag from /home/airflow/.local/lib/python3.6/site-packages/airflow/example_dags/example_kubernetes_executor_config.py
[2021-04-18 14:08:10,159] {scheduler_job.py:639} INFO - DAG(s) dict_keys(['example_kubernetes_executor_config']) retrieved from /home/airflow/.local/lib/python3.6/site-packages/airflow/example_dags/example_kubernetes_executor_config.py
[2021-04-18 14:08:10,190] {logging_mixin.py:104} INFO - [2021-04-18 14:08:10,190] {dag.py:1818} INFO - Sync 1 DAGs
[2021-04-18 14:08:10,208] {logging_mixin.py:104} INFO - [2021-04-18 14:08:10,208] {dag.py:2273} INFO - Setting next_dagrun for example_kubernetes_executor_config to None
[2021-04-18 14:08:10,220] {scheduler_job.py:190} INFO - Processing /home/airflow/.local/lib/python3.6/site-packages/airflow/example_dags/example_kubernetes_executor_config.py took 0.087 seconds
[2021-04-18 14:08:40,874] {scheduler_job.py:182} INFO - Started process (PID=636) to work on /home/airflow/.local/lib/python3.6/site-packages/airflow/example_dags/example_kubernetes_executor_config.py
[2021-04-18 14:08:40,877] {scheduler_job.py:629} INFO - Processing file /home/airflow/.local/lib/python3.6/site-packages/airflow/example_dags/example_kubernetes_executor_config.py for tasks to queue
[2021-04-18 14:08:40,879] {logging_mixin.py:104} INFO - [2021-04-18 14:08:40,879] {dagbag.py:448} INFO - Filling up the DagBag from /home/airflow/.local/lib/python3.6/site-packages/airflow/example_dags/example_kubernetes_executor_config.py
[2021-04-18 14:08:40,904] {scheduler_job.py:639} INFO - DAG(s) dict_keys(['example_kubernetes_executor_config']) retrieved from /home/airflow/.local/lib/python3.6/site-packages/airflow/example_dags/example_kubernetes_executor_config.py
[2021-04-18 14:08:40,946] {logging_mixin.py:104} INFO - [2021-04-18 14:08:40,946] {dag.py:1818} INFO - Sync 1 DAGs
[2021-04-18 14:08:40,965] {logging_mixin.py:104} INFO - [2021-04-18 14:08:40,965] {dag.py:2273} INFO - Setting next_dagrun for example_kubernetes_executor_config to None
[2021-04-18 14:08:40,976] {scheduler_job.py:190} INFO - Processing /home/airflow/.local/lib/python3.6/site-packages/airflow/example_dags/example_kubernetes_executor_config.py took 0.106 seconds
[2021-04-18 14:09:11,207] {scheduler_job.py:182} INFO - Started process (PID=664) to work on /home/airflow/.local/lib/python3.6/site-packages/airflow/example_dags/example_kubernetes_executor_config.py
[2021-04-18 14:09:11,212] {scheduler_job.py:629} INFO - Processing file /home/airflow/.local/lib/python3.6/site-packages/airflow/example_dags/example_kubernetes_executor_config.py for tasks to queue
[2021-04-18 14:09:11,216] {logging_mixin.py:104} INFO - [2021-04-18 14:09:11,216] {dagbag.py:448} INFO - Filling up the DagBag from /home/airflow/.local/lib/python3.6/site-packages/airflow/example_dags/example_kubernetes_executor_config.py
[2021-04-18 14:09:11,269] {scheduler_job.py:639} INFO - DAG(s) dict_keys(['example_kubernetes_executor_config']) retrieved from /home/airflow/.local/lib/python3.6/site-packages/airflow/example_dags/example_kubernetes_executor_config.py
[2021-04-18 14:09:11,342] {logging_mixin.py:104} INFO - [2021-04-18 14:09:11,341] {dag.py:1818} INFO - Sync 1 DAGs
[2021-04-18 14:09:11,384] {logging_mixin.py:104} INFO - [2021-04-18 14:09:11,383] {dag.py:2273} INFO - Setting next_dagrun for example_kubernetes_executor_config to None
[2021-04-18 14:09:11,412] {scheduler_job.py:190} INFO - Processing /home/airflow/.local/lib/python3.6/site-packages/airflow/example_dags/example_kubernetes_executor_config.py took 0.220 seconds
[2021-04-18 14:09:41,525] {scheduler_job.py:182} INFO - Started process (PID=692) to work on /home/airflow/.local/lib/python3.6/site-packages/airflow/example_dags/example_kubernetes_executor_config.py
[2021-04-18 14:09:41,532] {scheduler_job.py:629} INFO - Processing file /home/airflow/.local/lib/python3.6/site-packages/airflow/example_dags/example_kubernetes_executor_config.py for tasks to queue
[2021-04-18 14:09:41,536] {logging_mixin.py:104} INFO - [2021-04-18 14:09:41,536] {dagbag.py:448} INFO - Filling up the DagBag from /home/airflow/.local/lib/python3.6/site-packages/airflow/example_dags/example_kubernetes_executor_config.py
[2021-04-18 14:09:41,563] {scheduler_job.py:639} INFO - DAG(s) dict_keys(['example_kubernetes_executor_config']) retrieved from /home/airflow/.local/lib/python3.6/site-packages/airflow/example_dags/example_kubernetes_executor_config.py
[2021-04-18 14:09:41,618] {logging_mixin.py:104} INFO - [2021-04-18 14:09:41,618] {dag.py:1818} INFO - Sync 1 DAGs
[2021-04-18 14:09:41,662] {logging_mixin.py:104} INFO - [2021-04-18 14:09:41,662] {dag.py:2273} INFO - Setting next_dagrun for example_kubernetes_executor_config to None
[2021-04-18 14:09:41,695] {scheduler_job.py:190} INFO - Processing /home/airflow/.local/lib/python3.6/site-packages/airflow/example_dags/example_kubernetes_executor_config.py took 0.177 seconds
[2021-04-18 14:10:12,214] {scheduler_job.py:182} INFO - Started process (PID=720) to work on /home/airflow/.local/lib/python3.6/site-packages/airflow/example_dags/example_kubernetes_executor_config.py
[2021-04-18 14:10:12,216] {scheduler_job.py:629} INFO - Processing file /home/airflow/.local/lib/python3.6/site-packages/airflow/example_dags/example_kubernetes_executor_config.py for tasks to queue
[2021-04-18 14:10:12,219] {logging_mixin.py:104} INFO - [2021-04-18 14:10:12,218] {dagbag.py:448} INFO - Filling up the DagBag from /home/airflow/.local/lib/python3.6/site-packages/airflow/example_dags/example_kubernetes_executor_config.py
[2021-04-18 14:10:12,251] {scheduler_job.py:639} INFO - DAG(s) dict_keys(['example_kubernetes_executor_config']) retrieved from /home/airflow/.local/lib/python3.6/site-packages/airflow/example_dags/example_kubernetes_executor_config.py
[2021-04-18 14:10:12,291] {logging_mixin.py:104} INFO - [2021-04-18 14:10:12,290] {dag.py:1818} INFO - Sync 1 DAGs
[2021-04-18 14:10:12,319] {logging_mixin.py:104} INFO - [2021-04-18 14:10:12,319] {dag.py:2273} INFO - Setting next_dagrun for example_kubernetes_executor_config to None
[2021-04-18 14:10:12,338] {scheduler_job.py:190} INFO - Processing /home/airflow/.local/lib/python3.6/site-packages/airflow/example_dags/example_kubernetes_executor_config.py took 0.131 seconds
[2021-04-18 14:10:42,582] {scheduler_job.py:182} INFO - Started process (PID=748) to work on /home/airflow/.local/lib/python3.6/site-packages/airflow/example_dags/example_kubernetes_executor_config.py
[2021-04-18 14:10:42,586] {scheduler_job.py:629} INFO - Processing file /home/airflow/.local/lib/python3.6/site-packages/airflow/example_dags/example_kubernetes_executor_config.py for tasks to queue
[2021-04-18 14:10:42,588] {logging_mixin.py:104} INFO - [2021-04-18 14:10:42,587] {dagbag.py:448} INFO - Filling up the DagBag from /home/airflow/.local/lib/python3.6/site-packages/airflow/example_dags/example_kubernetes_executor_config.py
[2021-04-18 14:10:42,616] {scheduler_job.py:639} INFO - DAG(s) dict_keys(['example_kubernetes_executor_config']) retrieved from /home/airflow/.local/lib/python3.6/site-packages/airflow/example_dags/example_kubernetes_executor_config.py
[2021-04-18 14:10:42,670] {logging_mixin.py:104} INFO - [2021-04-18 14:10:42,669] {dag.py:1818} INFO - Sync 1 DAGs
[2021-04-18 14:10:42,705] {logging_mixin.py:104} INFO - [2021-04-18 14:10:42,705] {dag.py:2273} INFO - Setting next_dagrun for example_kubernetes_executor_config to None
[2021-04-18 14:10:42,727] {scheduler_job.py:190} INFO - Processing /home/airflow/.local/lib/python3.6/site-packages/airflow/example_dags/example_kubernetes_executor_config.py took 0.151 seconds
[2021-04-18 14:11:16,052] {scheduler_job.py:182} INFO - Started process (PID=769) to work on /home/airflow/.local/lib/python3.6/site-packages/airflow/example_dags/example_kubernetes_executor_config.py
[2021-04-18 14:11:16,054] {scheduler_job.py:629} INFO - Processing file /home/airflow/.local/lib/python3.6/site-packages/airflow/example_dags/example_kubernetes_executor_config.py for tasks to queue
[2021-04-18 14:11:16,056] {logging_mixin.py:104} INFO - [2021-04-18 14:11:16,056] {dagbag.py:448} INFO - Filling up the DagBag from /home/airflow/.local/lib/python3.6/site-packages/airflow/example_dags/example_kubernetes_executor_config.py
[2021-04-18 14:11:16,073] {scheduler_job.py:639} INFO - DAG(s) dict_keys(['example_kubernetes_executor_config']) retrieved from /home/airflow/.local/lib/python3.6/site-packages/airflow/example_dags/example_kubernetes_executor_config.py
[2021-04-18 14:11:16,121] {logging_mixin.py:104} INFO - [2021-04-18 14:11:16,120] {dag.py:1818} INFO - Sync 1 DAGs
[2021-04-18 14:11:16,157] {logging_mixin.py:104} INFO - [2021-04-18 14:11:16,157] {dag.py:2273} INFO - Setting next_dagrun for example_kubernetes_executor_config to None
[2021-04-18 14:11:16,169] {scheduler_job.py:190} INFO - Processing /home/airflow/.local/lib/python3.6/site-packages/airflow/example_dags/example_kubernetes_executor_config.py took 0.122 seconds
[2021-04-18 14:12:33,511] {scheduler_job.py:182} INFO - Started process (PID=25) to work on /home/airflow/.local/lib/python3.6/site-packages/airflow/example_dags/example_kubernetes_executor_config.py
[2021-04-18 14:12:33,535] {scheduler_job.py:629} INFO - Processing file /home/airflow/.local/lib/python3.6/site-packages/airflow/example_dags/example_kubernetes_executor_config.py for tasks to queue
[2021-04-18 14:12:33,617] {logging_mixin.py:104} INFO - [2021-04-18 14:12:33,617] {dagbag.py:448} INFO - Filling up the DagBag from /home/airflow/.local/lib/python3.6/site-packages/airflow/example_dags/example_kubernetes_executor_config.py
[2021-04-18 14:12:33,852] {scheduler_job.py:639} INFO - DAG(s) dict_keys(['example_kubernetes_executor_config']) retrieved from /home/airflow/.local/lib/python3.6/site-packages/airflow/example_dags/example_kubernetes_executor_config.py
[2021-04-18 14:12:34,087] {logging_mixin.py:104} INFO - [2021-04-18 14:12:34,086] {dag.py:1818} INFO - Sync 1 DAGs
[2021-04-18 14:12:34,187] {logging_mixin.py:104} INFO - [2021-04-18 14:12:34,187] {dag.py:2273} INFO - Setting next_dagrun for example_kubernetes_executor_config to None
[2021-04-18 14:12:34,298] {scheduler_job.py:190} INFO - Processing /home/airflow/.local/lib/python3.6/site-packages/airflow/example_dags/example_kubernetes_executor_config.py took 0.829 seconds
[2021-04-18 14:13:05,161] {scheduler_job.py:182} INFO - Started process (PID=54) to work on /home/airflow/.local/lib/python3.6/site-packages/airflow/example_dags/example_kubernetes_executor_config.py
[2021-04-18 14:13:05,166] {scheduler_job.py:629} INFO - Processing file /home/airflow/.local/lib/python3.6/site-packages/airflow/example_dags/example_kubernetes_executor_config.py for tasks to queue
[2021-04-18 14:13:05,168] {logging_mixin.py:104} INFO - [2021-04-18 14:13:05,168] {dagbag.py:448} INFO - Filling up the DagBag from /home/airflow/.local/lib/python3.6/site-packages/airflow/example_dags/example_kubernetes_executor_config.py
[2021-04-18 14:13:05,211] {scheduler_job.py:639} INFO - DAG(s) dict_keys(['example_kubernetes_executor_config']) retrieved from /home/airflow/.local/lib/python3.6/site-packages/airflow/example_dags/example_kubernetes_executor_config.py
[2021-04-18 14:13:05,268] {logging_mixin.py:104} INFO - [2021-04-18 14:13:05,268] {dag.py:1818} INFO - Sync 1 DAGs
[2021-04-18 14:13:05,311] {logging_mixin.py:104} INFO - [2021-04-18 14:13:05,311] {dag.py:2273} INFO - Setting next_dagrun for example_kubernetes_executor_config to None
[2021-04-18 14:13:05,341] {scheduler_job.py:190} INFO - Processing /home/airflow/.local/lib/python3.6/site-packages/airflow/example_dags/example_kubernetes_executor_config.py took 0.194 seconds
[2021-04-18 14:13:35,865] {scheduler_job.py:182} INFO - Started process (PID=82) to work on /home/airflow/.local/lib/python3.6/site-packages/airflow/example_dags/example_kubernetes_executor_config.py
[2021-04-18 14:13:35,869] {scheduler_job.py:629} INFO - Processing file /home/airflow/.local/lib/python3.6/site-packages/airflow/example_dags/example_kubernetes_executor_config.py for tasks to queue
[2021-04-18 14:13:35,872] {logging_mixin.py:104} INFO - [2021-04-18 14:13:35,872] {dagbag.py:448} INFO - Filling up the DagBag from /home/airflow/.local/lib/python3.6/site-packages/airflow/example_dags/example_kubernetes_executor_config.py
[2021-04-18 14:13:35,912] {scheduler_job.py:639} INFO - DAG(s) dict_keys(['example_kubernetes_executor_config']) retrieved from /home/airflow/.local/lib/python3.6/site-packages/airflow/example_dags/example_kubernetes_executor_config.py
[2021-04-18 14:13:35,964] {logging_mixin.py:104} INFO - [2021-04-18 14:13:35,964] {dag.py:1818} INFO - Sync 1 DAGs
[2021-04-18 14:13:36,004] {logging_mixin.py:104} INFO - [2021-04-18 14:13:36,003] {dag.py:2273} INFO - Setting next_dagrun for example_kubernetes_executor_config to None
[2021-04-18 14:13:36,033] {scheduler_job.py:190} INFO - Processing /home/airflow/.local/lib/python3.6/site-packages/airflow/example_dags/example_kubernetes_executor_config.py took 0.174 seconds
[2021-04-18 14:14:06,719] {scheduler_job.py:182} INFO - Started process (PID=119) to work on /home/airflow/.local/lib/python3.6/site-packages/airflow/example_dags/example_kubernetes_executor_config.py
[2021-04-18 14:14:06,722] {scheduler_job.py:629} INFO - Processing file /home/airflow/.local/lib/python3.6/site-packages/airflow/example_dags/example_kubernetes_executor_config.py for tasks to queue
[2021-04-18 14:14:06,724] {logging_mixin.py:104} INFO - [2021-04-18 14:14:06,724] {dagbag.py:448} INFO - Filling up the DagBag from /home/airflow/.local/lib/python3.6/site-packages/airflow/example_dags/example_kubernetes_executor_config.py
[2021-04-18 14:14:06,742] {scheduler_job.py:639} INFO - DAG(s) dict_keys(['example_kubernetes_executor_config']) retrieved from /home/airflow/.local/lib/python3.6/site-packages/airflow/example_dags/example_kubernetes_executor_config.py
[2021-04-18 14:14:06,772] {logging_mixin.py:104} INFO - [2021-04-18 14:14:06,772] {dag.py:1818} INFO - Sync 1 DAGs
[2021-04-18 14:14:06,792] {logging_mixin.py:104} INFO - [2021-04-18 14:14:06,792] {dag.py:2273} INFO - Setting next_dagrun for example_kubernetes_executor_config to None
[2021-04-18 14:14:06,805] {scheduler_job.py:190} INFO - Processing /home/airflow/.local/lib/python3.6/site-packages/airflow/example_dags/example_kubernetes_executor_config.py took 0.089 seconds
