[2021-04-18 13:57:22,990] {scheduler_job.py:182} INFO - Started process (PID=37) to work on /home/airflow/.local/lib/python3.6/site-packages/airflow/example_dags/example_nested_branch_dag.py
[2021-04-18 13:57:22,997] {scheduler_job.py:629} INFO - Processing file /home/airflow/.local/lib/python3.6/site-packages/airflow/example_dags/example_nested_branch_dag.py for tasks to queue
[2021-04-18 13:57:23,002] {logging_mixin.py:104} INFO - [2021-04-18 13:57:23,001] {dagbag.py:448} INFO - Filling up the DagBag from /home/airflow/.local/lib/python3.6/site-packages/airflow/example_dags/example_nested_branch_dag.py
[2021-04-18 13:57:23,092] {scheduler_job.py:639} INFO - DAG(s) dict_keys(['example_nested_branch_dag']) retrieved from /home/airflow/.local/lib/python3.6/site-packages/airflow/example_dags/example_nested_branch_dag.py
[2021-04-18 13:57:23,167] {logging_mixin.py:104} INFO - [2021-04-18 13:57:23,167] {dag.py:1818} INFO - Sync 1 DAGs
[2021-04-18 13:57:23,218] {logging_mixin.py:104} INFO - [2021-04-18 13:57:23,217] {dag.py:1837} INFO - Creating ORM DAG for example_nested_branch_dag
[2021-04-18 13:57:23,252] {logging_mixin.py:104} INFO - [2021-04-18 13:57:23,252] {dag.py:2273} INFO - Setting next_dagrun for example_nested_branch_dag to 2021-04-16 00:00:00+00:00
[2021-04-18 13:57:23,284] {scheduler_job.py:190} INFO - Processing /home/airflow/.local/lib/python3.6/site-packages/airflow/example_dags/example_nested_branch_dag.py took 0.303 seconds
[2021-04-18 13:57:54,082] {scheduler_job.py:182} INFO - Started process (PID=64) to work on /home/airflow/.local/lib/python3.6/site-packages/airflow/example_dags/example_nested_branch_dag.py
[2021-04-18 13:57:54,090] {scheduler_job.py:629} INFO - Processing file /home/airflow/.local/lib/python3.6/site-packages/airflow/example_dags/example_nested_branch_dag.py for tasks to queue
[2021-04-18 13:57:54,094] {logging_mixin.py:104} INFO - [2021-04-18 13:57:54,094] {dagbag.py:448} INFO - Filling up the DagBag from /home/airflow/.local/lib/python3.6/site-packages/airflow/example_dags/example_nested_branch_dag.py
[2021-04-18 13:57:54,145] {scheduler_job.py:639} INFO - DAG(s) dict_keys(['example_nested_branch_dag']) retrieved from /home/airflow/.local/lib/python3.6/site-packages/airflow/example_dags/example_nested_branch_dag.py
[2021-04-18 13:57:54,239] {logging_mixin.py:104} INFO - [2021-04-18 13:57:54,239] {dag.py:1818} INFO - Sync 1 DAGs
[2021-04-18 13:57:54,437] {logging_mixin.py:104} INFO - [2021-04-18 13:57:54,437] {dag.py:2273} INFO - Setting next_dagrun for example_nested_branch_dag to 2021-04-16 00:00:00+00:00
[2021-04-18 13:57:54,513] {scheduler_job.py:190} INFO - Processing /home/airflow/.local/lib/python3.6/site-packages/airflow/example_dags/example_nested_branch_dag.py took 0.435 seconds
[2021-04-18 13:58:41,695] {scheduler_job.py:182} INFO - Started process (PID=86) to work on /home/airflow/.local/lib/python3.6/site-packages/airflow/example_dags/example_nested_branch_dag.py
[2021-04-18 13:58:41,711] {scheduler_job.py:629} INFO - Processing file /home/airflow/.local/lib/python3.6/site-packages/airflow/example_dags/example_nested_branch_dag.py for tasks to queue
[2021-04-18 13:58:41,796] {logging_mixin.py:104} INFO - [2021-04-18 13:58:41,795] {dagbag.py:448} INFO - Filling up the DagBag from /home/airflow/.local/lib/python3.6/site-packages/airflow/example_dags/example_nested_branch_dag.py
[2021-04-18 13:58:41,996] {scheduler_job.py:639} INFO - DAG(s) dict_keys(['example_nested_branch_dag']) retrieved from /home/airflow/.local/lib/python3.6/site-packages/airflow/example_dags/example_nested_branch_dag.py
[2021-04-18 13:58:42,703] {logging_mixin.py:104} INFO - [2021-04-18 13:58:42,703] {dag.py:1818} INFO - Sync 1 DAGs
[2021-04-18 13:58:43,075] {logging_mixin.py:104} INFO - [2021-04-18 13:58:43,075] {dag.py:2273} INFO - Setting next_dagrun for example_nested_branch_dag to 2021-04-16 00:00:00+00:00
[2021-04-18 13:58:43,327] {scheduler_job.py:190} INFO - Processing /home/airflow/.local/lib/python3.6/site-packages/airflow/example_dags/example_nested_branch_dag.py took 1.679 seconds
[2021-04-18 13:59:14,057] {scheduler_job.py:182} INFO - Started process (PID=114) to work on /home/airflow/.local/lib/python3.6/site-packages/airflow/example_dags/example_nested_branch_dag.py
[2021-04-18 13:59:14,067] {scheduler_job.py:629} INFO - Processing file /home/airflow/.local/lib/python3.6/site-packages/airflow/example_dags/example_nested_branch_dag.py for tasks to queue
[2021-04-18 13:59:14,073] {logging_mixin.py:104} INFO - [2021-04-18 13:59:14,071] {dagbag.py:448} INFO - Filling up the DagBag from /home/airflow/.local/lib/python3.6/site-packages/airflow/example_dags/example_nested_branch_dag.py
[2021-04-18 13:59:14,129] {scheduler_job.py:639} INFO - DAG(s) dict_keys(['example_nested_branch_dag']) retrieved from /home/airflow/.local/lib/python3.6/site-packages/airflow/example_dags/example_nested_branch_dag.py
[2021-04-18 13:59:14,187] {logging_mixin.py:104} INFO - [2021-04-18 13:59:14,187] {dag.py:1818} INFO - Sync 1 DAGs
[2021-04-18 13:59:14,238] {logging_mixin.py:104} INFO - [2021-04-18 13:59:14,238] {dag.py:2273} INFO - Setting next_dagrun for example_nested_branch_dag to 2021-04-16 00:00:00+00:00
[2021-04-18 13:59:14,281] {scheduler_job.py:190} INFO - Processing /home/airflow/.local/lib/python3.6/site-packages/airflow/example_dags/example_nested_branch_dag.py took 0.238 seconds
[2021-04-18 13:59:44,860] {scheduler_job.py:182} INFO - Started process (PID=142) to work on /home/airflow/.local/lib/python3.6/site-packages/airflow/example_dags/example_nested_branch_dag.py
[2021-04-18 13:59:44,863] {scheduler_job.py:629} INFO - Processing file /home/airflow/.local/lib/python3.6/site-packages/airflow/example_dags/example_nested_branch_dag.py for tasks to queue
[2021-04-18 13:59:44,869] {logging_mixin.py:104} INFO - [2021-04-18 13:59:44,868] {dagbag.py:448} INFO - Filling up the DagBag from /home/airflow/.local/lib/python3.6/site-packages/airflow/example_dags/example_nested_branch_dag.py
[2021-04-18 13:59:44,896] {scheduler_job.py:639} INFO - DAG(s) dict_keys(['example_nested_branch_dag']) retrieved from /home/airflow/.local/lib/python3.6/site-packages/airflow/example_dags/example_nested_branch_dag.py
[2021-04-18 13:59:44,960] {logging_mixin.py:104} INFO - [2021-04-18 13:59:44,960] {dag.py:1818} INFO - Sync 1 DAGs
[2021-04-18 13:59:45,024] {logging_mixin.py:104} INFO - [2021-04-18 13:59:45,024] {dag.py:2273} INFO - Setting next_dagrun for example_nested_branch_dag to 2021-04-16 00:00:00+00:00
[2021-04-18 13:59:45,050] {scheduler_job.py:190} INFO - Processing /home/airflow/.local/lib/python3.6/site-packages/airflow/example_dags/example_nested_branch_dag.py took 0.195 seconds
[2021-04-18 14:00:15,664] {scheduler_job.py:182} INFO - Started process (PID=170) to work on /home/airflow/.local/lib/python3.6/site-packages/airflow/example_dags/example_nested_branch_dag.py
[2021-04-18 14:00:15,667] {scheduler_job.py:629} INFO - Processing file /home/airflow/.local/lib/python3.6/site-packages/airflow/example_dags/example_nested_branch_dag.py for tasks to queue
[2021-04-18 14:00:15,669] {logging_mixin.py:104} INFO - [2021-04-18 14:00:15,669] {dagbag.py:448} INFO - Filling up the DagBag from /home/airflow/.local/lib/python3.6/site-packages/airflow/example_dags/example_nested_branch_dag.py
[2021-04-18 14:00:15,698] {scheduler_job.py:639} INFO - DAG(s) dict_keys(['example_nested_branch_dag']) retrieved from /home/airflow/.local/lib/python3.6/site-packages/airflow/example_dags/example_nested_branch_dag.py
[2021-04-18 14:00:15,757] {logging_mixin.py:104} INFO - [2021-04-18 14:00:15,757] {dag.py:1818} INFO - Sync 1 DAGs
[2021-04-18 14:00:15,809] {logging_mixin.py:104} INFO - [2021-04-18 14:00:15,809] {dag.py:2273} INFO - Setting next_dagrun for example_nested_branch_dag to 2021-04-16 00:00:00+00:00
[2021-04-18 14:00:15,844] {scheduler_job.py:190} INFO - Processing /home/airflow/.local/lib/python3.6/site-packages/airflow/example_dags/example_nested_branch_dag.py took 0.187 seconds
[2021-04-18 14:00:46,182] {scheduler_job.py:182} INFO - Started process (PID=198) to work on /home/airflow/.local/lib/python3.6/site-packages/airflow/example_dags/example_nested_branch_dag.py
[2021-04-18 14:00:46,189] {scheduler_job.py:629} INFO - Processing file /home/airflow/.local/lib/python3.6/site-packages/airflow/example_dags/example_nested_branch_dag.py for tasks to queue
[2021-04-18 14:00:46,197] {logging_mixin.py:104} INFO - [2021-04-18 14:00:46,197] {dagbag.py:448} INFO - Filling up the DagBag from /home/airflow/.local/lib/python3.6/site-packages/airflow/example_dags/example_nested_branch_dag.py
[2021-04-18 14:00:46,263] {scheduler_job.py:639} INFO - DAG(s) dict_keys(['example_nested_branch_dag']) retrieved from /home/airflow/.local/lib/python3.6/site-packages/airflow/example_dags/example_nested_branch_dag.py
[2021-04-18 14:00:46,339] {logging_mixin.py:104} INFO - [2021-04-18 14:00:46,339] {dag.py:1818} INFO - Sync 1 DAGs
[2021-04-18 14:00:46,413] {logging_mixin.py:104} INFO - [2021-04-18 14:00:46,413] {dag.py:2273} INFO - Setting next_dagrun for example_nested_branch_dag to 2021-04-16 00:00:00+00:00
[2021-04-18 14:00:46,439] {scheduler_job.py:190} INFO - Processing /home/airflow/.local/lib/python3.6/site-packages/airflow/example_dags/example_nested_branch_dag.py took 0.273 seconds
[2021-04-18 14:01:16,568] {scheduler_job.py:182} INFO - Started process (PID=226) to work on /home/airflow/.local/lib/python3.6/site-packages/airflow/example_dags/example_nested_branch_dag.py
[2021-04-18 14:01:16,573] {scheduler_job.py:629} INFO - Processing file /home/airflow/.local/lib/python3.6/site-packages/airflow/example_dags/example_nested_branch_dag.py for tasks to queue
[2021-04-18 14:01:16,575] {logging_mixin.py:104} INFO - [2021-04-18 14:01:16,575] {dagbag.py:448} INFO - Filling up the DagBag from /home/airflow/.local/lib/python3.6/site-packages/airflow/example_dags/example_nested_branch_dag.py
[2021-04-18 14:01:16,616] {scheduler_job.py:639} INFO - DAG(s) dict_keys(['example_nested_branch_dag']) retrieved from /home/airflow/.local/lib/python3.6/site-packages/airflow/example_dags/example_nested_branch_dag.py
[2021-04-18 14:01:16,649] {logging_mixin.py:104} INFO - [2021-04-18 14:01:16,649] {dag.py:1818} INFO - Sync 1 DAGs
[2021-04-18 14:01:16,688] {logging_mixin.py:104} INFO - [2021-04-18 14:01:16,688] {dag.py:2273} INFO - Setting next_dagrun for example_nested_branch_dag to 2021-04-16 00:00:00+00:00
[2021-04-18 14:01:16,706] {scheduler_job.py:190} INFO - Processing /home/airflow/.local/lib/python3.6/site-packages/airflow/example_dags/example_nested_branch_dag.py took 0.143 seconds
[2021-04-18 14:01:47,367] {scheduler_job.py:182} INFO - Started process (PID=254) to work on /home/airflow/.local/lib/python3.6/site-packages/airflow/example_dags/example_nested_branch_dag.py
[2021-04-18 14:01:47,385] {scheduler_job.py:629} INFO - Processing file /home/airflow/.local/lib/python3.6/site-packages/airflow/example_dags/example_nested_branch_dag.py for tasks to queue
[2021-04-18 14:01:47,388] {logging_mixin.py:104} INFO - [2021-04-18 14:01:47,388] {dagbag.py:448} INFO - Filling up the DagBag from /home/airflow/.local/lib/python3.6/site-packages/airflow/example_dags/example_nested_branch_dag.py
[2021-04-18 14:01:47,417] {scheduler_job.py:639} INFO - DAG(s) dict_keys(['example_nested_branch_dag']) retrieved from /home/airflow/.local/lib/python3.6/site-packages/airflow/example_dags/example_nested_branch_dag.py
[2021-04-18 14:01:47,474] {logging_mixin.py:104} INFO - [2021-04-18 14:01:47,474] {dag.py:1818} INFO - Sync 1 DAGs
[2021-04-18 14:01:47,511] {logging_mixin.py:104} INFO - [2021-04-18 14:01:47,511] {dag.py:2273} INFO - Setting next_dagrun for example_nested_branch_dag to 2021-04-16 00:00:00+00:00
[2021-04-18 14:01:47,530] {scheduler_job.py:190} INFO - Processing /home/airflow/.local/lib/python3.6/site-packages/airflow/example_dags/example_nested_branch_dag.py took 0.174 seconds
[2021-04-18 14:02:17,709] {scheduler_job.py:182} INFO - Started process (PID=282) to work on /home/airflow/.local/lib/python3.6/site-packages/airflow/example_dags/example_nested_branch_dag.py
[2021-04-18 14:02:17,716] {scheduler_job.py:629} INFO - Processing file /home/airflow/.local/lib/python3.6/site-packages/airflow/example_dags/example_nested_branch_dag.py for tasks to queue
[2021-04-18 14:02:17,722] {logging_mixin.py:104} INFO - [2021-04-18 14:02:17,721] {dagbag.py:448} INFO - Filling up the DagBag from /home/airflow/.local/lib/python3.6/site-packages/airflow/example_dags/example_nested_branch_dag.py
[2021-04-18 14:02:17,771] {scheduler_job.py:639} INFO - DAG(s) dict_keys(['example_nested_branch_dag']) retrieved from /home/airflow/.local/lib/python3.6/site-packages/airflow/example_dags/example_nested_branch_dag.py
[2021-04-18 14:02:17,817] {logging_mixin.py:104} INFO - [2021-04-18 14:02:17,817] {dag.py:1818} INFO - Sync 1 DAGs
[2021-04-18 14:02:17,855] {logging_mixin.py:104} INFO - [2021-04-18 14:02:17,855] {dag.py:2273} INFO - Setting next_dagrun for example_nested_branch_dag to 2021-04-16 00:00:00+00:00
[2021-04-18 14:02:17,872] {scheduler_job.py:190} INFO - Processing /home/airflow/.local/lib/python3.6/site-packages/airflow/example_dags/example_nested_branch_dag.py took 0.175 seconds
[2021-04-18 14:02:48,208] {scheduler_job.py:182} INFO - Started process (PID=310) to work on /home/airflow/.local/lib/python3.6/site-packages/airflow/example_dags/example_nested_branch_dag.py
[2021-04-18 14:02:48,210] {scheduler_job.py:629} INFO - Processing file /home/airflow/.local/lib/python3.6/site-packages/airflow/example_dags/example_nested_branch_dag.py for tasks to queue
[2021-04-18 14:02:48,212] {logging_mixin.py:104} INFO - [2021-04-18 14:02:48,212] {dagbag.py:448} INFO - Filling up the DagBag from /home/airflow/.local/lib/python3.6/site-packages/airflow/example_dags/example_nested_branch_dag.py
[2021-04-18 14:02:48,232] {scheduler_job.py:639} INFO - DAG(s) dict_keys(['example_nested_branch_dag']) retrieved from /home/airflow/.local/lib/python3.6/site-packages/airflow/example_dags/example_nested_branch_dag.py
[2021-04-18 14:02:48,332] {logging_mixin.py:104} INFO - [2021-04-18 14:02:48,331] {dag.py:1818} INFO - Sync 1 DAGs
[2021-04-18 14:02:48,408] {logging_mixin.py:104} INFO - [2021-04-18 14:02:48,408] {dag.py:2273} INFO - Setting next_dagrun for example_nested_branch_dag to 2021-04-16 00:00:00+00:00
[2021-04-18 14:02:48,428] {scheduler_job.py:190} INFO - Processing /home/airflow/.local/lib/python3.6/site-packages/airflow/example_dags/example_nested_branch_dag.py took 0.223 seconds
[2021-04-18 14:03:18,496] {scheduler_job.py:182} INFO - Started process (PID=338) to work on /home/airflow/.local/lib/python3.6/site-packages/airflow/example_dags/example_nested_branch_dag.py
[2021-04-18 14:03:18,498] {scheduler_job.py:629} INFO - Processing file /home/airflow/.local/lib/python3.6/site-packages/airflow/example_dags/example_nested_branch_dag.py for tasks to queue
[2021-04-18 14:03:18,500] {logging_mixin.py:104} INFO - [2021-04-18 14:03:18,500] {dagbag.py:448} INFO - Filling up the DagBag from /home/airflow/.local/lib/python3.6/site-packages/airflow/example_dags/example_nested_branch_dag.py
[2021-04-18 14:03:18,521] {scheduler_job.py:639} INFO - DAG(s) dict_keys(['example_nested_branch_dag']) retrieved from /home/airflow/.local/lib/python3.6/site-packages/airflow/example_dags/example_nested_branch_dag.py
[2021-04-18 14:03:18,548] {logging_mixin.py:104} INFO - [2021-04-18 14:03:18,548] {dag.py:1818} INFO - Sync 1 DAGs
[2021-04-18 14:03:18,577] {logging_mixin.py:104} INFO - [2021-04-18 14:03:18,577] {dag.py:2273} INFO - Setting next_dagrun for example_nested_branch_dag to 2021-04-16 00:00:00+00:00
[2021-04-18 14:03:18,588] {scheduler_job.py:190} INFO - Processing /home/airflow/.local/lib/python3.6/site-packages/airflow/example_dags/example_nested_branch_dag.py took 0.097 seconds
[2021-04-18 14:03:48,823] {scheduler_job.py:182} INFO - Started process (PID=366) to work on /home/airflow/.local/lib/python3.6/site-packages/airflow/example_dags/example_nested_branch_dag.py
[2021-04-18 14:03:48,830] {scheduler_job.py:629} INFO - Processing file /home/airflow/.local/lib/python3.6/site-packages/airflow/example_dags/example_nested_branch_dag.py for tasks to queue
[2021-04-18 14:03:48,835] {logging_mixin.py:104} INFO - [2021-04-18 14:03:48,835] {dagbag.py:448} INFO - Filling up the DagBag from /home/airflow/.local/lib/python3.6/site-packages/airflow/example_dags/example_nested_branch_dag.py
[2021-04-18 14:03:48,872] {scheduler_job.py:639} INFO - DAG(s) dict_keys(['example_nested_branch_dag']) retrieved from /home/airflow/.local/lib/python3.6/site-packages/airflow/example_dags/example_nested_branch_dag.py
[2021-04-18 14:03:48,921] {logging_mixin.py:104} INFO - [2021-04-18 14:03:48,921] {dag.py:1818} INFO - Sync 1 DAGs
[2021-04-18 14:03:48,967] {logging_mixin.py:104} INFO - [2021-04-18 14:03:48,967] {dag.py:2273} INFO - Setting next_dagrun for example_nested_branch_dag to 2021-04-16 00:00:00+00:00
[2021-04-18 14:03:48,991] {scheduler_job.py:190} INFO - Processing /home/airflow/.local/lib/python3.6/site-packages/airflow/example_dags/example_nested_branch_dag.py took 0.178 seconds
[2021-04-18 14:04:19,590] {scheduler_job.py:182} INFO - Started process (PID=394) to work on /home/airflow/.local/lib/python3.6/site-packages/airflow/example_dags/example_nested_branch_dag.py
[2021-04-18 14:04:19,593] {scheduler_job.py:629} INFO - Processing file /home/airflow/.local/lib/python3.6/site-packages/airflow/example_dags/example_nested_branch_dag.py for tasks to queue
[2021-04-18 14:04:19,596] {logging_mixin.py:104} INFO - [2021-04-18 14:04:19,595] {dagbag.py:448} INFO - Filling up the DagBag from /home/airflow/.local/lib/python3.6/site-packages/airflow/example_dags/example_nested_branch_dag.py
[2021-04-18 14:04:19,622] {scheduler_job.py:639} INFO - DAG(s) dict_keys(['example_nested_branch_dag']) retrieved from /home/airflow/.local/lib/python3.6/site-packages/airflow/example_dags/example_nested_branch_dag.py
[2021-04-18 14:04:19,657] {logging_mixin.py:104} INFO - [2021-04-18 14:04:19,656] {dag.py:1818} INFO - Sync 1 DAGs
[2021-04-18 14:04:19,710] {logging_mixin.py:104} INFO - [2021-04-18 14:04:19,710] {dag.py:2273} INFO - Setting next_dagrun for example_nested_branch_dag to 2021-04-16 00:00:00+00:00
[2021-04-18 14:04:19,725] {scheduler_job.py:190} INFO - Processing /home/airflow/.local/lib/python3.6/site-packages/airflow/example_dags/example_nested_branch_dag.py took 0.142 seconds
[2021-04-18 14:04:49,810] {scheduler_job.py:182} INFO - Started process (PID=422) to work on /home/airflow/.local/lib/python3.6/site-packages/airflow/example_dags/example_nested_branch_dag.py
[2021-04-18 14:04:49,812] {scheduler_job.py:629} INFO - Processing file /home/airflow/.local/lib/python3.6/site-packages/airflow/example_dags/example_nested_branch_dag.py for tasks to queue
[2021-04-18 14:04:49,814] {logging_mixin.py:104} INFO - [2021-04-18 14:04:49,814] {dagbag.py:448} INFO - Filling up the DagBag from /home/airflow/.local/lib/python3.6/site-packages/airflow/example_dags/example_nested_branch_dag.py
[2021-04-18 14:04:49,835] {scheduler_job.py:639} INFO - DAG(s) dict_keys(['example_nested_branch_dag']) retrieved from /home/airflow/.local/lib/python3.6/site-packages/airflow/example_dags/example_nested_branch_dag.py
[2021-04-18 14:04:49,872] {logging_mixin.py:104} INFO - [2021-04-18 14:04:49,870] {dag.py:1818} INFO - Sync 1 DAGs
[2021-04-18 14:04:49,909] {logging_mixin.py:104} INFO - [2021-04-18 14:04:49,909] {dag.py:2273} INFO - Setting next_dagrun for example_nested_branch_dag to 2021-04-16 00:00:00+00:00
[2021-04-18 14:04:49,930] {scheduler_job.py:190} INFO - Processing /home/airflow/.local/lib/python3.6/site-packages/airflow/example_dags/example_nested_branch_dag.py took 0.123 seconds
[2021-04-18 14:05:20,451] {scheduler_job.py:182} INFO - Started process (PID=450) to work on /home/airflow/.local/lib/python3.6/site-packages/airflow/example_dags/example_nested_branch_dag.py
[2021-04-18 14:05:20,459] {scheduler_job.py:629} INFO - Processing file /home/airflow/.local/lib/python3.6/site-packages/airflow/example_dags/example_nested_branch_dag.py for tasks to queue
[2021-04-18 14:05:20,463] {logging_mixin.py:104} INFO - [2021-04-18 14:05:20,463] {dagbag.py:448} INFO - Filling up the DagBag from /home/airflow/.local/lib/python3.6/site-packages/airflow/example_dags/example_nested_branch_dag.py
[2021-04-18 14:05:20,510] {scheduler_job.py:639} INFO - DAG(s) dict_keys(['example_nested_branch_dag']) retrieved from /home/airflow/.local/lib/python3.6/site-packages/airflow/example_dags/example_nested_branch_dag.py
[2021-04-18 14:05:20,557] {logging_mixin.py:104} INFO - [2021-04-18 14:05:20,557] {dag.py:1818} INFO - Sync 1 DAGs
[2021-04-18 14:05:20,617] {logging_mixin.py:104} INFO - [2021-04-18 14:05:20,617] {dag.py:2273} INFO - Setting next_dagrun for example_nested_branch_dag to 2021-04-16 00:00:00+00:00
[2021-04-18 14:05:20,635] {scheduler_job.py:190} INFO - Processing /home/airflow/.local/lib/python3.6/site-packages/airflow/example_dags/example_nested_branch_dag.py took 0.199 seconds
[2021-04-18 14:05:51,344] {scheduler_job.py:182} INFO - Started process (PID=478) to work on /home/airflow/.local/lib/python3.6/site-packages/airflow/example_dags/example_nested_branch_dag.py
[2021-04-18 14:05:51,347] {scheduler_job.py:629} INFO - Processing file /home/airflow/.local/lib/python3.6/site-packages/airflow/example_dags/example_nested_branch_dag.py for tasks to queue
[2021-04-18 14:05:51,350] {logging_mixin.py:104} INFO - [2021-04-18 14:05:51,350] {dagbag.py:448} INFO - Filling up the DagBag from /home/airflow/.local/lib/python3.6/site-packages/airflow/example_dags/example_nested_branch_dag.py
[2021-04-18 14:05:51,367] {scheduler_job.py:639} INFO - DAG(s) dict_keys(['example_nested_branch_dag']) retrieved from /home/airflow/.local/lib/python3.6/site-packages/airflow/example_dags/example_nested_branch_dag.py
[2021-04-18 14:05:51,391] {logging_mixin.py:104} INFO - [2021-04-18 14:05:51,391] {dag.py:1818} INFO - Sync 1 DAGs
[2021-04-18 14:05:51,416] {logging_mixin.py:104} INFO - [2021-04-18 14:05:51,416] {dag.py:2273} INFO - Setting next_dagrun for example_nested_branch_dag to 2021-04-16 00:00:00+00:00
[2021-04-18 14:05:51,427] {scheduler_job.py:190} INFO - Processing /home/airflow/.local/lib/python3.6/site-packages/airflow/example_dags/example_nested_branch_dag.py took 0.091 seconds
[2021-04-18 14:06:21,626] {scheduler_job.py:182} INFO - Started process (PID=506) to work on /home/airflow/.local/lib/python3.6/site-packages/airflow/example_dags/example_nested_branch_dag.py
[2021-04-18 14:06:21,629] {scheduler_job.py:629} INFO - Processing file /home/airflow/.local/lib/python3.6/site-packages/airflow/example_dags/example_nested_branch_dag.py for tasks to queue
[2021-04-18 14:06:21,633] {logging_mixin.py:104} INFO - [2021-04-18 14:06:21,632] {dagbag.py:448} INFO - Filling up the DagBag from /home/airflow/.local/lib/python3.6/site-packages/airflow/example_dags/example_nested_branch_dag.py
[2021-04-18 14:06:21,658] {scheduler_job.py:639} INFO - DAG(s) dict_keys(['example_nested_branch_dag']) retrieved from /home/airflow/.local/lib/python3.6/site-packages/airflow/example_dags/example_nested_branch_dag.py
[2021-04-18 14:06:21,715] {logging_mixin.py:104} INFO - [2021-04-18 14:06:21,715] {dag.py:1818} INFO - Sync 1 DAGs
[2021-04-18 14:06:21,766] {logging_mixin.py:104} INFO - [2021-04-18 14:06:21,765] {dag.py:2273} INFO - Setting next_dagrun for example_nested_branch_dag to 2021-04-16 00:00:00+00:00
[2021-04-18 14:06:21,797] {scheduler_job.py:190} INFO - Processing /home/airflow/.local/lib/python3.6/site-packages/airflow/example_dags/example_nested_branch_dag.py took 0.175 seconds
[2021-04-18 14:06:52,374] {scheduler_job.py:182} INFO - Started process (PID=534) to work on /home/airflow/.local/lib/python3.6/site-packages/airflow/example_dags/example_nested_branch_dag.py
[2021-04-18 14:06:52,379] {scheduler_job.py:629} INFO - Processing file /home/airflow/.local/lib/python3.6/site-packages/airflow/example_dags/example_nested_branch_dag.py for tasks to queue
[2021-04-18 14:06:52,386] {logging_mixin.py:104} INFO - [2021-04-18 14:06:52,386] {dagbag.py:448} INFO - Filling up the DagBag from /home/airflow/.local/lib/python3.6/site-packages/airflow/example_dags/example_nested_branch_dag.py
[2021-04-18 14:06:52,416] {scheduler_job.py:639} INFO - DAG(s) dict_keys(['example_nested_branch_dag']) retrieved from /home/airflow/.local/lib/python3.6/site-packages/airflow/example_dags/example_nested_branch_dag.py
[2021-04-18 14:06:52,446] {logging_mixin.py:104} INFO - [2021-04-18 14:06:52,446] {dag.py:1818} INFO - Sync 1 DAGs
[2021-04-18 14:06:52,473] {logging_mixin.py:104} INFO - [2021-04-18 14:06:52,473] {dag.py:2273} INFO - Setting next_dagrun for example_nested_branch_dag to 2021-04-16 00:00:00+00:00
[2021-04-18 14:06:52,485] {scheduler_job.py:190} INFO - Processing /home/airflow/.local/lib/python3.6/site-packages/airflow/example_dags/example_nested_branch_dag.py took 0.115 seconds
[2021-04-18 14:07:23,339] {scheduler_job.py:182} INFO - Started process (PID=562) to work on /home/airflow/.local/lib/python3.6/site-packages/airflow/example_dags/example_nested_branch_dag.py
[2021-04-18 14:07:23,342] {scheduler_job.py:629} INFO - Processing file /home/airflow/.local/lib/python3.6/site-packages/airflow/example_dags/example_nested_branch_dag.py for tasks to queue
[2021-04-18 14:07:23,346] {logging_mixin.py:104} INFO - [2021-04-18 14:07:23,346] {dagbag.py:448} INFO - Filling up the DagBag from /home/airflow/.local/lib/python3.6/site-packages/airflow/example_dags/example_nested_branch_dag.py
[2021-04-18 14:07:23,365] {scheduler_job.py:639} INFO - DAG(s) dict_keys(['example_nested_branch_dag']) retrieved from /home/airflow/.local/lib/python3.6/site-packages/airflow/example_dags/example_nested_branch_dag.py
[2021-04-18 14:07:23,395] {logging_mixin.py:104} INFO - [2021-04-18 14:07:23,395] {dag.py:1818} INFO - Sync 1 DAGs
[2021-04-18 14:07:23,446] {logging_mixin.py:104} INFO - [2021-04-18 14:07:23,446] {dag.py:2273} INFO - Setting next_dagrun for example_nested_branch_dag to 2021-04-16 00:00:00+00:00
[2021-04-18 14:07:23,463] {scheduler_job.py:190} INFO - Processing /home/airflow/.local/lib/python3.6/site-packages/airflow/example_dags/example_nested_branch_dag.py took 0.128 seconds
[2021-04-18 14:07:54,224] {scheduler_job.py:182} INFO - Started process (PID=590) to work on /home/airflow/.local/lib/python3.6/site-packages/airflow/example_dags/example_nested_branch_dag.py
[2021-04-18 14:07:54,227] {scheduler_job.py:629} INFO - Processing file /home/airflow/.local/lib/python3.6/site-packages/airflow/example_dags/example_nested_branch_dag.py for tasks to queue
[2021-04-18 14:07:54,233] {logging_mixin.py:104} INFO - [2021-04-18 14:07:54,232] {dagbag.py:448} INFO - Filling up the DagBag from /home/airflow/.local/lib/python3.6/site-packages/airflow/example_dags/example_nested_branch_dag.py
[2021-04-18 14:07:54,263] {scheduler_job.py:639} INFO - DAG(s) dict_keys(['example_nested_branch_dag']) retrieved from /home/airflow/.local/lib/python3.6/site-packages/airflow/example_dags/example_nested_branch_dag.py
[2021-04-18 14:07:54,298] {logging_mixin.py:104} INFO - [2021-04-18 14:07:54,298] {dag.py:1818} INFO - Sync 1 DAGs
[2021-04-18 14:07:54,343] {logging_mixin.py:104} INFO - [2021-04-18 14:07:54,342] {dag.py:2273} INFO - Setting next_dagrun for example_nested_branch_dag to 2021-04-16 00:00:00+00:00
[2021-04-18 14:07:54,358] {scheduler_job.py:190} INFO - Processing /home/airflow/.local/lib/python3.6/site-packages/airflow/example_dags/example_nested_branch_dag.py took 0.142 seconds
[2021-04-18 14:08:24,707] {scheduler_job.py:182} INFO - Started process (PID=618) to work on /home/airflow/.local/lib/python3.6/site-packages/airflow/example_dags/example_nested_branch_dag.py
[2021-04-18 14:08:24,712] {scheduler_job.py:629} INFO - Processing file /home/airflow/.local/lib/python3.6/site-packages/airflow/example_dags/example_nested_branch_dag.py for tasks to queue
[2021-04-18 14:08:24,714] {logging_mixin.py:104} INFO - [2021-04-18 14:08:24,713] {dagbag.py:448} INFO - Filling up the DagBag from /home/airflow/.local/lib/python3.6/site-packages/airflow/example_dags/example_nested_branch_dag.py
[2021-04-18 14:08:24,748] {scheduler_job.py:639} INFO - DAG(s) dict_keys(['example_nested_branch_dag']) retrieved from /home/airflow/.local/lib/python3.6/site-packages/airflow/example_dags/example_nested_branch_dag.py
[2021-04-18 14:08:24,792] {logging_mixin.py:104} INFO - [2021-04-18 14:08:24,792] {dag.py:1818} INFO - Sync 1 DAGs
[2021-04-18 14:08:24,831] {logging_mixin.py:104} INFO - [2021-04-18 14:08:24,831] {dag.py:2273} INFO - Setting next_dagrun for example_nested_branch_dag to 2021-04-16 00:00:00+00:00
[2021-04-18 14:08:24,882] {scheduler_job.py:190} INFO - Processing /home/airflow/.local/lib/python3.6/site-packages/airflow/example_dags/example_nested_branch_dag.py took 0.179 seconds
[2021-04-18 14:08:55,037] {scheduler_job.py:182} INFO - Started process (PID=647) to work on /home/airflow/.local/lib/python3.6/site-packages/airflow/example_dags/example_nested_branch_dag.py
[2021-04-18 14:08:55,040] {scheduler_job.py:629} INFO - Processing file /home/airflow/.local/lib/python3.6/site-packages/airflow/example_dags/example_nested_branch_dag.py for tasks to queue
[2021-04-18 14:08:55,043] {logging_mixin.py:104} INFO - [2021-04-18 14:08:55,042] {dagbag.py:448} INFO - Filling up the DagBag from /home/airflow/.local/lib/python3.6/site-packages/airflow/example_dags/example_nested_branch_dag.py
[2021-04-18 14:08:55,072] {scheduler_job.py:639} INFO - DAG(s) dict_keys(['example_nested_branch_dag']) retrieved from /home/airflow/.local/lib/python3.6/site-packages/airflow/example_dags/example_nested_branch_dag.py
[2021-04-18 14:08:55,112] {logging_mixin.py:104} INFO - [2021-04-18 14:08:55,111] {dag.py:1818} INFO - Sync 1 DAGs
[2021-04-18 14:08:55,155] {logging_mixin.py:104} INFO - [2021-04-18 14:08:55,155] {dag.py:2273} INFO - Setting next_dagrun for example_nested_branch_dag to 2021-04-16 00:00:00+00:00
[2021-04-18 14:08:55,180] {scheduler_job.py:190} INFO - Processing /home/airflow/.local/lib/python3.6/site-packages/airflow/example_dags/example_nested_branch_dag.py took 0.148 seconds
[2021-04-18 14:09:29,921] {scheduler_job.py:182} INFO - Started process (PID=674) to work on /home/airflow/.local/lib/python3.6/site-packages/airflow/example_dags/example_nested_branch_dag.py
[2021-04-18 14:09:29,925] {scheduler_job.py:629} INFO - Processing file /home/airflow/.local/lib/python3.6/site-packages/airflow/example_dags/example_nested_branch_dag.py for tasks to queue
[2021-04-18 14:09:29,928] {logging_mixin.py:104} INFO - [2021-04-18 14:09:29,928] {dagbag.py:448} INFO - Filling up the DagBag from /home/airflow/.local/lib/python3.6/site-packages/airflow/example_dags/example_nested_branch_dag.py
[2021-04-18 14:09:29,955] {scheduler_job.py:639} INFO - DAG(s) dict_keys(['example_nested_branch_dag']) retrieved from /home/airflow/.local/lib/python3.6/site-packages/airflow/example_dags/example_nested_branch_dag.py
[2021-04-18 14:09:30,029] {logging_mixin.py:104} INFO - [2021-04-18 14:09:30,029] {dag.py:1818} INFO - Sync 1 DAGs
[2021-04-18 14:09:30,077] {logging_mixin.py:104} INFO - [2021-04-18 14:09:30,077] {dag.py:2273} INFO - Setting next_dagrun for example_nested_branch_dag to 2021-04-16 00:00:00+00:00
[2021-04-18 14:09:30,098] {scheduler_job.py:190} INFO - Processing /home/airflow/.local/lib/python3.6/site-packages/airflow/example_dags/example_nested_branch_dag.py took 0.188 seconds
[2021-04-18 14:10:00,197] {scheduler_job.py:182} INFO - Started process (PID=701) to work on /home/airflow/.local/lib/python3.6/site-packages/airflow/example_dags/example_nested_branch_dag.py
[2021-04-18 14:10:00,200] {scheduler_job.py:629} INFO - Processing file /home/airflow/.local/lib/python3.6/site-packages/airflow/example_dags/example_nested_branch_dag.py for tasks to queue
[2021-04-18 14:10:00,201] {logging_mixin.py:104} INFO - [2021-04-18 14:10:00,201] {dagbag.py:448} INFO - Filling up the DagBag from /home/airflow/.local/lib/python3.6/site-packages/airflow/example_dags/example_nested_branch_dag.py
[2021-04-18 14:10:00,222] {scheduler_job.py:639} INFO - DAG(s) dict_keys(['example_nested_branch_dag']) retrieved from /home/airflow/.local/lib/python3.6/site-packages/airflow/example_dags/example_nested_branch_dag.py
[2021-04-18 14:10:00,248] {logging_mixin.py:104} INFO - [2021-04-18 14:10:00,248] {dag.py:1818} INFO - Sync 1 DAGs
[2021-04-18 14:10:00,275] {logging_mixin.py:104} INFO - [2021-04-18 14:10:00,275] {dag.py:2273} INFO - Setting next_dagrun for example_nested_branch_dag to 2021-04-16 00:00:00+00:00
[2021-04-18 14:10:00,298] {scheduler_job.py:190} INFO - Processing /home/airflow/.local/lib/python3.6/site-packages/airflow/example_dags/example_nested_branch_dag.py took 0.105 seconds
[2021-04-18 14:10:30,747] {scheduler_job.py:182} INFO - Started process (PID=726) to work on /home/airflow/.local/lib/python3.6/site-packages/airflow/example_dags/example_nested_branch_dag.py
[2021-04-18 14:10:30,750] {scheduler_job.py:629} INFO - Processing file /home/airflow/.local/lib/python3.6/site-packages/airflow/example_dags/example_nested_branch_dag.py for tasks to queue
[2021-04-18 14:10:30,752] {logging_mixin.py:104} INFO - [2021-04-18 14:10:30,752] {dagbag.py:448} INFO - Filling up the DagBag from /home/airflow/.local/lib/python3.6/site-packages/airflow/example_dags/example_nested_branch_dag.py
[2021-04-18 14:10:30,775] {scheduler_job.py:639} INFO - DAG(s) dict_keys(['example_nested_branch_dag']) retrieved from /home/airflow/.local/lib/python3.6/site-packages/airflow/example_dags/example_nested_branch_dag.py
[2021-04-18 14:10:30,814] {logging_mixin.py:104} INFO - [2021-04-18 14:10:30,814] {dag.py:1818} INFO - Sync 1 DAGs
[2021-04-18 14:10:30,846] {logging_mixin.py:104} INFO - [2021-04-18 14:10:30,846] {dag.py:2273} INFO - Setting next_dagrun for example_nested_branch_dag to 2021-04-16 00:00:00+00:00
[2021-04-18 14:10:30,861] {scheduler_job.py:190} INFO - Processing /home/airflow/.local/lib/python3.6/site-packages/airflow/example_dags/example_nested_branch_dag.py took 0.117 seconds
[2021-04-18 14:11:01,068] {scheduler_job.py:182} INFO - Started process (PID=754) to work on /home/airflow/.local/lib/python3.6/site-packages/airflow/example_dags/example_nested_branch_dag.py
[2021-04-18 14:11:01,072] {scheduler_job.py:629} INFO - Processing file /home/airflow/.local/lib/python3.6/site-packages/airflow/example_dags/example_nested_branch_dag.py for tasks to queue
[2021-04-18 14:11:01,073] {logging_mixin.py:104} INFO - [2021-04-18 14:11:01,073] {dagbag.py:448} INFO - Filling up the DagBag from /home/airflow/.local/lib/python3.6/site-packages/airflow/example_dags/example_nested_branch_dag.py
[2021-04-18 14:11:01,107] {scheduler_job.py:639} INFO - DAG(s) dict_keys(['example_nested_branch_dag']) retrieved from /home/airflow/.local/lib/python3.6/site-packages/airflow/example_dags/example_nested_branch_dag.py
[2021-04-18 14:11:01,148] {logging_mixin.py:104} INFO - [2021-04-18 14:11:01,148] {dag.py:1818} INFO - Sync 1 DAGs
[2021-04-18 14:11:01,180] {logging_mixin.py:104} INFO - [2021-04-18 14:11:01,180] {dag.py:2273} INFO - Setting next_dagrun for example_nested_branch_dag to 2021-04-16 00:00:00+00:00
[2021-04-18 14:11:01,201] {scheduler_job.py:190} INFO - Processing /home/airflow/.local/lib/python3.6/site-packages/airflow/example_dags/example_nested_branch_dag.py took 0.146 seconds
[2021-04-18 14:11:32,089] {scheduler_job.py:182} INFO - Started process (PID=782) to work on /home/airflow/.local/lib/python3.6/site-packages/airflow/example_dags/example_nested_branch_dag.py
[2021-04-18 14:11:32,091] {scheduler_job.py:629} INFO - Processing file /home/airflow/.local/lib/python3.6/site-packages/airflow/example_dags/example_nested_branch_dag.py for tasks to queue
[2021-04-18 14:11:32,093] {logging_mixin.py:104} INFO - [2021-04-18 14:11:32,093] {dagbag.py:448} INFO - Filling up the DagBag from /home/airflow/.local/lib/python3.6/site-packages/airflow/example_dags/example_nested_branch_dag.py
[2021-04-18 14:11:32,111] {scheduler_job.py:639} INFO - DAG(s) dict_keys(['example_nested_branch_dag']) retrieved from /home/airflow/.local/lib/python3.6/site-packages/airflow/example_dags/example_nested_branch_dag.py
[2021-04-18 14:11:32,141] {logging_mixin.py:104} INFO - [2021-04-18 14:11:32,141] {dag.py:1818} INFO - Sync 1 DAGs
[2021-04-18 14:11:32,166] {logging_mixin.py:104} INFO - [2021-04-18 14:11:32,166] {dag.py:2273} INFO - Setting next_dagrun for example_nested_branch_dag to 2021-04-16 00:00:00+00:00
[2021-04-18 14:11:32,177] {scheduler_job.py:190} INFO - Processing /home/airflow/.local/lib/python3.6/site-packages/airflow/example_dags/example_nested_branch_dag.py took 0.092 seconds
[2021-04-18 14:12:46,553] {scheduler_job.py:182} INFO - Started process (PID=36) to work on /home/airflow/.local/lib/python3.6/site-packages/airflow/example_dags/example_nested_branch_dag.py
[2021-04-18 14:12:46,557] {scheduler_job.py:629} INFO - Processing file /home/airflow/.local/lib/python3.6/site-packages/airflow/example_dags/example_nested_branch_dag.py for tasks to queue
[2021-04-18 14:12:46,568] {logging_mixin.py:104} INFO - [2021-04-18 14:12:46,568] {dagbag.py:448} INFO - Filling up the DagBag from /home/airflow/.local/lib/python3.6/site-packages/airflow/example_dags/example_nested_branch_dag.py
[2021-04-18 14:12:46,605] {scheduler_job.py:639} INFO - DAG(s) dict_keys(['example_nested_branch_dag']) retrieved from /home/airflow/.local/lib/python3.6/site-packages/airflow/example_dags/example_nested_branch_dag.py
[2021-04-18 14:12:46,677] {logging_mixin.py:104} INFO - [2021-04-18 14:12:46,677] {dag.py:1818} INFO - Sync 1 DAGs
[2021-04-18 14:12:46,740] {logging_mixin.py:104} INFO - [2021-04-18 14:12:46,740] {dag.py:2273} INFO - Setting next_dagrun for example_nested_branch_dag to 2021-04-16 00:00:00+00:00
[2021-04-18 14:12:46,766] {scheduler_job.py:190} INFO - Processing /home/airflow/.local/lib/python3.6/site-packages/airflow/example_dags/example_nested_branch_dag.py took 0.220 seconds
[2021-04-18 14:13:28,042] {scheduler_job.py:182} INFO - Started process (PID=64) to work on /home/airflow/.local/lib/python3.6/site-packages/airflow/example_dags/example_nested_branch_dag.py
[2021-04-18 14:13:28,065] {scheduler_job.py:629} INFO - Processing file /home/airflow/.local/lib/python3.6/site-packages/airflow/example_dags/example_nested_branch_dag.py for tasks to queue
[2021-04-18 14:13:28,080] {logging_mixin.py:104} INFO - [2021-04-18 14:13:28,077] {dagbag.py:448} INFO - Filling up the DagBag from /home/airflow/.local/lib/python3.6/site-packages/airflow/example_dags/example_nested_branch_dag.py
[2021-04-18 14:13:28,210] {scheduler_job.py:639} INFO - DAG(s) dict_keys(['example_nested_branch_dag']) retrieved from /home/airflow/.local/lib/python3.6/site-packages/airflow/example_dags/example_nested_branch_dag.py
[2021-04-18 14:13:28,357] {logging_mixin.py:104} INFO - [2021-04-18 14:13:28,357] {dag.py:1818} INFO - Sync 1 DAGs
[2021-04-18 14:13:28,506] {logging_mixin.py:104} INFO - [2021-04-18 14:13:28,506] {dag.py:2273} INFO - Setting next_dagrun for example_nested_branch_dag to 2021-04-16 00:00:00+00:00
[2021-04-18 14:13:28,535] {scheduler_job.py:190} INFO - Processing /home/airflow/.local/lib/python3.6/site-packages/airflow/example_dags/example_nested_branch_dag.py took 0.532 seconds
[2021-04-18 14:14:00,787] {scheduler_job.py:182} INFO - Started process (PID=100) to work on /home/airflow/.local/lib/python3.6/site-packages/airflow/example_dags/example_nested_branch_dag.py
[2021-04-18 14:14:00,791] {scheduler_job.py:629} INFO - Processing file /home/airflow/.local/lib/python3.6/site-packages/airflow/example_dags/example_nested_branch_dag.py for tasks to queue
[2021-04-18 14:14:00,794] {logging_mixin.py:104} INFO - [2021-04-18 14:14:00,793] {dagbag.py:448} INFO - Filling up the DagBag from /home/airflow/.local/lib/python3.6/site-packages/airflow/example_dags/example_nested_branch_dag.py
[2021-04-18 14:14:00,824] {scheduler_job.py:639} INFO - DAG(s) dict_keys(['example_nested_branch_dag']) retrieved from /home/airflow/.local/lib/python3.6/site-packages/airflow/example_dags/example_nested_branch_dag.py
[2021-04-18 14:14:00,894] {logging_mixin.py:104} INFO - [2021-04-18 14:14:00,893] {dag.py:1818} INFO - Sync 1 DAGs
[2021-04-18 14:14:00,995] {logging_mixin.py:104} INFO - [2021-04-18 14:14:00,995] {dag.py:2273} INFO - Setting next_dagrun for example_nested_branch_dag to 2021-04-16 00:00:00+00:00
[2021-04-18 14:14:01,020] {scheduler_job.py:190} INFO - Processing /home/airflow/.local/lib/python3.6/site-packages/airflow/example_dags/example_nested_branch_dag.py took 0.241 seconds
[2021-04-18 14:14:31,534] {scheduler_job.py:182} INFO - Started process (PID=129) to work on /home/airflow/.local/lib/python3.6/site-packages/airflow/example_dags/example_nested_branch_dag.py
[2021-04-18 14:14:31,540] {scheduler_job.py:629} INFO - Processing file /home/airflow/.local/lib/python3.6/site-packages/airflow/example_dags/example_nested_branch_dag.py for tasks to queue
[2021-04-18 14:14:31,543] {logging_mixin.py:104} INFO - [2021-04-18 14:14:31,543] {dagbag.py:448} INFO - Filling up the DagBag from /home/airflow/.local/lib/python3.6/site-packages/airflow/example_dags/example_nested_branch_dag.py
[2021-04-18 14:14:31,608] {scheduler_job.py:639} INFO - DAG(s) dict_keys(['example_nested_branch_dag']) retrieved from /home/airflow/.local/lib/python3.6/site-packages/airflow/example_dags/example_nested_branch_dag.py
[2021-04-18 14:14:31,683] {logging_mixin.py:104} INFO - [2021-04-18 14:14:31,683] {dag.py:1818} INFO - Sync 1 DAGs
[2021-04-18 14:14:31,733] {logging_mixin.py:104} INFO - [2021-04-18 14:14:31,733] {dag.py:2273} INFO - Setting next_dagrun for example_nested_branch_dag to 2021-04-16 00:00:00+00:00
[2021-04-18 14:14:31,751] {scheduler_job.py:190} INFO - Processing /home/airflow/.local/lib/python3.6/site-packages/airflow/example_dags/example_nested_branch_dag.py took 0.224 seconds
