[2021-04-18 13:57:23,212] {scheduler_job.py:182} INFO - Started process (PID=38) to work on /home/airflow/.local/lib/python3.6/site-packages/airflow/example_dags/example_xcom.py
[2021-04-18 13:57:23,216] {scheduler_job.py:629} INFO - Processing file /home/airflow/.local/lib/python3.6/site-packages/airflow/example_dags/example_xcom.py for tasks to queue
[2021-04-18 13:57:23,221] {logging_mixin.py:104} INFO - [2021-04-18 13:57:23,221] {dagbag.py:448} INFO - Filling up the DagBag from /home/airflow/.local/lib/python3.6/site-packages/airflow/example_dags/example_xcom.py
[2021-04-18 13:57:23,249] {scheduler_job.py:639} INFO - DAG(s) dict_keys(['example_xcom']) retrieved from /home/airflow/.local/lib/python3.6/site-packages/airflow/example_dags/example_xcom.py
[2021-04-18 13:57:23,321] {logging_mixin.py:104} INFO - [2021-04-18 13:57:23,321] {dag.py:1818} INFO - Sync 1 DAGs
[2021-04-18 13:57:23,341] {logging_mixin.py:104} INFO - [2021-04-18 13:57:23,341] {dag.py:1837} INFO - Creating ORM DAG for example_xcom
[2021-04-18 13:57:23,351] {logging_mixin.py:104} INFO - [2021-04-18 13:57:23,351] {dag.py:2273} INFO - Setting next_dagrun for example_xcom to 2021-04-16 00:00:00+00:00
[2021-04-18 13:57:23,373] {scheduler_job.py:190} INFO - Processing /home/airflow/.local/lib/python3.6/site-packages/airflow/example_dags/example_xcom.py took 0.177 seconds
[2021-04-18 13:57:53,717] {scheduler_job.py:182} INFO - Started process (PID=62) to work on /home/airflow/.local/lib/python3.6/site-packages/airflow/example_dags/example_xcom.py
[2021-04-18 13:57:53,721] {scheduler_job.py:629} INFO - Processing file /home/airflow/.local/lib/python3.6/site-packages/airflow/example_dags/example_xcom.py for tasks to queue
[2021-04-18 13:57:53,724] {logging_mixin.py:104} INFO - [2021-04-18 13:57:53,723] {dagbag.py:448} INFO - Filling up the DagBag from /home/airflow/.local/lib/python3.6/site-packages/airflow/example_dags/example_xcom.py
[2021-04-18 13:57:53,775] {scheduler_job.py:639} INFO - DAG(s) dict_keys(['example_xcom']) retrieved from /home/airflow/.local/lib/python3.6/site-packages/airflow/example_dags/example_xcom.py
[2021-04-18 13:57:53,835] {logging_mixin.py:104} INFO - [2021-04-18 13:57:53,834] {dag.py:1818} INFO - Sync 1 DAGs
[2021-04-18 13:57:53,893] {logging_mixin.py:104} INFO - [2021-04-18 13:57:53,892] {dag.py:2273} INFO - Setting next_dagrun for example_xcom to 2021-04-16 00:00:00+00:00
[2021-04-18 13:57:53,922] {scheduler_job.py:190} INFO - Processing /home/airflow/.local/lib/python3.6/site-packages/airflow/example_dags/example_xcom.py took 0.214 seconds
[2021-04-18 13:58:42,204] {scheduler_job.py:182} INFO - Started process (PID=87) to work on /home/airflow/.local/lib/python3.6/site-packages/airflow/example_dags/example_xcom.py
[2021-04-18 13:58:42,320] {scheduler_job.py:629} INFO - Processing file /home/airflow/.local/lib/python3.6/site-packages/airflow/example_dags/example_xcom.py for tasks to queue
[2021-04-18 13:58:42,365] {logging_mixin.py:104} INFO - [2021-04-18 13:58:42,364] {dagbag.py:448} INFO - Filling up the DagBag from /home/airflow/.local/lib/python3.6/site-packages/airflow/example_dags/example_xcom.py
[2021-04-18 13:58:42,795] {scheduler_job.py:639} INFO - DAG(s) dict_keys(['example_xcom']) retrieved from /home/airflow/.local/lib/python3.6/site-packages/airflow/example_dags/example_xcom.py
[2021-04-18 13:58:43,017] {logging_mixin.py:104} INFO - [2021-04-18 13:58:43,017] {dag.py:1818} INFO - Sync 1 DAGs
[2021-04-18 13:58:43,237] {logging_mixin.py:104} INFO - [2021-04-18 13:58:43,236] {dag.py:2273} INFO - Setting next_dagrun for example_xcom to 2021-04-16 00:00:00+00:00
[2021-04-18 13:58:43,384] {scheduler_job.py:190} INFO - Processing /home/airflow/.local/lib/python3.6/site-packages/airflow/example_dags/example_xcom.py took 1.207 seconds
[2021-04-18 13:59:14,088] {scheduler_job.py:182} INFO - Started process (PID=115) to work on /home/airflow/.local/lib/python3.6/site-packages/airflow/example_dags/example_xcom.py
[2021-04-18 13:59:14,094] {scheduler_job.py:629} INFO - Processing file /home/airflow/.local/lib/python3.6/site-packages/airflow/example_dags/example_xcom.py for tasks to queue
[2021-04-18 13:59:14,097] {logging_mixin.py:104} INFO - [2021-04-18 13:59:14,096] {dagbag.py:448} INFO - Filling up the DagBag from /home/airflow/.local/lib/python3.6/site-packages/airflow/example_dags/example_xcom.py
[2021-04-18 13:59:14,134] {scheduler_job.py:639} INFO - DAG(s) dict_keys(['example_xcom']) retrieved from /home/airflow/.local/lib/python3.6/site-packages/airflow/example_dags/example_xcom.py
[2021-04-18 13:59:14,197] {logging_mixin.py:104} INFO - [2021-04-18 13:59:14,197] {dag.py:1818} INFO - Sync 1 DAGs
[2021-04-18 13:59:14,246] {logging_mixin.py:104} INFO - [2021-04-18 13:59:14,245] {dag.py:2273} INFO - Setting next_dagrun for example_xcom to 2021-04-16 00:00:00+00:00
[2021-04-18 13:59:14,300] {scheduler_job.py:190} INFO - Processing /home/airflow/.local/lib/python3.6/site-packages/airflow/example_dags/example_xcom.py took 0.230 seconds
[2021-04-18 13:59:44,877] {scheduler_job.py:182} INFO - Started process (PID=143) to work on /home/airflow/.local/lib/python3.6/site-packages/airflow/example_dags/example_xcom.py
[2021-04-18 13:59:44,886] {scheduler_job.py:629} INFO - Processing file /home/airflow/.local/lib/python3.6/site-packages/airflow/example_dags/example_xcom.py for tasks to queue
[2021-04-18 13:59:44,894] {logging_mixin.py:104} INFO - [2021-04-18 13:59:44,894] {dagbag.py:448} INFO - Filling up the DagBag from /home/airflow/.local/lib/python3.6/site-packages/airflow/example_dags/example_xcom.py
[2021-04-18 13:59:44,949] {scheduler_job.py:639} INFO - DAG(s) dict_keys(['example_xcom']) retrieved from /home/airflow/.local/lib/python3.6/site-packages/airflow/example_dags/example_xcom.py
[2021-04-18 13:59:45,085] {logging_mixin.py:104} INFO - [2021-04-18 13:59:45,085] {dag.py:1818} INFO - Sync 1 DAGs
[2021-04-18 13:59:45,136] {logging_mixin.py:104} INFO - [2021-04-18 13:59:45,136] {dag.py:2273} INFO - Setting next_dagrun for example_xcom to 2021-04-16 00:00:00+00:00
[2021-04-18 13:59:45,168] {scheduler_job.py:190} INFO - Processing /home/airflow/.local/lib/python3.6/site-packages/airflow/example_dags/example_xcom.py took 0.298 seconds
[2021-04-18 14:00:15,664] {scheduler_job.py:182} INFO - Started process (PID=171) to work on /home/airflow/.local/lib/python3.6/site-packages/airflow/example_dags/example_xcom.py
[2021-04-18 14:00:15,667] {scheduler_job.py:629} INFO - Processing file /home/airflow/.local/lib/python3.6/site-packages/airflow/example_dags/example_xcom.py for tasks to queue
[2021-04-18 14:00:15,669] {logging_mixin.py:104} INFO - [2021-04-18 14:00:15,669] {dagbag.py:448} INFO - Filling up the DagBag from /home/airflow/.local/lib/python3.6/site-packages/airflow/example_dags/example_xcom.py
[2021-04-18 14:00:15,688] {scheduler_job.py:639} INFO - DAG(s) dict_keys(['example_xcom']) retrieved from /home/airflow/.local/lib/python3.6/site-packages/airflow/example_dags/example_xcom.py
[2021-04-18 14:00:15,733] {logging_mixin.py:104} INFO - [2021-04-18 14:00:15,733] {dag.py:1818} INFO - Sync 1 DAGs
[2021-04-18 14:00:15,757] {logging_mixin.py:104} INFO - [2021-04-18 14:00:15,757] {dag.py:2273} INFO - Setting next_dagrun for example_xcom to 2021-04-16 00:00:00+00:00
[2021-04-18 14:00:15,782] {scheduler_job.py:190} INFO - Processing /home/airflow/.local/lib/python3.6/site-packages/airflow/example_dags/example_xcom.py took 0.122 seconds
[2021-04-18 14:00:46,201] {scheduler_job.py:182} INFO - Started process (PID=199) to work on /home/airflow/.local/lib/python3.6/site-packages/airflow/example_dags/example_xcom.py
[2021-04-18 14:00:46,206] {scheduler_job.py:629} INFO - Processing file /home/airflow/.local/lib/python3.6/site-packages/airflow/example_dags/example_xcom.py for tasks to queue
[2021-04-18 14:00:46,210] {logging_mixin.py:104} INFO - [2021-04-18 14:00:46,210] {dagbag.py:448} INFO - Filling up the DagBag from /home/airflow/.local/lib/python3.6/site-packages/airflow/example_dags/example_xcom.py
[2021-04-18 14:00:46,238] {scheduler_job.py:639} INFO - DAG(s) dict_keys(['example_xcom']) retrieved from /home/airflow/.local/lib/python3.6/site-packages/airflow/example_dags/example_xcom.py
[2021-04-18 14:00:46,316] {logging_mixin.py:104} INFO - [2021-04-18 14:00:46,316] {dag.py:1818} INFO - Sync 1 DAGs
[2021-04-18 14:00:46,349] {logging_mixin.py:104} INFO - [2021-04-18 14:00:46,349] {dag.py:2273} INFO - Setting next_dagrun for example_xcom to 2021-04-16 00:00:00+00:00
[2021-04-18 14:00:46,370] {scheduler_job.py:190} INFO - Processing /home/airflow/.local/lib/python3.6/site-packages/airflow/example_dags/example_xcom.py took 0.187 seconds
[2021-04-18 14:01:16,564] {scheduler_job.py:182} INFO - Started process (PID=227) to work on /home/airflow/.local/lib/python3.6/site-packages/airflow/example_dags/example_xcom.py
[2021-04-18 14:01:16,568] {scheduler_job.py:629} INFO - Processing file /home/airflow/.local/lib/python3.6/site-packages/airflow/example_dags/example_xcom.py for tasks to queue
[2021-04-18 14:01:16,570] {logging_mixin.py:104} INFO - [2021-04-18 14:01:16,570] {dagbag.py:448} INFO - Filling up the DagBag from /home/airflow/.local/lib/python3.6/site-packages/airflow/example_dags/example_xcom.py
[2021-04-18 14:01:16,593] {scheduler_job.py:639} INFO - DAG(s) dict_keys(['example_xcom']) retrieved from /home/airflow/.local/lib/python3.6/site-packages/airflow/example_dags/example_xcom.py
[2021-04-18 14:01:16,647] {logging_mixin.py:104} INFO - [2021-04-18 14:01:16,647] {dag.py:1818} INFO - Sync 1 DAGs
[2021-04-18 14:01:16,680] {logging_mixin.py:104} INFO - [2021-04-18 14:01:16,680] {dag.py:2273} INFO - Setting next_dagrun for example_xcom to 2021-04-16 00:00:00+00:00
[2021-04-18 14:01:16,707] {scheduler_job.py:190} INFO - Processing /home/airflow/.local/lib/python3.6/site-packages/airflow/example_dags/example_xcom.py took 0.151 seconds
[2021-04-18 14:01:47,366] {scheduler_job.py:182} INFO - Started process (PID=255) to work on /home/airflow/.local/lib/python3.6/site-packages/airflow/example_dags/example_xcom.py
[2021-04-18 14:01:47,385] {scheduler_job.py:629} INFO - Processing file /home/airflow/.local/lib/python3.6/site-packages/airflow/example_dags/example_xcom.py for tasks to queue
[2021-04-18 14:01:47,388] {logging_mixin.py:104} INFO - [2021-04-18 14:01:47,388] {dagbag.py:448} INFO - Filling up the DagBag from /home/airflow/.local/lib/python3.6/site-packages/airflow/example_dags/example_xcom.py
[2021-04-18 14:01:47,414] {scheduler_job.py:639} INFO - DAG(s) dict_keys(['example_xcom']) retrieved from /home/airflow/.local/lib/python3.6/site-packages/airflow/example_dags/example_xcom.py
[2021-04-18 14:01:47,465] {logging_mixin.py:104} INFO - [2021-04-18 14:01:47,465] {dag.py:1818} INFO - Sync 1 DAGs
[2021-04-18 14:01:47,499] {logging_mixin.py:104} INFO - [2021-04-18 14:01:47,499] {dag.py:2273} INFO - Setting next_dagrun for example_xcom to 2021-04-16 00:00:00+00:00
[2021-04-18 14:01:47,527] {scheduler_job.py:190} INFO - Processing /home/airflow/.local/lib/python3.6/site-packages/airflow/example_dags/example_xcom.py took 0.171 seconds
[2021-04-18 14:02:17,707] {scheduler_job.py:182} INFO - Started process (PID=283) to work on /home/airflow/.local/lib/python3.6/site-packages/airflow/example_dags/example_xcom.py
[2021-04-18 14:02:17,709] {scheduler_job.py:629} INFO - Processing file /home/airflow/.local/lib/python3.6/site-packages/airflow/example_dags/example_xcom.py for tasks to queue
[2021-04-18 14:02:17,711] {logging_mixin.py:104} INFO - [2021-04-18 14:02:17,711] {dagbag.py:448} INFO - Filling up the DagBag from /home/airflow/.local/lib/python3.6/site-packages/airflow/example_dags/example_xcom.py
[2021-04-18 14:02:17,727] {scheduler_job.py:639} INFO - DAG(s) dict_keys(['example_xcom']) retrieved from /home/airflow/.local/lib/python3.6/site-packages/airflow/example_dags/example_xcom.py
[2021-04-18 14:02:17,780] {logging_mixin.py:104} INFO - [2021-04-18 14:02:17,780] {dag.py:1818} INFO - Sync 1 DAGs
[2021-04-18 14:02:17,803] {logging_mixin.py:104} INFO - [2021-04-18 14:02:17,803] {dag.py:2273} INFO - Setting next_dagrun for example_xcom to 2021-04-16 00:00:00+00:00
[2021-04-18 14:02:17,830] {scheduler_job.py:190} INFO - Processing /home/airflow/.local/lib/python3.6/site-packages/airflow/example_dags/example_xcom.py took 0.126 seconds
[2021-04-18 14:02:48,216] {scheduler_job.py:182} INFO - Started process (PID=311) to work on /home/airflow/.local/lib/python3.6/site-packages/airflow/example_dags/example_xcom.py
[2021-04-18 14:02:48,220] {scheduler_job.py:629} INFO - Processing file /home/airflow/.local/lib/python3.6/site-packages/airflow/example_dags/example_xcom.py for tasks to queue
[2021-04-18 14:02:48,224] {logging_mixin.py:104} INFO - [2021-04-18 14:02:48,224] {dagbag.py:448} INFO - Filling up the DagBag from /home/airflow/.local/lib/python3.6/site-packages/airflow/example_dags/example_xcom.py
[2021-04-18 14:02:48,257] {scheduler_job.py:639} INFO - DAG(s) dict_keys(['example_xcom']) retrieved from /home/airflow/.local/lib/python3.6/site-packages/airflow/example_dags/example_xcom.py
[2021-04-18 14:02:48,299] {logging_mixin.py:104} INFO - [2021-04-18 14:02:48,299] {dag.py:1818} INFO - Sync 1 DAGs
[2021-04-18 14:02:48,335] {logging_mixin.py:104} INFO - [2021-04-18 14:02:48,335] {dag.py:2273} INFO - Setting next_dagrun for example_xcom to 2021-04-16 00:00:00+00:00
[2021-04-18 14:02:48,353] {scheduler_job.py:190} INFO - Processing /home/airflow/.local/lib/python3.6/site-packages/airflow/example_dags/example_xcom.py took 0.141 seconds
[2021-04-18 14:03:18,498] {scheduler_job.py:182} INFO - Started process (PID=339) to work on /home/airflow/.local/lib/python3.6/site-packages/airflow/example_dags/example_xcom.py
[2021-04-18 14:03:18,501] {scheduler_job.py:629} INFO - Processing file /home/airflow/.local/lib/python3.6/site-packages/airflow/example_dags/example_xcom.py for tasks to queue
[2021-04-18 14:03:18,503] {logging_mixin.py:104} INFO - [2021-04-18 14:03:18,503] {dagbag.py:448} INFO - Filling up the DagBag from /home/airflow/.local/lib/python3.6/site-packages/airflow/example_dags/example_xcom.py
[2021-04-18 14:03:18,517] {scheduler_job.py:639} INFO - DAG(s) dict_keys(['example_xcom']) retrieved from /home/airflow/.local/lib/python3.6/site-packages/airflow/example_dags/example_xcom.py
[2021-04-18 14:03:18,547] {logging_mixin.py:104} INFO - [2021-04-18 14:03:18,547] {dag.py:1818} INFO - Sync 1 DAGs
[2021-04-18 14:03:18,568] {logging_mixin.py:104} INFO - [2021-04-18 14:03:18,568] {dag.py:2273} INFO - Setting next_dagrun for example_xcom to 2021-04-16 00:00:00+00:00
[2021-04-18 14:03:18,582] {scheduler_job.py:190} INFO - Processing /home/airflow/.local/lib/python3.6/site-packages/airflow/example_dags/example_xcom.py took 0.090 seconds
[2021-04-18 14:03:48,839] {scheduler_job.py:182} INFO - Started process (PID=367) to work on /home/airflow/.local/lib/python3.6/site-packages/airflow/example_dags/example_xcom.py
[2021-04-18 14:03:48,846] {scheduler_job.py:629} INFO - Processing file /home/airflow/.local/lib/python3.6/site-packages/airflow/example_dags/example_xcom.py for tasks to queue
[2021-04-18 14:03:48,850] {logging_mixin.py:104} INFO - [2021-04-18 14:03:48,850] {dagbag.py:448} INFO - Filling up the DagBag from /home/airflow/.local/lib/python3.6/site-packages/airflow/example_dags/example_xcom.py
[2021-04-18 14:03:48,876] {scheduler_job.py:639} INFO - DAG(s) dict_keys(['example_xcom']) retrieved from /home/airflow/.local/lib/python3.6/site-packages/airflow/example_dags/example_xcom.py
[2021-04-18 14:03:48,925] {logging_mixin.py:104} INFO - [2021-04-18 14:03:48,925] {dag.py:1818} INFO - Sync 1 DAGs
[2021-04-18 14:03:48,952] {logging_mixin.py:104} INFO - [2021-04-18 14:03:48,952] {dag.py:2273} INFO - Setting next_dagrun for example_xcom to 2021-04-16 00:00:00+00:00
[2021-04-18 14:03:48,975] {scheduler_job.py:190} INFO - Processing /home/airflow/.local/lib/python3.6/site-packages/airflow/example_dags/example_xcom.py took 0.142 seconds
[2021-04-18 14:04:19,611] {scheduler_job.py:182} INFO - Started process (PID=395) to work on /home/airflow/.local/lib/python3.6/site-packages/airflow/example_dags/example_xcom.py
[2021-04-18 14:04:19,614] {scheduler_job.py:629} INFO - Processing file /home/airflow/.local/lib/python3.6/site-packages/airflow/example_dags/example_xcom.py for tasks to queue
[2021-04-18 14:04:19,616] {logging_mixin.py:104} INFO - [2021-04-18 14:04:19,616] {dagbag.py:448} INFO - Filling up the DagBag from /home/airflow/.local/lib/python3.6/site-packages/airflow/example_dags/example_xcom.py
[2021-04-18 14:04:19,637] {scheduler_job.py:639} INFO - DAG(s) dict_keys(['example_xcom']) retrieved from /home/airflow/.local/lib/python3.6/site-packages/airflow/example_dags/example_xcom.py
[2021-04-18 14:04:19,677] {logging_mixin.py:104} INFO - [2021-04-18 14:04:19,677] {dag.py:1818} INFO - Sync 1 DAGs
[2021-04-18 14:04:19,714] {logging_mixin.py:104} INFO - [2021-04-18 14:04:19,713] {dag.py:2273} INFO - Setting next_dagrun for example_xcom to 2021-04-16 00:00:00+00:00
[2021-04-18 14:04:19,741] {scheduler_job.py:190} INFO - Processing /home/airflow/.local/lib/python3.6/site-packages/airflow/example_dags/example_xcom.py took 0.137 seconds
[2021-04-18 14:04:49,830] {scheduler_job.py:182} INFO - Started process (PID=423) to work on /home/airflow/.local/lib/python3.6/site-packages/airflow/example_dags/example_xcom.py
[2021-04-18 14:04:49,834] {scheduler_job.py:629} INFO - Processing file /home/airflow/.local/lib/python3.6/site-packages/airflow/example_dags/example_xcom.py for tasks to queue
[2021-04-18 14:04:49,841] {logging_mixin.py:104} INFO - [2021-04-18 14:04:49,840] {dagbag.py:448} INFO - Filling up the DagBag from /home/airflow/.local/lib/python3.6/site-packages/airflow/example_dags/example_xcom.py
[2021-04-18 14:04:49,865] {scheduler_job.py:639} INFO - DAG(s) dict_keys(['example_xcom']) retrieved from /home/airflow/.local/lib/python3.6/site-packages/airflow/example_dags/example_xcom.py
[2021-04-18 14:04:49,905] {logging_mixin.py:104} INFO - [2021-04-18 14:04:49,905] {dag.py:1818} INFO - Sync 1 DAGs
[2021-04-18 14:04:49,935] {logging_mixin.py:104} INFO - [2021-04-18 14:04:49,935] {dag.py:2273} INFO - Setting next_dagrun for example_xcom to 2021-04-16 00:00:00+00:00
[2021-04-18 14:04:49,954] {scheduler_job.py:190} INFO - Processing /home/airflow/.local/lib/python3.6/site-packages/airflow/example_dags/example_xcom.py took 0.133 seconds
[2021-04-18 14:05:20,446] {scheduler_job.py:182} INFO - Started process (PID=451) to work on /home/airflow/.local/lib/python3.6/site-packages/airflow/example_dags/example_xcom.py
[2021-04-18 14:05:20,449] {scheduler_job.py:629} INFO - Processing file /home/airflow/.local/lib/python3.6/site-packages/airflow/example_dags/example_xcom.py for tasks to queue
[2021-04-18 14:05:20,452] {logging_mixin.py:104} INFO - [2021-04-18 14:05:20,452] {dagbag.py:448} INFO - Filling up the DagBag from /home/airflow/.local/lib/python3.6/site-packages/airflow/example_dags/example_xcom.py
[2021-04-18 14:05:20,480] {scheduler_job.py:639} INFO - DAG(s) dict_keys(['example_xcom']) retrieved from /home/airflow/.local/lib/python3.6/site-packages/airflow/example_dags/example_xcom.py
[2021-04-18 14:05:20,534] {logging_mixin.py:104} INFO - [2021-04-18 14:05:20,534] {dag.py:1818} INFO - Sync 1 DAGs
[2021-04-18 14:05:20,575] {logging_mixin.py:104} INFO - [2021-04-18 14:05:20,575] {dag.py:2273} INFO - Setting next_dagrun for example_xcom to 2021-04-16 00:00:00+00:00
[2021-04-18 14:05:20,610] {scheduler_job.py:190} INFO - Processing /home/airflow/.local/lib/python3.6/site-packages/airflow/example_dags/example_xcom.py took 0.170 seconds
[2021-04-18 14:05:51,342] {scheduler_job.py:182} INFO - Started process (PID=479) to work on /home/airflow/.local/lib/python3.6/site-packages/airflow/example_dags/example_xcom.py
[2021-04-18 14:05:51,346] {scheduler_job.py:629} INFO - Processing file /home/airflow/.local/lib/python3.6/site-packages/airflow/example_dags/example_xcom.py for tasks to queue
[2021-04-18 14:05:51,349] {logging_mixin.py:104} INFO - [2021-04-18 14:05:51,349] {dagbag.py:448} INFO - Filling up the DagBag from /home/airflow/.local/lib/python3.6/site-packages/airflow/example_dags/example_xcom.py
[2021-04-18 14:05:51,365] {scheduler_job.py:639} INFO - DAG(s) dict_keys(['example_xcom']) retrieved from /home/airflow/.local/lib/python3.6/site-packages/airflow/example_dags/example_xcom.py
[2021-04-18 14:05:51,391] {logging_mixin.py:104} INFO - [2021-04-18 14:05:51,391] {dag.py:1818} INFO - Sync 1 DAGs
[2021-04-18 14:05:51,412] {logging_mixin.py:104} INFO - [2021-04-18 14:05:51,412] {dag.py:2273} INFO - Setting next_dagrun for example_xcom to 2021-04-16 00:00:00+00:00
[2021-04-18 14:05:51,424] {scheduler_job.py:190} INFO - Processing /home/airflow/.local/lib/python3.6/site-packages/airflow/example_dags/example_xcom.py took 0.088 seconds
[2021-04-18 14:06:21,650] {scheduler_job.py:182} INFO - Started process (PID=507) to work on /home/airflow/.local/lib/python3.6/site-packages/airflow/example_dags/example_xcom.py
[2021-04-18 14:06:21,656] {scheduler_job.py:629} INFO - Processing file /home/airflow/.local/lib/python3.6/site-packages/airflow/example_dags/example_xcom.py for tasks to queue
[2021-04-18 14:06:21,658] {logging_mixin.py:104} INFO - [2021-04-18 14:06:21,657] {dagbag.py:448} INFO - Filling up the DagBag from /home/airflow/.local/lib/python3.6/site-packages/airflow/example_dags/example_xcom.py
[2021-04-18 14:06:21,681] {scheduler_job.py:639} INFO - DAG(s) dict_keys(['example_xcom']) retrieved from /home/airflow/.local/lib/python3.6/site-packages/airflow/example_dags/example_xcom.py
[2021-04-18 14:06:21,720] {logging_mixin.py:104} INFO - [2021-04-18 14:06:21,720] {dag.py:1818} INFO - Sync 1 DAGs
[2021-04-18 14:06:21,746] {logging_mixin.py:104} INFO - [2021-04-18 14:06:21,746] {dag.py:2273} INFO - Setting next_dagrun for example_xcom to 2021-04-16 00:00:00+00:00
[2021-04-18 14:06:21,770] {scheduler_job.py:190} INFO - Processing /home/airflow/.local/lib/python3.6/site-packages/airflow/example_dags/example_xcom.py took 0.137 seconds
[2021-04-18 14:06:52,374] {scheduler_job.py:182} INFO - Started process (PID=535) to work on /home/airflow/.local/lib/python3.6/site-packages/airflow/example_dags/example_xcom.py
[2021-04-18 14:06:52,377] {scheduler_job.py:629} INFO - Processing file /home/airflow/.local/lib/python3.6/site-packages/airflow/example_dags/example_xcom.py for tasks to queue
[2021-04-18 14:06:52,379] {logging_mixin.py:104} INFO - [2021-04-18 14:06:52,378] {dagbag.py:448} INFO - Filling up the DagBag from /home/airflow/.local/lib/python3.6/site-packages/airflow/example_dags/example_xcom.py
[2021-04-18 14:06:52,394] {scheduler_job.py:639} INFO - DAG(s) dict_keys(['example_xcom']) retrieved from /home/airflow/.local/lib/python3.6/site-packages/airflow/example_dags/example_xcom.py
[2021-04-18 14:06:52,449] {logging_mixin.py:104} INFO - [2021-04-18 14:06:52,448] {dag.py:1818} INFO - Sync 1 DAGs
[2021-04-18 14:06:52,484] {logging_mixin.py:104} INFO - [2021-04-18 14:06:52,484] {dag.py:2273} INFO - Setting next_dagrun for example_xcom to 2021-04-16 00:00:00+00:00
[2021-04-18 14:06:52,519] {scheduler_job.py:190} INFO - Processing /home/airflow/.local/lib/python3.6/site-packages/airflow/example_dags/example_xcom.py took 0.149 seconds
[2021-04-18 14:07:23,359] {scheduler_job.py:182} INFO - Started process (PID=563) to work on /home/airflow/.local/lib/python3.6/site-packages/airflow/example_dags/example_xcom.py
[2021-04-18 14:07:23,363] {scheduler_job.py:629} INFO - Processing file /home/airflow/.local/lib/python3.6/site-packages/airflow/example_dags/example_xcom.py for tasks to queue
[2021-04-18 14:07:23,366] {logging_mixin.py:104} INFO - [2021-04-18 14:07:23,365] {dagbag.py:448} INFO - Filling up the DagBag from /home/airflow/.local/lib/python3.6/site-packages/airflow/example_dags/example_xcom.py
[2021-04-18 14:07:23,385] {scheduler_job.py:639} INFO - DAG(s) dict_keys(['example_xcom']) retrieved from /home/airflow/.local/lib/python3.6/site-packages/airflow/example_dags/example_xcom.py
[2021-04-18 14:07:23,419] {logging_mixin.py:104} INFO - [2021-04-18 14:07:23,419] {dag.py:1818} INFO - Sync 1 DAGs
[2021-04-18 14:07:23,459] {logging_mixin.py:104} INFO - [2021-04-18 14:07:23,459] {dag.py:2273} INFO - Setting next_dagrun for example_xcom to 2021-04-16 00:00:00+00:00
[2021-04-18 14:07:23,475] {scheduler_job.py:190} INFO - Processing /home/airflow/.local/lib/python3.6/site-packages/airflow/example_dags/example_xcom.py took 0.123 seconds
[2021-04-18 14:07:54,228] {scheduler_job.py:182} INFO - Started process (PID=591) to work on /home/airflow/.local/lib/python3.6/site-packages/airflow/example_dags/example_xcom.py
[2021-04-18 14:07:54,230] {scheduler_job.py:629} INFO - Processing file /home/airflow/.local/lib/python3.6/site-packages/airflow/example_dags/example_xcom.py for tasks to queue
[2021-04-18 14:07:54,231] {logging_mixin.py:104} INFO - [2021-04-18 14:07:54,231] {dagbag.py:448} INFO - Filling up the DagBag from /home/airflow/.local/lib/python3.6/site-packages/airflow/example_dags/example_xcom.py
[2021-04-18 14:07:54,247] {scheduler_job.py:639} INFO - DAG(s) dict_keys(['example_xcom']) retrieved from /home/airflow/.local/lib/python3.6/site-packages/airflow/example_dags/example_xcom.py
[2021-04-18 14:07:54,281] {logging_mixin.py:104} INFO - [2021-04-18 14:07:54,281] {dag.py:1818} INFO - Sync 1 DAGs
[2021-04-18 14:07:54,301] {logging_mixin.py:104} INFO - [2021-04-18 14:07:54,301] {dag.py:2273} INFO - Setting next_dagrun for example_xcom to 2021-04-16 00:00:00+00:00
[2021-04-18 14:07:54,313] {scheduler_job.py:190} INFO - Processing /home/airflow/.local/lib/python3.6/site-packages/airflow/example_dags/example_xcom.py took 0.089 seconds
[2021-04-18 14:08:24,699] {scheduler_job.py:182} INFO - Started process (PID=619) to work on /home/airflow/.local/lib/python3.6/site-packages/airflow/example_dags/example_xcom.py
[2021-04-18 14:08:24,702] {scheduler_job.py:629} INFO - Processing file /home/airflow/.local/lib/python3.6/site-packages/airflow/example_dags/example_xcom.py for tasks to queue
[2021-04-18 14:08:24,708] {logging_mixin.py:104} INFO - [2021-04-18 14:08:24,707] {dagbag.py:448} INFO - Filling up the DagBag from /home/airflow/.local/lib/python3.6/site-packages/airflow/example_dags/example_xcom.py
[2021-04-18 14:08:24,723] {scheduler_job.py:639} INFO - DAG(s) dict_keys(['example_xcom']) retrieved from /home/airflow/.local/lib/python3.6/site-packages/airflow/example_dags/example_xcom.py
[2021-04-18 14:08:24,755] {logging_mixin.py:104} INFO - [2021-04-18 14:08:24,754] {dag.py:1818} INFO - Sync 1 DAGs
[2021-04-18 14:08:24,787] {logging_mixin.py:104} INFO - [2021-04-18 14:08:24,787] {dag.py:2273} INFO - Setting next_dagrun for example_xcom to 2021-04-16 00:00:00+00:00
[2021-04-18 14:08:24,798] {scheduler_job.py:190} INFO - Processing /home/airflow/.local/lib/python3.6/site-packages/airflow/example_dags/example_xcom.py took 0.103 seconds
[2021-04-18 14:08:54,901] {scheduler_job.py:182} INFO - Started process (PID=646) to work on /home/airflow/.local/lib/python3.6/site-packages/airflow/example_dags/example_xcom.py
[2021-04-18 14:08:54,904] {scheduler_job.py:629} INFO - Processing file /home/airflow/.local/lib/python3.6/site-packages/airflow/example_dags/example_xcom.py for tasks to queue
[2021-04-18 14:08:54,914] {logging_mixin.py:104} INFO - [2021-04-18 14:08:54,913] {dagbag.py:448} INFO - Filling up the DagBag from /home/airflow/.local/lib/python3.6/site-packages/airflow/example_dags/example_xcom.py
[2021-04-18 14:08:54,942] {scheduler_job.py:639} INFO - DAG(s) dict_keys(['example_xcom']) retrieved from /home/airflow/.local/lib/python3.6/site-packages/airflow/example_dags/example_xcom.py
[2021-04-18 14:08:54,990] {logging_mixin.py:104} INFO - [2021-04-18 14:08:54,989] {dag.py:1818} INFO - Sync 1 DAGs
[2021-04-18 14:08:55,020] {logging_mixin.py:104} INFO - [2021-04-18 14:08:55,019] {dag.py:2273} INFO - Setting next_dagrun for example_xcom to 2021-04-16 00:00:00+00:00
[2021-04-18 14:08:55,059] {scheduler_job.py:190} INFO - Processing /home/airflow/.local/lib/python3.6/site-packages/airflow/example_dags/example_xcom.py took 0.173 seconds
[2021-04-18 14:09:30,006] {scheduler_job.py:182} INFO - Started process (PID=675) to work on /home/airflow/.local/lib/python3.6/site-packages/airflow/example_dags/example_xcom.py
[2021-04-18 14:09:30,013] {scheduler_job.py:629} INFO - Processing file /home/airflow/.local/lib/python3.6/site-packages/airflow/example_dags/example_xcom.py for tasks to queue
[2021-04-18 14:09:30,016] {logging_mixin.py:104} INFO - [2021-04-18 14:09:30,016] {dagbag.py:448} INFO - Filling up the DagBag from /home/airflow/.local/lib/python3.6/site-packages/airflow/example_dags/example_xcom.py
[2021-04-18 14:09:30,038] {scheduler_job.py:639} INFO - DAG(s) dict_keys(['example_xcom']) retrieved from /home/airflow/.local/lib/python3.6/site-packages/airflow/example_dags/example_xcom.py
[2021-04-18 14:09:30,082] {logging_mixin.py:104} INFO - [2021-04-18 14:09:30,081] {dag.py:1818} INFO - Sync 1 DAGs
[2021-04-18 14:09:30,112] {logging_mixin.py:104} INFO - [2021-04-18 14:09:30,112] {dag.py:2273} INFO - Setting next_dagrun for example_xcom to 2021-04-16 00:00:00+00:00
[2021-04-18 14:09:30,137] {scheduler_job.py:190} INFO - Processing /home/airflow/.local/lib/python3.6/site-packages/airflow/example_dags/example_xcom.py took 0.143 seconds
[2021-04-18 14:10:03,624] {scheduler_job.py:182} INFO - Started process (PID=703) to work on /home/airflow/.local/lib/python3.6/site-packages/airflow/example_dags/example_xcom.py
[2021-04-18 14:10:03,627] {scheduler_job.py:629} INFO - Processing file /home/airflow/.local/lib/python3.6/site-packages/airflow/example_dags/example_xcom.py for tasks to queue
[2021-04-18 14:10:03,628] {logging_mixin.py:104} INFO - [2021-04-18 14:10:03,628] {dagbag.py:448} INFO - Filling up the DagBag from /home/airflow/.local/lib/python3.6/site-packages/airflow/example_dags/example_xcom.py
[2021-04-18 14:10:03,643] {scheduler_job.py:639} INFO - DAG(s) dict_keys(['example_xcom']) retrieved from /home/airflow/.local/lib/python3.6/site-packages/airflow/example_dags/example_xcom.py
[2021-04-18 14:10:03,670] {logging_mixin.py:104} INFO - [2021-04-18 14:10:03,669] {dag.py:1818} INFO - Sync 1 DAGs
[2021-04-18 14:10:03,686] {logging_mixin.py:104} INFO - [2021-04-18 14:10:03,686] {dag.py:2273} INFO - Setting next_dagrun for example_xcom to 2021-04-16 00:00:00+00:00
[2021-04-18 14:10:03,696] {scheduler_job.py:190} INFO - Processing /home/airflow/.local/lib/python3.6/site-packages/airflow/example_dags/example_xcom.py took 0.075 seconds
[2021-04-18 14:10:33,932] {scheduler_job.py:182} INFO - Started process (PID=729) to work on /home/airflow/.local/lib/python3.6/site-packages/airflow/example_dags/example_xcom.py
[2021-04-18 14:10:33,935] {scheduler_job.py:629} INFO - Processing file /home/airflow/.local/lib/python3.6/site-packages/airflow/example_dags/example_xcom.py for tasks to queue
[2021-04-18 14:10:33,937] {logging_mixin.py:104} INFO - [2021-04-18 14:10:33,937] {dagbag.py:448} INFO - Filling up the DagBag from /home/airflow/.local/lib/python3.6/site-packages/airflow/example_dags/example_xcom.py
[2021-04-18 14:10:33,965] {scheduler_job.py:639} INFO - DAG(s) dict_keys(['example_xcom']) retrieved from /home/airflow/.local/lib/python3.6/site-packages/airflow/example_dags/example_xcom.py
[2021-04-18 14:10:34,006] {logging_mixin.py:104} INFO - [2021-04-18 14:10:34,006] {dag.py:1818} INFO - Sync 1 DAGs
[2021-04-18 14:10:34,022] {logging_mixin.py:104} INFO - [2021-04-18 14:10:34,022] {dag.py:2273} INFO - Setting next_dagrun for example_xcom to 2021-04-16 00:00:00+00:00
[2021-04-18 14:10:34,031] {scheduler_job.py:190} INFO - Processing /home/airflow/.local/lib/python3.6/site-packages/airflow/example_dags/example_xcom.py took 0.103 seconds
[2021-04-18 14:11:04,267] {scheduler_job.py:182} INFO - Started process (PID=757) to work on /home/airflow/.local/lib/python3.6/site-packages/airflow/example_dags/example_xcom.py
[2021-04-18 14:11:04,273] {scheduler_job.py:629} INFO - Processing file /home/airflow/.local/lib/python3.6/site-packages/airflow/example_dags/example_xcom.py for tasks to queue
[2021-04-18 14:11:04,276] {logging_mixin.py:104} INFO - [2021-04-18 14:11:04,275] {dagbag.py:448} INFO - Filling up the DagBag from /home/airflow/.local/lib/python3.6/site-packages/airflow/example_dags/example_xcom.py
[2021-04-18 14:11:04,304] {scheduler_job.py:639} INFO - DAG(s) dict_keys(['example_xcom']) retrieved from /home/airflow/.local/lib/python3.6/site-packages/airflow/example_dags/example_xcom.py
[2021-04-18 14:11:04,344] {logging_mixin.py:104} INFO - [2021-04-18 14:11:04,344] {dag.py:1818} INFO - Sync 1 DAGs
[2021-04-18 14:11:04,388] {logging_mixin.py:104} INFO - [2021-04-18 14:11:04,387] {dag.py:2273} INFO - Setting next_dagrun for example_xcom to 2021-04-16 00:00:00+00:00
[2021-04-18 14:11:04,406] {scheduler_job.py:190} INFO - Processing /home/airflow/.local/lib/python3.6/site-packages/airflow/example_dags/example_xcom.py took 0.143 seconds
[2021-04-18 14:11:35,283] {scheduler_job.py:182} INFO - Started process (PID=785) to work on /home/airflow/.local/lib/python3.6/site-packages/airflow/example_dags/example_xcom.py
[2021-04-18 14:11:35,285] {scheduler_job.py:629} INFO - Processing file /home/airflow/.local/lib/python3.6/site-packages/airflow/example_dags/example_xcom.py for tasks to queue
[2021-04-18 14:11:35,288] {logging_mixin.py:104} INFO - [2021-04-18 14:11:35,287] {dagbag.py:448} INFO - Filling up the DagBag from /home/airflow/.local/lib/python3.6/site-packages/airflow/example_dags/example_xcom.py
[2021-04-18 14:11:35,312] {scheduler_job.py:639} INFO - DAG(s) dict_keys(['example_xcom']) retrieved from /home/airflow/.local/lib/python3.6/site-packages/airflow/example_dags/example_xcom.py
[2021-04-18 14:11:35,344] {logging_mixin.py:104} INFO - [2021-04-18 14:11:35,344] {dag.py:1818} INFO - Sync 1 DAGs
[2021-04-18 14:11:35,380] {logging_mixin.py:104} INFO - [2021-04-18 14:11:35,380] {dag.py:2273} INFO - Setting next_dagrun for example_xcom to 2021-04-16 00:00:00+00:00
[2021-04-18 14:11:35,408] {scheduler_job.py:190} INFO - Processing /home/airflow/.local/lib/python3.6/site-packages/airflow/example_dags/example_xcom.py took 0.133 seconds
[2021-04-18 14:12:34,452] {scheduler_job.py:182} INFO - Started process (PID=28) to work on /home/airflow/.local/lib/python3.6/site-packages/airflow/example_dags/example_xcom.py
[2021-04-18 14:12:34,480] {scheduler_job.py:629} INFO - Processing file /home/airflow/.local/lib/python3.6/site-packages/airflow/example_dags/example_xcom.py for tasks to queue
[2021-04-18 14:12:34,485] {logging_mixin.py:104} INFO - [2021-04-18 14:12:34,485] {dagbag.py:448} INFO - Filling up the DagBag from /home/airflow/.local/lib/python3.6/site-packages/airflow/example_dags/example_xcom.py
[2021-04-18 14:12:34,639] {scheduler_job.py:639} INFO - DAG(s) dict_keys(['example_xcom']) retrieved from /home/airflow/.local/lib/python3.6/site-packages/airflow/example_dags/example_xcom.py
[2021-04-18 14:12:34,739] {logging_mixin.py:104} INFO - [2021-04-18 14:12:34,739] {dag.py:1818} INFO - Sync 1 DAGs
[2021-04-18 14:12:34,816] {logging_mixin.py:104} INFO - [2021-04-18 14:12:34,816] {dag.py:2273} INFO - Setting next_dagrun for example_xcom to 2021-04-16 00:00:00+00:00
[2021-04-18 14:12:34,922] {scheduler_job.py:190} INFO - Processing /home/airflow/.local/lib/python3.6/site-packages/airflow/example_dags/example_xcom.py took 0.507 seconds
[2021-04-18 14:13:05,166] {scheduler_job.py:182} INFO - Started process (PID=55) to work on /home/airflow/.local/lib/python3.6/site-packages/airflow/example_dags/example_xcom.py
[2021-04-18 14:13:05,169] {scheduler_job.py:629} INFO - Processing file /home/airflow/.local/lib/python3.6/site-packages/airflow/example_dags/example_xcom.py for tasks to queue
[2021-04-18 14:13:05,173] {logging_mixin.py:104} INFO - [2021-04-18 14:13:05,172] {dagbag.py:448} INFO - Filling up the DagBag from /home/airflow/.local/lib/python3.6/site-packages/airflow/example_dags/example_xcom.py
[2021-04-18 14:13:05,206] {scheduler_job.py:639} INFO - DAG(s) dict_keys(['example_xcom']) retrieved from /home/airflow/.local/lib/python3.6/site-packages/airflow/example_dags/example_xcom.py
[2021-04-18 14:13:05,281] {logging_mixin.py:104} INFO - [2021-04-18 14:13:05,281] {dag.py:1818} INFO - Sync 1 DAGs
[2021-04-18 14:13:05,323] {logging_mixin.py:104} INFO - [2021-04-18 14:13:05,323] {dag.py:2273} INFO - Setting next_dagrun for example_xcom to 2021-04-16 00:00:00+00:00
[2021-04-18 14:13:05,376] {scheduler_job.py:190} INFO - Processing /home/airflow/.local/lib/python3.6/site-packages/airflow/example_dags/example_xcom.py took 0.219 seconds
[2021-04-18 14:13:36,026] {scheduler_job.py:182} INFO - Started process (PID=84) to work on /home/airflow/.local/lib/python3.6/site-packages/airflow/example_dags/example_xcom.py
[2021-04-18 14:13:36,030] {scheduler_job.py:629} INFO - Processing file /home/airflow/.local/lib/python3.6/site-packages/airflow/example_dags/example_xcom.py for tasks to queue
[2021-04-18 14:13:36,032] {logging_mixin.py:104} INFO - [2021-04-18 14:13:36,032] {dagbag.py:448} INFO - Filling up the DagBag from /home/airflow/.local/lib/python3.6/site-packages/airflow/example_dags/example_xcom.py
[2021-04-18 14:13:36,057] {scheduler_job.py:639} INFO - DAG(s) dict_keys(['example_xcom']) retrieved from /home/airflow/.local/lib/python3.6/site-packages/airflow/example_dags/example_xcom.py
[2021-04-18 14:13:36,091] {logging_mixin.py:104} INFO - [2021-04-18 14:13:36,091] {dag.py:1818} INFO - Sync 1 DAGs
[2021-04-18 14:13:36,115] {logging_mixin.py:104} INFO - [2021-04-18 14:13:36,115] {dag.py:2273} INFO - Setting next_dagrun for example_xcom to 2021-04-16 00:00:00+00:00
[2021-04-18 14:13:36,130] {scheduler_job.py:190} INFO - Processing /home/airflow/.local/lib/python3.6/site-packages/airflow/example_dags/example_xcom.py took 0.109 seconds
[2021-04-18 14:14:06,836] {scheduler_job.py:182} INFO - Started process (PID=121) to work on /home/airflow/.local/lib/python3.6/site-packages/airflow/example_dags/example_xcom.py
[2021-04-18 14:14:06,838] {scheduler_job.py:629} INFO - Processing file /home/airflow/.local/lib/python3.6/site-packages/airflow/example_dags/example_xcom.py for tasks to queue
[2021-04-18 14:14:06,840] {logging_mixin.py:104} INFO - [2021-04-18 14:14:06,840] {dagbag.py:448} INFO - Filling up the DagBag from /home/airflow/.local/lib/python3.6/site-packages/airflow/example_dags/example_xcom.py
[2021-04-18 14:14:06,858] {scheduler_job.py:639} INFO - DAG(s) dict_keys(['example_xcom']) retrieved from /home/airflow/.local/lib/python3.6/site-packages/airflow/example_dags/example_xcom.py
[2021-04-18 14:14:06,883] {logging_mixin.py:104} INFO - [2021-04-18 14:14:06,883] {dag.py:1818} INFO - Sync 1 DAGs
[2021-04-18 14:14:06,901] {logging_mixin.py:104} INFO - [2021-04-18 14:14:06,900] {dag.py:2273} INFO - Setting next_dagrun for example_xcom to 2021-04-16 00:00:00+00:00
[2021-04-18 14:14:06,879] {scheduler_job.py:190} INFO - Processing /home/airflow/.local/lib/python3.6/site-packages/airflow/example_dags/example_xcom.py took 0.087 seconds
