[2021-04-18 13:57:21,721] {scheduler_job.py:182} INFO - Started process (PID=31) to work on /home/airflow/.local/lib/python3.6/site-packages/airflow/example_dags/example_trigger_target_dag.py
[2021-04-18 13:57:21,726] {scheduler_job.py:629} INFO - Processing file /home/airflow/.local/lib/python3.6/site-packages/airflow/example_dags/example_trigger_target_dag.py for tasks to queue
[2021-04-18 13:57:21,732] {logging_mixin.py:104} INFO - [2021-04-18 13:57:21,732] {dagbag.py:448} INFO - Filling up the DagBag from /home/airflow/.local/lib/python3.6/site-packages/airflow/example_dags/example_trigger_target_dag.py
[2021-04-18 13:57:21,790] {scheduler_job.py:639} INFO - DAG(s) dict_keys(['example_trigger_target_dag']) retrieved from /home/airflow/.local/lib/python3.6/site-packages/airflow/example_dags/example_trigger_target_dag.py
[2021-04-18 13:57:21,878] {logging_mixin.py:104} INFO - [2021-04-18 13:57:21,878] {dag.py:1818} INFO - Sync 1 DAGs
[2021-04-18 13:57:21,929] {logging_mixin.py:104} INFO - [2021-04-18 13:57:21,928] {dag.py:1837} INFO - Creating ORM DAG for example_trigger_target_dag
[2021-04-18 13:57:21,985] {logging_mixin.py:104} INFO - [2021-04-18 13:57:21,977] {dag.py:2273} INFO - Setting next_dagrun for example_trigger_target_dag to None
[2021-04-18 13:57:22,059] {scheduler_job.py:190} INFO - Processing /home/airflow/.local/lib/python3.6/site-packages/airflow/example_dags/example_trigger_target_dag.py took 0.343 seconds
[2021-04-18 13:57:53,079] {scheduler_job.py:182} INFO - Started process (PID=58) to work on /home/airflow/.local/lib/python3.6/site-packages/airflow/example_dags/example_trigger_target_dag.py
[2021-04-18 13:57:53,083] {scheduler_job.py:629} INFO - Processing file /home/airflow/.local/lib/python3.6/site-packages/airflow/example_dags/example_trigger_target_dag.py for tasks to queue
[2021-04-18 13:57:53,086] {logging_mixin.py:104} INFO - [2021-04-18 13:57:53,086] {dagbag.py:448} INFO - Filling up the DagBag from /home/airflow/.local/lib/python3.6/site-packages/airflow/example_dags/example_trigger_target_dag.py
[2021-04-18 13:57:53,134] {scheduler_job.py:639} INFO - DAG(s) dict_keys(['example_trigger_target_dag']) retrieved from /home/airflow/.local/lib/python3.6/site-packages/airflow/example_dags/example_trigger_target_dag.py
[2021-04-18 13:57:53,269] {logging_mixin.py:104} INFO - [2021-04-18 13:57:53,268] {dag.py:1818} INFO - Sync 1 DAGs
[2021-04-18 13:57:53,352] {logging_mixin.py:104} INFO - [2021-04-18 13:57:53,352] {dag.py:2273} INFO - Setting next_dagrun for example_trigger_target_dag to None
[2021-04-18 13:57:53,389] {scheduler_job.py:190} INFO - Processing /home/airflow/.local/lib/python3.6/site-packages/airflow/example_dags/example_trigger_target_dag.py took 0.318 seconds
[2021-04-18 13:58:47,610] {scheduler_job.py:182} INFO - Started process (PID=94) to work on /home/airflow/.local/lib/python3.6/site-packages/airflow/example_dags/example_trigger_target_dag.py
[2021-04-18 13:58:47,622] {scheduler_job.py:629} INFO - Processing file /home/airflow/.local/lib/python3.6/site-packages/airflow/example_dags/example_trigger_target_dag.py for tasks to queue
[2021-04-18 13:58:47,633] {logging_mixin.py:104} INFO - [2021-04-18 13:58:47,633] {dagbag.py:448} INFO - Filling up the DagBag from /home/airflow/.local/lib/python3.6/site-packages/airflow/example_dags/example_trigger_target_dag.py
[2021-04-18 13:58:47,710] {scheduler_job.py:639} INFO - DAG(s) dict_keys(['example_trigger_target_dag']) retrieved from /home/airflow/.local/lib/python3.6/site-packages/airflow/example_dags/example_trigger_target_dag.py
[2021-04-18 13:58:47,897] {logging_mixin.py:104} INFO - [2021-04-18 13:58:47,897] {dag.py:1818} INFO - Sync 1 DAGs
[2021-04-18 13:58:47,990] {logging_mixin.py:104} INFO - [2021-04-18 13:58:47,989] {dag.py:2273} INFO - Setting next_dagrun for example_trigger_target_dag to None
[2021-04-18 13:58:48,124] {scheduler_job.py:190} INFO - Processing /home/airflow/.local/lib/python3.6/site-packages/airflow/example_dags/example_trigger_target_dag.py took 0.519 seconds
[2021-04-18 13:59:18,423] {scheduler_job.py:182} INFO - Started process (PID=122) to work on /home/airflow/.local/lib/python3.6/site-packages/airflow/example_dags/example_trigger_target_dag.py
[2021-04-18 13:59:18,428] {scheduler_job.py:629} INFO - Processing file /home/airflow/.local/lib/python3.6/site-packages/airflow/example_dags/example_trigger_target_dag.py for tasks to queue
[2021-04-18 13:59:18,431] {logging_mixin.py:104} INFO - [2021-04-18 13:59:18,431] {dagbag.py:448} INFO - Filling up the DagBag from /home/airflow/.local/lib/python3.6/site-packages/airflow/example_dags/example_trigger_target_dag.py
[2021-04-18 13:59:18,470] {scheduler_job.py:639} INFO - DAG(s) dict_keys(['example_trigger_target_dag']) retrieved from /home/airflow/.local/lib/python3.6/site-packages/airflow/example_dags/example_trigger_target_dag.py
[2021-04-18 13:59:18,533] {logging_mixin.py:104} INFO - [2021-04-18 13:59:18,533] {dag.py:1818} INFO - Sync 1 DAGs
[2021-04-18 13:59:18,579] {logging_mixin.py:104} INFO - [2021-04-18 13:59:18,578] {dag.py:2273} INFO - Setting next_dagrun for example_trigger_target_dag to None
[2021-04-18 13:59:18,601] {scheduler_job.py:190} INFO - Processing /home/airflow/.local/lib/python3.6/site-packages/airflow/example_dags/example_trigger_target_dag.py took 0.188 seconds
[2021-04-18 13:59:49,594] {scheduler_job.py:182} INFO - Started process (PID=150) to work on /home/airflow/.local/lib/python3.6/site-packages/airflow/example_dags/example_trigger_target_dag.py
[2021-04-18 13:59:49,597] {scheduler_job.py:629} INFO - Processing file /home/airflow/.local/lib/python3.6/site-packages/airflow/example_dags/example_trigger_target_dag.py for tasks to queue
[2021-04-18 13:59:49,599] {logging_mixin.py:104} INFO - [2021-04-18 13:59:49,599] {dagbag.py:448} INFO - Filling up the DagBag from /home/airflow/.local/lib/python3.6/site-packages/airflow/example_dags/example_trigger_target_dag.py
[2021-04-18 13:59:49,615] {scheduler_job.py:639} INFO - DAG(s) dict_keys(['example_trigger_target_dag']) retrieved from /home/airflow/.local/lib/python3.6/site-packages/airflow/example_dags/example_trigger_target_dag.py
[2021-04-18 13:59:49,653] {logging_mixin.py:104} INFO - [2021-04-18 13:59:49,652] {dag.py:1818} INFO - Sync 1 DAGs
[2021-04-18 13:59:49,671] {logging_mixin.py:104} INFO - [2021-04-18 13:59:49,671] {dag.py:2273} INFO - Setting next_dagrun for example_trigger_target_dag to None
[2021-04-18 13:59:49,682] {scheduler_job.py:190} INFO - Processing /home/airflow/.local/lib/python3.6/site-packages/airflow/example_dags/example_trigger_target_dag.py took 0.092 seconds
[2021-04-18 14:00:20,279] {scheduler_job.py:182} INFO - Started process (PID=178) to work on /home/airflow/.local/lib/python3.6/site-packages/airflow/example_dags/example_trigger_target_dag.py
[2021-04-18 14:00:20,288] {scheduler_job.py:629} INFO - Processing file /home/airflow/.local/lib/python3.6/site-packages/airflow/example_dags/example_trigger_target_dag.py for tasks to queue
[2021-04-18 14:00:20,301] {logging_mixin.py:104} INFO - [2021-04-18 14:00:20,300] {dagbag.py:448} INFO - Filling up the DagBag from /home/airflow/.local/lib/python3.6/site-packages/airflow/example_dags/example_trigger_target_dag.py
[2021-04-18 14:00:20,329] {scheduler_job.py:639} INFO - DAG(s) dict_keys(['example_trigger_target_dag']) retrieved from /home/airflow/.local/lib/python3.6/site-packages/airflow/example_dags/example_trigger_target_dag.py
[2021-04-18 14:00:20,382] {logging_mixin.py:104} INFO - [2021-04-18 14:00:20,382] {dag.py:1818} INFO - Sync 1 DAGs
[2021-04-18 14:00:20,407] {logging_mixin.py:104} INFO - [2021-04-18 14:00:20,407] {dag.py:2273} INFO - Setting next_dagrun for example_trigger_target_dag to None
[2021-04-18 14:00:20,422] {scheduler_job.py:190} INFO - Processing /home/airflow/.local/lib/python3.6/site-packages/airflow/example_dags/example_trigger_target_dag.py took 0.152 seconds
[2021-04-18 14:00:50,771] {scheduler_job.py:182} INFO - Started process (PID=206) to work on /home/airflow/.local/lib/python3.6/site-packages/airflow/example_dags/example_trigger_target_dag.py
[2021-04-18 14:00:50,775] {scheduler_job.py:629} INFO - Processing file /home/airflow/.local/lib/python3.6/site-packages/airflow/example_dags/example_trigger_target_dag.py for tasks to queue
[2021-04-18 14:00:50,777] {logging_mixin.py:104} INFO - [2021-04-18 14:00:50,777] {dagbag.py:448} INFO - Filling up the DagBag from /home/airflow/.local/lib/python3.6/site-packages/airflow/example_dags/example_trigger_target_dag.py
[2021-04-18 14:00:50,792] {scheduler_job.py:639} INFO - DAG(s) dict_keys(['example_trigger_target_dag']) retrieved from /home/airflow/.local/lib/python3.6/site-packages/airflow/example_dags/example_trigger_target_dag.py
[2021-04-18 14:00:50,820] {logging_mixin.py:104} INFO - [2021-04-18 14:00:50,820] {dag.py:1818} INFO - Sync 1 DAGs
[2021-04-18 14:00:50,880] {logging_mixin.py:104} INFO - [2021-04-18 14:00:50,880] {dag.py:2273} INFO - Setting next_dagrun for example_trigger_target_dag to None
[2021-04-18 14:00:50,894] {scheduler_job.py:190} INFO - Processing /home/airflow/.local/lib/python3.6/site-packages/airflow/example_dags/example_trigger_target_dag.py took 0.127 seconds
[2021-04-18 14:01:21,391] {scheduler_job.py:182} INFO - Started process (PID=234) to work on /home/airflow/.local/lib/python3.6/site-packages/airflow/example_dags/example_trigger_target_dag.py
[2021-04-18 14:01:21,395] {scheduler_job.py:629} INFO - Processing file /home/airflow/.local/lib/python3.6/site-packages/airflow/example_dags/example_trigger_target_dag.py for tasks to queue
[2021-04-18 14:01:21,399] {logging_mixin.py:104} INFO - [2021-04-18 14:01:21,398] {dagbag.py:448} INFO - Filling up the DagBag from /home/airflow/.local/lib/python3.6/site-packages/airflow/example_dags/example_trigger_target_dag.py
[2021-04-18 14:01:21,421] {scheduler_job.py:639} INFO - DAG(s) dict_keys(['example_trigger_target_dag']) retrieved from /home/airflow/.local/lib/python3.6/site-packages/airflow/example_dags/example_trigger_target_dag.py
[2021-04-18 14:01:21,477] {logging_mixin.py:104} INFO - [2021-04-18 14:01:21,476] {dag.py:1818} INFO - Sync 1 DAGs
[2021-04-18 14:01:21,511] {logging_mixin.py:104} INFO - [2021-04-18 14:01:21,511] {dag.py:2273} INFO - Setting next_dagrun for example_trigger_target_dag to None
[2021-04-18 14:01:21,544] {scheduler_job.py:190} INFO - Processing /home/airflow/.local/lib/python3.6/site-packages/airflow/example_dags/example_trigger_target_dag.py took 0.160 seconds
[2021-04-18 14:01:51,893] {scheduler_job.py:182} INFO - Started process (PID=262) to work on /home/airflow/.local/lib/python3.6/site-packages/airflow/example_dags/example_trigger_target_dag.py
[2021-04-18 14:01:51,898] {scheduler_job.py:629} INFO - Processing file /home/airflow/.local/lib/python3.6/site-packages/airflow/example_dags/example_trigger_target_dag.py for tasks to queue
[2021-04-18 14:01:51,901] {logging_mixin.py:104} INFO - [2021-04-18 14:01:51,900] {dagbag.py:448} INFO - Filling up the DagBag from /home/airflow/.local/lib/python3.6/site-packages/airflow/example_dags/example_trigger_target_dag.py
[2021-04-18 14:01:51,926] {scheduler_job.py:639} INFO - DAG(s) dict_keys(['example_trigger_target_dag']) retrieved from /home/airflow/.local/lib/python3.6/site-packages/airflow/example_dags/example_trigger_target_dag.py
[2021-04-18 14:01:51,961] {logging_mixin.py:104} INFO - [2021-04-18 14:01:51,961] {dag.py:1818} INFO - Sync 1 DAGs
[2021-04-18 14:01:51,989] {logging_mixin.py:104} INFO - [2021-04-18 14:01:51,988] {dag.py:2273} INFO - Setting next_dagrun for example_trigger_target_dag to None
[2021-04-18 14:01:52,000] {scheduler_job.py:190} INFO - Processing /home/airflow/.local/lib/python3.6/site-packages/airflow/example_dags/example_trigger_target_dag.py took 0.117 seconds
[2021-04-18 14:02:22,408] {scheduler_job.py:182} INFO - Started process (PID=290) to work on /home/airflow/.local/lib/python3.6/site-packages/airflow/example_dags/example_trigger_target_dag.py
[2021-04-18 14:02:22,410] {scheduler_job.py:629} INFO - Processing file /home/airflow/.local/lib/python3.6/site-packages/airflow/example_dags/example_trigger_target_dag.py for tasks to queue
[2021-04-18 14:02:22,412] {logging_mixin.py:104} INFO - [2021-04-18 14:02:22,411] {dagbag.py:448} INFO - Filling up the DagBag from /home/airflow/.local/lib/python3.6/site-packages/airflow/example_dags/example_trigger_target_dag.py
[2021-04-18 14:02:22,427] {scheduler_job.py:639} INFO - DAG(s) dict_keys(['example_trigger_target_dag']) retrieved from /home/airflow/.local/lib/python3.6/site-packages/airflow/example_dags/example_trigger_target_dag.py
[2021-04-18 14:02:22,455] {logging_mixin.py:104} INFO - [2021-04-18 14:02:22,454] {dag.py:1818} INFO - Sync 1 DAGs
[2021-04-18 14:02:22,472] {logging_mixin.py:104} INFO - [2021-04-18 14:02:22,472] {dag.py:2273} INFO - Setting next_dagrun for example_trigger_target_dag to None
[2021-04-18 14:02:22,486] {scheduler_job.py:190} INFO - Processing /home/airflow/.local/lib/python3.6/site-packages/airflow/example_dags/example_trigger_target_dag.py took 0.084 seconds
[2021-04-18 14:02:52,894] {scheduler_job.py:182} INFO - Started process (PID=318) to work on /home/airflow/.local/lib/python3.6/site-packages/airflow/example_dags/example_trigger_target_dag.py
[2021-04-18 14:02:52,898] {scheduler_job.py:629} INFO - Processing file /home/airflow/.local/lib/python3.6/site-packages/airflow/example_dags/example_trigger_target_dag.py for tasks to queue
[2021-04-18 14:02:52,901] {logging_mixin.py:104} INFO - [2021-04-18 14:02:52,901] {dagbag.py:448} INFO - Filling up the DagBag from /home/airflow/.local/lib/python3.6/site-packages/airflow/example_dags/example_trigger_target_dag.py
[2021-04-18 14:02:52,918] {scheduler_job.py:639} INFO - DAG(s) dict_keys(['example_trigger_target_dag']) retrieved from /home/airflow/.local/lib/python3.6/site-packages/airflow/example_dags/example_trigger_target_dag.py
[2021-04-18 14:02:52,952] {logging_mixin.py:104} INFO - [2021-04-18 14:02:52,952] {dag.py:1818} INFO - Sync 1 DAGs
[2021-04-18 14:02:52,972] {logging_mixin.py:104} INFO - [2021-04-18 14:02:52,972] {dag.py:2273} INFO - Setting next_dagrun for example_trigger_target_dag to None
[2021-04-18 14:02:52,984] {scheduler_job.py:190} INFO - Processing /home/airflow/.local/lib/python3.6/site-packages/airflow/example_dags/example_trigger_target_dag.py took 0.094 seconds
[2021-04-18 14:03:23,201] {scheduler_job.py:182} INFO - Started process (PID=346) to work on /home/airflow/.local/lib/python3.6/site-packages/airflow/example_dags/example_trigger_target_dag.py
[2021-04-18 14:03:23,207] {scheduler_job.py:629} INFO - Processing file /home/airflow/.local/lib/python3.6/site-packages/airflow/example_dags/example_trigger_target_dag.py for tasks to queue
[2021-04-18 14:03:23,210] {logging_mixin.py:104} INFO - [2021-04-18 14:03:23,209] {dagbag.py:448} INFO - Filling up the DagBag from /home/airflow/.local/lib/python3.6/site-packages/airflow/example_dags/example_trigger_target_dag.py
[2021-04-18 14:03:23,234] {scheduler_job.py:639} INFO - DAG(s) dict_keys(['example_trigger_target_dag']) retrieved from /home/airflow/.local/lib/python3.6/site-packages/airflow/example_dags/example_trigger_target_dag.py
[2021-04-18 14:03:23,267] {logging_mixin.py:104} INFO - [2021-04-18 14:03:23,267] {dag.py:1818} INFO - Sync 1 DAGs
[2021-04-18 14:03:23,295] {logging_mixin.py:104} INFO - [2021-04-18 14:03:23,295] {dag.py:2273} INFO - Setting next_dagrun for example_trigger_target_dag to None
[2021-04-18 14:03:23,310] {scheduler_job.py:190} INFO - Processing /home/airflow/.local/lib/python3.6/site-packages/airflow/example_dags/example_trigger_target_dag.py took 0.115 seconds
[2021-04-18 14:03:53,402] {scheduler_job.py:182} INFO - Started process (PID=374) to work on /home/airflow/.local/lib/python3.6/site-packages/airflow/example_dags/example_trigger_target_dag.py
[2021-04-18 14:03:53,406] {scheduler_job.py:629} INFO - Processing file /home/airflow/.local/lib/python3.6/site-packages/airflow/example_dags/example_trigger_target_dag.py for tasks to queue
[2021-04-18 14:03:53,408] {logging_mixin.py:104} INFO - [2021-04-18 14:03:53,408] {dagbag.py:448} INFO - Filling up the DagBag from /home/airflow/.local/lib/python3.6/site-packages/airflow/example_dags/example_trigger_target_dag.py
[2021-04-18 14:03:53,426] {scheduler_job.py:639} INFO - DAG(s) dict_keys(['example_trigger_target_dag']) retrieved from /home/airflow/.local/lib/python3.6/site-packages/airflow/example_dags/example_trigger_target_dag.py
[2021-04-18 14:03:53,466] {logging_mixin.py:104} INFO - [2021-04-18 14:03:53,465] {dag.py:1818} INFO - Sync 1 DAGs
[2021-04-18 14:03:53,500] {logging_mixin.py:104} INFO - [2021-04-18 14:03:53,500] {dag.py:2273} INFO - Setting next_dagrun for example_trigger_target_dag to None
[2021-04-18 14:03:53,516] {scheduler_job.py:190} INFO - Processing /home/airflow/.local/lib/python3.6/site-packages/airflow/example_dags/example_trigger_target_dag.py took 0.125 seconds
[2021-04-18 14:04:24,141] {scheduler_job.py:182} INFO - Started process (PID=402) to work on /home/airflow/.local/lib/python3.6/site-packages/airflow/example_dags/example_trigger_target_dag.py
[2021-04-18 14:04:24,145] {scheduler_job.py:629} INFO - Processing file /home/airflow/.local/lib/python3.6/site-packages/airflow/example_dags/example_trigger_target_dag.py for tasks to queue
[2021-04-18 14:04:24,147] {logging_mixin.py:104} INFO - [2021-04-18 14:04:24,146] {dagbag.py:448} INFO - Filling up the DagBag from /home/airflow/.local/lib/python3.6/site-packages/airflow/example_dags/example_trigger_target_dag.py
[2021-04-18 14:04:24,164] {scheduler_job.py:639} INFO - DAG(s) dict_keys(['example_trigger_target_dag']) retrieved from /home/airflow/.local/lib/python3.6/site-packages/airflow/example_dags/example_trigger_target_dag.py
[2021-04-18 14:04:24,194] {logging_mixin.py:104} INFO - [2021-04-18 14:04:24,194] {dag.py:1818} INFO - Sync 1 DAGs
[2021-04-18 14:04:24,225] {logging_mixin.py:104} INFO - [2021-04-18 14:04:24,224] {dag.py:2273} INFO - Setting next_dagrun for example_trigger_target_dag to None
[2021-04-18 14:04:24,238] {scheduler_job.py:190} INFO - Processing /home/airflow/.local/lib/python3.6/site-packages/airflow/example_dags/example_trigger_target_dag.py took 0.100 seconds
[2021-04-18 14:04:54,371] {scheduler_job.py:182} INFO - Started process (PID=430) to work on /home/airflow/.local/lib/python3.6/site-packages/airflow/example_dags/example_trigger_target_dag.py
[2021-04-18 14:04:54,373] {scheduler_job.py:629} INFO - Processing file /home/airflow/.local/lib/python3.6/site-packages/airflow/example_dags/example_trigger_target_dag.py for tasks to queue
[2021-04-18 14:04:54,375] {logging_mixin.py:104} INFO - [2021-04-18 14:04:54,375] {dagbag.py:448} INFO - Filling up the DagBag from /home/airflow/.local/lib/python3.6/site-packages/airflow/example_dags/example_trigger_target_dag.py
[2021-04-18 14:04:54,391] {scheduler_job.py:639} INFO - DAG(s) dict_keys(['example_trigger_target_dag']) retrieved from /home/airflow/.local/lib/python3.6/site-packages/airflow/example_dags/example_trigger_target_dag.py
[2021-04-18 14:04:54,422] {logging_mixin.py:104} INFO - [2021-04-18 14:04:54,422] {dag.py:1818} INFO - Sync 1 DAGs
[2021-04-18 14:04:54,463] {logging_mixin.py:104} INFO - [2021-04-18 14:04:54,462] {dag.py:2273} INFO - Setting next_dagrun for example_trigger_target_dag to None
[2021-04-18 14:04:54,473] {scheduler_job.py:190} INFO - Processing /home/airflow/.local/lib/python3.6/site-packages/airflow/example_dags/example_trigger_target_dag.py took 0.105 seconds
[2021-04-18 14:05:24,777] {scheduler_job.py:182} INFO - Started process (PID=458) to work on /home/airflow/.local/lib/python3.6/site-packages/airflow/example_dags/example_trigger_target_dag.py
[2021-04-18 14:05:24,788] {scheduler_job.py:629} INFO - Processing file /home/airflow/.local/lib/python3.6/site-packages/airflow/example_dags/example_trigger_target_dag.py for tasks to queue
[2021-04-18 14:05:24,796] {logging_mixin.py:104} INFO - [2021-04-18 14:05:24,796] {dagbag.py:448} INFO - Filling up the DagBag from /home/airflow/.local/lib/python3.6/site-packages/airflow/example_dags/example_trigger_target_dag.py
[2021-04-18 14:05:24,838] {scheduler_job.py:639} INFO - DAG(s) dict_keys(['example_trigger_target_dag']) retrieved from /home/airflow/.local/lib/python3.6/site-packages/airflow/example_dags/example_trigger_target_dag.py
[2021-04-18 14:05:24,998] {logging_mixin.py:104} INFO - [2021-04-18 14:05:24,998] {dag.py:1818} INFO - Sync 1 DAGs
[2021-04-18 14:05:25,055] {logging_mixin.py:104} INFO - [2021-04-18 14:05:25,055] {dag.py:2273} INFO - Setting next_dagrun for example_trigger_target_dag to None
[2021-04-18 14:05:25,077] {scheduler_job.py:190} INFO - Processing /home/airflow/.local/lib/python3.6/site-packages/airflow/example_dags/example_trigger_target_dag.py took 0.305 seconds
[2021-04-18 14:05:55,834] {scheduler_job.py:182} INFO - Started process (PID=486) to work on /home/airflow/.local/lib/python3.6/site-packages/airflow/example_dags/example_trigger_target_dag.py
[2021-04-18 14:05:55,839] {scheduler_job.py:629} INFO - Processing file /home/airflow/.local/lib/python3.6/site-packages/airflow/example_dags/example_trigger_target_dag.py for tasks to queue
[2021-04-18 14:05:55,841] {logging_mixin.py:104} INFO - [2021-04-18 14:05:55,841] {dagbag.py:448} INFO - Filling up the DagBag from /home/airflow/.local/lib/python3.6/site-packages/airflow/example_dags/example_trigger_target_dag.py
[2021-04-18 14:05:55,864] {scheduler_job.py:639} INFO - DAG(s) dict_keys(['example_trigger_target_dag']) retrieved from /home/airflow/.local/lib/python3.6/site-packages/airflow/example_dags/example_trigger_target_dag.py
[2021-04-18 14:05:55,898] {logging_mixin.py:104} INFO - [2021-04-18 14:05:55,897] {dag.py:1818} INFO - Sync 1 DAGs
[2021-04-18 14:05:55,931] {logging_mixin.py:104} INFO - [2021-04-18 14:05:55,931] {dag.py:2273} INFO - Setting next_dagrun for example_trigger_target_dag to None
[2021-04-18 14:05:55,944] {scheduler_job.py:190} INFO - Processing /home/airflow/.local/lib/python3.6/site-packages/airflow/example_dags/example_trigger_target_dag.py took 0.120 seconds
[2021-04-18 14:06:26,372] {scheduler_job.py:182} INFO - Started process (PID=514) to work on /home/airflow/.local/lib/python3.6/site-packages/airflow/example_dags/example_trigger_target_dag.py
[2021-04-18 14:06:26,376] {scheduler_job.py:629} INFO - Processing file /home/airflow/.local/lib/python3.6/site-packages/airflow/example_dags/example_trigger_target_dag.py for tasks to queue
[2021-04-18 14:06:26,380] {logging_mixin.py:104} INFO - [2021-04-18 14:06:26,380] {dagbag.py:448} INFO - Filling up the DagBag from /home/airflow/.local/lib/python3.6/site-packages/airflow/example_dags/example_trigger_target_dag.py
[2021-04-18 14:06:26,405] {scheduler_job.py:639} INFO - DAG(s) dict_keys(['example_trigger_target_dag']) retrieved from /home/airflow/.local/lib/python3.6/site-packages/airflow/example_dags/example_trigger_target_dag.py
[2021-04-18 14:06:26,444] {logging_mixin.py:104} INFO - [2021-04-18 14:06:26,444] {dag.py:1818} INFO - Sync 1 DAGs
[2021-04-18 14:06:26,477] {logging_mixin.py:104} INFO - [2021-04-18 14:06:26,477] {dag.py:2273} INFO - Setting next_dagrun for example_trigger_target_dag to None
[2021-04-18 14:06:26,492] {scheduler_job.py:190} INFO - Processing /home/airflow/.local/lib/python3.6/site-packages/airflow/example_dags/example_trigger_target_dag.py took 0.127 seconds
[2021-04-18 14:06:57,096] {scheduler_job.py:182} INFO - Started process (PID=542) to work on /home/airflow/.local/lib/python3.6/site-packages/airflow/example_dags/example_trigger_target_dag.py
[2021-04-18 14:06:57,098] {scheduler_job.py:629} INFO - Processing file /home/airflow/.local/lib/python3.6/site-packages/airflow/example_dags/example_trigger_target_dag.py for tasks to queue
[2021-04-18 14:06:57,100] {logging_mixin.py:104} INFO - [2021-04-18 14:06:57,100] {dagbag.py:448} INFO - Filling up the DagBag from /home/airflow/.local/lib/python3.6/site-packages/airflow/example_dags/example_trigger_target_dag.py
[2021-04-18 14:06:57,115] {scheduler_job.py:639} INFO - DAG(s) dict_keys(['example_trigger_target_dag']) retrieved from /home/airflow/.local/lib/python3.6/site-packages/airflow/example_dags/example_trigger_target_dag.py
[2021-04-18 14:06:57,150] {logging_mixin.py:104} INFO - [2021-04-18 14:06:57,150] {dag.py:1818} INFO - Sync 1 DAGs
[2021-04-18 14:06:57,171] {logging_mixin.py:104} INFO - [2021-04-18 14:06:57,170] {dag.py:2273} INFO - Setting next_dagrun for example_trigger_target_dag to None
[2021-04-18 14:06:57,180] {scheduler_job.py:190} INFO - Processing /home/airflow/.local/lib/python3.6/site-packages/airflow/example_dags/example_trigger_target_dag.py took 0.088 seconds
[2021-04-18 14:07:27,983] {scheduler_job.py:182} INFO - Started process (PID=570) to work on /home/airflow/.local/lib/python3.6/site-packages/airflow/example_dags/example_trigger_target_dag.py
[2021-04-18 14:07:27,987] {scheduler_job.py:629} INFO - Processing file /home/airflow/.local/lib/python3.6/site-packages/airflow/example_dags/example_trigger_target_dag.py for tasks to queue
[2021-04-18 14:07:27,991] {logging_mixin.py:104} INFO - [2021-04-18 14:07:27,990] {dagbag.py:448} INFO - Filling up the DagBag from /home/airflow/.local/lib/python3.6/site-packages/airflow/example_dags/example_trigger_target_dag.py
[2021-04-18 14:07:28,025] {scheduler_job.py:639} INFO - DAG(s) dict_keys(['example_trigger_target_dag']) retrieved from /home/airflow/.local/lib/python3.6/site-packages/airflow/example_dags/example_trigger_target_dag.py
[2021-04-18 14:07:28,062] {logging_mixin.py:104} INFO - [2021-04-18 14:07:28,062] {dag.py:1818} INFO - Sync 1 DAGs
[2021-04-18 14:07:28,085] {logging_mixin.py:104} INFO - [2021-04-18 14:07:28,085] {dag.py:2273} INFO - Setting next_dagrun for example_trigger_target_dag to None
[2021-04-18 14:07:28,098] {scheduler_job.py:190} INFO - Processing /home/airflow/.local/lib/python3.6/site-packages/airflow/example_dags/example_trigger_target_dag.py took 0.125 seconds
[2021-04-18 14:07:58,447] {scheduler_job.py:182} INFO - Started process (PID=598) to work on /home/airflow/.local/lib/python3.6/site-packages/airflow/example_dags/example_trigger_target_dag.py
[2021-04-18 14:07:58,452] {scheduler_job.py:629} INFO - Processing file /home/airflow/.local/lib/python3.6/site-packages/airflow/example_dags/example_trigger_target_dag.py for tasks to queue
[2021-04-18 14:07:58,455] {logging_mixin.py:104} INFO - [2021-04-18 14:07:58,454] {dagbag.py:448} INFO - Filling up the DagBag from /home/airflow/.local/lib/python3.6/site-packages/airflow/example_dags/example_trigger_target_dag.py
[2021-04-18 14:07:58,512] {scheduler_job.py:639} INFO - DAG(s) dict_keys(['example_trigger_target_dag']) retrieved from /home/airflow/.local/lib/python3.6/site-packages/airflow/example_dags/example_trigger_target_dag.py
[2021-04-18 14:07:58,584] {logging_mixin.py:104} INFO - [2021-04-18 14:07:58,584] {dag.py:1818} INFO - Sync 1 DAGs
[2021-04-18 14:07:58,623] {logging_mixin.py:104} INFO - [2021-04-18 14:07:58,623] {dag.py:2273} INFO - Setting next_dagrun for example_trigger_target_dag to None
[2021-04-18 14:07:58,662] {scheduler_job.py:190} INFO - Processing /home/airflow/.local/lib/python3.6/site-packages/airflow/example_dags/example_trigger_target_dag.py took 0.221 seconds
[2021-04-18 14:08:29,204] {scheduler_job.py:182} INFO - Started process (PID=626) to work on /home/airflow/.local/lib/python3.6/site-packages/airflow/example_dags/example_trigger_target_dag.py
[2021-04-18 14:08:29,207] {scheduler_job.py:629} INFO - Processing file /home/airflow/.local/lib/python3.6/site-packages/airflow/example_dags/example_trigger_target_dag.py for tasks to queue
[2021-04-18 14:08:29,209] {logging_mixin.py:104} INFO - [2021-04-18 14:08:29,209] {dagbag.py:448} INFO - Filling up the DagBag from /home/airflow/.local/lib/python3.6/site-packages/airflow/example_dags/example_trigger_target_dag.py
[2021-04-18 14:08:29,234] {scheduler_job.py:639} INFO - DAG(s) dict_keys(['example_trigger_target_dag']) retrieved from /home/airflow/.local/lib/python3.6/site-packages/airflow/example_dags/example_trigger_target_dag.py
[2021-04-18 14:08:29,277] {logging_mixin.py:104} INFO - [2021-04-18 14:08:29,277] {dag.py:1818} INFO - Sync 1 DAGs
[2021-04-18 14:08:29,301] {logging_mixin.py:104} INFO - [2021-04-18 14:08:29,301] {dag.py:2273} INFO - Setting next_dagrun for example_trigger_target_dag to None
[2021-04-18 14:08:29,313] {scheduler_job.py:190} INFO - Processing /home/airflow/.local/lib/python3.6/site-packages/airflow/example_dags/example_trigger_target_dag.py took 0.114 seconds
[2021-04-18 14:08:59,511] {scheduler_job.py:182} INFO - Started process (PID=654) to work on /home/airflow/.local/lib/python3.6/site-packages/airflow/example_dags/example_trigger_target_dag.py
[2021-04-18 14:08:59,515] {scheduler_job.py:629} INFO - Processing file /home/airflow/.local/lib/python3.6/site-packages/airflow/example_dags/example_trigger_target_dag.py for tasks to queue
[2021-04-18 14:08:59,518] {logging_mixin.py:104} INFO - [2021-04-18 14:08:59,518] {dagbag.py:448} INFO - Filling up the DagBag from /home/airflow/.local/lib/python3.6/site-packages/airflow/example_dags/example_trigger_target_dag.py
[2021-04-18 14:08:59,565] {scheduler_job.py:639} INFO - DAG(s) dict_keys(['example_trigger_target_dag']) retrieved from /home/airflow/.local/lib/python3.6/site-packages/airflow/example_dags/example_trigger_target_dag.py
[2021-04-18 14:08:59,605] {logging_mixin.py:104} INFO - [2021-04-18 14:08:59,605] {dag.py:1818} INFO - Sync 1 DAGs
[2021-04-18 14:08:59,637] {logging_mixin.py:104} INFO - [2021-04-18 14:08:59,637] {dag.py:2273} INFO - Setting next_dagrun for example_trigger_target_dag to None
[2021-04-18 14:08:59,655] {scheduler_job.py:190} INFO - Processing /home/airflow/.local/lib/python3.6/site-packages/airflow/example_dags/example_trigger_target_dag.py took 0.150 seconds
[2021-04-18 14:09:31,477] {scheduler_job.py:182} INFO - Started process (PID=683) to work on /home/airflow/.local/lib/python3.6/site-packages/airflow/example_dags/example_trigger_target_dag.py
[2021-04-18 14:09:31,487] {scheduler_job.py:629} INFO - Processing file /home/airflow/.local/lib/python3.6/site-packages/airflow/example_dags/example_trigger_target_dag.py for tasks to queue
[2021-04-18 14:09:31,491] {logging_mixin.py:104} INFO - [2021-04-18 14:09:31,491] {dagbag.py:448} INFO - Filling up the DagBag from /home/airflow/.local/lib/python3.6/site-packages/airflow/example_dags/example_trigger_target_dag.py
[2021-04-18 14:09:31,576] {scheduler_job.py:639} INFO - DAG(s) dict_keys(['example_trigger_target_dag']) retrieved from /home/airflow/.local/lib/python3.6/site-packages/airflow/example_dags/example_trigger_target_dag.py
[2021-04-18 14:09:31,719] {logging_mixin.py:104} INFO - [2021-04-18 14:09:31,719] {dag.py:1818} INFO - Sync 1 DAGs
[2021-04-18 14:09:31,747] {logging_mixin.py:104} INFO - [2021-04-18 14:09:31,746] {dag.py:2273} INFO - Setting next_dagrun for example_trigger_target_dag to None
[2021-04-18 14:09:31,766] {scheduler_job.py:190} INFO - Processing /home/airflow/.local/lib/python3.6/site-packages/airflow/example_dags/example_trigger_target_dag.py took 0.302 seconds
[2021-04-18 14:10:04,768] {scheduler_job.py:182} INFO - Started process (PID=713) to work on /home/airflow/.local/lib/python3.6/site-packages/airflow/example_dags/example_trigger_target_dag.py
[2021-04-18 14:10:04,773] {scheduler_job.py:629} INFO - Processing file /home/airflow/.local/lib/python3.6/site-packages/airflow/example_dags/example_trigger_target_dag.py for tasks to queue
[2021-04-18 14:10:04,776] {logging_mixin.py:104} INFO - [2021-04-18 14:10:04,776] {dagbag.py:448} INFO - Filling up the DagBag from /home/airflow/.local/lib/python3.6/site-packages/airflow/example_dags/example_trigger_target_dag.py
[2021-04-18 14:10:04,811] {scheduler_job.py:639} INFO - DAG(s) dict_keys(['example_trigger_target_dag']) retrieved from /home/airflow/.local/lib/python3.6/site-packages/airflow/example_dags/example_trigger_target_dag.py
[2021-04-18 14:10:04,842] {logging_mixin.py:104} INFO - [2021-04-18 14:10:04,842] {dag.py:1818} INFO - Sync 1 DAGs
[2021-04-18 14:10:04,873] {logging_mixin.py:104} INFO - [2021-04-18 14:10:04,873] {dag.py:2273} INFO - Setting next_dagrun for example_trigger_target_dag to None
[2021-04-18 14:10:04,891] {scheduler_job.py:190} INFO - Processing /home/airflow/.local/lib/python3.6/site-packages/airflow/example_dags/example_trigger_target_dag.py took 0.127 seconds
[2021-04-18 14:10:38,922] {scheduler_job.py:182} INFO - Started process (PID=741) to work on /home/airflow/.local/lib/python3.6/site-packages/airflow/example_dags/example_trigger_target_dag.py
[2021-04-18 14:10:38,926] {scheduler_job.py:629} INFO - Processing file /home/airflow/.local/lib/python3.6/site-packages/airflow/example_dags/example_trigger_target_dag.py for tasks to queue
[2021-04-18 14:10:38,931] {logging_mixin.py:104} INFO - [2021-04-18 14:10:38,930] {dagbag.py:448} INFO - Filling up the DagBag from /home/airflow/.local/lib/python3.6/site-packages/airflow/example_dags/example_trigger_target_dag.py
[2021-04-18 14:10:38,976] {scheduler_job.py:639} INFO - DAG(s) dict_keys(['example_trigger_target_dag']) retrieved from /home/airflow/.local/lib/python3.6/site-packages/airflow/example_dags/example_trigger_target_dag.py
[2021-04-18 14:10:39,040] {logging_mixin.py:104} INFO - [2021-04-18 14:10:39,040] {dag.py:1818} INFO - Sync 1 DAGs
[2021-04-18 14:10:39,075] {logging_mixin.py:104} INFO - [2021-04-18 14:10:39,074] {dag.py:2273} INFO - Setting next_dagrun for example_trigger_target_dag to None
[2021-04-18 14:10:39,094] {scheduler_job.py:190} INFO - Processing /home/airflow/.local/lib/python3.6/site-packages/airflow/example_dags/example_trigger_target_dag.py took 0.179 seconds
[2021-04-18 14:11:16,342] {scheduler_job.py:182} INFO - Started process (PID=773) to work on /home/airflow/.local/lib/python3.6/site-packages/airflow/example_dags/example_trigger_target_dag.py
[2021-04-18 14:11:16,345] {scheduler_job.py:629} INFO - Processing file /home/airflow/.local/lib/python3.6/site-packages/airflow/example_dags/example_trigger_target_dag.py for tasks to queue
[2021-04-18 14:11:16,347] {logging_mixin.py:104} INFO - [2021-04-18 14:11:16,346] {dagbag.py:448} INFO - Filling up the DagBag from /home/airflow/.local/lib/python3.6/site-packages/airflow/example_dags/example_trigger_target_dag.py
[2021-04-18 14:11:16,367] {scheduler_job.py:639} INFO - DAG(s) dict_keys(['example_trigger_target_dag']) retrieved from /home/airflow/.local/lib/python3.6/site-packages/airflow/example_dags/example_trigger_target_dag.py
[2021-04-18 14:11:16,404] {logging_mixin.py:104} INFO - [2021-04-18 14:11:16,404] {dag.py:1818} INFO - Sync 1 DAGs
[2021-04-18 14:11:16,443] {logging_mixin.py:104} INFO - [2021-04-18 14:11:16,443] {dag.py:2273} INFO - Setting next_dagrun for example_trigger_target_dag to None
[2021-04-18 14:11:16,461] {scheduler_job.py:190} INFO - Processing /home/airflow/.local/lib/python3.6/site-packages/airflow/example_dags/example_trigger_target_dag.py took 0.123 seconds
[2021-04-18 14:12:34,283] {scheduler_job.py:182} INFO - Started process (PID=27) to work on /home/airflow/.local/lib/python3.6/site-packages/airflow/example_dags/example_trigger_target_dag.py
[2021-04-18 14:12:34,292] {scheduler_job.py:629} INFO - Processing file /home/airflow/.local/lib/python3.6/site-packages/airflow/example_dags/example_trigger_target_dag.py for tasks to queue
[2021-04-18 14:12:34,300] {logging_mixin.py:104} INFO - [2021-04-18 14:12:34,300] {dagbag.py:448} INFO - Filling up the DagBag from /home/airflow/.local/lib/python3.6/site-packages/airflow/example_dags/example_trigger_target_dag.py
[2021-04-18 14:12:34,424] {scheduler_job.py:639} INFO - DAG(s) dict_keys(['example_trigger_target_dag']) retrieved from /home/airflow/.local/lib/python3.6/site-packages/airflow/example_dags/example_trigger_target_dag.py
[2021-04-18 14:12:34,620] {logging_mixin.py:104} INFO - [2021-04-18 14:12:34,619] {dag.py:1818} INFO - Sync 1 DAGs
[2021-04-18 14:12:34,714] {logging_mixin.py:104} INFO - [2021-04-18 14:12:34,714] {dag.py:2273} INFO - Setting next_dagrun for example_trigger_target_dag to None
[2021-04-18 14:12:34,755] {scheduler_job.py:190} INFO - Processing /home/airflow/.local/lib/python3.6/site-packages/airflow/example_dags/example_trigger_target_dag.py took 0.557 seconds
[2021-04-18 14:13:05,413] {scheduler_job.py:182} INFO - Started process (PID=56) to work on /home/airflow/.local/lib/python3.6/site-packages/airflow/example_dags/example_trigger_target_dag.py
[2021-04-18 14:13:05,416] {scheduler_job.py:629} INFO - Processing file /home/airflow/.local/lib/python3.6/site-packages/airflow/example_dags/example_trigger_target_dag.py for tasks to queue
[2021-04-18 14:13:05,419] {logging_mixin.py:104} INFO - [2021-04-18 14:13:05,419] {dagbag.py:448} INFO - Filling up the DagBag from /home/airflow/.local/lib/python3.6/site-packages/airflow/example_dags/example_trigger_target_dag.py
[2021-04-18 14:13:05,463] {scheduler_job.py:639} INFO - DAG(s) dict_keys(['example_trigger_target_dag']) retrieved from /home/airflow/.local/lib/python3.6/site-packages/airflow/example_dags/example_trigger_target_dag.py
[2021-04-18 14:13:05,539] {logging_mixin.py:104} INFO - [2021-04-18 14:13:05,539] {dag.py:1818} INFO - Sync 1 DAGs
[2021-04-18 14:13:05,591] {logging_mixin.py:104} INFO - [2021-04-18 14:13:05,591] {dag.py:2273} INFO - Setting next_dagrun for example_trigger_target_dag to None
[2021-04-18 14:13:05,621] {scheduler_job.py:190} INFO - Processing /home/airflow/.local/lib/python3.6/site-packages/airflow/example_dags/example_trigger_target_dag.py took 0.215 seconds
[2021-04-18 14:13:35,882] {scheduler_job.py:182} INFO - Started process (PID=83) to work on /home/airflow/.local/lib/python3.6/site-packages/airflow/example_dags/example_trigger_target_dag.py
[2021-04-18 14:13:35,886] {scheduler_job.py:629} INFO - Processing file /home/airflow/.local/lib/python3.6/site-packages/airflow/example_dags/example_trigger_target_dag.py for tasks to queue
[2021-04-18 14:13:35,889] {logging_mixin.py:104} INFO - [2021-04-18 14:13:35,889] {dagbag.py:448} INFO - Filling up the DagBag from /home/airflow/.local/lib/python3.6/site-packages/airflow/example_dags/example_trigger_target_dag.py
[2021-04-18 14:13:35,915] {scheduler_job.py:639} INFO - DAG(s) dict_keys(['example_trigger_target_dag']) retrieved from /home/airflow/.local/lib/python3.6/site-packages/airflow/example_dags/example_trigger_target_dag.py
[2021-04-18 14:13:35,954] {logging_mixin.py:104} INFO - [2021-04-18 14:13:35,954] {dag.py:1818} INFO - Sync 1 DAGs
[2021-04-18 14:13:35,978] {logging_mixin.py:104} INFO - [2021-04-18 14:13:35,978] {dag.py:2273} INFO - Setting next_dagrun for example_trigger_target_dag to None
[2021-04-18 14:13:35,993] {scheduler_job.py:190} INFO - Processing /home/airflow/.local/lib/python3.6/site-packages/airflow/example_dags/example_trigger_target_dag.py took 0.119 seconds
[2021-04-18 14:14:06,818] {scheduler_job.py:182} INFO - Started process (PID=120) to work on /home/airflow/.local/lib/python3.6/site-packages/airflow/example_dags/example_trigger_target_dag.py
[2021-04-18 14:14:06,821] {scheduler_job.py:629} INFO - Processing file /home/airflow/.local/lib/python3.6/site-packages/airflow/example_dags/example_trigger_target_dag.py for tasks to queue
[2021-04-18 14:14:06,823] {logging_mixin.py:104} INFO - [2021-04-18 14:14:06,822] {dagbag.py:448} INFO - Filling up the DagBag from /home/airflow/.local/lib/python3.6/site-packages/airflow/example_dags/example_trigger_target_dag.py
[2021-04-18 14:14:06,839] {scheduler_job.py:639} INFO - DAG(s) dict_keys(['example_trigger_target_dag']) retrieved from /home/airflow/.local/lib/python3.6/site-packages/airflow/example_dags/example_trigger_target_dag.py
[2021-04-18 14:14:06,870] {logging_mixin.py:104} INFO - [2021-04-18 14:14:06,870] {dag.py:1818} INFO - Sync 1 DAGs
[2021-04-18 14:14:06,889] {logging_mixin.py:104} INFO - [2021-04-18 14:14:06,889] {dag.py:2273} INFO - Setting next_dagrun for example_trigger_target_dag to None
[2021-04-18 14:14:06,910] {scheduler_job.py:190} INFO - Processing /home/airflow/.local/lib/python3.6/site-packages/airflow/example_dags/example_trigger_target_dag.py took 0.096 seconds
