[2021-04-18 13:57:13,329] {scheduler_job.py:182} INFO - Started process (PID=23) to work on /home/airflow/.local/lib/python3.6/site-packages/airflow/example_dags/tutorial_taskflow_api_etl.py
[2021-04-18 13:57:13,420] {scheduler_job.py:629} INFO - Processing file /home/airflow/.local/lib/python3.6/site-packages/airflow/example_dags/tutorial_taskflow_api_etl.py for tasks to queue
[2021-04-18 13:57:13,561] {logging_mixin.py:104} INFO - [2021-04-18 13:57:13,561] {dagbag.py:448} INFO - Filling up the DagBag from /home/airflow/.local/lib/python3.6/site-packages/airflow/example_dags/tutorial_taskflow_api_etl.py
[2021-04-18 13:57:15,620] {scheduler_job.py:639} INFO - DAG(s) dict_keys(['tutorial_taskflow_api_etl']) retrieved from /home/airflow/.local/lib/python3.6/site-packages/airflow/example_dags/tutorial_taskflow_api_etl.py
[2021-04-18 13:57:19,093] {logging_mixin.py:104} INFO - [2021-04-18 13:57:19,033] {dag.py:1818} INFO - Sync 1 DAGs
[2021-04-18 13:57:19,790] {logging_mixin.py:104} INFO - [2021-04-18 13:57:19,790] {dag.py:1837} INFO - Creating ORM DAG for tutorial_taskflow_api_etl
[2021-04-18 13:57:19,827] {logging_mixin.py:104} INFO - [2021-04-18 13:57:19,826] {dag.py:2273} INFO - Setting next_dagrun for tutorial_taskflow_api_etl to None
[2021-04-18 13:57:19,978] {scheduler_job.py:190} INFO - Processing /home/airflow/.local/lib/python3.6/site-packages/airflow/example_dags/tutorial_taskflow_api_etl.py took 6.755 seconds
[2021-04-18 13:57:51,023] {scheduler_job.py:182} INFO - Started process (PID=51) to work on /home/airflow/.local/lib/python3.6/site-packages/airflow/example_dags/tutorial_taskflow_api_etl.py
[2021-04-18 13:57:51,104] {scheduler_job.py:629} INFO - Processing file /home/airflow/.local/lib/python3.6/site-packages/airflow/example_dags/tutorial_taskflow_api_etl.py for tasks to queue
[2021-04-18 13:57:51,156] {logging_mixin.py:104} INFO - [2021-04-18 13:57:51,144] {dagbag.py:448} INFO - Filling up the DagBag from /home/airflow/.local/lib/python3.6/site-packages/airflow/example_dags/tutorial_taskflow_api_etl.py
[2021-04-18 13:57:51,269] {scheduler_job.py:639} INFO - DAG(s) dict_keys(['tutorial_taskflow_api_etl']) retrieved from /home/airflow/.local/lib/python3.6/site-packages/airflow/example_dags/tutorial_taskflow_api_etl.py
[2021-04-18 13:57:51,608] {logging_mixin.py:104} INFO - [2021-04-18 13:57:51,607] {dag.py:1818} INFO - Sync 1 DAGs
[2021-04-18 13:57:51,813] {logging_mixin.py:104} INFO - [2021-04-18 13:57:51,813] {dag.py:2273} INFO - Setting next_dagrun for tutorial_taskflow_api_etl to None
[2021-04-18 13:57:51,957] {scheduler_job.py:190} INFO - Processing /home/airflow/.local/lib/python3.6/site-packages/airflow/example_dags/tutorial_taskflow_api_etl.py took 0.972 seconds
[2021-04-18 13:58:29,438] {scheduler_job.py:182} INFO - Started process (PID=81) to work on /home/airflow/.local/lib/python3.6/site-packages/airflow/example_dags/tutorial_taskflow_api_etl.py
[2021-04-18 13:58:29,444] {scheduler_job.py:629} INFO - Processing file /home/airflow/.local/lib/python3.6/site-packages/airflow/example_dags/tutorial_taskflow_api_etl.py for tasks to queue
[2021-04-18 13:58:29,455] {logging_mixin.py:104} INFO - [2021-04-18 13:58:29,455] {dagbag.py:448} INFO - Filling up the DagBag from /home/airflow/.local/lib/python3.6/site-packages/airflow/example_dags/tutorial_taskflow_api_etl.py
[2021-04-18 13:58:29,867] {scheduler_job.py:639} INFO - DAG(s) dict_keys(['tutorial_taskflow_api_etl']) retrieved from /home/airflow/.local/lib/python3.6/site-packages/airflow/example_dags/tutorial_taskflow_api_etl.py
[2021-04-18 13:58:30,339] {logging_mixin.py:104} INFO - [2021-04-18 13:58:30,338] {dag.py:1818} INFO - Sync 1 DAGs
[2021-04-18 13:58:30,442] {logging_mixin.py:104} INFO - [2021-04-18 13:58:30,441] {dag.py:2273} INFO - Setting next_dagrun for tutorial_taskflow_api_etl to None
[2021-04-18 13:58:30,717] {scheduler_job.py:190} INFO - Processing /home/airflow/.local/lib/python3.6/site-packages/airflow/example_dags/tutorial_taskflow_api_etl.py took 1.323 seconds
[2021-04-18 13:59:01,620] {scheduler_job.py:182} INFO - Started process (PID=109) to work on /home/airflow/.local/lib/python3.6/site-packages/airflow/example_dags/tutorial_taskflow_api_etl.py
[2021-04-18 13:59:01,624] {scheduler_job.py:629} INFO - Processing file /home/airflow/.local/lib/python3.6/site-packages/airflow/example_dags/tutorial_taskflow_api_etl.py for tasks to queue
[2021-04-18 13:59:01,627] {logging_mixin.py:104} INFO - [2021-04-18 13:59:01,626] {dagbag.py:448} INFO - Filling up the DagBag from /home/airflow/.local/lib/python3.6/site-packages/airflow/example_dags/tutorial_taskflow_api_etl.py
[2021-04-18 13:59:01,650] {scheduler_job.py:639} INFO - DAG(s) dict_keys(['tutorial_taskflow_api_etl']) retrieved from /home/airflow/.local/lib/python3.6/site-packages/airflow/example_dags/tutorial_taskflow_api_etl.py
[2021-04-18 13:59:01,716] {logging_mixin.py:104} INFO - [2021-04-18 13:59:01,716] {dag.py:1818} INFO - Sync 1 DAGs
[2021-04-18 13:59:01,749] {logging_mixin.py:104} INFO - [2021-04-18 13:59:01,749] {dag.py:2273} INFO - Setting next_dagrun for tutorial_taskflow_api_etl to None
[2021-04-18 13:59:01,772] {scheduler_job.py:190} INFO - Processing /home/airflow/.local/lib/python3.6/site-packages/airflow/example_dags/tutorial_taskflow_api_etl.py took 0.156 seconds
[2021-04-18 13:59:32,516] {scheduler_job.py:182} INFO - Started process (PID=137) to work on /home/airflow/.local/lib/python3.6/site-packages/airflow/example_dags/tutorial_taskflow_api_etl.py
[2021-04-18 13:59:32,522] {scheduler_job.py:629} INFO - Processing file /home/airflow/.local/lib/python3.6/site-packages/airflow/example_dags/tutorial_taskflow_api_etl.py for tasks to queue
[2021-04-18 13:59:32,524] {logging_mixin.py:104} INFO - [2021-04-18 13:59:32,524] {dagbag.py:448} INFO - Filling up the DagBag from /home/airflow/.local/lib/python3.6/site-packages/airflow/example_dags/tutorial_taskflow_api_etl.py
[2021-04-18 13:59:32,538] {scheduler_job.py:639} INFO - DAG(s) dict_keys(['tutorial_taskflow_api_etl']) retrieved from /home/airflow/.local/lib/python3.6/site-packages/airflow/example_dags/tutorial_taskflow_api_etl.py
[2021-04-18 13:59:32,567] {logging_mixin.py:104} INFO - [2021-04-18 13:59:32,567] {dag.py:1818} INFO - Sync 1 DAGs
[2021-04-18 13:59:32,582] {logging_mixin.py:104} INFO - [2021-04-18 13:59:32,582] {dag.py:2273} INFO - Setting next_dagrun for tutorial_taskflow_api_etl to None
[2021-04-18 13:59:32,593] {scheduler_job.py:190} INFO - Processing /home/airflow/.local/lib/python3.6/site-packages/airflow/example_dags/tutorial_taskflow_api_etl.py took 0.080 seconds
[2021-04-18 14:00:03,308] {scheduler_job.py:182} INFO - Started process (PID=165) to work on /home/airflow/.local/lib/python3.6/site-packages/airflow/example_dags/tutorial_taskflow_api_etl.py
[2021-04-18 14:00:03,310] {scheduler_job.py:629} INFO - Processing file /home/airflow/.local/lib/python3.6/site-packages/airflow/example_dags/tutorial_taskflow_api_etl.py for tasks to queue
[2021-04-18 14:00:03,312] {logging_mixin.py:104} INFO - [2021-04-18 14:00:03,312] {dagbag.py:448} INFO - Filling up the DagBag from /home/airflow/.local/lib/python3.6/site-packages/airflow/example_dags/tutorial_taskflow_api_etl.py
[2021-04-18 14:00:03,326] {scheduler_job.py:639} INFO - DAG(s) dict_keys(['tutorial_taskflow_api_etl']) retrieved from /home/airflow/.local/lib/python3.6/site-packages/airflow/example_dags/tutorial_taskflow_api_etl.py
[2021-04-18 14:00:03,355] {logging_mixin.py:104} INFO - [2021-04-18 14:00:03,355] {dag.py:1818} INFO - Sync 1 DAGs
[2021-04-18 14:00:03,383] {logging_mixin.py:104} INFO - [2021-04-18 14:00:03,382] {dag.py:2273} INFO - Setting next_dagrun for tutorial_taskflow_api_etl to None
[2021-04-18 14:00:03,397] {scheduler_job.py:190} INFO - Processing /home/airflow/.local/lib/python3.6/site-packages/airflow/example_dags/tutorial_taskflow_api_etl.py took 0.093 seconds
[2021-04-18 14:00:33,907] {scheduler_job.py:182} INFO - Started process (PID=193) to work on /home/airflow/.local/lib/python3.6/site-packages/airflow/example_dags/tutorial_taskflow_api_etl.py
[2021-04-18 14:00:33,909] {scheduler_job.py:629} INFO - Processing file /home/airflow/.local/lib/python3.6/site-packages/airflow/example_dags/tutorial_taskflow_api_etl.py for tasks to queue
[2021-04-18 14:00:33,911] {logging_mixin.py:104} INFO - [2021-04-18 14:00:33,910] {dagbag.py:448} INFO - Filling up the DagBag from /home/airflow/.local/lib/python3.6/site-packages/airflow/example_dags/tutorial_taskflow_api_etl.py
[2021-04-18 14:00:33,926] {scheduler_job.py:639} INFO - DAG(s) dict_keys(['tutorial_taskflow_api_etl']) retrieved from /home/airflow/.local/lib/python3.6/site-packages/airflow/example_dags/tutorial_taskflow_api_etl.py
[2021-04-18 14:00:33,963] {logging_mixin.py:104} INFO - [2021-04-18 14:00:33,963] {dag.py:1818} INFO - Sync 1 DAGs
[2021-04-18 14:00:33,981] {logging_mixin.py:104} INFO - [2021-04-18 14:00:33,981] {dag.py:2273} INFO - Setting next_dagrun for tutorial_taskflow_api_etl to None
[2021-04-18 14:00:33,996] {scheduler_job.py:190} INFO - Processing /home/airflow/.local/lib/python3.6/site-packages/airflow/example_dags/tutorial_taskflow_api_etl.py took 0.094 seconds
[2021-04-18 14:01:04,319] {scheduler_job.py:182} INFO - Started process (PID=221) to work on /home/airflow/.local/lib/python3.6/site-packages/airflow/example_dags/tutorial_taskflow_api_etl.py
[2021-04-18 14:01:04,323] {scheduler_job.py:629} INFO - Processing file /home/airflow/.local/lib/python3.6/site-packages/airflow/example_dags/tutorial_taskflow_api_etl.py for tasks to queue
[2021-04-18 14:01:04,327] {logging_mixin.py:104} INFO - [2021-04-18 14:01:04,326] {dagbag.py:448} INFO - Filling up the DagBag from /home/airflow/.local/lib/python3.6/site-packages/airflow/example_dags/tutorial_taskflow_api_etl.py
[2021-04-18 14:01:04,351] {scheduler_job.py:639} INFO - DAG(s) dict_keys(['tutorial_taskflow_api_etl']) retrieved from /home/airflow/.local/lib/python3.6/site-packages/airflow/example_dags/tutorial_taskflow_api_etl.py
[2021-04-18 14:01:04,389] {logging_mixin.py:104} INFO - [2021-04-18 14:01:04,389] {dag.py:1818} INFO - Sync 1 DAGs
[2021-04-18 14:01:04,412] {logging_mixin.py:104} INFO - [2021-04-18 14:01:04,411] {dag.py:2273} INFO - Setting next_dagrun for tutorial_taskflow_api_etl to None
[2021-04-18 14:01:04,429] {scheduler_job.py:190} INFO - Processing /home/airflow/.local/lib/python3.6/site-packages/airflow/example_dags/tutorial_taskflow_api_etl.py took 0.121 seconds
[2021-04-18 14:01:34,901] {scheduler_job.py:182} INFO - Started process (PID=249) to work on /home/airflow/.local/lib/python3.6/site-packages/airflow/example_dags/tutorial_taskflow_api_etl.py
[2021-04-18 14:01:34,904] {scheduler_job.py:629} INFO - Processing file /home/airflow/.local/lib/python3.6/site-packages/airflow/example_dags/tutorial_taskflow_api_etl.py for tasks to queue
[2021-04-18 14:01:34,906] {logging_mixin.py:104} INFO - [2021-04-18 14:01:34,906] {dagbag.py:448} INFO - Filling up the DagBag from /home/airflow/.local/lib/python3.6/site-packages/airflow/example_dags/tutorial_taskflow_api_etl.py
[2021-04-18 14:01:34,931] {scheduler_job.py:639} INFO - DAG(s) dict_keys(['tutorial_taskflow_api_etl']) retrieved from /home/airflow/.local/lib/python3.6/site-packages/airflow/example_dags/tutorial_taskflow_api_etl.py
[2021-04-18 14:01:34,992] {logging_mixin.py:104} INFO - [2021-04-18 14:01:34,991] {dag.py:1818} INFO - Sync 1 DAGs
[2021-04-18 14:01:35,024] {logging_mixin.py:104} INFO - [2021-04-18 14:01:35,024] {dag.py:2273} INFO - Setting next_dagrun for tutorial_taskflow_api_etl to None
[2021-04-18 14:01:35,051] {scheduler_job.py:190} INFO - Processing /home/airflow/.local/lib/python3.6/site-packages/airflow/example_dags/tutorial_taskflow_api_etl.py took 0.162 seconds
[2021-04-18 14:02:05,174] {scheduler_job.py:182} INFO - Started process (PID=277) to work on /home/airflow/.local/lib/python3.6/site-packages/airflow/example_dags/tutorial_taskflow_api_etl.py
[2021-04-18 14:02:05,178] {scheduler_job.py:629} INFO - Processing file /home/airflow/.local/lib/python3.6/site-packages/airflow/example_dags/tutorial_taskflow_api_etl.py for tasks to queue
[2021-04-18 14:02:05,183] {logging_mixin.py:104} INFO - [2021-04-18 14:02:05,183] {dagbag.py:448} INFO - Filling up the DagBag from /home/airflow/.local/lib/python3.6/site-packages/airflow/example_dags/tutorial_taskflow_api_etl.py
[2021-04-18 14:02:05,203] {scheduler_job.py:639} INFO - DAG(s) dict_keys(['tutorial_taskflow_api_etl']) retrieved from /home/airflow/.local/lib/python3.6/site-packages/airflow/example_dags/tutorial_taskflow_api_etl.py
[2021-04-18 14:02:05,238] {logging_mixin.py:104} INFO - [2021-04-18 14:02:05,238] {dag.py:1818} INFO - Sync 1 DAGs
[2021-04-18 14:02:05,270] {logging_mixin.py:104} INFO - [2021-04-18 14:02:05,270] {dag.py:2273} INFO - Setting next_dagrun for tutorial_taskflow_api_etl to None
[2021-04-18 14:02:05,292] {scheduler_job.py:190} INFO - Processing /home/airflow/.local/lib/python3.6/site-packages/airflow/example_dags/tutorial_taskflow_api_etl.py took 0.123 seconds
[2021-04-18 14:02:35,768] {scheduler_job.py:182} INFO - Started process (PID=305) to work on /home/airflow/.local/lib/python3.6/site-packages/airflow/example_dags/tutorial_taskflow_api_etl.py
[2021-04-18 14:02:35,771] {scheduler_job.py:629} INFO - Processing file /home/airflow/.local/lib/python3.6/site-packages/airflow/example_dags/tutorial_taskflow_api_etl.py for tasks to queue
[2021-04-18 14:02:35,776] {logging_mixin.py:104} INFO - [2021-04-18 14:02:35,776] {dagbag.py:448} INFO - Filling up the DagBag from /home/airflow/.local/lib/python3.6/site-packages/airflow/example_dags/tutorial_taskflow_api_etl.py
[2021-04-18 14:02:35,793] {scheduler_job.py:639} INFO - DAG(s) dict_keys(['tutorial_taskflow_api_etl']) retrieved from /home/airflow/.local/lib/python3.6/site-packages/airflow/example_dags/tutorial_taskflow_api_etl.py
[2021-04-18 14:02:35,842] {logging_mixin.py:104} INFO - [2021-04-18 14:02:35,842] {dag.py:1818} INFO - Sync 1 DAGs
[2021-04-18 14:02:35,879] {logging_mixin.py:104} INFO - [2021-04-18 14:02:35,879] {dag.py:2273} INFO - Setting next_dagrun for tutorial_taskflow_api_etl to None
[2021-04-18 14:02:35,900] {scheduler_job.py:190} INFO - Processing /home/airflow/.local/lib/python3.6/site-packages/airflow/example_dags/tutorial_taskflow_api_etl.py took 0.136 seconds
[2021-04-18 14:03:06,079] {scheduler_job.py:182} INFO - Started process (PID=333) to work on /home/airflow/.local/lib/python3.6/site-packages/airflow/example_dags/tutorial_taskflow_api_etl.py
[2021-04-18 14:03:06,082] {scheduler_job.py:629} INFO - Processing file /home/airflow/.local/lib/python3.6/site-packages/airflow/example_dags/tutorial_taskflow_api_etl.py for tasks to queue
[2021-04-18 14:03:06,084] {logging_mixin.py:104} INFO - [2021-04-18 14:03:06,084] {dagbag.py:448} INFO - Filling up the DagBag from /home/airflow/.local/lib/python3.6/site-packages/airflow/example_dags/tutorial_taskflow_api_etl.py
[2021-04-18 14:03:06,115] {scheduler_job.py:639} INFO - DAG(s) dict_keys(['tutorial_taskflow_api_etl']) retrieved from /home/airflow/.local/lib/python3.6/site-packages/airflow/example_dags/tutorial_taskflow_api_etl.py
[2021-04-18 14:03:06,168] {logging_mixin.py:104} INFO - [2021-04-18 14:03:06,168] {dag.py:1818} INFO - Sync 1 DAGs
[2021-04-18 14:03:06,194] {logging_mixin.py:104} INFO - [2021-04-18 14:03:06,194] {dag.py:2273} INFO - Setting next_dagrun for tutorial_taskflow_api_etl to None
[2021-04-18 14:03:06,212] {scheduler_job.py:190} INFO - Processing /home/airflow/.local/lib/python3.6/site-packages/airflow/example_dags/tutorial_taskflow_api_etl.py took 0.139 seconds
[2021-04-18 14:03:36,424] {scheduler_job.py:182} INFO - Started process (PID=361) to work on /home/airflow/.local/lib/python3.6/site-packages/airflow/example_dags/tutorial_taskflow_api_etl.py
[2021-04-18 14:03:36,427] {scheduler_job.py:629} INFO - Processing file /home/airflow/.local/lib/python3.6/site-packages/airflow/example_dags/tutorial_taskflow_api_etl.py for tasks to queue
[2021-04-18 14:03:36,430] {logging_mixin.py:104} INFO - [2021-04-18 14:03:36,430] {dagbag.py:448} INFO - Filling up the DagBag from /home/airflow/.local/lib/python3.6/site-packages/airflow/example_dags/tutorial_taskflow_api_etl.py
[2021-04-18 14:03:36,455] {scheduler_job.py:639} INFO - DAG(s) dict_keys(['tutorial_taskflow_api_etl']) retrieved from /home/airflow/.local/lib/python3.6/site-packages/airflow/example_dags/tutorial_taskflow_api_etl.py
[2021-04-18 14:03:36,505] {logging_mixin.py:104} INFO - [2021-04-18 14:03:36,505] {dag.py:1818} INFO - Sync 1 DAGs
[2021-04-18 14:03:36,529] {logging_mixin.py:104} INFO - [2021-04-18 14:03:36,528] {dag.py:2273} INFO - Setting next_dagrun for tutorial_taskflow_api_etl to None
[2021-04-18 14:03:36,546] {scheduler_job.py:190} INFO - Processing /home/airflow/.local/lib/python3.6/site-packages/airflow/example_dags/tutorial_taskflow_api_etl.py took 0.128 seconds
[2021-04-18 14:04:07,254] {scheduler_job.py:182} INFO - Started process (PID=389) to work on /home/airflow/.local/lib/python3.6/site-packages/airflow/example_dags/tutorial_taskflow_api_etl.py
[2021-04-18 14:04:07,257] {scheduler_job.py:629} INFO - Processing file /home/airflow/.local/lib/python3.6/site-packages/airflow/example_dags/tutorial_taskflow_api_etl.py for tasks to queue
[2021-04-18 14:04:07,260] {logging_mixin.py:104} INFO - [2021-04-18 14:04:07,260] {dagbag.py:448} INFO - Filling up the DagBag from /home/airflow/.local/lib/python3.6/site-packages/airflow/example_dags/tutorial_taskflow_api_etl.py
[2021-04-18 14:04:07,284] {scheduler_job.py:639} INFO - DAG(s) dict_keys(['tutorial_taskflow_api_etl']) retrieved from /home/airflow/.local/lib/python3.6/site-packages/airflow/example_dags/tutorial_taskflow_api_etl.py
[2021-04-18 14:04:07,337] {logging_mixin.py:104} INFO - [2021-04-18 14:04:07,337] {dag.py:1818} INFO - Sync 1 DAGs
[2021-04-18 14:04:07,388] {logging_mixin.py:104} INFO - [2021-04-18 14:04:07,388] {dag.py:2273} INFO - Setting next_dagrun for tutorial_taskflow_api_etl to None
[2021-04-18 14:04:07,443] {scheduler_job.py:190} INFO - Processing /home/airflow/.local/lib/python3.6/site-packages/airflow/example_dags/tutorial_taskflow_api_etl.py took 0.227 seconds
[2021-04-18 14:04:38,396] {scheduler_job.py:182} INFO - Started process (PID=416) to work on /home/airflow/.local/lib/python3.6/site-packages/airflow/example_dags/tutorial_taskflow_api_etl.py
[2021-04-18 14:04:38,399] {scheduler_job.py:629} INFO - Processing file /home/airflow/.local/lib/python3.6/site-packages/airflow/example_dags/tutorial_taskflow_api_etl.py for tasks to queue
[2021-04-18 14:04:38,401] {logging_mixin.py:104} INFO - [2021-04-18 14:04:38,401] {dagbag.py:448} INFO - Filling up the DagBag from /home/airflow/.local/lib/python3.6/site-packages/airflow/example_dags/tutorial_taskflow_api_etl.py
[2021-04-18 14:04:38,417] {scheduler_job.py:639} INFO - DAG(s) dict_keys(['tutorial_taskflow_api_etl']) retrieved from /home/airflow/.local/lib/python3.6/site-packages/airflow/example_dags/tutorial_taskflow_api_etl.py
[2021-04-18 14:04:38,450] {logging_mixin.py:104} INFO - [2021-04-18 14:04:38,450] {dag.py:1818} INFO - Sync 1 DAGs
[2021-04-18 14:04:38,473] {logging_mixin.py:104} INFO - [2021-04-18 14:04:38,473] {dag.py:2273} INFO - Setting next_dagrun for tutorial_taskflow_api_etl to None
[2021-04-18 14:04:38,499] {scheduler_job.py:190} INFO - Processing /home/airflow/.local/lib/python3.6/site-packages/airflow/example_dags/tutorial_taskflow_api_etl.py took 0.107 seconds
[2021-04-18 14:05:09,930] {scheduler_job.py:182} INFO - Started process (PID=444) to work on /home/airflow/.local/lib/python3.6/site-packages/airflow/example_dags/tutorial_taskflow_api_etl.py
[2021-04-18 14:05:09,935] {scheduler_job.py:629} INFO - Processing file /home/airflow/.local/lib/python3.6/site-packages/airflow/example_dags/tutorial_taskflow_api_etl.py for tasks to queue
[2021-04-18 14:05:09,938] {logging_mixin.py:104} INFO - [2021-04-18 14:05:09,937] {dagbag.py:448} INFO - Filling up the DagBag from /home/airflow/.local/lib/python3.6/site-packages/airflow/example_dags/tutorial_taskflow_api_etl.py
[2021-04-18 14:05:09,962] {scheduler_job.py:639} INFO - DAG(s) dict_keys(['tutorial_taskflow_api_etl']) retrieved from /home/airflow/.local/lib/python3.6/site-packages/airflow/example_dags/tutorial_taskflow_api_etl.py
[2021-04-18 14:05:10,003] {logging_mixin.py:104} INFO - [2021-04-18 14:05:10,003] {dag.py:1818} INFO - Sync 1 DAGs
[2021-04-18 14:05:10,027] {logging_mixin.py:104} INFO - [2021-04-18 14:05:10,027] {dag.py:2273} INFO - Setting next_dagrun for tutorial_taskflow_api_etl to None
[2021-04-18 14:05:10,048] {scheduler_job.py:190} INFO - Processing /home/airflow/.local/lib/python3.6/site-packages/airflow/example_dags/tutorial_taskflow_api_etl.py took 0.122 seconds
[2021-04-18 14:05:41,745] {scheduler_job.py:182} INFO - Started process (PID=472) to work on /home/airflow/.local/lib/python3.6/site-packages/airflow/example_dags/tutorial_taskflow_api_etl.py
[2021-04-18 14:05:41,747] {scheduler_job.py:629} INFO - Processing file /home/airflow/.local/lib/python3.6/site-packages/airflow/example_dags/tutorial_taskflow_api_etl.py for tasks to queue
[2021-04-18 14:05:41,749] {logging_mixin.py:104} INFO - [2021-04-18 14:05:41,749] {dagbag.py:448} INFO - Filling up the DagBag from /home/airflow/.local/lib/python3.6/site-packages/airflow/example_dags/tutorial_taskflow_api_etl.py
[2021-04-18 14:05:41,770] {scheduler_job.py:639} INFO - DAG(s) dict_keys(['tutorial_taskflow_api_etl']) retrieved from /home/airflow/.local/lib/python3.6/site-packages/airflow/example_dags/tutorial_taskflow_api_etl.py
[2021-04-18 14:05:41,806] {logging_mixin.py:104} INFO - [2021-04-18 14:05:41,806] {dag.py:1818} INFO - Sync 1 DAGs
[2021-04-18 14:05:41,829] {logging_mixin.py:104} INFO - [2021-04-18 14:05:41,829] {dag.py:2273} INFO - Setting next_dagrun for tutorial_taskflow_api_etl to None
[2021-04-18 14:05:41,842] {scheduler_job.py:190} INFO - Processing /home/airflow/.local/lib/python3.6/site-packages/airflow/example_dags/tutorial_taskflow_api_etl.py took 0.102 seconds
[2021-04-18 14:06:13,561] {scheduler_job.py:182} INFO - Started process (PID=500) to work on /home/airflow/.local/lib/python3.6/site-packages/airflow/example_dags/tutorial_taskflow_api_etl.py
[2021-04-18 14:06:13,567] {scheduler_job.py:629} INFO - Processing file /home/airflow/.local/lib/python3.6/site-packages/airflow/example_dags/tutorial_taskflow_api_etl.py for tasks to queue
[2021-04-18 14:06:13,575] {logging_mixin.py:104} INFO - [2021-04-18 14:06:13,575] {dagbag.py:448} INFO - Filling up the DagBag from /home/airflow/.local/lib/python3.6/site-packages/airflow/example_dags/tutorial_taskflow_api_etl.py
[2021-04-18 14:06:13,649] {scheduler_job.py:639} INFO - DAG(s) dict_keys(['tutorial_taskflow_api_etl']) retrieved from /home/airflow/.local/lib/python3.6/site-packages/airflow/example_dags/tutorial_taskflow_api_etl.py
[2021-04-18 14:06:13,844] {logging_mixin.py:104} INFO - [2021-04-18 14:06:13,843] {dag.py:1818} INFO - Sync 1 DAGs
[2021-04-18 14:06:13,895] {logging_mixin.py:104} INFO - [2021-04-18 14:06:13,895] {dag.py:2273} INFO - Setting next_dagrun for tutorial_taskflow_api_etl to None
[2021-04-18 14:06:13,922] {scheduler_job.py:190} INFO - Processing /home/airflow/.local/lib/python3.6/site-packages/airflow/example_dags/tutorial_taskflow_api_etl.py took 0.368 seconds
[2021-04-18 14:06:45,819] {scheduler_job.py:182} INFO - Started process (PID=528) to work on /home/airflow/.local/lib/python3.6/site-packages/airflow/example_dags/tutorial_taskflow_api_etl.py
[2021-04-18 14:06:45,827] {scheduler_job.py:629} INFO - Processing file /home/airflow/.local/lib/python3.6/site-packages/airflow/example_dags/tutorial_taskflow_api_etl.py for tasks to queue
[2021-04-18 14:06:45,829] {logging_mixin.py:104} INFO - [2021-04-18 14:06:45,829] {dagbag.py:448} INFO - Filling up the DagBag from /home/airflow/.local/lib/python3.6/site-packages/airflow/example_dags/tutorial_taskflow_api_etl.py
[2021-04-18 14:06:45,861] {scheduler_job.py:639} INFO - DAG(s) dict_keys(['tutorial_taskflow_api_etl']) retrieved from /home/airflow/.local/lib/python3.6/site-packages/airflow/example_dags/tutorial_taskflow_api_etl.py
[2021-04-18 14:06:45,926] {logging_mixin.py:104} INFO - [2021-04-18 14:06:45,926] {dag.py:1818} INFO - Sync 1 DAGs
[2021-04-18 14:06:45,959] {logging_mixin.py:104} INFO - [2021-04-18 14:06:45,959] {dag.py:2273} INFO - Setting next_dagrun for tutorial_taskflow_api_etl to None
[2021-04-18 14:06:45,997] {scheduler_job.py:190} INFO - Processing /home/airflow/.local/lib/python3.6/site-packages/airflow/example_dags/tutorial_taskflow_api_etl.py took 0.198 seconds
[2021-04-18 14:07:16,863] {scheduler_job.py:182} INFO - Started process (PID=556) to work on /home/airflow/.local/lib/python3.6/site-packages/airflow/example_dags/tutorial_taskflow_api_etl.py
[2021-04-18 14:07:16,865] {scheduler_job.py:629} INFO - Processing file /home/airflow/.local/lib/python3.6/site-packages/airflow/example_dags/tutorial_taskflow_api_etl.py for tasks to queue
[2021-04-18 14:07:16,868] {logging_mixin.py:104} INFO - [2021-04-18 14:07:16,868] {dagbag.py:448} INFO - Filling up the DagBag from /home/airflow/.local/lib/python3.6/site-packages/airflow/example_dags/tutorial_taskflow_api_etl.py
[2021-04-18 14:07:16,890] {scheduler_job.py:639} INFO - DAG(s) dict_keys(['tutorial_taskflow_api_etl']) retrieved from /home/airflow/.local/lib/python3.6/site-packages/airflow/example_dags/tutorial_taskflow_api_etl.py
[2021-04-18 14:07:16,954] {logging_mixin.py:104} INFO - [2021-04-18 14:07:16,954] {dag.py:1818} INFO - Sync 1 DAGs
[2021-04-18 14:07:16,988] {logging_mixin.py:104} INFO - [2021-04-18 14:07:16,988] {dag.py:2273} INFO - Setting next_dagrun for tutorial_taskflow_api_etl to None
[2021-04-18 14:07:17,012] {scheduler_job.py:190} INFO - Processing /home/airflow/.local/lib/python3.6/site-packages/airflow/example_dags/tutorial_taskflow_api_etl.py took 0.155 seconds
[2021-04-18 14:07:49,562] {scheduler_job.py:182} INFO - Started process (PID=584) to work on /home/airflow/.local/lib/python3.6/site-packages/airflow/example_dags/tutorial_taskflow_api_etl.py
[2021-04-18 14:07:49,568] {scheduler_job.py:629} INFO - Processing file /home/airflow/.local/lib/python3.6/site-packages/airflow/example_dags/tutorial_taskflow_api_etl.py for tasks to queue
[2021-04-18 14:07:49,573] {logging_mixin.py:104} INFO - [2021-04-18 14:07:49,573] {dagbag.py:448} INFO - Filling up the DagBag from /home/airflow/.local/lib/python3.6/site-packages/airflow/example_dags/tutorial_taskflow_api_etl.py
[2021-04-18 14:07:49,610] {scheduler_job.py:639} INFO - DAG(s) dict_keys(['tutorial_taskflow_api_etl']) retrieved from /home/airflow/.local/lib/python3.6/site-packages/airflow/example_dags/tutorial_taskflow_api_etl.py
[2021-04-18 14:07:49,655] {logging_mixin.py:104} INFO - [2021-04-18 14:07:49,655] {dag.py:1818} INFO - Sync 1 DAGs
[2021-04-18 14:07:49,683] {logging_mixin.py:104} INFO - [2021-04-18 14:07:49,683] {dag.py:2273} INFO - Setting next_dagrun for tutorial_taskflow_api_etl to None
[2021-04-18 14:07:49,708] {scheduler_job.py:190} INFO - Processing /home/airflow/.local/lib/python3.6/site-packages/airflow/example_dags/tutorial_taskflow_api_etl.py took 0.156 seconds
[2021-04-18 14:08:21,216] {scheduler_job.py:182} INFO - Started process (PID=613) to work on /home/airflow/.local/lib/python3.6/site-packages/airflow/example_dags/tutorial_taskflow_api_etl.py
[2021-04-18 14:08:21,219] {scheduler_job.py:629} INFO - Processing file /home/airflow/.local/lib/python3.6/site-packages/airflow/example_dags/tutorial_taskflow_api_etl.py for tasks to queue
[2021-04-18 14:08:21,221] {logging_mixin.py:104} INFO - [2021-04-18 14:08:21,221] {dagbag.py:448} INFO - Filling up the DagBag from /home/airflow/.local/lib/python3.6/site-packages/airflow/example_dags/tutorial_taskflow_api_etl.py
[2021-04-18 14:08:21,250] {scheduler_job.py:639} INFO - DAG(s) dict_keys(['tutorial_taskflow_api_etl']) retrieved from /home/airflow/.local/lib/python3.6/site-packages/airflow/example_dags/tutorial_taskflow_api_etl.py
[2021-04-18 14:08:21,291] {logging_mixin.py:104} INFO - [2021-04-18 14:08:21,291] {dag.py:1818} INFO - Sync 1 DAGs
[2021-04-18 14:08:21,326] {logging_mixin.py:104} INFO - [2021-04-18 14:08:21,326] {dag.py:2273} INFO - Setting next_dagrun for tutorial_taskflow_api_etl to None
[2021-04-18 14:08:21,348] {scheduler_job.py:190} INFO - Processing /home/airflow/.local/lib/python3.6/site-packages/airflow/example_dags/tutorial_taskflow_api_etl.py took 0.139 seconds
[2021-04-18 14:08:52,171] {scheduler_job.py:182} INFO - Started process (PID=641) to work on /home/airflow/.local/lib/python3.6/site-packages/airflow/example_dags/tutorial_taskflow_api_etl.py
[2021-04-18 14:08:52,175] {scheduler_job.py:629} INFO - Processing file /home/airflow/.local/lib/python3.6/site-packages/airflow/example_dags/tutorial_taskflow_api_etl.py for tasks to queue
[2021-04-18 14:08:52,177] {logging_mixin.py:104} INFO - [2021-04-18 14:08:52,177] {dagbag.py:448} INFO - Filling up the DagBag from /home/airflow/.local/lib/python3.6/site-packages/airflow/example_dags/tutorial_taskflow_api_etl.py
[2021-04-18 14:08:52,199] {scheduler_job.py:639} INFO - DAG(s) dict_keys(['tutorial_taskflow_api_etl']) retrieved from /home/airflow/.local/lib/python3.6/site-packages/airflow/example_dags/tutorial_taskflow_api_etl.py
[2021-04-18 14:08:52,237] {logging_mixin.py:104} INFO - [2021-04-18 14:08:52,237] {dag.py:1818} INFO - Sync 1 DAGs
[2021-04-18 14:08:52,257] {logging_mixin.py:104} INFO - [2021-04-18 14:08:52,257] {dag.py:2273} INFO - Setting next_dagrun for tutorial_taskflow_api_etl to None
[2021-04-18 14:08:52,271] {scheduler_job.py:190} INFO - Processing /home/airflow/.local/lib/python3.6/site-packages/airflow/example_dags/tutorial_taskflow_api_etl.py took 0.106 seconds
[2021-04-18 14:09:22,765] {scheduler_job.py:182} INFO - Started process (PID=668) to work on /home/airflow/.local/lib/python3.6/site-packages/airflow/example_dags/tutorial_taskflow_api_etl.py
[2021-04-18 14:09:22,770] {scheduler_job.py:629} INFO - Processing file /home/airflow/.local/lib/python3.6/site-packages/airflow/example_dags/tutorial_taskflow_api_etl.py for tasks to queue
[2021-04-18 14:09:22,773] {logging_mixin.py:104} INFO - [2021-04-18 14:09:22,773] {dagbag.py:448} INFO - Filling up the DagBag from /home/airflow/.local/lib/python3.6/site-packages/airflow/example_dags/tutorial_taskflow_api_etl.py
[2021-04-18 14:09:22,795] {scheduler_job.py:639} INFO - DAG(s) dict_keys(['tutorial_taskflow_api_etl']) retrieved from /home/airflow/.local/lib/python3.6/site-packages/airflow/example_dags/tutorial_taskflow_api_etl.py
[2021-04-18 14:09:22,834] {logging_mixin.py:104} INFO - [2021-04-18 14:09:22,834] {dag.py:1818} INFO - Sync 1 DAGs
[2021-04-18 14:09:22,859] {logging_mixin.py:104} INFO - [2021-04-18 14:09:22,858] {dag.py:2273} INFO - Setting next_dagrun for tutorial_taskflow_api_etl to None
[2021-04-18 14:09:22,875] {scheduler_job.py:190} INFO - Processing /home/airflow/.local/lib/python3.6/site-packages/airflow/example_dags/tutorial_taskflow_api_etl.py took 0.117 seconds
[2021-04-18 14:09:53,771] {scheduler_job.py:182} INFO - Started process (PID=695) to work on /home/airflow/.local/lib/python3.6/site-packages/airflow/example_dags/tutorial_taskflow_api_etl.py
[2021-04-18 14:09:53,773] {scheduler_job.py:629} INFO - Processing file /home/airflow/.local/lib/python3.6/site-packages/airflow/example_dags/tutorial_taskflow_api_etl.py for tasks to queue
[2021-04-18 14:09:53,775] {logging_mixin.py:104} INFO - [2021-04-18 14:09:53,775] {dagbag.py:448} INFO - Filling up the DagBag from /home/airflow/.local/lib/python3.6/site-packages/airflow/example_dags/tutorial_taskflow_api_etl.py
[2021-04-18 14:09:53,796] {scheduler_job.py:639} INFO - DAG(s) dict_keys(['tutorial_taskflow_api_etl']) retrieved from /home/airflow/.local/lib/python3.6/site-packages/airflow/example_dags/tutorial_taskflow_api_etl.py
[2021-04-18 14:09:53,841] {logging_mixin.py:104} INFO - [2021-04-18 14:09:53,840] {dag.py:1818} INFO - Sync 1 DAGs
[2021-04-18 14:09:53,868] {logging_mixin.py:104} INFO - [2021-04-18 14:09:53,868] {dag.py:2273} INFO - Setting next_dagrun for tutorial_taskflow_api_etl to None
[2021-04-18 14:09:53,885] {scheduler_job.py:190} INFO - Processing /home/airflow/.local/lib/python3.6/site-packages/airflow/example_dags/tutorial_taskflow_api_etl.py took 0.120 seconds
[2021-04-18 14:10:24,512] {scheduler_job.py:182} INFO - Started process (PID=723) to work on /home/airflow/.local/lib/python3.6/site-packages/airflow/example_dags/tutorial_taskflow_api_etl.py
[2021-04-18 14:10:24,515] {scheduler_job.py:629} INFO - Processing file /home/airflow/.local/lib/python3.6/site-packages/airflow/example_dags/tutorial_taskflow_api_etl.py for tasks to queue
[2021-04-18 14:10:24,518] {logging_mixin.py:104} INFO - [2021-04-18 14:10:24,518] {dagbag.py:448} INFO - Filling up the DagBag from /home/airflow/.local/lib/python3.6/site-packages/airflow/example_dags/tutorial_taskflow_api_etl.py
[2021-04-18 14:10:24,552] {scheduler_job.py:639} INFO - DAG(s) dict_keys(['tutorial_taskflow_api_etl']) retrieved from /home/airflow/.local/lib/python3.6/site-packages/airflow/example_dags/tutorial_taskflow_api_etl.py
[2021-04-18 14:10:24,603] {logging_mixin.py:104} INFO - [2021-04-18 14:10:24,602] {dag.py:1818} INFO - Sync 1 DAGs
[2021-04-18 14:10:24,633] {logging_mixin.py:104} INFO - [2021-04-18 14:10:24,633] {dag.py:2273} INFO - Setting next_dagrun for tutorial_taskflow_api_etl to None
[2021-04-18 14:10:24,668] {scheduler_job.py:190} INFO - Processing /home/airflow/.local/lib/python3.6/site-packages/airflow/example_dags/tutorial_taskflow_api_etl.py took 0.162 seconds
[2021-04-18 14:10:54,913] {scheduler_job.py:182} INFO - Started process (PID=751) to work on /home/airflow/.local/lib/python3.6/site-packages/airflow/example_dags/tutorial_taskflow_api_etl.py
[2021-04-18 14:10:54,917] {scheduler_job.py:629} INFO - Processing file /home/airflow/.local/lib/python3.6/site-packages/airflow/example_dags/tutorial_taskflow_api_etl.py for tasks to queue
[2021-04-18 14:10:54,918] {logging_mixin.py:104} INFO - [2021-04-18 14:10:54,918] {dagbag.py:448} INFO - Filling up the DagBag from /home/airflow/.local/lib/python3.6/site-packages/airflow/example_dags/tutorial_taskflow_api_etl.py
[2021-04-18 14:10:54,939] {scheduler_job.py:639} INFO - DAG(s) dict_keys(['tutorial_taskflow_api_etl']) retrieved from /home/airflow/.local/lib/python3.6/site-packages/airflow/example_dags/tutorial_taskflow_api_etl.py
[2021-04-18 14:10:54,972] {logging_mixin.py:104} INFO - [2021-04-18 14:10:54,972] {dag.py:1818} INFO - Sync 1 DAGs
[2021-04-18 14:10:54,993] {logging_mixin.py:104} INFO - [2021-04-18 14:10:54,993] {dag.py:2273} INFO - Setting next_dagrun for tutorial_taskflow_api_etl to None
[2021-04-18 14:10:55,010] {scheduler_job.py:190} INFO - Processing /home/airflow/.local/lib/python3.6/site-packages/airflow/example_dags/tutorial_taskflow_api_etl.py took 0.100 seconds
[2021-04-18 14:11:25,755] {scheduler_job.py:182} INFO - Started process (PID=779) to work on /home/airflow/.local/lib/python3.6/site-packages/airflow/example_dags/tutorial_taskflow_api_etl.py
[2021-04-18 14:11:25,761] {scheduler_job.py:629} INFO - Processing file /home/airflow/.local/lib/python3.6/site-packages/airflow/example_dags/tutorial_taskflow_api_etl.py for tasks to queue
[2021-04-18 14:11:25,767] {logging_mixin.py:104} INFO - [2021-04-18 14:11:25,767] {dagbag.py:448} INFO - Filling up the DagBag from /home/airflow/.local/lib/python3.6/site-packages/airflow/example_dags/tutorial_taskflow_api_etl.py
[2021-04-18 14:11:25,861] {scheduler_job.py:639} INFO - DAG(s) dict_keys(['tutorial_taskflow_api_etl']) retrieved from /home/airflow/.local/lib/python3.6/site-packages/airflow/example_dags/tutorial_taskflow_api_etl.py
[2021-04-18 14:11:25,925] {logging_mixin.py:104} INFO - [2021-04-18 14:11:25,925] {dag.py:1818} INFO - Sync 1 DAGs
[2021-04-18 14:11:25,952] {logging_mixin.py:104} INFO - [2021-04-18 14:11:25,952] {dag.py:2273} INFO - Setting next_dagrun for tutorial_taskflow_api_etl to None
[2021-04-18 14:11:26,025] {scheduler_job.py:190} INFO - Processing /home/airflow/.local/lib/python3.6/site-packages/airflow/example_dags/tutorial_taskflow_api_etl.py took 0.276 seconds
[2021-04-18 14:12:47,372] {scheduler_job.py:182} INFO - Started process (PID=42) to work on /home/airflow/.local/lib/python3.6/site-packages/airflow/example_dags/tutorial_taskflow_api_etl.py
[2021-04-18 14:12:47,379] {scheduler_job.py:629} INFO - Processing file /home/airflow/.local/lib/python3.6/site-packages/airflow/example_dags/tutorial_taskflow_api_etl.py for tasks to queue
[2021-04-18 14:12:47,385] {logging_mixin.py:104} INFO - [2021-04-18 14:12:47,385] {dagbag.py:448} INFO - Filling up the DagBag from /home/airflow/.local/lib/python3.6/site-packages/airflow/example_dags/tutorial_taskflow_api_etl.py
[2021-04-18 14:12:47,446] {scheduler_job.py:639} INFO - DAG(s) dict_keys(['tutorial_taskflow_api_etl']) retrieved from /home/airflow/.local/lib/python3.6/site-packages/airflow/example_dags/tutorial_taskflow_api_etl.py
[2021-04-18 14:12:47,566] {logging_mixin.py:104} INFO - [2021-04-18 14:12:47,565] {dag.py:1818} INFO - Sync 1 DAGs
[2021-04-18 14:12:47,621] {logging_mixin.py:104} INFO - [2021-04-18 14:12:47,620] {dag.py:2273} INFO - Setting next_dagrun for tutorial_taskflow_api_etl to None
[2021-04-18 14:12:47,665] {scheduler_job.py:190} INFO - Processing /home/airflow/.local/lib/python3.6/site-packages/airflow/example_dags/tutorial_taskflow_api_etl.py took 0.297 seconds
[2021-04-18 14:13:30,159] {scheduler_job.py:182} INFO - Started process (PID=74) to work on /home/airflow/.local/lib/python3.6/site-packages/airflow/example_dags/tutorial_taskflow_api_etl.py
[2021-04-18 14:13:30,166] {scheduler_job.py:629} INFO - Processing file /home/airflow/.local/lib/python3.6/site-packages/airflow/example_dags/tutorial_taskflow_api_etl.py for tasks to queue
[2021-04-18 14:13:30,169] {logging_mixin.py:104} INFO - [2021-04-18 14:13:30,168] {dagbag.py:448} INFO - Filling up the DagBag from /home/airflow/.local/lib/python3.6/site-packages/airflow/example_dags/tutorial_taskflow_api_etl.py
[2021-04-18 14:13:30,197] {scheduler_job.py:639} INFO - DAG(s) dict_keys(['tutorial_taskflow_api_etl']) retrieved from /home/airflow/.local/lib/python3.6/site-packages/airflow/example_dags/tutorial_taskflow_api_etl.py
[2021-04-18 14:13:30,263] {logging_mixin.py:104} INFO - [2021-04-18 14:13:30,263] {dag.py:1818} INFO - Sync 1 DAGs
[2021-04-18 14:13:30,299] {logging_mixin.py:104} INFO - [2021-04-18 14:13:30,299] {dag.py:2273} INFO - Setting next_dagrun for tutorial_taskflow_api_etl to None
[2021-04-18 14:13:30,326] {scheduler_job.py:190} INFO - Processing /home/airflow/.local/lib/python3.6/site-packages/airflow/example_dags/tutorial_taskflow_api_etl.py took 0.178 seconds
[2021-04-18 14:14:02,205] {scheduler_job.py:182} INFO - Started process (PID=109) to work on /home/airflow/.local/lib/python3.6/site-packages/airflow/example_dags/tutorial_taskflow_api_etl.py
[2021-04-18 14:14:02,208] {scheduler_job.py:629} INFO - Processing file /home/airflow/.local/lib/python3.6/site-packages/airflow/example_dags/tutorial_taskflow_api_etl.py for tasks to queue
[2021-04-18 14:14:02,210] {logging_mixin.py:104} INFO - [2021-04-18 14:14:02,210] {dagbag.py:448} INFO - Filling up the DagBag from /home/airflow/.local/lib/python3.6/site-packages/airflow/example_dags/tutorial_taskflow_api_etl.py
[2021-04-18 14:14:02,235] {scheduler_job.py:639} INFO - DAG(s) dict_keys(['tutorial_taskflow_api_etl']) retrieved from /home/airflow/.local/lib/python3.6/site-packages/airflow/example_dags/tutorial_taskflow_api_etl.py
[2021-04-18 14:14:02,301] {logging_mixin.py:104} INFO - [2021-04-18 14:14:02,301] {dag.py:1818} INFO - Sync 1 DAGs
[2021-04-18 14:14:02,342] {logging_mixin.py:104} INFO - [2021-04-18 14:14:02,342] {dag.py:2273} INFO - Setting next_dagrun for tutorial_taskflow_api_etl to None
[2021-04-18 14:14:02,367] {scheduler_job.py:190} INFO - Processing /home/airflow/.local/lib/python3.6/site-packages/airflow/example_dags/tutorial_taskflow_api_etl.py took 0.169 seconds
