[2021-04-25 13:09:37,373] {taskinstance.py:851} INFO - Dependencies all met for <TaskInstance: recent_played_ingestion.run_recent_played_classification_pypark 2021-04-25T10:00:00+00:00 [queued]>
[2021-04-25 13:09:37,416] {taskinstance.py:851} INFO - Dependencies all met for <TaskInstance: recent_played_ingestion.run_recent_played_classification_pypark 2021-04-25T10:00:00+00:00 [queued]>
[2021-04-25 13:09:37,418] {taskinstance.py:1042} INFO - 
--------------------------------------------------------------------------------
[2021-04-25 13:09:37,419] {taskinstance.py:1043} INFO - Starting attempt 2 of 2
[2021-04-25 13:09:37,421] {taskinstance.py:1044} INFO - 
--------------------------------------------------------------------------------
[2021-04-25 13:09:37,436] {taskinstance.py:1063} INFO - Executing <Task(DataprocSubmitPySparkJobOperator): run_recent_played_classification_pypark> on 2021-04-25T10:00:00+00:00
[2021-04-25 13:09:37,442] {standard_task_runner.py:52} INFO - Started process 1260 to run task
[2021-04-25 13:09:37,447] {standard_task_runner.py:76} INFO - Running: ['airflow', 'tasks', 'run', 'recent_played_ingestion', 'run_recent_played_classification_pypark', '2021-04-25T10:00:00+00:00', '--job-id', '106', '--pool', 'default_pool', '--raw', '--subdir', 'DAGS_FOLDER/recent_played_ingestion.py', '--cfg-path', '/tmp/tmp8npuixcn', '--error-file', '/tmp/tmppjm3dlhm']
[2021-04-25 13:09:37,463] {standard_task_runner.py:77} INFO - Job 106: Subtask run_recent_played_classification_pypark
[2021-04-25 13:09:37,547] {logging_mixin.py:104} INFO - Running <TaskInstance: recent_played_ingestion.run_recent_played_classification_pypark 2021-04-25T10:00:00+00:00 [running]> on host 67976f37379c
[2021-04-25 13:09:37,637] {taskinstance.py:1257} INFO - Exporting the following env vars:
AIRFLOW_CTX_DAG_OWNER=airflow
AIRFLOW_CTX_DAG_ID=recent_played_ingestion
AIRFLOW_CTX_TASK_ID=run_recent_played_classification_pypark
AIRFLOW_CTX_EXECUTION_DATE=2021-04-25T10:00:00+00:00
AIRFLOW_CTX_DAG_RUN_ID=scheduled__2021-04-25T10:00:00+00:00
[2021-04-25 13:09:37,641] {dataproc.py:981} INFO - Submitting pyspark_job job run_recent_played_classification_pypark_20210425_bc6e13ad
[2021-04-25 13:09:38,273] {dataproc.py:986} INFO - Job run_recent_played_classification_pypark_20210425_bc6e13ad submitted successfully.
[2021-04-25 13:09:38,275] {dataproc.py:989} INFO - Waiting for job run_recent_played_classification_pypark_20210425_bc6e13ad to complete
[2021-04-25 13:10:29,802] {dataproc.py:991} INFO - Job run_recent_played_classification_pypark_20210425_bc6e13ad completed successfully.
[2021-04-25 13:10:29,822] {taskinstance.py:1166} INFO - Marking task as SUCCESS. dag_id=recent_played_ingestion, task_id=run_recent_played_classification_pypark, execution_date=20210425T100000, start_date=20210425T130937, end_date=20210425T131029
[2021-04-25 13:10:29,882] {local_task_job.py:146} INFO - Task exited with return code 1
