[2021-04-25 09:49:55,550] {taskinstance.py:851} INFO - Dependencies all met for <TaskInstance: recent_played_ingestion.create_cluster_dataproc 2021-04-25T08:00:00+00:00 [queued]>
[2021-04-25 09:49:55,609] {taskinstance.py:851} INFO - Dependencies all met for <TaskInstance: recent_played_ingestion.create_cluster_dataproc 2021-04-25T08:00:00+00:00 [queued]>
[2021-04-25 09:49:55,614] {taskinstance.py:1042} INFO - 
--------------------------------------------------------------------------------
[2021-04-25 09:49:55,622] {taskinstance.py:1043} INFO - Starting attempt 2 of 2
[2021-04-25 09:49:55,625] {taskinstance.py:1044} INFO - 
--------------------------------------------------------------------------------
[2021-04-25 09:49:55,652] {taskinstance.py:1063} INFO - Executing <Task(DataprocCreateClusterOperator): create_cluster_dataproc> on 2021-04-25T08:00:00+00:00
[2021-04-25 09:49:55,670] {standard_task_runner.py:76} INFO - Running: ['airflow', 'tasks', 'run', 'recent_played_ingestion', 'create_cluster_dataproc', '2021-04-25T08:00:00+00:00', '--job-id', '56', '--pool', 'default_pool', '--raw', '--subdir', 'DAGS_FOLDER/recent_played_ingestion.py', '--cfg-path', '/tmp/tmpbjyhzcn1', '--error-file', '/tmp/tmpn2qkwgrr']
[2021-04-25 09:49:55,659] {standard_task_runner.py:52} INFO - Started process 70 to run task
[2021-04-25 09:49:55,676] {standard_task_runner.py:77} INFO - Job 56: Subtask create_cluster_dataproc
[2021-04-25 09:49:55,751] {logging_mixin.py:104} INFO - Running <TaskInstance: recent_played_ingestion.create_cluster_dataproc 2021-04-25T08:00:00+00:00 [running]> on host 67976f37379c
[2021-04-25 09:49:55,840] {taskinstance.py:1257} INFO - Exporting the following env vars:
AIRFLOW_CTX_DAG_OWNER=airflow
AIRFLOW_CTX_DAG_ID=recent_played_ingestion
AIRFLOW_CTX_TASK_ID=create_cluster_dataproc
AIRFLOW_CTX_EXECUTION_DATE=2021-04-25T08:00:00+00:00
AIRFLOW_CTX_DAG_RUN_ID=scheduled__2021-04-25T08:00:00+00:00
[2021-04-25 09:49:55,842] {dataproc.py:603} INFO - Creating cluster: ephemeral-recent-played-spark-cluster-20210425
[2021-04-25 09:54:23,073] {dataproc.py:547} INFO - Cluster created.
[2021-04-25 09:54:23,133] {taskinstance.py:1166} INFO - Marking task as SUCCESS. dag_id=recent_played_ingestion, task_id=create_cluster_dataproc, execution_date=20210425T080000, start_date=20210425T094955, end_date=20210425T095423
[2021-04-25 09:54:23,205] {local_task_job.py:146} INFO - Task exited with return code 1
