[2021-04-25 14:51:08,570] {taskinstance.py:851} INFO - Dependencies all met for <TaskInstance: daily_playlist_ingestion.run_recent_played_classification_pypark 2021-04-24T05:00:00+00:00 [queued]>
[2021-04-25 14:51:08,593] {taskinstance.py:851} INFO - Dependencies all met for <TaskInstance: daily_playlist_ingestion.run_recent_played_classification_pypark 2021-04-24T05:00:00+00:00 [queued]>
[2021-04-25 14:51:08,595] {taskinstance.py:1042} INFO - 
--------------------------------------------------------------------------------
[2021-04-25 14:51:08,596] {taskinstance.py:1043} INFO - Starting attempt 1 of 1
[2021-04-25 14:51:08,597] {taskinstance.py:1044} INFO - 
--------------------------------------------------------------------------------
[2021-04-25 14:51:08,606] {taskinstance.py:1063} INFO - Executing <Task(DataprocSubmitPySparkJobOperator): run_recent_played_classification_pypark> on 2021-04-24T05:00:00+00:00
[2021-04-25 14:51:08,612] {standard_task_runner.py:52} INFO - Started process 1558 to run task
[2021-04-25 14:51:08,616] {standard_task_runner.py:76} INFO - Running: ['airflow', 'tasks', 'run', 'daily_playlist_ingestion', 'run_recent_played_classification_pypark', '2021-04-24T05:00:00+00:00', '--job-id', '117', '--pool', 'default_pool', '--raw', '--subdir', 'DAGS_FOLDER/daily_playlist_ingestion.py', '--cfg-path', '/tmp/tmp3vaibktw', '--error-file', '/tmp/tmpoubf5zqh']
[2021-04-25 14:51:08,619] {standard_task_runner.py:77} INFO - Job 117: Subtask run_recent_played_classification_pypark
[2021-04-25 14:51:08,675] {logging_mixin.py:104} INFO - Running <TaskInstance: daily_playlist_ingestion.run_recent_played_classification_pypark 2021-04-24T05:00:00+00:00 [running]> on host 67976f37379c
[2021-04-25 14:51:08,748] {taskinstance.py:1257} INFO - Exporting the following env vars:
AIRFLOW_CTX_DAG_OWNER=airflow
AIRFLOW_CTX_DAG_ID=daily_playlist_ingestion
AIRFLOW_CTX_TASK_ID=run_recent_played_classification_pypark
AIRFLOW_CTX_EXECUTION_DATE=2021-04-24T05:00:00+00:00
AIRFLOW_CTX_DAG_RUN_ID=scheduled__2021-04-24T05:00:00+00:00
[2021-04-25 14:51:08,757] {dataproc.py:981} INFO - Submitting pyspark_job job run_recent_played_classification_pypark_20210424_0362562f
[2021-04-25 14:51:10,145] {dataproc.py:986} INFO - Job run_recent_played_classification_pypark_20210424_0362562f submitted successfully.
[2021-04-25 14:51:10,148] {dataproc.py:989} INFO - Waiting for job run_recent_played_classification_pypark_20210424_0362562f to complete
[2021-04-25 14:51:20,454] {taskinstance.py:1455} ERROR - Job failed:
reference {
  project_id: "spotimood-dev"
  job_id: "run_recent_played_classification_pypark_20210424_0362562f"
}
placement {
  cluster_name: "ephemeral-daily-ingestion-spark-cluster-20210424"
  cluster_uuid: "a6c2fcf0-f4ae-4cd1-a654-0bb71f82989a"
}
pyspark_job {
  main_python_file_uri: "gs://spotimood-application-dev/driver.py"
  args: "src/spotify_mood/main/daily_playlist_mood_tracker_main.py"
  args: "--start-day"
  args: "2021-04-24"
  args: "--end-day"
  args: "2021-04-25"
  python_file_uris: "gs://spotimood-application-dev/spotify_mood-0.1.0_SNAPSHOT-py3.7.egg"
  properties {
    key: "spark.jars"
    value: "gs://spotimood-application-dev/postgresql-42.2.14.jar"
  }
  properties {
    key: "spark.jars.packages"
    value: "org.apache.spark:spark-avro_2.12:2.4.5"
  }
}
status {
  state: ERROR
  details: "Job failed with message [ModuleNotFoundError: No module named \'src/spotify_mood/main/daily_playlist_mood_tracker_main\']. Additional details can be found at:\nhttps://console.cloud.google.com/dataproc/jobs/run_recent_played_classification_pypark_20210424_0362562f?project=spotimood-dev&region=europe-west2\ngcloud dataproc jobs wait \'run_recent_played_classification_pypark_20210424_0362562f\' --region \'europe-west2\' --project \'spotimood-dev\'\nhttps://console.cloud.google.com/storage/browser/dataproc-staging-europe-west2-1086527958588-jcvhexoj/google-cloud-dataproc-metainfo/a6c2fcf0-f4ae-4cd1-a654-0bb71f82989a/jobs/run_recent_played_classification_pypark_20210424_0362562f/\ngs://dataproc-staging-europe-west2-1086527958588-jcvhexoj/google-cloud-dataproc-metainfo/a6c2fcf0-f4ae-4cd1-a654-0bb71f82989a/jobs/run_recent_played_classification_pypark_20210424_0362562f/driveroutput"
  state_start_time {
    seconds: 1619362276
    nanos: 311000000
  }
}
submitted_by: "1086527958588-compute@developer.gserviceaccount.com"
status_history {
  state: PENDING
  state_start_time {
    seconds: 1619362270
    nanos: 61000000
  }
}
status_history {
  state: SETUP_DONE
  state_start_time {
    seconds: 1619362270
    nanos: 97000000
  }
}
status_history {
  state: RUNNING
  state_start_time {
    seconds: 1619362270
    nanos: 432000000
  }
}
driver_control_files_uri: "gs://dataproc-staging-europe-west2-1086527958588-jcvhexoj/google-cloud-dataproc-metainfo/a6c2fcf0-f4ae-4cd1-a654-0bb71f82989a/jobs/run_recent_played_classification_pypark_20210424_0362562f/"
driver_output_resource_uri: "gs://dataproc-staging-europe-west2-1086527958588-jcvhexoj/google-cloud-dataproc-metainfo/a6c2fcf0-f4ae-4cd1-a654-0bb71f82989a/jobs/run_recent_played_classification_pypark_20210424_0362562f/driveroutput"
labels {
  key: "airflow-version"
  value: "v2-0-1"
}
job_uuid: "d1110b36-34a4-40a0-adbe-75ac3408a5b9"
done: true
Traceback (most recent call last):
  File "/home/airflow/.local/lib/python3.6/site-packages/airflow/models/taskinstance.py", line 1112, in _run_raw_task
    self._prepare_and_execute_task_with_callbacks(context, task)
  File "/home/airflow/.local/lib/python3.6/site-packages/airflow/models/taskinstance.py", line 1285, in _prepare_and_execute_task_with_callbacks
    result = self._execute_task(context, task_copy)
  File "/home/airflow/.local/lib/python3.6/site-packages/airflow/models/taskinstance.py", line 1315, in _execute_task
    result = task_copy.execute(context=context)
  File "/home/airflow/.local/lib/python3.6/site-packages/airflow/providers/google/cloud/operators/dataproc.py", line 1545, in execute
    super().execute(context)
  File "/home/airflow/.local/lib/python3.6/site-packages/airflow/providers/google/cloud/operators/dataproc.py", line 990, in execute
    self.hook.wait_for_job(job_id=job_id, location=self.region, project_id=self.project_id)
  File "/home/airflow/.local/lib/python3.6/site-packages/airflow/providers/google/common/hooks/base_google.py", line 425, in inner_wrapper
    return func(self, *args, **kwargs)
  File "/home/airflow/.local/lib/python3.6/site-packages/airflow/providers/google/cloud/hooks/dataproc.py", line 734, in wait_for_job
    raise AirflowException(f'Job failed:\n{job}')
airflow.exceptions.AirflowException: Job failed:
reference {
  project_id: "spotimood-dev"
  job_id: "run_recent_played_classification_pypark_20210424_0362562f"
}
placement {
  cluster_name: "ephemeral-daily-ingestion-spark-cluster-20210424"
  cluster_uuid: "a6c2fcf0-f4ae-4cd1-a654-0bb71f82989a"
}
pyspark_job {
  main_python_file_uri: "gs://spotimood-application-dev/driver.py"
  args: "src/spotify_mood/main/daily_playlist_mood_tracker_main.py"
  args: "--start-day"
  args: "2021-04-24"
  args: "--end-day"
  args: "2021-04-25"
  python_file_uris: "gs://spotimood-application-dev/spotify_mood-0.1.0_SNAPSHOT-py3.7.egg"
  properties {
    key: "spark.jars"
    value: "gs://spotimood-application-dev/postgresql-42.2.14.jar"
  }
  properties {
    key: "spark.jars.packages"
    value: "org.apache.spark:spark-avro_2.12:2.4.5"
  }
}
status {
  state: ERROR
  details: "Job failed with message [ModuleNotFoundError: No module named \'src/spotify_mood/main/daily_playlist_mood_tracker_main\']. Additional details can be found at:\nhttps://console.cloud.google.com/dataproc/jobs/run_recent_played_classification_pypark_20210424_0362562f?project=spotimood-dev&region=europe-west2\ngcloud dataproc jobs wait \'run_recent_played_classification_pypark_20210424_0362562f\' --region \'europe-west2\' --project \'spotimood-dev\'\nhttps://console.cloud.google.com/storage/browser/dataproc-staging-europe-west2-1086527958588-jcvhexoj/google-cloud-dataproc-metainfo/a6c2fcf0-f4ae-4cd1-a654-0bb71f82989a/jobs/run_recent_played_classification_pypark_20210424_0362562f/\ngs://dataproc-staging-europe-west2-1086527958588-jcvhexoj/google-cloud-dataproc-metainfo/a6c2fcf0-f4ae-4cd1-a654-0bb71f82989a/jobs/run_recent_played_classification_pypark_20210424_0362562f/driveroutput"
  state_start_time {
    seconds: 1619362276
    nanos: 311000000
  }
}
submitted_by: "1086527958588-compute@developer.gserviceaccount.com"
status_history {
  state: PENDING
  state_start_time {
    seconds: 1619362270
    nanos: 61000000
  }
}
status_history {
  state: SETUP_DONE
  state_start_time {
    seconds: 1619362270
    nanos: 97000000
  }
}
status_history {
  state: RUNNING
  state_start_time {
    seconds: 1619362270
    nanos: 432000000
  }
}
driver_control_files_uri: "gs://dataproc-staging-europe-west2-1086527958588-jcvhexoj/google-cloud-dataproc-metainfo/a6c2fcf0-f4ae-4cd1-a654-0bb71f82989a/jobs/run_recent_played_classification_pypark_20210424_0362562f/"
driver_output_resource_uri: "gs://dataproc-staging-europe-west2-1086527958588-jcvhexoj/google-cloud-dataproc-metainfo/a6c2fcf0-f4ae-4cd1-a654-0bb71f82989a/jobs/run_recent_played_classification_pypark_20210424_0362562f/driveroutput"
labels {
  key: "airflow-version"
  value: "v2-0-1"
}
job_uuid: "d1110b36-34a4-40a0-adbe-75ac3408a5b9"
done: true

[2021-04-25 14:51:20,480] {taskinstance.py:1503} INFO - Marking task as FAILED. dag_id=daily_playlist_ingestion, task_id=run_recent_played_classification_pypark, execution_date=20210424T050000, start_date=20210425T145108, end_date=20210425T145120
[2021-04-25 14:51:20,543] {local_task_job.py:146} INFO - Task exited with return code 1
