[2021-04-25 14:52:53,003] {taskinstance.py:851} INFO - Dependencies all met for <TaskInstance: daily_playlist_ingestion.run_recent_played_classification_pypark 2021-04-24T05:00:00+00:00 [queued]>
[2021-04-25 14:52:53,048] {taskinstance.py:851} INFO - Dependencies all met for <TaskInstance: daily_playlist_ingestion.run_recent_played_classification_pypark 2021-04-24T05:00:00+00:00 [queued]>
[2021-04-25 14:52:53,050] {taskinstance.py:1042} INFO - 
--------------------------------------------------------------------------------
[2021-04-25 14:52:53,052] {taskinstance.py:1043} INFO - Starting attempt 2 of 2
[2021-04-25 14:52:53,054] {taskinstance.py:1044} INFO - 
--------------------------------------------------------------------------------
[2021-04-25 14:52:53,078] {taskinstance.py:1063} INFO - Executing <Task(DataprocSubmitPySparkJobOperator): run_recent_played_classification_pypark> on 2021-04-24T05:00:00+00:00
[2021-04-25 14:52:53,088] {standard_task_runner.py:52} INFO - Started process 1568 to run task
[2021-04-25 14:52:53,094] {standard_task_runner.py:76} INFO - Running: ['airflow', 'tasks', 'run', 'daily_playlist_ingestion', 'run_recent_played_classification_pypark', '2021-04-24T05:00:00+00:00', '--job-id', '118', '--pool', 'default_pool', '--raw', '--subdir', 'DAGS_FOLDER/daily_playlist_ingestion.py', '--cfg-path', '/tmp/tmp25g6ksmo', '--error-file', '/tmp/tmpxdo0yxm9']
[2021-04-25 14:52:53,100] {standard_task_runner.py:77} INFO - Job 118: Subtask run_recent_played_classification_pypark
[2021-04-25 14:52:53,194] {logging_mixin.py:104} INFO - Running <TaskInstance: daily_playlist_ingestion.run_recent_played_classification_pypark 2021-04-24T05:00:00+00:00 [running]> on host 67976f37379c
[2021-04-25 14:52:53,300] {taskinstance.py:1257} INFO - Exporting the following env vars:
AIRFLOW_CTX_DAG_OWNER=airflow
AIRFLOW_CTX_DAG_ID=daily_playlist_ingestion
AIRFLOW_CTX_TASK_ID=run_recent_played_classification_pypark
AIRFLOW_CTX_EXECUTION_DATE=2021-04-24T05:00:00+00:00
AIRFLOW_CTX_DAG_RUN_ID=scheduled__2021-04-24T05:00:00+00:00
[2021-04-25 14:52:53,304] {dataproc.py:981} INFO - Submitting pyspark_job job run_recent_played_classification_pypark_20210424_e3475d55
[2021-04-25 14:52:54,013] {dataproc.py:986} INFO - Job run_recent_played_classification_pypark_20210424_e3475d55 submitted successfully.
[2021-04-25 14:52:54,014] {dataproc.py:989} INFO - Waiting for job run_recent_played_classification_pypark_20210424_e3475d55 to complete
