[2021-04-25 12:50:33,148] {taskinstance.py:851} INFO - Dependencies all met for <TaskInstance: recent_played_ingestion.create_cluster_dataproc 2021-04-25T11:00:00+00:00 [queued]>
[2021-04-25 12:50:33,182] {taskinstance.py:851} INFO - Dependencies all met for <TaskInstance: recent_played_ingestion.create_cluster_dataproc 2021-04-25T11:00:00+00:00 [queued]>
[2021-04-25 12:50:33,183] {taskinstance.py:1042} INFO - 
--------------------------------------------------------------------------------
[2021-04-25 12:50:33,185] {taskinstance.py:1043} INFO - Starting attempt 1 of 1
[2021-04-25 12:50:33,186] {taskinstance.py:1044} INFO - 
--------------------------------------------------------------------------------
[2021-04-25 12:50:33,200] {taskinstance.py:1063} INFO - Executing <Task(DataprocCreateClusterOperator): create_cluster_dataproc> on 2021-04-25T11:00:00+00:00
[2021-04-25 12:50:33,210] {standard_task_runner.py:52} INFO - Started process 952 to run task
[2021-04-25 12:50:33,215] {standard_task_runner.py:76} INFO - Running: ['airflow', 'tasks', 'run', 'recent_played_ingestion', 'create_cluster_dataproc', '2021-04-25T11:00:00+00:00', '--job-id', '96', '--pool', 'default_pool', '--raw', '--subdir', 'DAGS_FOLDER/recent_played_ingestion.py', '--cfg-path', '/tmp/tmpka3nosyt', '--error-file', '/tmp/tmpe9q2cea8']
[2021-04-25 12:50:33,219] {standard_task_runner.py:77} INFO - Job 96: Subtask create_cluster_dataproc
[2021-04-25 12:50:33,281] {logging_mixin.py:104} INFO - Running <TaskInstance: recent_played_ingestion.create_cluster_dataproc 2021-04-25T11:00:00+00:00 [running]> on host 67976f37379c
[2021-04-25 12:50:33,348] {taskinstance.py:1257} INFO - Exporting the following env vars:
AIRFLOW_CTX_DAG_OWNER=airflow
AIRFLOW_CTX_DAG_ID=recent_played_ingestion
AIRFLOW_CTX_TASK_ID=create_cluster_dataproc
AIRFLOW_CTX_EXECUTION_DATE=2021-04-25T11:00:00+00:00
AIRFLOW_CTX_DAG_RUN_ID=scheduled__2021-04-25T11:00:00+00:00
[2021-04-25 12:50:33,351] {dataproc.py:603} INFO - Creating cluster: ephemeral-recent-played-spark-cluster-20210425
[2021-04-25 12:54:58,728] {dataproc.py:547} INFO - Cluster created.
[2021-04-25 12:54:58,811] {taskinstance.py:1166} INFO - Marking task as SUCCESS. dag_id=recent_played_ingestion, task_id=create_cluster_dataproc, execution_date=20210425T110000, start_date=20210425T125033, end_date=20210425T125458
[2021-04-25 12:54:58,901] {local_task_job.py:146} INFO - Task exited with return code 1
