[2021-04-25 12:55:00,805] {taskinstance.py:851} INFO - Dependencies all met for <TaskInstance: recent_played_ingestion.run_recent_played_ingestion_pypark 2021-04-25T11:00:00+00:00 [queued]>
[2021-04-25 12:55:00,835] {taskinstance.py:851} INFO - Dependencies all met for <TaskInstance: recent_played_ingestion.run_recent_played_ingestion_pypark 2021-04-25T11:00:00+00:00 [queued]>
[2021-04-25 12:55:00,836] {taskinstance.py:1042} INFO - 
--------------------------------------------------------------------------------
[2021-04-25 12:55:00,837] {taskinstance.py:1043} INFO - Starting attempt 1 of 1
[2021-04-25 12:55:00,838] {taskinstance.py:1044} INFO - 
--------------------------------------------------------------------------------
[2021-04-25 12:55:00,848] {taskinstance.py:1063} INFO - Executing <Task(DataprocSubmitPySparkJobOperator): run_recent_played_ingestion_pypark> on 2021-04-25T11:00:00+00:00
[2021-04-25 12:55:00,854] {standard_task_runner.py:52} INFO - Started process 969 to run task
[2021-04-25 12:55:00,860] {standard_task_runner.py:76} INFO - Running: ['airflow', 'tasks', 'run', 'recent_played_ingestion', 'run_recent_played_ingestion_pypark', '2021-04-25T11:00:00+00:00', '--job-id', '97', '--pool', 'default_pool', '--raw', '--subdir', 'DAGS_FOLDER/recent_played_ingestion.py', '--cfg-path', '/tmp/tmpa5bhbolb', '--error-file', '/tmp/tmpa_othdan']
[2021-04-25 12:55:00,871] {standard_task_runner.py:77} INFO - Job 97: Subtask run_recent_played_ingestion_pypark
[2021-04-25 12:55:00,942] {logging_mixin.py:104} INFO - Running <TaskInstance: recent_played_ingestion.run_recent_played_ingestion_pypark 2021-04-25T11:00:00+00:00 [running]> on host 67976f37379c
[2021-04-25 12:55:01,018] {taskinstance.py:1257} INFO - Exporting the following env vars:
AIRFLOW_CTX_DAG_OWNER=airflow
AIRFLOW_CTX_DAG_ID=recent_played_ingestion
AIRFLOW_CTX_TASK_ID=run_recent_played_ingestion_pypark
AIRFLOW_CTX_EXECUTION_DATE=2021-04-25T11:00:00+00:00
AIRFLOW_CTX_DAG_RUN_ID=scheduled__2021-04-25T11:00:00+00:00
[2021-04-25 12:55:01,022] {dataproc.py:981} INFO - Submitting pyspark_job job run_recent_played_ingestion_pypark_20210425_2e04e704
[2021-04-25 12:55:01,687] {dataproc.py:986} INFO - Job run_recent_played_ingestion_pypark_20210425_2e04e704 submitted successfully.
[2021-04-25 12:55:01,690] {dataproc.py:989} INFO - Waiting for job run_recent_played_ingestion_pypark_20210425_2e04e704 to complete
[2021-04-25 12:56:03,553] {dataproc.py:991} INFO - Job run_recent_played_ingestion_pypark_20210425_2e04e704 completed successfully.
[2021-04-25 12:56:03,568] {taskinstance.py:1166} INFO - Marking task as SUCCESS. dag_id=recent_played_ingestion, task_id=run_recent_played_ingestion_pypark, execution_date=20210425T110000, start_date=20210425T125500, end_date=20210425T125603
[2021-04-25 12:56:03,663] {local_task_job.py:146} INFO - Task exited with return code 1
