[2021-04-25 13:01:01,494] {taskinstance.py:851} INFO - Dependencies all met for <TaskInstance: recent_played_ingestion.run_recent_played_classification_pypark 2021-04-25T12:00:00+00:00 [queued]>
[2021-04-25 13:01:01,534] {taskinstance.py:851} INFO - Dependencies all met for <TaskInstance: recent_played_ingestion.run_recent_played_classification_pypark 2021-04-25T12:00:00+00:00 [queued]>
[2021-04-25 13:01:01,535] {taskinstance.py:1042} INFO - 
--------------------------------------------------------------------------------
[2021-04-25 13:01:01,536] {taskinstance.py:1043} INFO - Starting attempt 1 of 1
[2021-04-25 13:01:01,537] {taskinstance.py:1044} INFO - 
--------------------------------------------------------------------------------
[2021-04-25 13:01:01,547] {taskinstance.py:1063} INFO - Executing <Task(DataprocSubmitPySparkJobOperator): run_recent_played_classification_pypark> on 2021-04-25T12:00:00+00:00
[2021-04-25 13:01:01,552] {standard_task_runner.py:52} INFO - Started process 1084 to run task
[2021-04-25 13:01:01,557] {standard_task_runner.py:76} INFO - Running: ['airflow', 'tasks', 'run', 'recent_played_ingestion', 'run_recent_played_classification_pypark', '2021-04-25T12:00:00+00:00', '--job-id', '102', '--pool', 'default_pool', '--raw', '--subdir', 'DAGS_FOLDER/recent_played_ingestion.py', '--cfg-path', '/tmp/tmpurdgy8j3', '--error-file', '/tmp/tmp_ghvp6cf']
[2021-04-25 13:01:01,561] {standard_task_runner.py:77} INFO - Job 102: Subtask run_recent_played_classification_pypark
[2021-04-25 13:01:01,627] {logging_mixin.py:104} INFO - Running <TaskInstance: recent_played_ingestion.run_recent_played_classification_pypark 2021-04-25T12:00:00+00:00 [running]> on host 67976f37379c
[2021-04-25 13:01:01,686] {taskinstance.py:1257} INFO - Exporting the following env vars:
AIRFLOW_CTX_DAG_OWNER=airflow
AIRFLOW_CTX_DAG_ID=recent_played_ingestion
AIRFLOW_CTX_TASK_ID=run_recent_played_classification_pypark
AIRFLOW_CTX_EXECUTION_DATE=2021-04-25T12:00:00+00:00
AIRFLOW_CTX_DAG_RUN_ID=scheduled__2021-04-25T12:00:00+00:00
[2021-04-25 13:01:01,691] {dataproc.py:981} INFO - Submitting pyspark_job job run_recent_played_classification_pypark_20210425_030313a2
[2021-04-25 13:01:02,303] {dataproc.py:986} INFO - Job run_recent_played_classification_pypark_20210425_030313a2 submitted successfully.
[2021-04-25 13:01:02,306] {dataproc.py:989} INFO - Waiting for job run_recent_played_classification_pypark_20210425_030313a2 to complete
[2021-04-25 13:01:53,902] {dataproc.py:991} INFO - Job run_recent_played_classification_pypark_20210425_030313a2 completed successfully.
[2021-04-25 13:01:54,049] {taskinstance.py:1166} INFO - Marking task as SUCCESS. dag_id=recent_played_ingestion, task_id=run_recent_played_classification_pypark, execution_date=20210425T120000, start_date=20210425T130101, end_date=20210425T130154
[2021-04-25 13:01:54,273] {local_task_job.py:146} INFO - Task exited with return code 1
