[2021-04-23 20:42:46,704] {taskinstance.py:851} INFO - Dependencies all met for <TaskInstance: recent_played_ingestion.run_recent_played_ingestion_pypark 2021-04-23T17:00:00+00:00 [queued]>
[2021-04-23 20:42:47,913] {taskinstance.py:851} INFO - Dependencies all met for <TaskInstance: recent_played_ingestion.run_recent_played_ingestion_pypark 2021-04-23T17:00:00+00:00 [queued]>
[2021-04-23 20:42:47,931] {taskinstance.py:1042} INFO - 
--------------------------------------------------------------------------------
[2021-04-23 20:42:47,933] {taskinstance.py:1043} INFO - Starting attempt 2 of 2
[2021-04-23 20:42:47,965] {taskinstance.py:1044} INFO - 
--------------------------------------------------------------------------------
[2021-04-23 20:42:48,813] {taskinstance.py:1063} INFO - Executing <Task(DataprocSubmitPySparkJobOperator): run_recent_played_ingestion_pypark> on 2021-04-23T17:00:00+00:00
[2021-04-23 20:42:49,141] {standard_task_runner.py:52} INFO - Started process 521 to run task
[2021-04-23 20:42:49,196] {standard_task_runner.py:76} INFO - Running: ['airflow', 'tasks', 'run', 'recent_played_ingestion', 'run_recent_played_ingestion_pypark', '2021-04-23T17:00:00+00:00', '--job-id', '37', '--pool', 'default_pool', '--raw', '--subdir', 'DAGS_FOLDER/recent_played_ingestion.py', '--cfg-path', '/tmp/tmpo3j2lo40', '--error-file', '/tmp/tmp7j2kgojz']
[2021-04-23 20:42:49,258] {standard_task_runner.py:77} INFO - Job 37: Subtask run_recent_played_ingestion_pypark
[2021-04-23 20:42:49,831] {logging_mixin.py:104} INFO - Running <TaskInstance: recent_played_ingestion.run_recent_played_ingestion_pypark 2021-04-23T17:00:00+00:00 [running]> on host 760ffd3d790b
[2021-04-23 20:42:50,256] {taskinstance.py:1257} INFO - Exporting the following env vars:
AIRFLOW_CTX_DAG_OWNER=airflow
AIRFLOW_CTX_DAG_ID=recent_played_ingestion
AIRFLOW_CTX_TASK_ID=run_recent_played_ingestion_pypark
AIRFLOW_CTX_EXECUTION_DATE=2021-04-23T17:00:00+00:00
AIRFLOW_CTX_DAG_RUN_ID=scheduled__2021-04-23T17:00:00+00:00
[2021-04-23 20:42:50,272] {dataproc.py:981} INFO - Submitting pyspark_job job run_recent_played_ingestion_pypark_20210423_3f8a78d6
[2021-04-23 20:42:51,350] {dataproc.py:986} INFO - Job run_recent_played_ingestion_pypark_20210423_3f8a78d6 submitted successfully.
[2021-04-23 20:42:51,450] {dataproc.py:989} INFO - Waiting for job run_recent_played_ingestion_pypark_20210423_3f8a78d6 to complete
[2021-04-23 20:43:56,291] {dataproc.py:991} INFO - Job run_recent_played_ingestion_pypark_20210423_3f8a78d6 completed successfully.
[2021-04-23 20:43:56,503] {taskinstance.py:1166} INFO - Marking task as SUCCESS. dag_id=recent_played_ingestion, task_id=run_recent_played_ingestion_pypark, execution_date=20210423T170000, start_date=20210423T204246, end_date=20210423T204356
[2021-04-23 20:43:56,775] {local_task_job.py:146} INFO - Task exited with return code 1
