[2021-04-25 12:56:04,810] {taskinstance.py:851} INFO - Dependencies all met for <TaskInstance: recent_played_ingestion.run_recent_played_classification_pypark 2021-04-25T11:00:00+00:00 [queued]>
[2021-04-25 12:56:04,843] {taskinstance.py:851} INFO - Dependencies all met for <TaskInstance: recent_played_ingestion.run_recent_played_classification_pypark 2021-04-25T11:00:00+00:00 [queued]>
[2021-04-25 12:56:04,845] {taskinstance.py:1042} INFO - 
--------------------------------------------------------------------------------
[2021-04-25 12:56:04,847] {taskinstance.py:1043} INFO - Starting attempt 1 of 1
[2021-04-25 12:56:04,848] {taskinstance.py:1044} INFO - 
--------------------------------------------------------------------------------
[2021-04-25 12:56:04,861] {taskinstance.py:1063} INFO - Executing <Task(DataprocSubmitPySparkJobOperator): run_recent_played_classification_pypark> on 2021-04-25T11:00:00+00:00
[2021-04-25 12:56:04,866] {standard_task_runner.py:52} INFO - Started process 999 to run task
[2021-04-25 12:56:04,871] {standard_task_runner.py:76} INFO - Running: ['airflow', 'tasks', 'run', 'recent_played_ingestion', 'run_recent_played_classification_pypark', '2021-04-25T11:00:00+00:00', '--job-id', '98', '--pool', 'default_pool', '--raw', '--subdir', 'DAGS_FOLDER/recent_played_ingestion.py', '--cfg-path', '/tmp/tmptic_6k_x', '--error-file', '/tmp/tmpa6e29fmn']
[2021-04-25 12:56:04,875] {standard_task_runner.py:77} INFO - Job 98: Subtask run_recent_played_classification_pypark
[2021-04-25 12:56:04,933] {logging_mixin.py:104} INFO - Running <TaskInstance: recent_played_ingestion.run_recent_played_classification_pypark 2021-04-25T11:00:00+00:00 [running]> on host 67976f37379c
[2021-04-25 12:56:04,994] {taskinstance.py:1257} INFO - Exporting the following env vars:
AIRFLOW_CTX_DAG_OWNER=airflow
AIRFLOW_CTX_DAG_ID=recent_played_ingestion
AIRFLOW_CTX_TASK_ID=run_recent_played_classification_pypark
AIRFLOW_CTX_EXECUTION_DATE=2021-04-25T11:00:00+00:00
AIRFLOW_CTX_DAG_RUN_ID=scheduled__2021-04-25T11:00:00+00:00
[2021-04-25 12:56:04,997] {dataproc.py:981} INFO - Submitting pyspark_job job run_recent_played_classification_pypark_20210425_3639968c
[2021-04-25 12:56:05,535] {dataproc.py:986} INFO - Job run_recent_played_classification_pypark_20210425_3639968c submitted successfully.
[2021-04-25 12:56:05,537] {dataproc.py:989} INFO - Waiting for job run_recent_played_classification_pypark_20210425_3639968c to complete
[2021-04-25 12:56:57,841] {dataproc.py:991} INFO - Job run_recent_played_classification_pypark_20210425_3639968c completed successfully.
[2021-04-25 12:56:57,932] {taskinstance.py:1166} INFO - Marking task as SUCCESS. dag_id=recent_played_ingestion, task_id=run_recent_played_classification_pypark, execution_date=20210425T110000, start_date=20210425T125604, end_date=20210425T125657
[2021-04-25 12:56:58,098] {local_task_job.py:146} INFO - Task exited with return code 1
