[2021-04-23 14:05:55,872] {taskinstance.py:851} INFO - Dependencies all met for <TaskInstance: recent_played_ingestion.create_cluster_dataproc 2021-04-23T12:00:00+00:00 [queued]>
[2021-04-23 14:05:55,906] {taskinstance.py:851} INFO - Dependencies all met for <TaskInstance: recent_played_ingestion.create_cluster_dataproc 2021-04-23T12:00:00+00:00 [queued]>
[2021-04-23 14:05:55,908] {taskinstance.py:1042} INFO - 
--------------------------------------------------------------------------------
[2021-04-23 14:05:55,909] {taskinstance.py:1043} INFO - Starting attempt 1 of 1
[2021-04-23 14:05:55,911] {taskinstance.py:1044} INFO - 
--------------------------------------------------------------------------------
[2021-04-23 14:05:55,933] {taskinstance.py:1063} INFO - Executing <Task(DataprocCreateClusterOperator): create_cluster_dataproc> on 2021-04-23T12:00:00+00:00
[2021-04-23 14:05:55,947] {standard_task_runner.py:52} INFO - Started process 41 to run task
[2021-04-23 14:05:55,954] {standard_task_runner.py:76} INFO - Running: ['airflow', 'tasks', 'run', 'recent_played_ingestion', 'create_cluster_dataproc', '2021-04-23T12:00:00+00:00', '--job-id', '5', '--pool', 'default_pool', '--raw', '--subdir', 'DAGS_FOLDER/recent_played_ingestion.py', '--cfg-path', '/tmp/tmpi45d4q0f', '--error-file', '/tmp/tmpnw7yjp9a']
[2021-04-23 14:05:55,960] {standard_task_runner.py:77} INFO - Job 5: Subtask create_cluster_dataproc
[2021-04-23 14:05:56,061] {logging_mixin.py:104} INFO - Running <TaskInstance: recent_played_ingestion.create_cluster_dataproc 2021-04-23T12:00:00+00:00 [running]> on host f45b7a3b369e
[2021-04-23 14:05:56,186] {taskinstance.py:1257} INFO - Exporting the following env vars:
AIRFLOW_CTX_DAG_OWNER=airflow
AIRFLOW_CTX_DAG_ID=recent_played_ingestion
AIRFLOW_CTX_TASK_ID=create_cluster_dataproc
AIRFLOW_CTX_EXECUTION_DATE=2021-04-23T12:00:00+00:00
AIRFLOW_CTX_DAG_RUN_ID=scheduled__2021-04-23T12:00:00+00:00
[2021-04-23 14:05:56,192] {dataproc.py:603} INFO - Creating cluster: ephemeral-recent-played-spark-cluster-20210423
[2021-04-23 14:07:59,166] {dataproc.py:547} INFO - Cluster created.
[2021-04-23 14:07:59,686] {taskinstance.py:1166} INFO - Marking task as SUCCESS. dag_id=recent_played_ingestion, task_id=create_cluster_dataproc, execution_date=20210423T120000, start_date=20210423T140555, end_date=20210423T140759
[2021-04-23 14:08:00,306] {local_task_job.py:146} INFO - Task exited with return code 1
