[2021-04-23 14:11:48,750] {taskinstance.py:851} INFO - Dependencies all met for <TaskInstance: recent_played_ingestion.create_cluster_dataproc 2021-04-23T12:00:00+00:00 [queued]>
[2021-04-23 14:11:48,803] {taskinstance.py:851} INFO - Dependencies all met for <TaskInstance: recent_played_ingestion.create_cluster_dataproc 2021-04-23T12:00:00+00:00 [queued]>
[2021-04-23 14:11:48,805] {taskinstance.py:1042} INFO - 
--------------------------------------------------------------------------------
[2021-04-23 14:11:48,810] {taskinstance.py:1043} INFO - Starting attempt 2 of 2
[2021-04-23 14:11:48,812] {taskinstance.py:1044} INFO - 
--------------------------------------------------------------------------------
[2021-04-23 14:11:48,834] {taskinstance.py:1063} INFO - Executing <Task(DataprocCreateClusterOperator): create_cluster_dataproc> on 2021-04-23T12:00:00+00:00
[2021-04-23 14:11:48,844] {standard_task_runner.py:52} INFO - Started process 58 to run task
[2021-04-23 14:11:48,852] {standard_task_runner.py:76} INFO - Running: ['airflow', 'tasks', 'run', 'recent_played_ingestion', 'create_cluster_dataproc', '2021-04-23T12:00:00+00:00', '--job-id', '8', '--pool', 'default_pool', '--raw', '--subdir', 'DAGS_FOLDER/recent_played_ingestion.py', '--cfg-path', '/tmp/tmpd1v8tnm9', '--error-file', '/tmp/tmprrx140dq']
[2021-04-23 14:11:48,857] {standard_task_runner.py:77} INFO - Job 8: Subtask create_cluster_dataproc
[2021-04-23 14:11:48,932] {logging_mixin.py:104} INFO - Running <TaskInstance: recent_played_ingestion.create_cluster_dataproc 2021-04-23T12:00:00+00:00 [running]> on host f45b7a3b369e
[2021-04-23 14:11:49,059] {taskinstance.py:1257} INFO - Exporting the following env vars:
AIRFLOW_CTX_DAG_OWNER=airflow
AIRFLOW_CTX_DAG_ID=recent_played_ingestion
AIRFLOW_CTX_TASK_ID=create_cluster_dataproc
AIRFLOW_CTX_EXECUTION_DATE=2021-04-23T12:00:00+00:00
AIRFLOW_CTX_DAG_RUN_ID=scheduled__2021-04-23T12:00:00+00:00
[2021-04-23 14:11:49,067] {dataproc.py:603} INFO - Creating cluster: ephemeral-recent-played-spark-cluster-20210423
[2021-04-23 14:15:25,854] {dataproc.py:547} INFO - Cluster created.
[2021-04-23 14:15:26,066] {taskinstance.py:1166} INFO - Marking task as SUCCESS. dag_id=recent_played_ingestion, task_id=create_cluster_dataproc, execution_date=20210423T120000, start_date=20210423T141148, end_date=20210423T141526
[2021-04-23 14:15:26,270] {local_task_job.py:146} INFO - Task exited with return code 1
