[2021-04-25 14:01:01,478] {taskinstance.py:851} INFO - Dependencies all met for <TaskInstance: recent_played_ingestion.run_recent_played_classification_pypark 2021-04-25T13:00:00+00:00 [queued]>
[2021-04-25 14:01:01,508] {taskinstance.py:851} INFO - Dependencies all met for <TaskInstance: recent_played_ingestion.run_recent_played_classification_pypark 2021-04-25T13:00:00+00:00 [queued]>
[2021-04-25 14:01:01,509] {taskinstance.py:1042} INFO - 
--------------------------------------------------------------------------------
[2021-04-25 14:01:01,510] {taskinstance.py:1043} INFO - Starting attempt 1 of 1
[2021-04-25 14:01:01,511] {taskinstance.py:1044} INFO - 
--------------------------------------------------------------------------------
[2021-04-25 14:01:01,520] {taskinstance.py:1063} INFO - Executing <Task(DataprocSubmitPySparkJobOperator): run_recent_played_classification_pypark> on 2021-04-25T13:00:00+00:00
[2021-04-25 14:01:01,525] {standard_task_runner.py:52} INFO - Started process 1362 to run task
[2021-04-25 14:01:01,530] {standard_task_runner.py:76} INFO - Running: ['airflow', 'tasks', 'run', 'recent_played_ingestion', 'run_recent_played_classification_pypark', '2021-04-25T13:00:00+00:00', '--job-id', '111', '--pool', 'default_pool', '--raw', '--subdir', 'DAGS_FOLDER/recent_played_ingestion.py', '--cfg-path', '/tmp/tmpkjvyxfbr', '--error-file', '/tmp/tmp8dkglr4p']
[2021-04-25 14:01:01,534] {standard_task_runner.py:77} INFO - Job 111: Subtask run_recent_played_classification_pypark
[2021-04-25 14:01:01,688] {logging_mixin.py:104} INFO - Running <TaskInstance: recent_played_ingestion.run_recent_played_classification_pypark 2021-04-25T13:00:00+00:00 [running]> on host 67976f37379c
[2021-04-25 14:01:01,800] {taskinstance.py:1257} INFO - Exporting the following env vars:
AIRFLOW_CTX_DAG_OWNER=airflow
AIRFLOW_CTX_DAG_ID=recent_played_ingestion
AIRFLOW_CTX_TASK_ID=run_recent_played_classification_pypark
AIRFLOW_CTX_EXECUTION_DATE=2021-04-25T13:00:00+00:00
AIRFLOW_CTX_DAG_RUN_ID=scheduled__2021-04-25T13:00:00+00:00
[2021-04-25 14:01:01,803] {dataproc.py:981} INFO - Submitting pyspark_job job run_recent_played_classification_pypark_20210425_c6a32a55
[2021-04-25 14:01:02,405] {dataproc.py:986} INFO - Job run_recent_played_classification_pypark_20210425_c6a32a55 submitted successfully.
[2021-04-25 14:01:02,406] {dataproc.py:989} INFO - Waiting for job run_recent_played_classification_pypark_20210425_c6a32a55 to complete
[2021-04-25 14:02:05,356] {dataproc.py:991} INFO - Job run_recent_played_classification_pypark_20210425_c6a32a55 completed successfully.
[2021-04-25 14:02:05,430] {taskinstance.py:1166} INFO - Marking task as SUCCESS. dag_id=recent_played_ingestion, task_id=run_recent_played_classification_pypark, execution_date=20210425T130000, start_date=20210425T140101, end_date=20210425T140205
[2021-04-25 14:02:05,694] {local_task_job.py:146} INFO - Task exited with return code 1
