[2021-04-25 10:04:29,298] {taskinstance.py:851} INFO - Dependencies all met for <TaskInstance: recent_played_ingestion.run_recent_played_ingestion_pypark 2021-04-25T09:00:00+00:00 [queued]>
[2021-04-25 10:04:29,327] {taskinstance.py:851} INFO - Dependencies all met for <TaskInstance: recent_played_ingestion.run_recent_played_ingestion_pypark 2021-04-25T09:00:00+00:00 [queued]>
[2021-04-25 10:04:29,328] {taskinstance.py:1042} INFO - 
--------------------------------------------------------------------------------
[2021-04-25 10:04:29,329] {taskinstance.py:1043} INFO - Starting attempt 1 of 1
[2021-04-25 10:04:29,330] {taskinstance.py:1044} INFO - 
--------------------------------------------------------------------------------
[2021-04-25 10:04:29,339] {taskinstance.py:1063} INFO - Executing <Task(DataprocSubmitPySparkJobOperator): run_recent_played_ingestion_pypark> on 2021-04-25T09:00:00+00:00
[2021-04-25 10:04:29,343] {standard_task_runner.py:52} INFO - Started process 165 to run task
[2021-04-25 10:04:29,347] {standard_task_runner.py:76} INFO - Running: ['airflow', 'tasks', 'run', 'recent_played_ingestion', 'run_recent_played_ingestion_pypark', '2021-04-25T09:00:00+00:00', '--job-id', '61', '--pool', 'default_pool', '--raw', '--subdir', 'DAGS_FOLDER/recent_played_ingestion.py', '--cfg-path', '/tmp/tmp8b3f3zb3', '--error-file', '/tmp/tmpuwcxgcxw']
[2021-04-25 10:04:29,351] {standard_task_runner.py:77} INFO - Job 61: Subtask run_recent_played_ingestion_pypark
[2021-04-25 10:04:29,401] {logging_mixin.py:104} INFO - Running <TaskInstance: recent_played_ingestion.run_recent_played_ingestion_pypark 2021-04-25T09:00:00+00:00 [running]> on host 67976f37379c
[2021-04-25 10:04:29,452] {taskinstance.py:1257} INFO - Exporting the following env vars:
AIRFLOW_CTX_DAG_OWNER=airflow
AIRFLOW_CTX_DAG_ID=recent_played_ingestion
AIRFLOW_CTX_TASK_ID=run_recent_played_ingestion_pypark
AIRFLOW_CTX_EXECUTION_DATE=2021-04-25T09:00:00+00:00
AIRFLOW_CTX_DAG_RUN_ID=scheduled__2021-04-25T09:00:00+00:00
[2021-04-25 10:04:29,455] {dataproc.py:981} INFO - Submitting pyspark_job job run_recent_played_ingestion_pypark_20210425_af1f33e4
[2021-04-25 10:04:30,249] {dataproc.py:986} INFO - Job run_recent_played_ingestion_pypark_20210425_af1f33e4 submitted successfully.
[2021-04-25 10:04:30,250] {dataproc.py:989} INFO - Waiting for job run_recent_played_ingestion_pypark_20210425_af1f33e4 to complete
[2021-04-25 10:05:22,049] {dataproc.py:991} INFO - Job run_recent_played_ingestion_pypark_20210425_af1f33e4 completed successfully.
[2021-04-25 10:05:22,071] {taskinstance.py:1166} INFO - Marking task as SUCCESS. dag_id=recent_played_ingestion, task_id=run_recent_played_ingestion_pypark, execution_date=20210425T090000, start_date=20210425T100429, end_date=20210425T100522
[2021-04-25 10:05:22,125] {local_task_job.py:146} INFO - Task exited with return code 1
