[2021-04-25 10:49:05,014] {taskinstance.py:851} INFO - Dependencies all met for <TaskInstance: recent_played_ingestion.run_recent_played_ingestion_pypark 2021-04-25T09:00:00+00:00 [queued]>
[2021-04-25 10:49:05,044] {taskinstance.py:851} INFO - Dependencies all met for <TaskInstance: recent_played_ingestion.run_recent_played_ingestion_pypark 2021-04-25T09:00:00+00:00 [queued]>
[2021-04-25 10:49:05,045] {taskinstance.py:1042} INFO - 
--------------------------------------------------------------------------------
[2021-04-25 10:49:05,046] {taskinstance.py:1043} INFO - Starting attempt 5 of 5
[2021-04-25 10:49:05,046] {taskinstance.py:1044} INFO - 
--------------------------------------------------------------------------------
[2021-04-25 10:49:05,057] {taskinstance.py:1063} INFO - Executing <Task(DataprocSubmitPySparkJobOperator): run_recent_played_ingestion_pypark> on 2021-04-25T09:00:00+00:00
[2021-04-25 10:49:05,062] {standard_task_runner.py:52} INFO - Started process 393 to run task
[2021-04-25 10:49:05,067] {standard_task_runner.py:76} INFO - Running: ['airflow', 'tasks', 'run', 'recent_played_ingestion', 'run_recent_played_ingestion_pypark', '2021-04-25T09:00:00+00:00', '--job-id', '73', '--pool', 'default_pool', '--raw', '--subdir', 'DAGS_FOLDER/recent_played_ingestion.py', '--cfg-path', '/tmp/tmp3qfy0xrk', '--error-file', '/tmp/tmp0her39_p']
[2021-04-25 10:49:05,070] {standard_task_runner.py:77} INFO - Job 73: Subtask run_recent_played_ingestion_pypark
[2021-04-25 10:49:05,120] {logging_mixin.py:104} INFO - Running <TaskInstance: recent_played_ingestion.run_recent_played_ingestion_pypark 2021-04-25T09:00:00+00:00 [running]> on host 67976f37379c
[2021-04-25 10:49:05,167] {taskinstance.py:1257} INFO - Exporting the following env vars:
AIRFLOW_CTX_DAG_OWNER=airflow
AIRFLOW_CTX_DAG_ID=recent_played_ingestion
AIRFLOW_CTX_TASK_ID=run_recent_played_ingestion_pypark
AIRFLOW_CTX_EXECUTION_DATE=2021-04-25T09:00:00+00:00
AIRFLOW_CTX_DAG_RUN_ID=scheduled__2021-04-25T09:00:00+00:00
[2021-04-25 10:49:05,176] {dataproc.py:981} INFO - Submitting pyspark_job job run_recent_played_ingestion_pypark_20210425_13dd5a4f
[2021-04-25 10:49:05,694] {dataproc.py:986} INFO - Job run_recent_played_ingestion_pypark_20210425_13dd5a4f submitted successfully.
[2021-04-25 10:49:05,695] {dataproc.py:989} INFO - Waiting for job run_recent_played_ingestion_pypark_20210425_13dd5a4f to complete
[2021-04-25 10:50:07,809] {dataproc.py:991} INFO - Job run_recent_played_ingestion_pypark_20210425_13dd5a4f completed successfully.
[2021-04-25 10:50:07,827] {taskinstance.py:1166} INFO - Marking task as SUCCESS. dag_id=recent_played_ingestion, task_id=run_recent_played_ingestion_pypark, execution_date=20210425T090000, start_date=20210425T104905, end_date=20210425T105007
[2021-04-25 10:50:07,895] {local_task_job.py:146} INFO - Task exited with return code 1
