[2021-04-25 12:47:54,985] {taskinstance.py:851} INFO - Dependencies all met for <TaskInstance: recent_played_ingestion.run_recent_played_ingestion_pypark 2021-04-25T10:00:00+00:00 [queued]>
[2021-04-25 12:47:55,023] {taskinstance.py:851} INFO - Dependencies all met for <TaskInstance: recent_played_ingestion.run_recent_played_ingestion_pypark 2021-04-25T10:00:00+00:00 [queued]>
[2021-04-25 12:47:55,024] {taskinstance.py:1042} INFO - 
--------------------------------------------------------------------------------
[2021-04-25 12:47:55,025] {taskinstance.py:1043} INFO - Starting attempt 1 of 1
[2021-04-25 12:47:55,027] {taskinstance.py:1044} INFO - 
--------------------------------------------------------------------------------
[2021-04-25 12:47:55,039] {taskinstance.py:1063} INFO - Executing <Task(DataprocSubmitPySparkJobOperator): run_recent_played_ingestion_pypark> on 2021-04-25T10:00:00+00:00
[2021-04-25 12:47:55,045] {standard_task_runner.py:52} INFO - Started process 883 to run task
[2021-04-25 12:47:55,054] {standard_task_runner.py:76} INFO - Running: ['airflow', 'tasks', 'run', 'recent_played_ingestion', 'run_recent_played_ingestion_pypark', '2021-04-25T10:00:00+00:00', '--job-id', '93', '--pool', 'default_pool', '--raw', '--subdir', 'DAGS_FOLDER/recent_played_ingestion.py', '--cfg-path', '/tmp/tmpc3k6oykw', '--error-file', '/tmp/tmp0kupixze']
[2021-04-25 12:47:55,061] {standard_task_runner.py:77} INFO - Job 93: Subtask run_recent_played_ingestion_pypark
[2021-04-25 12:47:55,131] {logging_mixin.py:104} INFO - Running <TaskInstance: recent_played_ingestion.run_recent_played_ingestion_pypark 2021-04-25T10:00:00+00:00 [running]> on host 67976f37379c
[2021-04-25 12:47:55,215] {taskinstance.py:1257} INFO - Exporting the following env vars:
AIRFLOW_CTX_DAG_OWNER=airflow
AIRFLOW_CTX_DAG_ID=recent_played_ingestion
AIRFLOW_CTX_TASK_ID=run_recent_played_ingestion_pypark
AIRFLOW_CTX_EXECUTION_DATE=2021-04-25T10:00:00+00:00
AIRFLOW_CTX_DAG_RUN_ID=scheduled__2021-04-25T10:00:00+00:00
[2021-04-25 12:47:55,221] {dataproc.py:981} INFO - Submitting pyspark_job job run_recent_played_ingestion_pypark_20210425_57e2015b
[2021-04-25 12:47:55,999] {dataproc.py:986} INFO - Job run_recent_played_ingestion_pypark_20210425_57e2015b submitted successfully.
[2021-04-25 12:47:56,001] {dataproc.py:989} INFO - Waiting for job run_recent_played_ingestion_pypark_20210425_57e2015b to complete
[2021-04-25 12:48:57,841] {dataproc.py:991} INFO - Job run_recent_played_ingestion_pypark_20210425_57e2015b completed successfully.
[2021-04-25 12:48:57,859] {taskinstance.py:1166} INFO - Marking task as SUCCESS. dag_id=recent_played_ingestion, task_id=run_recent_played_ingestion_pypark, execution_date=20210425T100000, start_date=20210425T124754, end_date=20210425T124857
[2021-04-25 12:48:57,925] {local_task_job.py:146} INFO - Task exited with return code 1
